<?xml version="1.0" encoding="UTF-8"?>
<coverage generated="1786953869099" clover="3.2.0">
  <project timestamp="1786953869099" name="All files">
    <metrics statements="2671" coveredstatements="2535" conditionals="747" coveredconditionals="676" methods="219" coveredmethods="179" elements="3637" coveredelements="3390" complexity="0" loc="2671" ncloc="2671" packages="5" files="23" classes="23"/>
    <package name="core">
      <metrics statements="634" coveredstatements="613" conditionals="142" coveredconditionals="133" methods="47" coveredmethods="43"/>
      <file name="config.ts" path="/home/claude/work/src/core/config.ts">
        <metrics statements="120" coveredstatements="115" conditionals="10" coveredconditionals="10" methods="6" coveredmethods="5"/>
        <line num="1" count="1" type="stmt"/>
        <line num="2" count="1" type="stmt"/>
        <line num="3" count="1" type="stmt"/>
        <line num="4" count="1" type="stmt"/>
        <line num="5" count="1" type="stmt"/>
        <line num="6" count="1" type="stmt"/>
        <line num="7" count="1" type="stmt"/>
        <line num="8" count="1" type="stmt"/>
        <line num="9" count="1" type="stmt"/>
        <line num="10" count="1" type="stmt"/>
        <line num="11" count="1" type="stmt"/>
        <line num="12" count="1" type="stmt"/>
        <line num="13" count="1" type="stmt"/>
        <line num="14" count="1" type="stmt"/>
        <line num="15" count="1" type="stmt"/>
        <line num="16" count="1" type="stmt"/>
        <line num="17" count="1" type="stmt"/>
        <line num="18" count="1" type="stmt"/>
        <line num="19" count="1" type="stmt"/>
        <line num="20" count="1" type="stmt"/>
        <line num="21" count="1" type="stmt"/>
        <line num="22" count="1" type="stmt"/>
        <line num="23" count="1" type="stmt"/>
        <line num="24" count="1" type="stmt"/>
        <line num="25" count="1" type="stmt"/>
        <line num="26" count="1" type="stmt"/>
        <line num="27" count="1" type="stmt"/>
        <line num="28" count="1" type="stmt"/>
        <line num="29" count="1" type="stmt"/>
        <line num="30" count="1" type="stmt"/>
        <line num="31" count="1" type="stmt"/>
        <line num="32" count="1" type="stmt"/>
        <line num="33" count="1" type="stmt"/>
        <line num="34" count="1" type="stmt"/>
        <line num="35" count="1" type="stmt"/>
        <line num="36" count="1" type="stmt"/>
        <line num="37" count="1" type="stmt"/>
        <line num="38" count="1" type="stmt"/>
        <line num="39" count="1" type="stmt"/>
        <line num="40" count="1" type="stmt"/>
        <line num="41" count="1" type="stmt"/>
        <line num="42" count="1" type="stmt"/>
        <line num="43" count="1" type="stmt"/>
        <line num="44" count="1" type="stmt"/>
        <line num="45" count="1" type="stmt"/>
        <line num="46" count="1" type="stmt"/>
        <line num="47" count="1" type="stmt"/>
        <line num="48" count="1" type="stmt"/>
        <line num="49" count="1" type="stmt"/>
        <line num="50" count="1" type="stmt"/>
        <line num="51" count="1" type="stmt"/>
        <line num="52" count="1" type="stmt"/>
        <line num="53" count="1" type="stmt"/>
        <line num="54" count="1" type="stmt"/>
        <line num="55" count="1" type="stmt"/>
        <line num="56" count="1" type="stmt"/>
        <line num="57" count="1" type="stmt"/>
        <line num="58" count="1" type="stmt"/>
        <line num="59" count="1" type="stmt"/>
        <line num="60" count="1" type="stmt"/>
        <line num="61" count="1" type="stmt"/>
        <line num="62" count="1" type="stmt"/>
        <line num="63" count="1" type="stmt"/>
        <line num="64" count="1" type="stmt"/>
        <line num="65" count="1" type="stmt"/>
        <line num="66" count="1" type="stmt"/>
        <line num="67" count="1" type="stmt"/>
        <line num="68" count="1" type="stmt"/>
        <line num="69" count="1" type="stmt"/>
        <line num="70" count="1" type="stmt"/>
        <line num="71" count="1" type="stmt"/>
        <line num="72" count="1" type="stmt"/>
        <line num="73" count="1" type="stmt"/>
        <line num="74" count="1" type="stmt"/>
        <line num="75" count="1" type="stmt"/>
        <line num="76" count="1" type="stmt"/>
        <line num="77" count="1" type="stmt"/>
        <line num="78" count="1" type="stmt"/>
        <line num="79" count="1" type="cond" truecount="1" falsecount="0"/>
        <line num="80" count="6" type="stmt"/>
        <line num="81" count="6" type="stmt"/>
        <line num="82" count="1" type="stmt"/>
        <line num="83" count="1" type="cond" truecount="1" falsecount="0"/>
        <line num="84" count="30" type="stmt"/>
        <line num="85" count="30" type="stmt"/>
        <line num="86" count="1" type="stmt"/>
        <line num="87" count="1" type="cond" truecount="1" falsecount="0"/>
        <line num="88" count="9" type="stmt"/>
        <line num="89" count="9" type="cond" truecount="1" falsecount="0"/>
        <line num="90" count="9" type="stmt"/>
        <line num="91" count="1" type="stmt"/>
        <line num="92" count="1" type="stmt"/>
        <line num="93" count="0" type="stmt"/>
        <line num="94" count="0" type="stmt"/>
        <line num="95" count="0" type="stmt"/>
        <line num="96" count="0" type="stmt"/>
        <line num="97" count="0" type="stmt"/>
        <line num="98" count="1" type="stmt"/>
        <line num="99" count="1" type="cond" truecount="1" falsecount="0"/>
        <line num="100" count="6" type="stmt"/>
        <line num="101" count="6" type="cond" truecount="1" falsecount="0"/>
        <line num="102" count="6" type="stmt"/>
        <line num="103" count="6" type="stmt"/>
        <line num="104" count="6" type="stmt"/>
        <line num="105" count="1" type="stmt"/>
        <line num="106" count="1" type="stmt"/>
        <line num="107" count="15" type="cond" truecount="1" falsecount="0"/>
        <line num="108" count="15" type="stmt"/>
        <line num="109" count="15" type="cond" truecount="1" falsecount="0"/>
        <line num="110" count="15" type="stmt"/>
        <line num="111" count="15" type="stmt"/>
        <line num="112" count="15" type="stmt"/>
        <line num="113" count="15" type="stmt"/>
        <line num="114" count="15" type="stmt"/>
        <line num="115" count="15" type="stmt"/>
        <line num="116" count="15" type="cond" truecount="1" falsecount="0"/>
        <line num="117" count="15" type="cond" truecount="1" falsecount="0"/>
        <line num="118" count="15" type="stmt"/>
        <line num="119" count="15" type="stmt"/>
        <line num="120" count="15" type="stmt"/>
      </file>
      <file name="language.ts" path="/home/claude/work/src/core/language.ts">
        <metrics statements="74" coveredstatements="71" conditionals="4" coveredconditionals="4" methods="3" coveredmethods="2"/>
        <line num="1" count="1" type="stmt"/>
        <line num="2" count="1" type="stmt"/>
        <line num="3" count="1" type="stmt"/>
        <line num="4" count="1" type="stmt"/>
        <line num="5" count="1" type="stmt"/>
        <line num="6" count="1" type="stmt"/>
        <line num="7" count="1" type="stmt"/>
        <line num="8" count="1" type="stmt"/>
        <line num="9" count="1" type="stmt"/>
        <line num="10" count="1" type="stmt"/>
        <line num="11" count="1" type="stmt"/>
        <line num="12" count="1" type="stmt"/>
        <line num="13" count="1" type="stmt"/>
        <line num="14" count="1" type="stmt"/>
        <line num="15" count="1" type="stmt"/>
        <line num="16" count="1" type="stmt"/>
        <line num="17" count="1" type="stmt"/>
        <line num="18" count="1" type="stmt"/>
        <line num="19" count="1" type="stmt"/>
        <line num="20" count="1" type="stmt"/>
        <line num="21" count="1" type="stmt"/>
        <line num="22" count="1" type="stmt"/>
        <line num="23" count="1" type="stmt"/>
        <line num="24" count="1" type="stmt"/>
        <line num="25" count="1" type="stmt"/>
        <line num="26" count="1" type="stmt"/>
        <line num="27" count="1" type="stmt"/>
        <line num="28" count="1" type="stmt"/>
        <line num="29" count="1" type="stmt"/>
        <line num="30" count="1" type="stmt"/>
        <line num="31" count="1" type="stmt"/>
        <line num="32" count="1" type="stmt"/>
        <line num="33" count="1" type="stmt"/>
        <line num="34" count="1" type="stmt"/>
        <line num="35" count="1" type="stmt"/>
        <line num="36" count="1" type="stmt"/>
        <line num="37" count="1" type="stmt"/>
        <line num="38" count="1" type="stmt"/>
        <line num="39" count="1" type="stmt"/>
        <line num="40" count="1" type="stmt"/>
        <line num="41" count="1" type="stmt"/>
        <line num="42" count="1" type="stmt"/>
        <line num="43" count="1" type="stmt"/>
        <line num="44" count="1" type="stmt"/>
        <line num="45" count="1" type="stmt"/>
        <line num="46" count="1" type="stmt"/>
        <line num="47" count="1" type="stmt"/>
        <line num="48" count="1" type="stmt"/>
        <line num="49" count="1" type="stmt"/>
        <line num="50" count="1" type="stmt"/>
        <line num="51" count="1" type="stmt"/>
        <line num="52" count="1" type="stmt"/>
        <line num="53" count="1" type="stmt"/>
        <line num="54" count="1" type="stmt"/>
        <line num="55" count="1" type="stmt"/>
        <line num="56" count="1" type="stmt"/>
        <line num="57" count="1" type="stmt"/>
        <line num="58" count="1" type="stmt"/>
        <line num="59" count="1" type="stmt"/>
        <line num="60" count="1" type="stmt"/>
        <line num="61" count="1" type="stmt"/>
        <line num="62" count="19" type="cond" truecount="1" falsecount="0"/>
        <line num="63" count="19" type="stmt"/>
        <line num="64" count="19" type="stmt"/>
        <line num="65" count="1" type="stmt"/>
        <line num="66" count="441" type="cond" truecount="1" falsecount="0"/>
        <line num="67" count="441" type="stmt"/>
        <line num="68" count="441" type="cond" truecount="1" falsecount="0"/>
        <line num="69" count="440" type="cond" truecount="1" falsecount="0"/>
        <line num="70" count="440" type="stmt"/>
        <line num="71" count="1" type="stmt"/>
        <line num="72" count="0" type="stmt"/>
        <line num="73" count="0" type="stmt"/>
        <line num="74" count="0" type="stmt"/>
      </file>
      <file name="scanner.ts" path="/home/claude/work/src/core/scanner.ts">
        <metrics statements="70" coveredstatements="70" conditionals="40" coveredconditionals="40" methods="8" coveredmethods="8"/>
        <line num="1" count="1" type="stmt"/>
        <line num="2" count="1" type="stmt"/>
        <line num="3" count="1" type="stmt"/>
        <line num="4" count="1" type="stmt"/>
        <line num="5" count="3739" type="cond" truecount="1" falsecount="0"/>
        <line num="6" count="3739" type="cond" truecount="2" falsecount="0"/>
        <line num="7" count="185" type="cond" truecount="2" falsecount="0"/>
        <line num="8" count="69" type="cond" truecount="1" falsecount="0"/>
        <line num="9" count="69" type="stmt"/>
        <line num="10" count="3739" type="stmt"/>
        <line num="11" count="3739" type="stmt"/>
        <line num="12" count="1" type="stmt"/>
        <line num="13" count="416" type="cond" truecount="1" falsecount="0"/>
        <line num="14" count="416" type="stmt"/>
        <line num="15" count="416" type="cond" truecount="2" falsecount="0"/>
        <line num="16" count="416" type="stmt"/>
        <line num="17" count="416" type="stmt"/>
        <line num="18" count="1" type="stmt"/>
        <line num="19" count="14993" type="cond" truecount="1" falsecount="0"/>
        <line num="20" count="14993" type="stmt"/>
        <line num="21" count="14993" type="cond" truecount="1" falsecount="0"/>
        <line num="22" count="6193" type="cond" truecount="1" falsecount="0"/>
        <line num="23" count="6193" type="stmt"/>
        <line num="24" count="6193" type="stmt"/>
        <line num="25" count="6193" type="stmt"/>
        <line num="26" count="14993" type="cond" truecount="2" falsecount="0"/>
        <line num="27" count="91839" type="stmt"/>
        <line num="28" count="91839" type="cond" truecount="1" falsecount="0"/>
        <line num="29" count="2111" type="stmt"/>
        <line num="30" count="2111" type="stmt"/>
        <line num="31" count="2111" type="stmt"/>
        <line num="32" count="91839" type="cond" truecount="2" falsecount="0"/>
        <line num="33" count="87272" type="cond" truecount="2" falsecount="0"/>
        <line num="34" count="89728" type="cond" truecount="1" falsecount="0"/>
        <line num="35" count="89728" type="stmt"/>
        <line num="36" count="6193" type="cond" truecount="2" falsecount="0"/>
        <line num="37" count="14993" type="cond" truecount="2" falsecount="0"/>
        <line num="38" count="14993" type="stmt"/>
        <line num="39" count="1" type="stmt"/>
        <line num="40" count="132597" type="cond" truecount="1" falsecount="0"/>
        <line num="41" count="132597" type="cond" truecount="1" falsecount="0"/>
        <line num="42" count="4700" type="cond" truecount="2" falsecount="0"/>
        <line num="43" count="132541" type="cond" truecount="1" falsecount="0"/>
        <line num="44" count="68616" type="cond" truecount="1" falsecount="0"/>
        <line num="45" count="3071" type="stmt"/>
        <line num="46" count="3071" type="stmt"/>
        <line num="47" count="3071" type="stmt"/>
        <line num="48" count="68616" type="cond" truecount="2" falsecount="0"/>
        <line num="49" count="61800" type="cond" truecount="1" falsecount="0"/>
        <line num="50" count="61800" type="stmt"/>
        <line num="51" count="955" type="cond" truecount="1" falsecount="0"/>
        <line num="52" count="955" type="stmt"/>
        <line num="53" count="1" type="stmt"/>
        <line num="54" count="967" type="cond" truecount="1" falsecount="0"/>
        <line num="55" count="967" type="stmt"/>
        <line num="56" count="967" type="cond" truecount="2" falsecount="0"/>
        <line num="57" count="967" type="stmt"/>
        <line num="58" count="1" type="stmt"/>
        <line num="59" count="54522" type="cond" truecount="1" falsecount="0"/>
        <line num="60" count="54522" type="stmt"/>
        <line num="61" count="54522" type="stmt"/>
        <line num="62" count="54522" type="stmt"/>
        <line num="63" count="1" type="stmt"/>
        <line num="64" count="54522" type="cond" truecount="1" falsecount="0"/>
        <line num="65" count="54522" type="stmt"/>
        <line num="66" count="54522" type="stmt"/>
        <line num="67" count="1" type="stmt"/>
        <line num="68" count="9285" type="cond" truecount="1" falsecount="0"/>
        <line num="69" count="9285" type="stmt"/>
        <line num="70" count="9285" type="stmt"/>
      </file>
      <file name="scope.ts" path="/home/claude/work/src/core/scope.ts">
        <metrics statements="39" coveredstatements="39" conditionals="14" coveredconditionals="13" methods="2" coveredmethods="2"/>
        <line num="1" count="1" type="stmt"/>
        <line num="2" count="1" type="stmt"/>
        <line num="3" count="1" type="stmt"/>
        <line num="4" count="1" type="stmt"/>
        <line num="5" count="1" type="stmt"/>
        <line num="6" count="1" type="stmt"/>
        <line num="7" count="1" type="stmt"/>
        <line num="8" count="1" type="stmt"/>
        <line num="9" count="1" type="stmt"/>
        <line num="10" count="1" type="stmt"/>
        <line num="11" count="1" type="stmt"/>
        <line num="12" count="1" type="stmt"/>
        <line num="13" count="1" type="stmt"/>
        <line num="14" count="1" type="stmt"/>
        <line num="15" count="26" type="cond" truecount="1" falsecount="0"/>
        <line num="16" count="26" type="stmt"/>
        <line num="17" count="26" type="stmt"/>
        <line num="18" count="26" type="cond" truecount="0" falsecount="1"/>
        <line num="19" count="26" type="stmt"/>
        <line num="20" count="26" type="cond" truecount="1" falsecount="0"/>
        <line num="21" count="48" type="cond" truecount="1" falsecount="0"/>
        <line num="22" count="205" type="cond" truecount="2" falsecount="0"/>
        <line num="23" count="47" type="cond" truecount="1" falsecount="0"/>
        <line num="24" count="205" type="cond" truecount="1" falsecount="0"/>
        <line num="25" count="21" type="stmt"/>
        <line num="26" count="21" type="stmt"/>
        <line num="27" count="21" type="stmt"/>
        <line num="28" count="205" type="cond" truecount="4" falsecount="0"/>
        <line num="29" count="1" type="stmt"/>
        <line num="30" count="1" type="stmt"/>
        <line num="31" count="1" type="stmt"/>
        <line num="32" count="47" type="cond" truecount="1" falsecount="0"/>
        <line num="33" count="205" type="cond" truecount="1" falsecount="0"/>
        <line num="34" count="205" type="stmt"/>
        <line num="35" count="26" type="stmt"/>
        <line num="36" count="26" type="stmt"/>
        <line num="37" count="26" type="stmt"/>
        <line num="38" count="26" type="stmt"/>
        <line num="39" count="26" type="stmt"/>
      </file>
      <file name="tokenizer.ts" path="/home/claude/work/src/core/tokenizer.ts">
        <metrics statements="69" coveredstatements="69" conditionals="22" coveredconditionals="22" methods="6" coveredmethods="6"/>
        <line num="1" count="1" type="stmt"/>
        <line num="2" count="1" type="stmt"/>
        <line num="3" count="1" type="stmt"/>
        <line num="4" count="1" type="stmt"/>
        <line num="5" count="1" type="stmt"/>
        <line num="6" count="1" type="stmt"/>
        <line num="7" count="1" type="stmt"/>
        <line num="8" count="1" type="stmt"/>
        <line num="9" count="1" type="stmt"/>
        <line num="10" count="1" type="stmt"/>
        <line num="11" count="1" type="stmt"/>
        <line num="12" count="1" type="stmt"/>
        <line num="13" count="1" type="stmt"/>
        <line num="14" count="1" type="cond" truecount="1" falsecount="0"/>
        <line num="15" count="2916" type="stmt"/>
        <line num="16" count="2916" type="cond" truecount="1" falsecount="0"/>
        <line num="17" count="2916" type="stmt"/>
        <line num="18" count="1" type="stmt"/>
        <line num="19" count="1" type="cond" truecount="1" falsecount="0"/>
        <line num="20" count="2916" type="stmt"/>
        <line num="21" count="2916" type="stmt"/>
        <line num="22" count="1" type="stmt"/>
        <line num="23" count="1" type="cond" truecount="1" falsecount="0"/>
        <line num="24" count="7866" type="stmt"/>
        <line num="25" count="7866" type="cond" truecount="2" falsecount="0"/>
        <line num="26" count="7844" type="cond" truecount="1" falsecount="0"/>
        <line num="27" count="7844" type="stmt"/>
        <line num="28" count="7844" type="stmt"/>
        <line num="29" count="7844" type="stmt"/>
        <line num="30" count="7844" type="stmt"/>
        <line num="31" count="7844" type="cond" truecount="1" falsecount="0"/>
        <line num="32" count="4950" type="cond" truecount="1" falsecount="0"/>
        <line num="33" count="7844" type="stmt"/>
        <line num="34" count="7844" type="stmt"/>
        <line num="35" count="7844" type="stmt"/>
        <line num="36" count="7844" type="stmt"/>
        <line num="37" count="7844" type="stmt"/>
        <line num="38" count="7844" type="cond" truecount="1" falsecount="0"/>
        <line num="39" count="27636" type="cond" truecount="1" falsecount="0"/>
        <line num="40" count="7844" type="stmt"/>
        <line num="41" count="7844" type="stmt"/>
        <line num="42" count="7866" type="cond" truecount="1" falsecount="0"/>
        <line num="43" count="157176" type="stmt"/>
        <line num="44" count="157176" type="stmt"/>
        <line num="45" count="157176" type="cond" truecount="1" falsecount="0"/>
        <line num="46" count="137384" type="stmt"/>
        <line num="47" count="137384" type="stmt"/>
        <line num="48" count="137384" type="stmt"/>
        <line num="49" count="19792" type="cond" truecount="1" falsecount="0"/>
        <line num="50" count="19792" type="stmt"/>
        <line num="51" count="19792" type="stmt"/>
        <line num="52" count="19792" type="stmt"/>
        <line num="53" count="19792" type="stmt"/>
        <line num="54" count="19792" type="stmt"/>
        <line num="55" count="7844" type="cond" truecount="1" falsecount="0"/>
        <line num="56" count="7844" type="stmt"/>
        <line num="57" count="7844" type="stmt"/>
        <line num="58" count="7844" type="stmt"/>
        <line num="59" count="1" type="stmt"/>
        <line num="60" count="1" type="cond" truecount="1" falsecount="0"/>
        <line num="61" count="157176" type="cond" truecount="1" falsecount="0"/>
        <line num="62" count="1457752" type="stmt"/>
        <line num="63" count="1457752" type="cond" truecount="1" falsecount="0"/>
        <line num="64" count="1457752" type="cond" truecount="2" falsecount="0"/>
        <line num="65" count="19792" type="cond" truecount="1" falsecount="0"/>
        <line num="66" count="19792" type="stmt"/>
        <line num="67" count="137384" type="cond" truecount="1" falsecount="0"/>
        <line num="68" count="137384" type="stmt"/>
        <line num="69" count="1" type="stmt"/>
      </file>
      <file name="tokens.ts" path="/home/claude/work/src/core/tokens.ts">
        <metrics statements="46" coveredstatements="44" conditionals="11" coveredconditionals="10" methods="3" coveredmethods="3"/>
        <line num="1" count="1" type="stmt"/>
        <line num="2" count="1" type="stmt"/>
        <line num="3" count="1" type="stmt"/>
        <line num="4" count="1" type="stmt"/>
        <line num="5" count="1" type="stmt"/>
        <line num="6" count="1" type="stmt"/>
        <line num="7" count="1" type="stmt"/>
        <line num="8" count="1" type="stmt"/>
        <line num="9" count="1" type="stmt"/>
        <line num="10" count="1" type="stmt"/>
        <line num="11" count="1" type="stmt"/>
        <line num="12" count="1" type="stmt"/>
        <line num="13" count="1" type="stmt"/>
        <line num="14" count="1" type="stmt"/>
        <line num="15" count="1" type="stmt"/>
        <line num="16" count="1" type="stmt"/>
        <line num="17" count="1" type="stmt"/>
        <line num="18" count="1" type="stmt"/>
        <line num="19" count="1" type="stmt"/>
        <line num="20" count="1" type="stmt"/>
        <line num="21" count="1" type="stmt"/>
        <line num="22" count="1" type="stmt"/>
        <line num="23" count="1" type="stmt"/>
        <line num="24" count="1" type="stmt"/>
        <line num="25" count="1" type="stmt"/>
        <line num="26" count="1" type="stmt"/>
        <line num="27" count="1" type="stmt"/>
        <line num="28" count="1" type="stmt"/>
        <line num="29" count="894" type="cond" truecount="1" falsecount="0"/>
        <line num="30" count="894" type="stmt"/>
        <line num="31" count="894" type="stmt"/>
        <line num="32" count="1" type="stmt"/>
        <line num="33" count="48" type="cond" truecount="1" falsecount="0"/>
        <line num="34" count="48" type="cond" truecount="1" falsecount="0"/>
        <line num="35" count="90" type="stmt"/>
        <line num="36" count="90" type="cond" truecount="1" falsecount="0"/>
        <line num="37" count="90" type="stmt"/>
        <line num="38" count="48" type="stmt"/>
        <line num="39" count="1" type="stmt"/>
        <line num="40" count="2" type="cond" truecount="1" falsecount="0"/>
        <line num="41" count="2" type="cond" truecount="1" falsecount="0"/>
        <line num="42" count="3" type="cond" truecount="1" falsecount="0"/>
        <line num="43" count="3" type="cond" truecount="3" falsecount="0"/>
        <line num="44" count="3" type="stmt"/>
        <line num="45" count="0" type="cond" truecount="0" falsecount="1"/>
        <line num="46" count="0" type="stmt"/>
      </file>
      <file name="toolbar.ts" path="/home/claude/work/src/core/toolbar.ts">
        <metrics statements="216" coveredstatements="205" conditionals="41" coveredconditionals="34" methods="19" coveredmethods="17"/>
        <line num="1" count="1" type="stmt"/>
        <line num="2" count="1" type="stmt"/>
        <line num="3" count="1" type="stmt"/>
        <line num="4" count="1" type="stmt"/>
        <line num="5" count="1" type="stmt"/>
        <line num="6" count="1" type="stmt"/>
        <line num="7" count="1" type="stmt"/>
        <line num="8" count="1" type="stmt"/>
        <line num="9" count="1" type="stmt"/>
        <line num="10" count="1" type="stmt"/>
        <line num="11" count="1" type="stmt"/>
        <line num="12" count="1" type="stmt"/>
        <line num="13" count="1" type="stmt"/>
        <line num="14" count="1" type="stmt"/>
        <line num="15" count="1" type="stmt"/>
        <line num="16" count="1" type="stmt"/>
        <line num="17" count="1" type="stmt"/>
        <line num="18" count="1" type="stmt"/>
        <line num="19" count="1" type="stmt"/>
        <line num="20" count="1" type="stmt"/>
        <line num="21" count="1" type="stmt"/>
        <line num="22" count="1" type="stmt"/>
        <line num="23" count="1" type="stmt"/>
        <line num="24" count="1" type="stmt"/>
        <line num="25" count="1" type="cond" truecount="1" falsecount="0"/>
        <line num="26" count="1" type="stmt"/>
        <line num="27" count="2" type="cond" truecount="1" falsecount="0"/>
        <line num="28" count="2" type="stmt"/>
        <line num="29" count="2" type="stmt"/>
        <line num="30" count="2" type="stmt"/>
        <line num="31" count="2" type="stmt"/>
        <line num="32" count="2" type="stmt"/>
        <line num="33" count="2" type="stmt"/>
        <line num="34" count="2" type="stmt"/>
        <line num="35" count="2" type="stmt"/>
        <line num="36" count="2" type="stmt"/>
        <line num="37" count="2" type="stmt"/>
        <line num="38" count="2" type="stmt"/>
        <line num="39" count="1" type="stmt"/>
        <line num="40" count="2" type="cond" truecount="1" falsecount="0"/>
        <line num="41" count="2" type="stmt"/>
        <line num="42" count="2" type="stmt"/>
        <line num="43" count="2" type="stmt"/>
        <line num="44" count="2" type="stmt"/>
        <line num="45" count="2" type="stmt"/>
        <line num="46" count="2" type="stmt"/>
        <line num="47" count="2" type="stmt"/>
        <line num="48" count="2" type="stmt"/>
        <line num="49" count="2" type="stmt"/>
        <line num="50" count="2" type="stmt"/>
        <line num="51" count="1" type="stmt"/>
        <line num="52" count="2" type="cond" truecount="1" falsecount="0"/>
        <line num="53" count="2" type="stmt"/>
        <line num="54" count="2" type="stmt"/>
        <line num="55" count="2" type="stmt"/>
        <line num="56" count="2" type="cond" truecount="1" falsecount="0"/>
        <line num="57" count="1" type="stmt"/>
        <line num="58" count="1" type="stmt"/>
        <line num="59" count="1" type="stmt"/>
        <line num="60" count="1" type="stmt"/>
        <line num="61" count="1" type="stmt"/>
        <line num="62" count="1" type="stmt"/>
        <line num="63" count="1" type="stmt"/>
        <line num="64" count="184" type="cond" truecount="1" falsecount="0"/>
        <line num="65" count="184" type="stmt"/>
        <line num="66" count="184" type="cond" truecount="0" falsecount="1"/>
        <line num="67" count="184" type="stmt"/>
        <line num="68" count="184" type="stmt"/>
        <line num="69" count="184" type="stmt"/>
        <line num="70" count="184" type="stmt"/>
        <line num="71" count="184" type="cond" truecount="1" falsecount="0"/>
        <line num="72" count="184" type="stmt"/>
        <line num="73" count="184" type="stmt"/>
        <line num="74" count="1" type="stmt"/>
        <line num="75" count="69" type="cond" truecount="1" falsecount="0"/>
        <line num="76" count="69" type="stmt"/>
        <line num="77" count="69" type="stmt"/>
        <line num="78" count="69" type="stmt"/>
        <line num="79" count="69" type="cond" truecount="1" falsecount="0"/>
        <line num="80" count="1" type="stmt"/>
        <line num="81" count="1" type="stmt"/>
        <line num="82" count="1" type="stmt"/>
        <line num="83" count="1" type="stmt"/>
        <line num="84" count="69" type="stmt"/>
        <line num="85" count="69" type="stmt"/>
        <line num="86" count="1" type="stmt"/>
        <line num="87" count="46" type="cond" truecount="1" falsecount="0"/>
        <line num="88" count="46" type="stmt"/>
        <line num="89" count="46" type="stmt"/>
        <line num="90" count="46" type="cond" truecount="2" falsecount="0"/>
        <line num="91" count="46" type="cond" truecount="1" falsecount="0"/>
        <line num="92" count="1" type="stmt"/>
        <line num="93" count="1" type="stmt"/>
        <line num="94" count="1" type="cond" truecount="1" falsecount="0"/>
        <line num="95" count="1" type="cond" truecount="0" falsecount="1"/>
        <line num="96" count="1" type="stmt"/>
        <line num="97" count="46" type="stmt"/>
        <line num="98" count="46" type="stmt"/>
        <line num="99" count="1" type="stmt"/>
        <line num="100" count="23" type="cond" truecount="1" falsecount="0"/>
        <line num="101" count="23" type="stmt"/>
        <line num="102" count="23" type="stmt"/>
        <line num="103" count="23" type="stmt"/>
        <line num="104" count="23" type="stmt"/>
        <line num="105" count="23" type="stmt"/>
        <line num="106" count="23" type="stmt"/>
        <line num="107" count="1" type="stmt"/>
        <line num="108" count="0" type="stmt"/>
        <line num="109" count="0" type="stmt"/>
        <line num="110" count="0" type="stmt"/>
        <line num="111" count="0" type="stmt"/>
        <line num="112" count="0" type="stmt"/>
        <line num="113" count="0" type="stmt"/>
        <line num="114" count="0" type="stmt"/>
        <line num="115" count="0" type="stmt"/>
        <line num="116" count="0" type="stmt"/>
        <line num="117" count="0" type="stmt"/>
        <line num="118" count="0" type="stmt"/>
        <line num="119" count="1" type="stmt"/>
        <line num="120" count="23" type="cond" truecount="1" falsecount="0"/>
        <line num="121" count="23" type="cond" truecount="2" falsecount="0"/>
        <line num="122" count="8" type="cond" truecount="1" falsecount="0"/>
        <line num="123" count="8" type="cond" truecount="1" falsecount="0"/>
        <line num="124" count="48" type="stmt"/>
        <line num="125" count="48" type="stmt"/>
        <line num="126" count="48" type="cond" truecount="1" falsecount="0"/>
        <line num="127" count="8" type="stmt"/>
        <line num="128" count="8" type="stmt"/>
        <line num="129" count="8" type="stmt"/>
        <line num="130" count="8" type="stmt"/>
        <line num="131" count="8" type="stmt"/>
        <line num="132" count="8" type="cond" truecount="1" falsecount="0"/>
        <line num="133" count="8" type="cond" truecount="1" falsecount="0"/>
        <line num="134" count="2" type="stmt"/>
        <line num="135" count="8" type="stmt"/>
        <line num="136" count="8" type="stmt"/>
        <line num="137" count="8" type="stmt"/>
        <line num="138" count="8" type="cond" truecount="2" falsecount="0"/>
        <line num="139" count="8" type="cond" truecount="1" falsecount="0"/>
        <line num="140" count="2" type="cond" truecount="1" falsecount="0"/>
        <line num="141" count="8" type="stmt"/>
        <line num="142" count="8" type="stmt"/>
        <line num="143" count="8" type="stmt"/>
        <line num="144" count="1" type="stmt"/>
        <line num="145" count="23" type="cond" truecount="1" falsecount="0"/>
        <line num="146" count="23" type="cond" truecount="0" falsecount="1"/>
        <line num="147" count="23" type="stmt"/>
        <line num="148" count="23" type="stmt"/>
        <line num="149" count="23" type="cond" truecount="1" falsecount="0"/>
        <line num="150" count="23" type="cond" truecount="1" falsecount="0"/>
        <line num="151" count="23" type="stmt"/>
        <line num="152" count="23" type="stmt"/>
        <line num="153" count="23" type="cond" truecount="1" falsecount="0"/>
        <line num="154" count="23" type="cond" truecount="1" falsecount="0"/>
        <line num="155" count="23" type="stmt"/>
        <line num="156" count="23" type="stmt"/>
        <line num="157" count="23" type="stmt"/>
        <line num="158" count="23" type="stmt"/>
        <line num="159" count="23" type="stmt"/>
        <line num="160" count="23" type="stmt"/>
        <line num="161" count="23" type="stmt"/>
        <line num="162" count="23" type="stmt"/>
        <line num="163" count="23" type="stmt"/>
        <line num="164" count="23" type="stmt"/>
        <line num="165" count="23" type="stmt"/>
        <line num="166" count="23" type="stmt"/>
        <line num="167" count="23" type="stmt"/>
        <line num="168" count="23" type="stmt"/>
        <line num="169" count="23" type="stmt"/>
        <line num="170" count="23" type="stmt"/>
        <line num="171" count="1" type="stmt"/>
        <line num="172" count="1" type="stmt"/>
        <line num="173" count="1" type="stmt"/>
        <line num="174" count="1" type="stmt"/>
        <line num="175" count="1" type="stmt"/>
        <line num="176" count="1" type="stmt"/>
        <line num="177" count="1" type="stmt"/>
        <line num="178" count="1" type="stmt"/>
        <line num="179" count="1" type="stmt"/>
        <line num="180" count="1" type="stmt"/>
        <line num="181" count="1" type="stmt"/>
        <line num="182" count="1" type="stmt"/>
        <line num="183" count="2" type="cond" truecount="1" falsecount="0"/>
        <line num="184" count="2" type="cond" truecount="0" falsecount="1"/>
        <line num="185" count="2" type="stmt"/>
        <line num="186" count="1" type="stmt"/>
        <line num="187" count="8" type="cond" truecount="1" falsecount="0"/>
        <line num="188" count="8" type="stmt"/>
        <line num="189" count="8" type="stmt"/>
        <line num="190" count="8" type="stmt"/>
        <line num="191" count="8" type="stmt"/>
        <line num="192" count="8" type="stmt"/>
        <line num="193" count="8" type="cond" truecount="0" falsecount="1"/>
        <line num="194" count="8" type="stmt"/>
        <line num="195" count="8" type="stmt"/>
        <line num="196" count="8" type="stmt"/>
        <line num="197" count="8" type="cond" truecount="0" falsecount="1"/>
        <line num="198" count="8" type="stmt"/>
        <line num="199" count="8" type="stmt"/>
        <line num="200" count="8" type="cond" truecount="0" falsecount="1"/>
        <line num="201" count="8" type="stmt"/>
        <line num="202" count="8" type="stmt"/>
        <line num="203" count="8" type="stmt"/>
        <line num="204" count="8" type="stmt"/>
        <line num="205" count="8" type="stmt"/>
        <line num="206" count="8" type="stmt"/>
        <line num="207" count="8" type="stmt"/>
        <line num="208" count="8" type="stmt"/>
        <line num="209" count="8" type="stmt"/>
        <line num="210" count="8" type="stmt"/>
        <line num="211" count="8" type="stmt"/>
        <line num="212" count="8" type="stmt"/>
        <line num="213" count="8" type="stmt"/>
        <line num="214" count="8" type="stmt"/>
        <line num="215" count="8" type="stmt"/>
        <line num="216" count="8" type="stmt"/>
      </file>
    </package>
    <package name="languages.latex">
      <metrics statements="374" coveredstatements="362" conditionals="152" coveredconditionals="136" methods="23" coveredmethods="19"/>
      <file name="commands.ts" path="/home/claude/work/src/languages/latex/commands.ts">
        <metrics statements="52" coveredstatements="52" conditionals="0" coveredconditionals="0" methods="0" coveredmethods="0"/>
        <line num="1" count="1" type="stmt"/>
        <line num="2" count="1" type="stmt"/>
        <line num="3" count="1" type="stmt"/>
        <line num="4" count="1" type="stmt"/>
        <line num="5" count="1" type="stmt"/>
        <line num="6" count="1" type="stmt"/>
        <line num="7" count="1" type="stmt"/>
        <line num="8" count="1" type="stmt"/>
        <line num="9" count="1" type="stmt"/>
        <line num="10" count="1" type="stmt"/>
        <line num="11" count="1" type="stmt"/>
        <line num="12" count="1" type="stmt"/>
        <line num="13" count="1" type="stmt"/>
        <line num="14" count="1" type="stmt"/>
        <line num="15" count="1" type="stmt"/>
        <line num="16" count="1" type="stmt"/>
        <line num="17" count="1" type="stmt"/>
        <line num="18" count="1" type="stmt"/>
        <line num="19" count="1" type="stmt"/>
        <line num="20" count="1" type="stmt"/>
        <line num="21" count="1" type="stmt"/>
        <line num="22" count="1" type="stmt"/>
        <line num="23" count="1" type="stmt"/>
        <line num="24" count="1" type="stmt"/>
        <line num="25" count="1" type="stmt"/>
        <line num="26" count="1" type="stmt"/>
        <line num="27" count="1" type="stmt"/>
        <line num="28" count="1" type="stmt"/>
        <line num="29" count="1" type="stmt"/>
        <line num="30" count="1" type="stmt"/>
        <line num="31" count="1" type="stmt"/>
        <line num="32" count="1" type="stmt"/>
        <line num="33" count="1" type="stmt"/>
        <line num="34" count="1" type="stmt"/>
        <line num="35" count="1" type="stmt"/>
        <line num="36" count="1" type="stmt"/>
        <line num="37" count="1" type="stmt"/>
        <line num="38" count="1" type="stmt"/>
        <line num="39" count="1" type="stmt"/>
        <line num="40" count="1" type="stmt"/>
        <line num="41" count="1" type="stmt"/>
        <line num="42" count="1" type="stmt"/>
        <line num="43" count="1" type="stmt"/>
        <line num="44" count="1" type="stmt"/>
        <line num="45" count="1" type="stmt"/>
        <line num="46" count="1" type="stmt"/>
        <line num="47" count="1" type="stmt"/>
        <line num="48" count="1" type="stmt"/>
        <line num="49" count="1" type="stmt"/>
        <line num="50" count="1" type="stmt"/>
        <line num="51" count="1" type="stmt"/>
        <line num="52" count="1" type="stmt"/>
      </file>
      <file name="index.ts" path="/home/claude/work/src/languages/latex/index.ts">
        <metrics statements="157" coveredstatements="149" conditionals="58" coveredconditionals="48" methods="14" coveredmethods="10"/>
        <line num="1" count="1" type="stmt"/>
        <line num="2" count="1" type="stmt"/>
        <line num="3" count="1" type="stmt"/>
        <line num="4" count="1" type="stmt"/>
        <line num="5" count="1" type="stmt"/>
        <line num="6" count="1" type="stmt"/>
        <line num="7" count="1" type="stmt"/>
        <line num="8" count="1" type="stmt"/>
        <line num="9" count="1" type="stmt"/>
        <line num="10" count="1" type="stmt"/>
        <line num="11" count="1" type="stmt"/>
        <line num="12" count="1" type="stmt"/>
        <line num="13" count="1" type="stmt"/>
        <line num="14" count="1" type="stmt"/>
        <line num="15" count="1" type="stmt"/>
        <line num="16" count="1" type="stmt"/>
        <line num="17" count="1" type="stmt"/>
        <line num="18" count="0" type="stmt"/>
        <line num="19" count="0" type="stmt"/>
        <line num="20" count="1" type="stmt"/>
        <line num="21" count="1" type="cond" truecount="1" falsecount="0"/>
        <line num="22" count="1" type="cond" truecount="0" falsecount="1"/>
        <line num="23" count="1" type="cond" truecount="1" falsecount="0"/>
        <line num="24" count="1" type="stmt"/>
        <line num="25" count="1" type="stmt"/>
        <line num="26" count="1" type="stmt"/>
        <line num="27" count="0" type="stmt"/>
        <line num="28" count="0" type="stmt"/>
        <line num="29" count="0" type="stmt"/>
        <line num="30" count="0" type="stmt"/>
        <line num="31" count="1" type="stmt"/>
        <line num="32" count="1" type="stmt"/>
        <line num="33" count="0" type="stmt"/>
        <line num="34" count="0" type="stmt"/>
        <line num="35" count="1" type="stmt"/>
        <line num="36" count="1" type="stmt"/>
        <line num="37" count="1" type="stmt"/>
        <line num="38" count="1" type="cond" truecount="1" falsecount="0"/>
        <line num="39" count="18" type="cond" truecount="0" falsecount="1"/>
        <line num="40" count="18" type="stmt"/>
        <line num="41" count="18" type="stmt"/>
        <line num="42" count="18" type="cond" truecount="1" falsecount="0"/>
        <line num="43" count="18" type="stmt"/>
        <line num="44" count="18" type="cond" truecount="2" falsecount="0"/>
        <line num="45" count="1" type="stmt"/>
        <line num="46" count="1" type="cond" truecount="1" falsecount="0"/>
        <line num="47" count="26" type="cond" truecount="0" falsecount="1"/>
        <line num="48" count="26" type="stmt"/>
        <line num="49" count="26" type="stmt"/>
        <line num="50" count="26" type="stmt"/>
        <line num="51" count="26" type="stmt"/>
        <line num="52" count="26" type="stmt"/>
        <line num="53" count="26" type="stmt"/>
        <line num="54" count="26" type="cond" truecount="1" falsecount="0"/>
        <line num="55" count="26" type="stmt"/>
        <line num="56" count="26" type="cond" truecount="1" falsecount="0"/>
        <line num="57" count="823" type="cond" truecount="1" falsecount="0"/>
        <line num="58" count="55" type="stmt"/>
        <line num="59" count="55" type="stmt"/>
        <line num="60" count="55" type="stmt"/>
        <line num="61" count="55" type="stmt"/>
        <line num="62" count="55" type="stmt"/>
        <line num="63" count="55" type="stmt"/>
        <line num="64" count="55" type="stmt"/>
        <line num="65" count="823" type="cond" truecount="2" falsecount="0"/>
        <line num="66" count="61" type="stmt"/>
        <line num="67" count="61" type="stmt"/>
        <line num="68" count="61" type="stmt"/>
        <line num="69" count="61" type="stmt"/>
        <line num="70" count="61" type="stmt"/>
        <line num="71" count="823" type="cond" truecount="3" falsecount="0"/>
        <line num="72" count="823" type="stmt"/>
        <line num="73" count="26" type="stmt"/>
        <line num="74" count="26" type="cond" truecount="0" falsecount="1"/>
        <line num="75" count="26" type="cond" truecount="0" falsecount="1"/>
        <line num="76" count="26" type="stmt"/>
        <line num="77" count="26" type="stmt"/>
        <line num="78" count="1" type="stmt"/>
        <line num="79" count="1" type="cond" truecount="1" falsecount="0"/>
        <line num="80" count="16" type="stmt"/>
        <line num="81" count="16" type="stmt"/>
        <line num="82" count="16" type="cond" truecount="1" falsecount="0"/>
        <line num="83" count="22" type="cond" truecount="1" falsecount="0"/>
        <line num="84" count="36" type="cond" truecount="2" falsecount="0"/>
        <line num="85" count="36" type="stmt"/>
        <line num="86" count="7" type="cond" truecount="1" falsecount="0"/>
        <line num="87" count="1" type="cond" truecount="1" falsecount="0"/>
        <line num="88" count="1" type="stmt"/>
        <line num="89" count="1" type="stmt"/>
        <line num="90" count="1" type="cond" truecount="1" falsecount="0"/>
        <line num="91" count="8" type="stmt"/>
        <line num="92" count="8" type="cond" truecount="0" falsecount="1"/>
        <line num="93" count="8" type="cond" truecount="0" falsecount="1"/>
        <line num="94" count="8" type="cond" truecount="1" falsecount="0"/>
        <line num="95" count="8" type="stmt"/>
        <line num="96" count="8" type="stmt"/>
        <line num="97" count="1" type="stmt"/>
        <line num="98" count="1" type="stmt"/>
        <line num="99" count="5485" type="cond" truecount="1" falsecount="0"/>
        <line num="100" count="5485" type="stmt"/>
        <line num="101" count="5485" type="cond" truecount="1" falsecount="0"/>
        <line num="102" count="249" type="stmt"/>
        <line num="103" count="5485" type="cond" truecount="1" falsecount="0"/>
        <line num="104" count="367" type="stmt"/>
        <line num="105" count="5485" type="cond" truecount="1" falsecount="0"/>
        <line num="106" count="30" type="stmt"/>
        <line num="107" count="5485" type="cond" truecount="1" falsecount="0"/>
        <line num="108" count="285" type="stmt"/>
        <line num="109" count="5485" type="cond" truecount="1" falsecount="0"/>
        <line num="110" count="147" type="stmt"/>
        <line num="111" count="5485" type="cond" truecount="1" falsecount="0"/>
        <line num="112" count="172" type="stmt"/>
        <line num="113" count="172" type="cond" truecount="2" falsecount="0"/>
        <line num="114" count="172" type="stmt"/>
        <line num="115" count="172" type="stmt"/>
        <line num="116" count="172" type="stmt"/>
        <line num="117" count="5485" type="cond" truecount="1" falsecount="0"/>
        <line num="118" count="921" type="cond" truecount="2" falsecount="0"/>
        <line num="119" count="911" type="cond" truecount="1" falsecount="0"/>
        <line num="120" count="921" type="cond" truecount="1" falsecount="0"/>
        <line num="121" count="886" type="cond" truecount="2" falsecount="1"/>
        <line num="122" count="609" type="cond" truecount="1" falsecount="0"/>
        <line num="123" count="609" type="stmt"/>
        <line num="124" count="5485" type="cond" truecount="1" falsecount="0"/>
        <line num="125" count="3314" type="stmt"/>
        <line num="126" count="5485" type="stmt"/>
        <line num="127" count="5485" type="stmt"/>
        <line num="128" count="1" type="stmt"/>
        <line num="129" count="1" type="stmt"/>
        <line num="130" count="1" type="stmt"/>
        <line num="131" count="1" type="stmt"/>
        <line num="132" count="1" type="stmt"/>
        <line num="133" count="1" type="stmt"/>
        <line num="134" count="1" type="stmt"/>
        <line num="135" count="1" type="stmt"/>
        <line num="136" count="1" type="stmt"/>
        <line num="137" count="1" type="cond" truecount="1" falsecount="0"/>
        <line num="138" count="10" type="cond" truecount="0" falsecount="1"/>
        <line num="139" count="10" type="stmt"/>
        <line num="140" count="1" type="stmt"/>
        <line num="141" count="1" type="stmt"/>
        <line num="142" count="1" type="cond" truecount="1" falsecount="0"/>
        <line num="143" count="1" type="cond" truecount="1" falsecount="0"/>
        <line num="144" count="2" type="stmt"/>
        <line num="145" count="2" type="cond" truecount="2" falsecount="0"/>
        <line num="146" count="2" type="stmt"/>
        <line num="147" count="2" type="stmt"/>
        <line num="148" count="1" type="stmt"/>
        <line num="149" count="1" type="stmt"/>
        <line num="150" count="1" type="cond" truecount="1" falsecount="0"/>
        <line num="151" count="1" type="cond" truecount="0" falsecount="1"/>
        <line num="152" count="1" type="stmt"/>
        <line num="153" count="1" type="stmt"/>
        <line num="154" count="1" type="stmt"/>
        <line num="155" count="1" type="stmt"/>
        <line num="156" count="1" type="stmt"/>
        <line num="157" count="1" type="stmt"/>
      </file>
      <file name="rules.ts" path="/home/claude/work/src/languages/latex/rules.ts">
        <metrics statements="165" coveredstatements="161" conditionals="94" coveredconditionals="88" methods="9" coveredmethods="9"/>
        <line num="1" count="1" type="stmt"/>
        <line num="2" count="1" type="stmt"/>
        <line num="3" count="1" type="stmt"/>
        <line num="4" count="1" type="stmt"/>
        <line num="5" count="1" type="stmt"/>
        <line num="6" count="1" type="stmt"/>
        <line num="7" count="1" type="stmt"/>
        <line num="8" count="1" type="stmt"/>
        <line num="9" count="1" type="stmt"/>
        <line num="10" count="1" type="stmt"/>
        <line num="11" count="1" type="stmt"/>
        <line num="12" count="1" type="stmt"/>
        <line num="13" count="1" type="cond" truecount="1" falsecount="0"/>
        <line num="14" count="87298" type="cond" truecount="2" falsecount="0"/>
        <line num="15" count="416" type="cond" truecount="1" falsecount="0"/>
        <line num="16" count="416" type="stmt"/>
        <line num="17" count="416" type="stmt"/>
        <line num="18" count="1" type="stmt"/>
        <line num="19" count="1" type="cond" truecount="1" falsecount="0"/>
        <line num="20" count="85234" type="cond" truecount="1" falsecount="0"/>
        <line num="21" count="3428" type="cond" truecount="1" falsecount="0"/>
        <line num="22" count="85234" type="cond" truecount="2" falsecount="0"/>
        <line num="23" count="1084" type="cond" truecount="1" falsecount="0"/>
        <line num="24" count="1084" type="stmt"/>
        <line num="25" count="1" type="stmt"/>
        <line num="26" count="1" type="cond" truecount="1" falsecount="0"/>
        <line num="27" count="86883" type="cond" truecount="1" falsecount="0"/>
        <line num="28" count="346824" type="cond" truecount="1" falsecount="0"/>
        <line num="29" count="346824" type="cond" truecount="5" falsecount="0"/>
        <line num="30" count="1177" type="cond" truecount="1" falsecount="0"/>
        <line num="31" count="1177" type="cond" truecount="1" falsecount="0"/>
        <line num="32" count="597" type="cond" truecount="1" falsecount="0"/>
        <line num="33" count="597" type="cond" truecount="0" falsecount="1"/>
        <line num="34" count="597" type="cond" truecount="1" falsecount="0"/>
        <line num="35" count="597" type="stmt"/>
        <line num="36" count="86286" type="cond" truecount="1" falsecount="0"/>
        <line num="37" count="86286" type="stmt"/>
        <line num="38" count="1" type="stmt"/>
        <line num="39" count="1" type="cond" truecount="1" falsecount="0"/>
        <line num="40" count="86286" type="cond" truecount="1" falsecount="0"/>
        <line num="41" count="743" type="cond" truecount="2" falsecount="0"/>
        <line num="42" count="743" type="stmt"/>
        <line num="43" count="86206" type="cond" truecount="0" falsecount="1"/>
        <line num="44" count="743" type="cond" truecount="1" falsecount="0"/>
        <line num="45" count="743" type="stmt"/>
        <line num="46" count="743" type="stmt"/>
        <line num="47" count="86206" type="cond" truecount="1" falsecount="0"/>
        <line num="48" count="357" type="cond" truecount="2" falsecount="0"/>
        <line num="49" count="357" type="stmt"/>
        <line num="50" count="357" type="stmt"/>
        <line num="51" count="357" type="stmt"/>
        <line num="52" count="86286" type="cond" truecount="3" falsecount="0"/>
        <line num="53" count="86286" type="stmt"/>
        <line num="54" count="86286" type="stmt"/>
        <line num="55" count="86286" type="stmt"/>
        <line num="56" count="86286" type="stmt"/>
        <line num="57" count="86286" type="stmt"/>
        <line num="58" count="86286" type="stmt"/>
        <line num="59" count="86286" type="stmt"/>
        <line num="60" count="86286" type="cond" truecount="3" falsecount="0"/>
        <line num="61" count="114" type="stmt"/>
        <line num="62" count="114" type="stmt"/>
        <line num="63" count="86206" type="cond" truecount="1" falsecount="1"/>
        <line num="64" count="0" type="stmt"/>
        <line num="65" count="0" type="stmt"/>
        <line num="66" count="0" type="stmt"/>
        <line num="67" count="0" type="stmt"/>
        <line num="68" count="357" type="cond" truecount="1" falsecount="0"/>
        <line num="69" count="357" type="stmt"/>
        <line num="70" count="357" type="stmt"/>
        <line num="71" count="1" type="stmt"/>
        <line num="72" count="1" type="cond" truecount="1" falsecount="0"/>
        <line num="73" count="85929" type="cond" truecount="1" falsecount="0"/>
        <line num="74" count="4123" type="cond" truecount="2" falsecount="0"/>
        <line num="75" count="4123" type="stmt"/>
        <line num="76" count="85849" type="cond" truecount="1" falsecount="0"/>
        <line num="77" count="2241" type="cond" truecount="2" falsecount="0"/>
        <line num="78" count="2241" type="stmt"/>
        <line num="79" count="83294" type="cond" truecount="1" falsecount="0"/>
        <line num="80" count="460" type="cond" truecount="2" falsecount="0"/>
        <line num="81" count="460" type="stmt"/>
        <line num="82" count="83231" type="cond" truecount="0" falsecount="1"/>
        <line num="83" count="460" type="cond" truecount="1" falsecount="0"/>
        <line num="84" count="460" type="stmt"/>
        <line num="85" count="460" type="stmt"/>
        <line num="86" count="460" type="stmt"/>
        <line num="87" count="460" type="stmt"/>
        <line num="88" count="460" type="stmt"/>
        <line num="89" count="460" type="stmt"/>
        <line num="90" count="460" type="stmt"/>
        <line num="91" count="460" type="stmt"/>
        <line num="92" count="460" type="stmt"/>
        <line num="93" count="1" type="stmt"/>
        <line num="94" count="1" type="cond" truecount="1" falsecount="0"/>
        <line num="95" count="85469" type="cond" truecount="1" falsecount="0"/>
        <line num="96" count="85469" type="cond" truecount="5" falsecount="0"/>
        <line num="97" count="235" type="cond" truecount="1" falsecount="0"/>
        <line num="98" count="235" type="stmt"/>
        <line num="99" count="235" type="stmt"/>
        <line num="100" count="83146" type="cond" truecount="0" falsecount="1"/>
        <line num="101" count="235" type="cond" truecount="1" falsecount="0"/>
        <line num="102" count="85469" type="cond" truecount="1" falsecount="1"/>
        <line num="103" count="85469" type="stmt"/>
        <line num="104" count="1" type="stmt"/>
        <line num="105" count="1" type="cond" truecount="1" falsecount="0"/>
        <line num="106" count="84150" type="cond" truecount="1" falsecount="0"/>
        <line num="107" count="2344" type="cond" truecount="2" falsecount="0"/>
        <line num="108" count="2344" type="stmt"/>
        <line num="109" count="84070" type="cond" truecount="1" falsecount="0"/>
        <line num="110" count="1546" type="cond" truecount="2" falsecount="0"/>
        <line num="111" count="1546" type="stmt"/>
        <line num="112" count="1546" type="stmt"/>
        <line num="113" count="1546" type="stmt"/>
        <line num="114" count="1546" type="stmt"/>
        <line num="115" count="1546" type="stmt"/>
        <line num="116" count="81443" type="cond" truecount="1" falsecount="0"/>
        <line num="117" count="1546" type="cond" truecount="1" falsecount="0"/>
        <line num="118" count="1546" type="stmt"/>
        <line num="119" count="1" type="stmt"/>
        <line num="120" count="1" type="stmt"/>
        <line num="121" count="1" type="stmt"/>
        <line num="122" count="1903" type="cond" truecount="1" falsecount="0"/>
        <line num="123" count="1903" type="stmt"/>
        <line num="124" count="1903" type="stmt"/>
        <line num="125" count="1903" type="stmt"/>
        <line num="126" count="1903" type="cond" truecount="2" falsecount="0"/>
        <line num="127" count="3279" type="stmt"/>
        <line num="128" count="3279" type="stmt"/>
        <line num="129" count="3279" type="cond" truecount="1" falsecount="0"/>
        <line num="130" count="5" type="stmt"/>
        <line num="131" count="5" type="stmt"/>
        <line num="132" count="5" type="stmt"/>
        <line num="133" count="3274" type="cond" truecount="1" falsecount="0"/>
        <line num="134" count="3274" type="cond" truecount="2" falsecount="0"/>
        <line num="135" count="1597" type="cond" truecount="1" falsecount="0"/>
        <line num="136" count="1597" type="stmt"/>
        <line num="137" count="1597" type="stmt"/>
        <line num="138" count="1903" type="stmt"/>
        <line num="139" count="1903" type="stmt"/>
        <line num="140" count="1903" type="stmt"/>
        <line num="141" count="1" type="stmt"/>
        <line num="142" count="743" type="cond" truecount="1" falsecount="0"/>
        <line num="143" count="743" type="stmt"/>
        <line num="144" count="743" type="stmt"/>
        <line num="145" count="743" type="stmt"/>
        <line num="146" count="743" type="stmt"/>
        <line num="147" count="743" type="stmt"/>
        <line num="148" count="743" type="cond" truecount="2" falsecount="0"/>
        <line num="149" count="732" type="stmt"/>
        <line num="150" count="732" type="stmt"/>
        <line num="151" count="732" type="stmt"/>
        <line num="152" count="732" type="cond" truecount="1" falsecount="0"/>
        <line num="153" count="361" type="cond" truecount="1" falsecount="0"/>
        <line num="154" count="732" type="cond" truecount="2" falsecount="0"/>
        <line num="155" count="2" type="stmt"/>
        <line num="156" count="2" type="stmt"/>
        <line num="157" count="732" type="cond" truecount="1" falsecount="0"/>
        <line num="158" count="359" type="stmt"/>
        <line num="159" count="359" type="cond" truecount="1" falsecount="0"/>
        <line num="160" count="2" type="cond" truecount="1" falsecount="0"/>
        <line num="161" count="2" type="stmt"/>
        <line num="162" count="732" type="stmt"/>
        <line num="163" count="15" type="cond" truecount="1" falsecount="0"/>
        <line num="164" count="15" type="stmt"/>
        <line num="165" count="15" type="stmt"/>
      </file>
    </package>
    <package name="languages.typst">
      <metrics statements="302" coveredstatements="292" conditionals="148" coveredconditionals="136" methods="23" coveredmethods="19"/>
      <file name="index.ts" path="/home/claude/work/src/languages/typst/index.ts">
        <metrics statements="92" coveredstatements="82" conditionals="41" coveredconditionals="38" methods="7" coveredmethods="3"/>
        <line num="1" count="1" type="stmt"/>
        <line num="2" count="1" type="stmt"/>
        <line num="3" count="1" type="stmt"/>
        <line num="4" count="1" type="stmt"/>
        <line num="5" count="1" type="stmt"/>
        <line num="6" count="1" type="stmt"/>
        <line num="7" count="1" type="stmt"/>
        <line num="8" count="1" type="stmt"/>
        <line num="9" count="1" type="stmt"/>
        <line num="10" count="1" type="stmt"/>
        <line num="11" count="1" type="stmt"/>
        <line num="12" count="1" type="stmt"/>
        <line num="13" count="1" type="stmt"/>
        <line num="14" count="1" type="stmt"/>
        <line num="15" count="1" type="stmt"/>
        <line num="16" count="1" type="stmt"/>
        <line num="17" count="1" type="stmt"/>
        <line num="18" count="1" type="stmt"/>
        <line num="19" count="1" type="stmt"/>
        <line num="20" count="1" type="stmt"/>
        <line num="21" count="1" type="stmt"/>
        <line num="22" count="1" type="stmt"/>
        <line num="23" count="1" type="stmt"/>
        <line num="24" count="1" type="cond" truecount="1" falsecount="0"/>
        <line num="25" count="1" type="stmt"/>
        <line num="26" count="1" type="stmt"/>
        <line num="27" count="1" type="stmt"/>
        <line num="28" count="0" type="stmt"/>
        <line num="29" count="0" type="stmt"/>
        <line num="30" count="1" type="stmt"/>
        <line num="31" count="1" type="stmt"/>
        <line num="32" count="0" type="stmt"/>
        <line num="33" count="0" type="stmt"/>
        <line num="34" count="0" type="stmt"/>
        <line num="35" count="0" type="stmt"/>
        <line num="36" count="0" type="stmt"/>
        <line num="37" count="0" type="stmt"/>
        <line num="38" count="1" type="stmt"/>
        <line num="39" count="1" type="stmt"/>
        <line num="40" count="0" type="stmt"/>
        <line num="41" count="0" type="stmt"/>
        <line num="42" count="1" type="stmt"/>
        <line num="43" count="1" type="stmt"/>
        <line num="44" count="12517" type="cond" truecount="1" falsecount="0"/>
        <line num="45" count="12517" type="stmt"/>
        <line num="46" count="12517" type="cond" truecount="1" falsecount="0"/>
        <line num="47" count="267" type="stmt"/>
        <line num="48" count="12517" type="cond" truecount="1" falsecount="0"/>
        <line num="49" count="508" type="stmt"/>
        <line num="50" count="12517" type="cond" truecount="1" falsecount="0"/>
        <line num="51" count="38" type="cond" truecount="0" falsecount="1"/>
        <line num="52" count="12517" type="cond" truecount="1" falsecount="0"/>
        <line num="53" count="84" type="cond" truecount="2" falsecount="0"/>
        <line num="54" count="12517" type="cond" truecount="1" falsecount="0"/>
        <line num="55" count="4081" type="cond" truecount="2" falsecount="0"/>
        <line num="56" count="4062" type="cond" truecount="3" falsecount="0"/>
        <line num="57" count="4081" type="cond" truecount="3" falsecount="0"/>
        <line num="58" count="12517" type="cond" truecount="1" falsecount="0"/>
        <line num="59" count="156" type="stmt"/>
        <line num="60" count="12517" type="cond" truecount="1" falsecount="0"/>
        <line num="61" count="165" type="stmt"/>
        <line num="62" count="12517" type="cond" truecount="1" falsecount="0"/>
        <line num="63" count="2265" type="cond" truecount="2" falsecount="0"/>
        <line num="64" count="2265" type="cond" truecount="5" falsecount="0"/>
        <line num="65" count="2265" type="cond" truecount="5" falsecount="0"/>
        <line num="66" count="1391" type="cond" truecount="2" falsecount="0"/>
        <line num="67" count="2265" type="cond" truecount="2" falsecount="0"/>
        <line num="68" count="2265" type="stmt"/>
        <line num="69" count="12517" type="cond" truecount="1" falsecount="0"/>
        <line num="70" count="4953" type="stmt"/>
        <line num="71" count="12517" type="stmt"/>
        <line num="72" count="12517" type="stmt"/>
        <line num="73" count="1" type="stmt"/>
        <line num="74" count="1" type="stmt"/>
        <line num="75" count="1" type="stmt"/>
        <line num="76" count="1" type="stmt"/>
        <line num="77" count="1" type="stmt"/>
        <line num="78" count="1" type="stmt"/>
        <line num="79" count="1" type="stmt"/>
        <line num="80" count="1" type="stmt"/>
        <line num="81" count="1" type="cond" truecount="1" falsecount="0"/>
        <line num="82" count="213" type="stmt"/>
        <line num="83" count="213" type="cond" truecount="0" falsecount="1"/>
        <line num="84" count="213" type="stmt"/>
        <line num="85" count="213" type="stmt"/>
        <line num="86" count="213" type="cond" truecount="0" falsecount="1"/>
        <line num="87" count="213" type="stmt"/>
        <line num="88" count="1" type="stmt"/>
        <line num="89" count="1" type="stmt"/>
        <line num="90" count="1" type="stmt"/>
        <line num="91" count="1" type="stmt"/>
        <line num="92" count="1" type="stmt"/>
      </file>
      <file name="rules.ts" path="/home/claude/work/src/languages/typst/rules.ts">
        <metrics statements="210" coveredstatements="210" conditionals="107" coveredconditionals="98" methods="16" coveredmethods="16"/>
        <line num="1" count="1" type="stmt"/>
        <line num="2" count="1" type="stmt"/>
        <line num="3" count="1" type="stmt"/>
        <line num="4" count="1" type="stmt"/>
        <line num="5" count="1" type="stmt"/>
        <line num="6" count="1" type="stmt"/>
        <line num="7" count="1" type="cond" truecount="1" falsecount="0"/>
        <line num="8" count="69878" type="cond" truecount="1" falsecount="0"/>
        <line num="9" count="230" type="stmt"/>
        <line num="10" count="230" type="stmt"/>
        <line num="11" count="230" type="stmt"/>
        <line num="12" count="69648" type="cond" truecount="1" falsecount="0"/>
        <line num="13" count="69878" type="cond" truecount="2" falsecount="0"/>
        <line num="14" count="69878" type="stmt"/>
        <line num="15" count="1" type="stmt"/>
        <line num="16" count="1" type="cond" truecount="1" falsecount="0"/>
        <line num="17" count="69414" type="cond" truecount="2" falsecount="0"/>
        <line num="18" count="4600" type="cond" truecount="1" falsecount="0"/>
        <line num="19" count="4600" type="stmt"/>
        <line num="20" count="1" type="stmt"/>
        <line num="21" count="1" type="cond" truecount="1" falsecount="0"/>
        <line num="22" count="58255" type="cond" truecount="2" falsecount="0"/>
        <line num="23" count="59" type="cond" truecount="2" falsecount="0"/>
        <line num="24" count="59" type="stmt"/>
        <line num="25" count="58110" type="cond" truecount="0" falsecount="1"/>
        <line num="26" count="59" type="cond" truecount="1" falsecount="0"/>
        <line num="27" count="59" type="stmt"/>
        <line num="28" count="59" type="stmt"/>
        <line num="29" count="59" type="stmt"/>
        <line num="30" count="59" type="stmt"/>
        <line num="31" count="59" type="stmt"/>
        <line num="32" count="59" type="stmt"/>
        <line num="33" count="59" type="stmt"/>
        <line num="34" count="59" type="stmt"/>
        <line num="35" count="59" type="stmt"/>
        <line num="36" count="1" type="stmt"/>
        <line num="37" count="1" type="cond" truecount="1" falsecount="0"/>
        <line num="38" count="58700" type="stmt"/>
        <line num="39" count="58700" type="cond" truecount="1" falsecount="0"/>
        <line num="40" count="58483" type="cond" truecount="2" falsecount="0"/>
        <line num="41" count="58699" type="cond" truecount="1" falsecount="0"/>
        <line num="42" count="228" type="cond" truecount="1" falsecount="0"/>
        <line num="43" count="58700" type="cond" truecount="0" falsecount="1"/>
        <line num="44" count="58700" type="stmt"/>
        <line num="45" count="1" type="stmt"/>
        <line num="46" count="1" type="cond" truecount="1" falsecount="0"/>
        <line num="47" count="58196" type="cond" truecount="1" falsecount="0"/>
        <line num="48" count="1462" type="cond" truecount="2" falsecount="0"/>
        <line num="49" count="58008" type="cond" truecount="1" falsecount="0"/>
        <line num="50" count="1087" type="cond" truecount="1" falsecount="0"/>
        <line num="51" count="1087" type="stmt"/>
        <line num="52" count="58008" type="cond" truecount="1" falsecount="0"/>
        <line num="53" count="840" type="cond" truecount="1" falsecount="0"/>
        <line num="54" count="58196" type="cond" truecount="1" falsecount="0"/>
        <line num="55" count="58196" type="stmt"/>
        <line num="56" count="58196" type="stmt"/>
        <line num="57" count="1" type="stmt"/>
        <line num="58" count="1" type="cond" truecount="1" falsecount="0"/>
        <line num="59" count="54966" type="stmt"/>
        <line num="60" count="54966" type="cond" truecount="2" falsecount="0"/>
        <line num="61" count="54966" type="cond" truecount="5" falsecount="0"/>
        <line num="62" count="685" type="cond" truecount="1" falsecount="0"/>
        <line num="63" count="685" type="stmt"/>
        <line num="64" count="54918" type="cond" truecount="0" falsecount="1"/>
        <line num="65" count="685" type="cond" truecount="1" falsecount="0"/>
        <line num="66" count="685" type="stmt"/>
        <line num="67" count="54966" type="cond" truecount="1" falsecount="1"/>
        <line num="68" count="685" type="cond" truecount="2" falsecount="0"/>
        <line num="69" count="685" type="stmt"/>
        <line num="70" count="685" type="stmt"/>
        <line num="71" count="54966" type="cond" truecount="2" falsecount="0"/>
        <line num="72" count="54966" type="stmt"/>
        <line num="73" count="54966" type="stmt"/>
        <line num="74" count="54966" type="stmt"/>
        <line num="75" count="54966" type="stmt"/>
        <line num="76" count="54966" type="stmt"/>
        <line num="77" count="54966" type="stmt"/>
        <line num="78" count="1" type="stmt"/>
        <line num="79" count="1" type="cond" truecount="1" falsecount="0"/>
        <line num="80" count="54281" type="cond" truecount="1" falsecount="0"/>
        <line num="81" count="1377" type="cond" truecount="3" falsecount="0"/>
        <line num="82" count="54112" type="cond" truecount="1" falsecount="0"/>
        <line num="83" count="54281" type="cond" truecount="4" falsecount="0"/>
        <line num="84" count="54281" type="stmt"/>
        <line num="85" count="1" type="stmt"/>
        <line num="86" count="2662" type="cond" truecount="1" falsecount="0"/>
        <line num="87" count="2662" type="stmt"/>
        <line num="88" count="2662" type="cond" truecount="0" falsecount="1"/>
        <line num="89" count="2662" type="stmt"/>
        <line num="90" count="2662" type="stmt"/>
        <line num="91" count="2662" type="stmt"/>
        <line num="92" count="2662" type="stmt"/>
        <line num="93" count="2662" type="stmt"/>
        <line num="94" count="2662" type="stmt"/>
        <line num="95" count="2662" type="stmt"/>
        <line num="96" count="2662" type="stmt"/>
        <line num="97" count="2662" type="cond" truecount="1" falsecount="0"/>
        <line num="98" count="1930" type="stmt"/>
        <line num="99" count="1930" type="stmt"/>
        <line num="100" count="1930" type="stmt"/>
        <line num="101" count="2662" type="stmt"/>
        <line num="102" count="2662" type="stmt"/>
        <line num="103" count="2662" type="cond" truecount="1" falsecount="0"/>
        <line num="104" count="747" type="stmt"/>
        <line num="105" count="747" type="stmt"/>
        <line num="106" count="747" type="stmt"/>
        <line num="107" count="747" type="stmt"/>
        <line num="108" count="2662" type="stmt"/>
        <line num="109" count="2662" type="cond" truecount="1" falsecount="0"/>
        <line num="110" count="2662" type="stmt"/>
        <line num="111" count="2662" type="cond" truecount="3" falsecount="0"/>
        <line num="112" count="2662" type="stmt"/>
        <line num="113" count="2662" type="stmt"/>
        <line num="114" count="2662" type="stmt"/>
        <line num="115" count="2662" type="stmt"/>
        <line num="116" count="2662" type="stmt"/>
        <line num="117" count="2662" type="stmt"/>
        <line num="118" count="2662" type="stmt"/>
        <line num="119" count="2662" type="cond" truecount="1" falsecount="0"/>
        <line num="120" count="747" type="stmt"/>
        <line num="121" count="2662" type="cond" truecount="2" falsecount="0"/>
        <line num="122" count="1477" type="stmt"/>
        <line num="123" count="1477" type="stmt"/>
        <line num="124" count="1477" type="stmt"/>
        <line num="125" count="2662" type="stmt"/>
        <line num="126" count="2662" type="stmt"/>
        <line num="127" count="2662" type="stmt"/>
        <line num="128" count="1" type="stmt"/>
        <line num="129" count="1" type="cond" truecount="1" falsecount="0"/>
        <line num="130" count="57356" type="cond" truecount="1" falsecount="0"/>
        <line num="131" count="2391" type="cond" truecount="1" falsecount="0"/>
        <line num="132" count="2391" type="stmt"/>
        <line num="133" count="57356" type="cond" truecount="2" falsecount="0"/>
        <line num="134" count="262" type="stmt"/>
        <line num="135" count="262" type="stmt"/>
        <line num="136" count="262" type="stmt"/>
        <line num="137" count="2129" type="cond" truecount="1" falsecount="0"/>
        <line num="138" count="2129" type="stmt"/>
        <line num="139" count="2129" type="stmt"/>
        <line num="140" count="1" type="stmt"/>
        <line num="141" count="1" type="cond" truecount="1" falsecount="0"/>
        <line num="142" count="1615" type="cond" truecount="2" falsecount="1"/>
        <line num="143" count="533" type="cond" truecount="1" falsecount="0"/>
        <line num="144" count="533" type="stmt"/>
        <line num="145" count="1" type="stmt"/>
        <line num="146" count="1" type="cond" truecount="1" falsecount="0"/>
        <line num="147" count="6114" type="stmt"/>
        <line num="148" count="6114" type="cond" truecount="2" falsecount="0"/>
        <line num="149" count="697" type="cond" truecount="1" falsecount="0"/>
        <line num="150" count="697" type="stmt"/>
        <line num="151" count="6114" type="cond" truecount="0" falsecount="1"/>
        <line num="152" count="6114" type="stmt"/>
        <line num="153" count="1" type="stmt"/>
        <line num="154" count="1" type="cond" truecount="1" falsecount="0"/>
        <line num="155" count="5417" type="stmt"/>
        <line num="156" count="5417" type="cond" truecount="2" falsecount="0"/>
        <line num="157" count="5417" type="stmt"/>
        <line num="158" count="1" type="stmt"/>
        <line num="159" count="1" type="cond" truecount="1" falsecount="0"/>
        <line num="160" count="4670" type="stmt"/>
        <line num="161" count="4670" type="cond" truecount="2" falsecount="0"/>
        <line num="162" count="4670" type="stmt"/>
        <line num="163" count="1" type="stmt"/>
        <line num="164" count="1" type="cond" truecount="1" falsecount="0"/>
        <line num="165" count="2421" type="stmt"/>
        <line num="166" count="2421" type="cond" truecount="2" falsecount="0"/>
        <line num="167" count="806" type="cond" truecount="1" falsecount="0"/>
        <line num="168" count="806" type="stmt"/>
        <line num="169" count="806" type="stmt"/>
        <line num="170" count="806" type="stmt"/>
        <line num="171" count="806" type="stmt"/>
        <line num="172" count="806" type="stmt"/>
        <line num="173" count="806" type="stmt"/>
        <line num="174" count="806" type="stmt"/>
        <line num="175" count="806" type="stmt"/>
        <line num="176" count="806" type="stmt"/>
        <line num="177" count="806" type="stmt"/>
        <line num="178" count="1" type="stmt"/>
        <line num="179" count="1" type="cond" truecount="1" falsecount="0"/>
        <line num="180" count="54146" type="cond" truecount="1" falsecount="0"/>
        <line num="181" count="224" type="stmt"/>
        <line num="182" count="224" type="cond" truecount="0" falsecount="1"/>
        <line num="183" count="224" type="stmt"/>
        <line num="184" count="54146" type="cond" truecount="2" falsecount="0"/>
        <line num="185" count="224" type="stmt"/>
        <line num="186" count="224" type="cond" truecount="0" falsecount="1"/>
        <line num="187" count="224" type="stmt"/>
        <line num="188" count="53698" type="cond" truecount="1" falsecount="0"/>
        <line num="189" count="53698" type="stmt"/>
        <line num="190" count="1" type="stmt"/>
        <line num="191" count="96" type="cond" truecount="1" falsecount="0"/>
        <line num="192" count="96" type="cond" truecount="3" falsecount="0"/>
        <line num="193" count="96" type="stmt"/>
        <line num="194" count="1" type="stmt"/>
        <line num="195" count="1" type="stmt"/>
        <line num="196" count="1" type="stmt"/>
        <line num="197" count="1" type="stmt"/>
        <line num="198" count="1" type="stmt"/>
        <line num="199" count="1" type="stmt"/>
        <line num="200" count="1" type="stmt"/>
        <line num="201" count="1" type="stmt"/>
        <line num="202" count="1" type="stmt"/>
        <line num="203" count="1" type="stmt"/>
        <line num="204" count="1" type="stmt"/>
        <line num="205" count="1" type="stmt"/>
        <line num="206" count="1" type="stmt"/>
        <line num="207" count="1" type="stmt"/>
        <line num="208" count="1" type="stmt"/>
        <line num="209" count="1" type="stmt"/>
        <line num="210" count="1" type="stmt"/>
      </file>
    </package>
    <package name="ui">
      <metrics statements="507" coveredstatements="469" conditionals="81" coveredconditionals="66" methods="55" coveredmethods="36"/>
      <file name="dual-editor.ts" path="/home/claude/work/src/ui/dual-editor.ts">
        <metrics statements="255" coveredstatements="244" conditionals="38" coveredconditionals="28" methods="31" coveredmethods="18"/>
        <line num="1" count="1" type="stmt"/>
        <line num="2" count="1" type="stmt"/>
        <line num="3" count="1" type="stmt"/>
        <line num="4" count="1" type="stmt"/>
        <line num="5" count="1" type="stmt"/>
        <line num="6" count="1" type="stmt"/>
        <line num="7" count="1" type="stmt"/>
        <line num="8" count="1" type="stmt"/>
        <line num="9" count="1" type="stmt"/>
        <line num="10" count="1" type="stmt"/>
        <line num="11" count="1" type="stmt"/>
        <line num="12" count="1" type="stmt"/>
        <line num="13" count="1" type="stmt"/>
        <line num="14" count="1" type="stmt"/>
        <line num="15" count="1" type="stmt"/>
        <line num="16" count="1" type="stmt"/>
        <line num="17" count="1" type="stmt"/>
        <line num="18" count="1" type="stmt"/>
        <line num="19" count="1" type="stmt"/>
        <line num="20" count="1" type="stmt"/>
        <line num="21" count="1" type="stmt"/>
        <line num="22" count="1" type="stmt"/>
        <line num="23" count="1" type="stmt"/>
        <line num="24" count="1" type="stmt"/>
        <line num="25" count="1" type="stmt"/>
        <line num="26" count="1" type="stmt"/>
        <line num="27" count="1" type="stmt"/>
        <line num="28" count="1" type="stmt"/>
        <line num="29" count="1" type="stmt"/>
        <line num="30" count="1" type="stmt"/>
        <line num="31" count="1" type="stmt"/>
        <line num="32" count="1" type="stmt"/>
        <line num="33" count="1" type="stmt"/>
        <line num="34" count="1" type="stmt"/>
        <line num="35" count="1" type="stmt"/>
        <line num="36" count="1" type="stmt"/>
        <line num="37" count="1" type="stmt"/>
        <line num="38" count="1" type="stmt"/>
        <line num="39" count="1" type="stmt"/>
        <line num="40" count="1" type="stmt"/>
        <line num="41" count="1" type="cond" truecount="1" falsecount="0"/>
        <line num="42" count="3" type="stmt"/>
        <line num="43" count="3" type="stmt"/>
        <line num="44" count="3" type="stmt"/>
        <line num="45" count="3" type="cond" truecount="1" falsecount="0"/>
        <line num="46" count="3" type="stmt"/>
        <line num="47" count="3" type="cond" truecount="0" falsecount="1"/>
        <line num="48" count="3" type="stmt"/>
        <line num="49" count="3" type="stmt"/>
        <line num="50" count="3" type="stmt"/>
        <line num="51" count="3" type="cond" truecount="0" falsecount="1"/>
        <line num="52" count="3" type="cond" truecount="0" falsecount="1"/>
        <line num="53" count="3" type="cond" truecount="0" falsecount="1"/>
        <line num="54" count="3" type="stmt"/>
        <line num="55" count="3" type="cond" truecount="0" falsecount="1"/>
        <line num="56" count="3" type="stmt"/>
        <line num="57" count="3" type="cond" truecount="0" falsecount="1"/>
[...]
        <line num="3" count="1" type="stmt"/>
        <line num="4" count="1" type="stmt"/>
        <line num="5" count="18" type="cond" truecount="1" falsecount="0"/>
        <line num="6" count="18" type="stmt"/>
        <line num="7" count="18" type="stmt"/>
        <line num="8" count="18" type="stmt"/>
        <line num="9" count="18" type="stmt"/>
        <line num="10" count="18" type="stmt"/>
        <line num="11" count="18" type="stmt"/>
        <line num="12" count="18" type="stmt"/>
        <line num="13" count="18" type="stmt"/>
        <line num="14" count="18" type="stmt"/>
        <line num="15" count="18" type="stmt"/>
        <line num="16" count="18" type="stmt"/>
        <line num="17" count="18" type="stmt"/>
        <line num="18" count="18" type="stmt"/>
        <line num="19" count="18" type="stmt"/>
        <line num="20" count="18" type="stmt"/>
        <line num="21" count="18" type="stmt"/>
        <line num="22" count="18" type="stmt"/>
        <line num="23" count="18" type="stmt"/>
        <line num="24" count="18" type="stmt"/>
        <line num="25" count="18" type="stmt"/>
        <line num="26" count="18" type="stmt"/>
        <line num="27" count="1" type="stmt"/>
        <line num="28" count="12" type="cond" truecount="1" falsecount="0"/>
        <line num="29" count="12" type="stmt"/>
        <line num="30" count="12" type="stmt"/>
        <line num="31" count="12" type="stmt"/>
        <line num="32" count="12" type="stmt"/>
        <line num="33" count="12" type="stmt"/>
        <line num="34" count="12" type="stmt"/>
        <line num="35" count="12" type="stmt"/>
        <line num="36" count="12" type="stmt"/>
        <line num="37" count="12" type="stmt"/>
        <line num="38" count="1" type="stmt"/>
        <line num="39" count="6" type="cond" truecount="1" falsecount="0"/>
        <line num="40" count="6" type="stmt"/>
        <line num="41" count="6" type="cond" truecount="1" falsecount="0"/>
        <line num="42" count="6" type="stmt"/>
      </file>
      <file name="visual-editor.ts" path="/home/claude/work/src/view/visual-editor.ts">
        <metrics statements="149" coveredstatements="143" conditionals="33" coveredconditionals="31" methods="15" coveredmethods="12"/>
        <line num="1" count="1" type="stmt"/>
        <line num="2" count="1" type="stmt"/>
        <line num="3" count="1" type="stmt"/>
        <line num="4" count="1" type="stmt"/>
        <line num="5" count="1" type="stmt"/>
        <line num="6" count="1" type="stmt"/>
        <line num="7" count="1" type="stmt"/>
        <line num="8" count="1" type="stmt"/>
        <line num="9" count="1" type="stmt"/>
        <line num="10" count="1" type="stmt"/>
        <line num="11" count="1" type="stmt"/>
        <line num="12" count="1" type="stmt"/>
        <line num="13" count="1" type="stmt"/>
        <line num="14" count="1" type="stmt"/>
        <line num="15" count="1" type="stmt"/>
        <line num="16" count="1" type="stmt"/>
        <line num="17" count="1" type="stmt"/>
        <line num="18" count="1" type="stmt"/>
        <line num="19" count="1" type="stmt"/>
        <line num="20" count="1" type="stmt"/>
        <line num="21" count="1" type="stmt"/>
        <line num="22" count="1" type="stmt"/>
        <line num="23" count="1" type="stmt"/>
        <line num="24" count="1" type="stmt"/>
        <line num="25" count="1" type="stmt"/>
        <line num="26" count="1" type="cond" truecount="1" falsecount="0"/>
        <line num="27" count="170" type="stmt"/>
        <line num="28" count="170" type="stmt"/>
        <line num="29" count="170" type="stmt"/>
        <line num="30" count="170" type="stmt"/>
        <line num="31" count="1" type="stmt"/>
        <line num="32" count="1" type="cond" truecount="1" falsecount="0"/>
        <line num="33" count="442" type="cond" truecount="1" falsecount="0"/>
        <line num="34" count="197" type="cond" truecount="1" falsecount="0"/>
        <line num="35" count="197" type="stmt"/>
        <line num="36" count="442" type="stmt"/>
        <line num="37" count="442" type="stmt"/>
        <line num="38" count="1" type="stmt"/>
        <line num="39" count="1" type="stmt"/>
        <line num="40" count="1" type="stmt"/>
        <line num="41" count="1" type="cond" truecount="1" falsecount="0"/>
        <line num="42" count="1" type="cond" truecount="1" falsecount="0"/>
        <line num="43" count="442" type="stmt"/>
        <line num="44" count="442" type="cond" truecount="1" falsecount="0"/>
        <line num="45" count="427" type="cond" truecount="1" falsecount="0"/>
        <line num="46" count="427" type="stmt"/>
        <line num="47" count="427" type="cond" truecount="1" falsecount="0"/>
        <line num="48" count="442" type="cond" truecount="1" falsecount="0"/>
        <line num="49" count="442" type="cond" truecount="2" falsecount="0"/>
        <line num="50" count="442" type="stmt"/>
        <line num="51" count="442" type="cond" truecount="2" falsecount="0"/>
        <line num="52" count="1" type="stmt"/>
        <line num="53" count="1" type="cond" truecount="1" falsecount="0"/>
        <line num="54" count="8" type="cond" truecount="1" falsecount="0"/>
        <line num="55" count="8" type="stmt"/>
        <line num="56" count="8" type="stmt"/>
        <line num="57" count="1" type="stmt"/>
        <line num="58" count="1" type="stmt"/>
        <line num="59" count="595" type="cond" truecount="1" falsecount="0"/>
        <line num="60" count="595" type="stmt"/>
        <line num="61" count="595" type="cond" truecount="2" falsecount="0"/>
        <line num="62" count="425" type="cond" truecount="1" falsecount="0"/>
        <line num="63" count="425" type="stmt"/>
        <line num="64" count="425" type="stmt"/>
        <line num="65" count="425" type="stmt"/>
        <line num="66" count="425" type="stmt"/>
        <line num="67" count="425" type="stmt"/>
        <line num="68" count="425" type="stmt"/>
        <line num="69" count="425" type="stmt"/>
        <line num="70" count="425" type="stmt"/>
        <line num="71" count="1" type="stmt"/>
        <line num="72" count="170" type="cond" truecount="1" falsecount="0"/>
        <line num="73" count="170" type="stmt"/>
        <line num="74" count="170" type="stmt"/>
        <line num="75" count="1" type="stmt"/>
        <line num="76" count="1" type="stmt"/>
        <line num="77" count="1" type="stmt"/>
        <line num="78" count="1" type="stmt"/>
        <line num="79" count="1" type="stmt"/>
        <line num="80" count="1" type="stmt"/>
        <line num="81" count="1" type="stmt"/>
        <line num="82" count="1" type="stmt"/>
        <line num="83" count="1" type="stmt"/>
        <line num="84" count="1" type="cond" truecount="1" falsecount="0"/>
        <line num="85" count="3" type="stmt"/>
        <line num="86" count="3" type="stmt"/>
        <line num="87" count="3" type="stmt"/>
        <line num="88" count="3" type="stmt"/>
        <line num="89" count="3" type="stmt"/>
        <line num="90" count="3" type="stmt"/>
        <line num="91" count="3" type="stmt"/>
        <line num="92" count="3" type="stmt"/>
        <line num="93" count="3" type="stmt"/>
        <line num="94" count="3" type="stmt"/>
        <line num="95" count="3" type="stmt"/>
        <line num="96" count="3" type="stmt"/>
        <line num="97" count="3" type="stmt"/>
        <line num="98" count="3" type="stmt"/>
        <line num="99" count="3" type="stmt"/>
        <line num="100" count="3" type="cond" truecount="1" falsecount="0"/>
        <line num="101" count="3" type="stmt"/>
        <line num="102" count="3" type="stmt"/>
        <line num="103" count="1" type="stmt"/>
        <line num="104" count="1" type="cond" truecount="1" falsecount="0"/>
        <line num="105" count="5" type="cond" truecount="1" falsecount="0"/>
        <line num="106" count="3" type="cond" truecount="1" falsecount="0"/>
        <line num="107" count="3" type="stmt"/>
        <line num="108" count="5" type="cond" truecount="2" falsecount="0"/>
        <line num="109" count="5" type="stmt"/>
        <line num="110" count="1" type="stmt"/>
        <line num="111" count="1" type="stmt"/>
        <line num="112" count="0" type="stmt"/>
        <line num="113" count="0" type="stmt"/>
        <line num="114" count="1" type="stmt"/>
        <line num="115" count="1" type="stmt"/>
        <line num="116" count="0" type="stmt"/>
        <line num="117" count="0" type="stmt"/>
        <line num="118" count="1" type="stmt"/>
        <line num="119" count="1" type="cond" truecount="1" falsecount="0"/>
        <line num="120" count="6" type="stmt"/>
        <line num="121" count="6" type="stmt"/>
        <line num="122" count="6" type="stmt"/>
        <line num="123" count="6" type="cond" truecount="0" falsecount="1"/>
        <line num="124" count="6" type="cond" truecount="0" falsecount="1"/>
        <line num="125" count="6" type="stmt"/>
        <line num="126" count="6" type="stmt"/>
        <line num="127" count="1" type="stmt"/>
        <line num="128" count="1" type="stmt"/>
        <line num="129" count="0" type="stmt"/>
        <line num="130" count="0" type="stmt"/>
        <line num="131" count="1" type="stmt"/>
        <line num="132" count="1" type="cond" truecount="1" falsecount="0"/>
        <line num="133" count="3" type="stmt"/>
        <line num="134" count="3" type="stmt"/>
        <line num="135" count="1" type="stmt"/>
        <line num="136" count="1" type="cond" truecount="1" falsecount="0"/>
        <line num="137" count="9" type="stmt"/>
        <line num="138" count="9" type="stmt"/>
        <line num="139" count="9" type="stmt"/>
        <line num="140" count="9" type="stmt"/>
        <line num="141" count="9" type="stmt"/>
        <line num="142" count="9" type="stmt"/>
        <line num="143" count="9" type="stmt"/>
        <line num="144" count="9" type="stmt"/>
        <line num="145" count="9" type="stmt"/>
        <line num="146" count="9" type="stmt"/>
        <line num="147" count="9" type="stmt"/>
        <line num="148" count="9" type="stmt"/>
        <line num="149" count="1" type="stmt"/>
      </file>
      <file name="widget-registry.ts" path="/home/claude/work/src/view/widget-registry.ts">
        <metrics statements="35" coveredstatements="35" conditionals="8" coveredconditionals="6" methods="3" coveredmethods="3"/>
        <line num="1" count="1" type="stmt"/>
        <line num="2" count="1" type="stmt"/>
        <line num="3" count="1" type="stmt"/>
        <line num="4" count="1" type="stmt"/>
        <line num="5" count="1" type="stmt"/>
        <line num="6" count="1" type="stmt"/>
        <line num="7" count="1" type="stmt"/>
        <line num="8" count="1" type="stmt"/>
        <line num="9" count="1" type="stmt"/>
        <line num="10" count="1" type="stmt"/>
        <line num="11" count="1" type="stmt"/>
        <line num="12" count="1" type="stmt"/>
        <line num="13" count="1" type="stmt"/>
        <line num="14" count="1" type="stmt"/>
        <line num="15" count="1" type="stmt"/>
        <line num="16" count="1" type="stmt"/>
        <line num="17" count="1" type="stmt"/>
        <line num="18" count="20" type="cond" truecount="1" falsecount="0"/>
        <line num="19" count="20" type="stmt"/>
        <line num="20" count="20" type="stmt"/>
        <line num="21" count="1" type="stmt"/>
        <line num="22" count="667" type="cond" truecount="1" falsecount="0"/>
        <line num="23" count="667" type="stmt"/>
        <line num="24" count="667" type="cond" truecount="0" falsecount="1"/>
        <line num="25" count="667" type="stmt"/>
        <line num="26" count="1" type="stmt"/>
        <line num="27" count="3" type="cond" truecount="1" falsecount="0"/>
        <line num="28" count="3" type="cond" truecount="1" falsecount="0"/>
        <line num="29" count="2" type="cond" truecount="1" falsecount="0"/>
        <line num="30" count="2" type="stmt"/>
        <line num="31" count="3" type="cond" truecount="0" falsecount="1"/>
        <line num="32" count="2" type="cond" truecount="1" falsecount="0"/>
        <line num="33" count="2" type="stmt"/>
        <line num="34" count="2" type="stmt"/>
        <line num="35" count="2" type="stmt"/>
      </file>
      <file name="widgets.ts" path="/home/claude/work/src/view/widgets.ts">
        <metrics statements="134" coveredstatements="127" conditionals="38" coveredconditionals="28" methods="12" coveredmethods="10"/>
        <line num="1" count="1" type="stmt"/>
        <line num="2" count="1" type="stmt"/>
        <line num="3" count="1" type="stmt"/>
        <line num="4" count="1" type="stmt"/>
        <line num="5" count="1" type="stmt"/>
        <line num="6" count="1" type="stmt"/>
        <line num="7" count="1" type="stmt"/>
        <line num="8" count="1" type="stmt"/>
        <line num="9" count="1" type="stmt"/>
        <line num="10" count="1" type="stmt"/>
        <line num="11" count="1" type="stmt"/>
        <line num="12" count="1" type="stmt"/>
        <line num="13" count="1" type="stmt"/>
        <line num="14" count="1" type="cond" truecount="1" falsecount="0"/>
        <line num="15" count="447" type="stmt"/>
        <line num="16" count="447" type="stmt"/>
        <line num="17" count="447" type="stmt"/>
        <line num="18" count="447" type="cond" truecount="0" falsecount="1"/>
        <line num="19" count="447" type="stmt"/>
        <line num="20" count="447" type="cond" truecount="0" falsecount="1"/>
        <line num="21" count="447" type="cond" truecount="0" falsecount="1"/>
        <line num="22" count="447" type="stmt"/>
        <line num="23" count="1" type="stmt"/>
        <line num="24" count="1" type="cond" truecount="1" falsecount="0"/>
        <line num="25" count="152" type="stmt"/>
        <line num="26" count="152" type="stmt"/>
        <line num="27" count="1" type="stmt"/>
        <line num="28" count="1" type="cond" truecount="1" falsecount="0"/>
        <line num="29" count="68" type="cond" truecount="2" falsecount="0"/>
        <line num="30" count="68" type="cond" truecount="2" falsecount="0"/>
        <line num="31" count="68" type="stmt"/>
        <line num="32" count="68" type="cond" truecount="1" falsecount="0"/>
        <line num="33" count="68" type="stmt"/>
        <line num="34" count="68" type="cond" truecount="1" falsecount="0"/>
        <line num="35" count="3" type="stmt"/>
        <line num="36" count="3" type="cond" truecount="0" falsecount="1"/>
        <line num="37" count="3" type="stmt"/>
        <line num="38" count="68" type="stmt"/>
        <line num="39" count="68" type="stmt"/>
        <line num="40" count="68" type="cond" truecount="1" falsecount="0"/>
        <line num="41" count="1" type="stmt"/>
        <line num="42" count="1" type="cond" truecount="0" falsecount="1"/>
        <line num="43" count="1" type="stmt"/>
        <line num="44" count="1" type="stmt"/>
        <line num="45" count="68" type="stmt"/>
        <line num="46" count="68" type="stmt"/>
        <line num="47" count="68" type="cond" truecount="1" falsecount="0"/>
        <line num="48" count="4" type="cond" truecount="1" falsecount="0"/>
        <line num="49" count="2" type="stmt"/>
        <line num="50" count="68" type="stmt"/>
        <line num="51" count="68" type="stmt"/>
        <line num="52" count="68" type="stmt"/>
        <line num="53" count="68" type="stmt"/>
        <line num="54" count="68" type="stmt"/>
        <line num="55" count="68" type="stmt"/>
        <line num="56" count="68" type="stmt"/>
        <line num="57" count="1" type="stmt"/>
        <line num="58" count="1" type="stmt"/>
        <line num="59" count="0" type="stmt"/>
        <line num="60" count="0" type="stmt"/>
        <line num="61" count="1" type="stmt"/>
        <line num="62" count="1" type="stmt"/>
        <line num="63" count="1" type="stmt"/>
        <line num="64" count="1" type="stmt"/>
        <line num="65" count="1" type="stmt"/>
        <line num="66" count="1" type="stmt"/>
        <line num="67" count="1" type="stmt"/>
        <line num="68" count="1" type="cond" truecount="1" falsecount="0"/>
        <line num="69" count="220" type="stmt"/>
        <line num="70" count="220" type="cond" truecount="0" falsecount="1"/>
        <line num="71" count="220" type="stmt"/>
        <line num="72" count="220" type="stmt"/>
        <line num="73" count="220" type="stmt"/>
        <line num="74" count="1" type="stmt"/>
        <line num="75" count="1" type="stmt"/>
        <line num="76" count="1" type="stmt"/>
        <line num="77" count="1" type="cond" truecount="1" falsecount="0"/>
        <line num="78" count="98" type="stmt"/>
        <line num="79" count="98" type="stmt"/>
        <line num="80" count="1" type="stmt"/>
        <line num="81" count="1" type="cond" truecount="1" falsecount="0"/>
        <line num="82" count="37" type="stmt"/>
        <line num="83" count="37" type="stmt"/>
        <line num="84" count="37" type="stmt"/>
        <line num="85" count="37" type="stmt"/>
        <line num="86" count="37" type="stmt"/>
        <line num="87" count="37" type="stmt"/>
        <line num="88" count="37" type="stmt"/>
        <line num="89" count="37" type="stmt"/>
        <line num="90" count="37" type="stmt"/>
        <line num="91" count="37" type="stmt"/>
        <line num="92" count="37" type="cond" truecount="0" falsecount="1"/>
        <line num="93" count="0" type="stmt"/>
        <line num="94" count="0" type="stmt"/>
        <line num="95" count="0" type="stmt"/>
        <line num="96" count="37" type="stmt"/>
        <line num="97" count="37" type="cond" truecount="2" falsecount="0"/>
        <line num="98" count="27" type="stmt"/>
        <line num="99" count="27" type="stmt"/>
        <line num="100" count="27" type="stmt"/>
        <line num="101" count="10" type="cond" truecount="1" falsecount="0"/>
        <line num="102" count="10" type="stmt"/>
        <line num="103" count="10" type="stmt"/>
        <line num="104" count="10" type="cond" truecount="1" falsecount="0"/>
        <line num="105" count="10" type="cond" truecount="0" falsecount="1"/>
        <line num="106" count="10" type="cond" truecount="1" falsecount="0"/>
        <line num="107" count="1" type="cond" truecount="1" falsecount="0"/>
        <line num="108" count="10" type="stmt"/>
        <line num="109" count="10" type="stmt"/>
        <line num="110" count="10" type="stmt"/>
        <line num="111" count="10" type="stmt"/>
        <line num="112" count="1" type="stmt"/>
        <line num="113" count="1" type="cond" truecount="1" falsecount="0"/>
        <line num="114" count="26" type="stmt"/>
        <line num="115" count="26" type="stmt"/>
        <line num="116" count="1" type="stmt"/>
        <line num="117" count="1" type="stmt"/>
        <line num="118" count="0" type="stmt"/>
        <line num="119" count="0" type="stmt"/>
        <line num="120" count="1" type="stmt"/>
        <line num="121" count="1" type="stmt"/>
        <line num="122" count="4" type="cond" truecount="1" falsecount="0"/>
        <line num="123" count="4" type="stmt"/>
        <line num="124" count="4" type="cond" truecount="1" falsecount="0"/>
        <line num="125" count="4" type="cond" truecount="1" falsecount="0"/>
        <line num="126" count="1" type="stmt"/>
        <line num="127" count="1" type="stmt"/>
        <line num="128" count="4" type="cond" truecount="0" falsecount="2"/>
        <line num="129" count="1" type="cond" truecount="1" falsecount="0"/>
        <line num="130" count="4" type="stmt"/>
        <line num="131" count="4" type="stmt"/>
        <line num="132" count="1" type="stmt"/>
        <line num="133" count="1" type="cond" truecount="1" falsecount="0"/>
        <line num="134" count="1" type="cond" truecount="1" falsecount="0"/>
      </file>
    </package>
  </project>
</coverage>
