<?xml version="1.0" encoding="UTF-8"?>
<coverage generated="1786949034215" clover="3.2.0">
  <project timestamp="1786949034215" name="All files">
    <metrics statements="2666" coveredstatements="2515" conditionals="717" coveredconditionals="643" methods="222" coveredmethods="179" elements="3605" coveredelements="3337" complexity="0" loc="2666" ncloc="2666" packages="5" files="23" classes="23"/>
    <package name="core">
      <metrics statements="634" coveredstatements="613" conditionals="141" coveredconditionals="132" methods="47" coveredmethods="43"/>
      <file name="config.ts" path="/home/claude/work/src/core/config.ts">
        <metrics statements="120" coveredstatements="115" conditionals="10" coveredconditionals="10" methods="6" coveredmethods="5"/>
        <line num="1" count="1" type="stmt"/>
        <line num="2" count="1" type="stmt"/>
        <line num="3" count="1" type="stmt"/>
        <line num="4" count="1" type="stmt"/>
        <line num="5" count="1" type="stmt"/>
        <line num="6" count="1" type="stmt"/>
        <line num="7" count="1" type="stmt"/>
        <line num="8" count="1" type="stmt"/>
        <line num="9" count="1" type="stmt"/>
        <line num="10" count="1" type="stmt"/>
        <line num="11" count="1" type="stmt"/>
        <line num="12" count="1" type="stmt"/>
        <line num="13" count="1" type="stmt"/>
        <line num="14" count="1" type="stmt"/>
        <line num="15" count="1" type="stmt"/>
        <line num="16" count="1" type="stmt"/>
        <line num="17" count="1" type="stmt"/>
        <line num="18" count="1" type="stmt"/>
        <line num="19" count="1" type="stmt"/>
        <line num="20" count="1" type="stmt"/>
        <line num="21" count="1" type="stmt"/>
        <line num="22" count="1" type="stmt"/>
        <line num="23" count="1" type="stmt"/>
        <line num="24" count="1" type="stmt"/>
        <line num="25" count="1" type="stmt"/>
        <line num="26" count="1" type="stmt"/>
        <line num="27" count="1" type="stmt"/>
        <line num="28" count="1" type="stmt"/>
        <line num="29" count="1" type="stmt"/>
        <line num="30" count="1" type="stmt"/>
        <line num="31" count="1" type="stmt"/>
        <line num="32" count="1" type="stmt"/>
        <line num="33" count="1" type="stmt"/>
        <line num="34" count="1" type="stmt"/>
        <line num="35" count="1" type="stmt"/>
        <line num="36" count="1" type="stmt"/>
        <line num="37" count="1" type="stmt"/>
        <line num="38" count="1" type="stmt"/>
        <line num="39" count="1" type="stmt"/>
        <line num="40" count="1" type="stmt"/>
        <line num="41" count="1" type="stmt"/>
        <line num="42" count="1" type="stmt"/>
        <line num="43" count="1" type="stmt"/>
        <line num="44" count="1" type="stmt"/>
        <line num="45" count="1" type="stmt"/>
        <line num="46" count="1" type="stmt"/>
        <line num="47" count="1" type="stmt"/>
        <line num="48" count="1" type="stmt"/>
        <line num="49" count="1" type="stmt"/>
        <line num="50" count="1" type="stmt"/>
        <line num="51" count="1" type="stmt"/>
        <line num="52" count="1" type="stmt"/>
        <line num="53" count="1" type="stmt"/>
        <line num="54" count="1" type="stmt"/>
        <line num="55" count="1" type="stmt"/>
        <line num="56" count="1" type="stmt"/>
        <line num="57" count="1" type="stmt"/>
        <line num="58" count="1" type="stmt"/>
        <line num="59" count="1" type="stmt"/>
        <line num="60" count="1" type="stmt"/>
        <line num="61" count="1" type="stmt"/>
        <line num="62" count="1" type="stmt"/>
        <line num="63" count="1" type="stmt"/>
        <line num="64" count="1" type="stmt"/>
        <line num="65" count="1" type="stmt"/>
        <line num="66" count="1" type="stmt"/>
        <line num="67" count="1" type="stmt"/>
        <line num="68" count="1" type="stmt"/>
        <line num="69" count="1" type="stmt"/>
        <line num="70" count="1" type="stmt"/>
        <line num="71" count="1" type="stmt"/>
        <line num="72" count="1" type="stmt"/>
        <line num="73" count="1" type="stmt"/>
        <line num="74" count="1" type="stmt"/>
        <line num="75" count="1" type="stmt"/>
        <line num="76" count="1" type="stmt"/>
        <line num="77" count="1" type="stmt"/>
        <line num="78" count="1" type="stmt"/>
        <line num="79" count="1" type="cond" truecount="1" falsecount="0"/>
        <line num="80" count="6" type="stmt"/>
        <line num="81" count="6" type="stmt"/>
        <line num="82" count="1" type="stmt"/>
        <line num="83" count="1" type="cond" truecount="1" falsecount="0"/>
        <line num="84" count="30" type="stmt"/>
        <line num="85" count="30" type="stmt"/>
        <line num="86" count="1" type="stmt"/>
        <line num="87" count="1" type="cond" truecount="1" falsecount="0"/>
        <line num="88" count="9" type="stmt"/>
        <line num="89" count="9" type="cond" truecount="1" falsecount="0"/>
        <line num="90" count="9" type="stmt"/>
        <line num="91" count="1" type="stmt"/>
        <line num="92" count="1" type="stmt"/>
        <line num="93" count="0" type="stmt"/>
        <line num="94" count="0" type="stmt"/>
        <line num="95" count="0" type="stmt"/>
        <line num="96" count="0" type="stmt"/>
        <line num="97" count="0" type="stmt"/>
        <line num="98" count="1" type="stmt"/>
        <line num="99" count="1" type="cond" truecount="1" falsecount="0"/>
        <line num="100" count="6" type="stmt"/>
        <line num="101" count="6" type="cond" truecount="1" falsecount="0"/>
        <line num="102" count="6" type="stmt"/>
        <line num="103" count="6" type="stmt"/>
        <line num="104" count="6" type="stmt"/>
        <line num="105" count="1" type="stmt"/>
        <line num="106" count="1" type="stmt"/>
        <line num="107" count="15" type="cond" truecount="1" falsecount="0"/>
        <line num="108" count="15" type="stmt"/>
        <line num="109" count="15" type="cond" truecount="1" falsecount="0"/>
        <line num="110" count="15" type="stmt"/>
        <line num="111" count="15" type="stmt"/>
        <line num="112" count="15" type="stmt"/>
        <line num="113" count="15" type="stmt"/>
        <line num="114" count="15" type="stmt"/>
        <line num="115" count="15" type="stmt"/>
        <line num="116" count="15" type="cond" truecount="1" falsecount="0"/>
        <line num="117" count="15" type="cond" truecount="1" falsecount="0"/>
        <line num="118" count="15" type="stmt"/>
        <line num="119" count="15" type="stmt"/>
        <line num="120" count="15" type="stmt"/>
      </file>
      <file name="language.ts" path="/home/claude/work/src/core/language.ts">
        <metrics statements="74" coveredstatements="71" conditionals="4" coveredconditionals="4" methods="3" coveredmethods="2"/>
        <line num="1" count="1" type="stmt"/>
        <line num="2" count="1" type="stmt"/>
        <line num="3" count="1" type="stmt"/>
        <line num="4" count="1" type="stmt"/>
        <line num="5" count="1" type="stmt"/>
        <line num="6" count="1" type="stmt"/>
        <line num="7" count="1" type="stmt"/>
        <line num="8" count="1" type="stmt"/>
        <line num="9" count="1" type="stmt"/>
        <line num="10" count="1" type="stmt"/>
        <line num="11" count="1" type="stmt"/>
        <line num="12" count="1" type="stmt"/>
        <line num="13" count="1" type="stmt"/>
        <line num="14" count="1" type="stmt"/>
        <line num="15" count="1" type="stmt"/>
        <line num="16" count="1" type="stmt"/>
        <line num="17" count="1" type="stmt"/>
        <line num="18" count="1" type="stmt"/>
        <line num="19" count="1" type="stmt"/>
        <line num="20" count="1" type="stmt"/>
        <line num="21" count="1" type="stmt"/>
        <line num="22" count="1" type="stmt"/>
        <line num="23" count="1" type="stmt"/>
        <line num="24" count="1" type="stmt"/>
        <line num="25" count="1" type="stmt"/>
        <line num="26" count="1" type="stmt"/>
        <line num="27" count="1" type="stmt"/>
        <line num="28" count="1" type="stmt"/>
        <line num="29" count="1" type="stmt"/>
        <line num="30" count="1" type="stmt"/>
        <line num="31" count="1" type="stmt"/>
        <line num="32" count="1" type="stmt"/>
        <line num="33" count="1" type="stmt"/>
        <line num="34" count="1" type="stmt"/>
        <line num="35" count="1" type="stmt"/>
        <line num="36" count="1" type="stmt"/>
        <line num="37" count="1" type="stmt"/>
        <line num="38" count="1" type="stmt"/>
        <line num="39" count="1" type="stmt"/>
        <line num="40" count="1" type="stmt"/>
        <line num="41" count="1" type="stmt"/>
        <line num="42" count="1" type="stmt"/>
        <line num="43" count="1" type="stmt"/>
        <line num="44" count="1" type="stmt"/>
        <line num="45" count="1" type="stmt"/>
        <line num="46" count="1" type="stmt"/>
        <line num="47" count="1" type="stmt"/>
        <line num="48" count="1" type="stmt"/>
        <line num="49" count="1" type="stmt"/>
        <line num="50" count="1" type="stmt"/>
        <line num="51" count="1" type="stmt"/>
        <line num="52" count="1" type="stmt"/>
        <line num="53" count="1" type="stmt"/>
        <line num="54" count="1" type="stmt"/>
        <line num="55" count="1" type="stmt"/>
        <line num="56" count="1" type="stmt"/>
        <line num="57" count="1" type="stmt"/>
        <line num="58" count="1" type="stmt"/>
        <line num="59" count="1" type="stmt"/>
        <line num="60" count="1" type="stmt"/>
        <line num="61" count="1" type="stmt"/>
        <line num="62" count="15" type="cond" truecount="1" falsecount="0"/>
        <line num="63" count="15" type="stmt"/>
        <line num="64" count="15" type="stmt"/>
        <line num="65" count="1" type="stmt"/>
        <line num="66" count="423" type="cond" truecount="1" falsecount="0"/>
        <line num="67" count="423" type="stmt"/>
        <line num="68" count="423" type="cond" truecount="1" falsecount="0"/>
        <line num="69" count="422" type="cond" truecount="1" falsecount="0"/>
        <line num="70" count="422" type="stmt"/>
        <line num="71" count="1" type="stmt"/>
        <line num="72" count="0" type="stmt"/>
        <line num="73" count="0" type="stmt"/>
        <line num="74" count="0" type="stmt"/>
      </file>
      <file name="scanner.ts" path="/home/claude/work/src/core/scanner.ts">
        <metrics statements="70" coveredstatements="70" conditionals="39" coveredconditionals="39" methods="8" coveredmethods="8"/>
        <line num="1" count="1" type="stmt"/>
        <line num="2" count="1" type="stmt"/>
        <line num="3" count="1" type="stmt"/>
        <line num="4" count="1" type="stmt"/>
        <line num="5" count="3604" type="cond" truecount="1" falsecount="0"/>
        <line num="6" count="3604" type="cond" truecount="2" falsecount="0"/>
        <line num="7" count="125" type="cond" truecount="1" falsecount="0"/>
        <line num="8" count="45" type="cond" truecount="1" falsecount="0"/>
        <line num="9" count="45" type="stmt"/>
        <line num="10" count="3604" type="stmt"/>
        <line num="11" count="3604" type="stmt"/>
        <line num="12" count="1" type="stmt"/>
        <line num="13" count="413" type="cond" truecount="1" falsecount="0"/>
        <line num="14" count="413" type="stmt"/>
        <line num="15" count="413" type="cond" truecount="2" falsecount="0"/>
        <line num="16" count="413" type="stmt"/>
        <line num="17" count="413" type="stmt"/>
        <line num="18" count="1" type="stmt"/>
        <line num="19" count="14719" type="cond" truecount="1" falsecount="0"/>
        <line num="20" count="14719" type="stmt"/>
        <line num="21" count="14719" type="cond" truecount="1" falsecount="0"/>
        <line num="22" count="6121" type="cond" truecount="1" falsecount="0"/>
        <line num="23" count="6121" type="stmt"/>
        <line num="24" count="6121" type="stmt"/>
        <line num="25" count="6121" type="stmt"/>
        <line num="26" count="14719" type="cond" truecount="2" falsecount="0"/>
        <line num="27" count="91496" type="stmt"/>
        <line num="28" count="91496" type="cond" truecount="1" falsecount="0"/>
        <line num="29" count="2109" type="stmt"/>
        <line num="30" count="2109" type="stmt"/>
        <line num="31" count="2109" type="stmt"/>
        <line num="32" count="91496" type="cond" truecount="2" falsecount="0"/>
        <line num="33" count="86934" type="cond" truecount="2" falsecount="0"/>
        <line num="34" count="89387" type="cond" truecount="1" falsecount="0"/>
        <line num="35" count="89387" type="stmt"/>
        <line num="36" count="6121" type="cond" truecount="2" falsecount="0"/>
        <line num="37" count="14719" type="cond" truecount="2" falsecount="0"/>
        <line num="38" count="14719" type="stmt"/>
        <line num="39" count="1" type="stmt"/>
        <line num="40" count="132508" type="cond" truecount="1" falsecount="0"/>
        <line num="41" count="132508" type="cond" truecount="1" falsecount="0"/>
        <line num="42" count="4655" type="cond" truecount="2" falsecount="0"/>
        <line num="43" count="132452" type="cond" truecount="1" falsecount="0"/>
        <line num="44" count="68224" type="cond" truecount="1" falsecount="0"/>
        <line num="45" count="3031" type="stmt"/>
        <line num="46" count="3031" type="stmt"/>
        <line num="47" count="3031" type="stmt"/>
        <line num="48" count="68224" type="cond" truecount="2" falsecount="0"/>
        <line num="49" count="61490" type="cond" truecount="1" falsecount="0"/>
        <line num="50" count="61490" type="stmt"/>
        <line num="51" count="952" type="cond" truecount="1" falsecount="0"/>
        <line num="52" count="952" type="stmt"/>
        <line num="53" count="1" type="stmt"/>
        <line num="54" count="963" type="cond" truecount="1" falsecount="0"/>
        <line num="55" count="963" type="stmt"/>
        <line num="56" count="963" type="cond" truecount="2" falsecount="0"/>
        <line num="57" count="963" type="stmt"/>
        <line num="58" count="1" type="stmt"/>
        <line num="59" count="54505" type="cond" truecount="1" falsecount="0"/>
        <line num="60" count="54505" type="stmt"/>
        <line num="61" count="54505" type="stmt"/>
        <line num="62" count="54505" type="stmt"/>
        <line num="63" count="1" type="stmt"/>
        <line num="64" count="54505" type="cond" truecount="1" falsecount="0"/>
        <line num="65" count="54505" type="stmt"/>
        <line num="66" count="54505" type="stmt"/>
        <line num="67" count="1" type="stmt"/>
        <line num="68" count="9172" type="cond" truecount="1" falsecount="0"/>
        <line num="69" count="9172" type="stmt"/>
        <line num="70" count="9172" type="stmt"/>
      </file>
      <file name="scope.ts" path="/home/claude/work/src/core/scope.ts">
        <metrics statements="39" coveredstatements="39" conditionals="14" coveredconditionals="13" methods="2" coveredmethods="2"/>
        <line num="1" count="1" type="stmt"/>
        <line num="2" count="1" type="stmt"/>
        <line num="3" count="1" type="stmt"/>
        <line num="4" count="1" type="stmt"/>
        <line num="5" count="1" type="stmt"/>
        <line num="6" count="1" type="stmt"/>
        <line num="7" count="1" type="stmt"/>
        <line num="8" count="1" type="stmt"/>
        <line num="9" count="1" type="stmt"/>
        <line num="10" count="1" type="stmt"/>
        <line num="11" count="1" type="stmt"/>
        <line num="12" count="1" type="stmt"/>
        <line num="13" count="1" type="stmt"/>
        <line num="14" count="1" type="stmt"/>
        <line num="15" count="15" type="cond" truecount="1" falsecount="0"/>
        <line num="16" count="15" type="stmt"/>
        <line num="17" count="15" type="stmt"/>
        <line num="18" count="15" type="cond" truecount="0" falsecount="1"/>
        <line num="19" count="15" type="stmt"/>
        <line num="20" count="15" type="cond" truecount="1" falsecount="0"/>
        <line num="21" count="16" type="cond" truecount="1" falsecount="0"/>
        <line num="22" count="18" type="cond" truecount="2" falsecount="0"/>
        <line num="23" count="16" type="cond" truecount="1" falsecount="0"/>
        <line num="24" count="18" type="cond" truecount="1" falsecount="0"/>
        <line num="25" count="11" type="stmt"/>
        <line num="26" count="11" type="stmt"/>
        <line num="27" count="11" type="stmt"/>
        <line num="28" count="18" type="cond" truecount="4" falsecount="0"/>
        <line num="29" count="1" type="stmt"/>
        <line num="30" count="1" type="stmt"/>
        <line num="31" count="1" type="stmt"/>
        <line num="32" count="16" type="cond" truecount="1" falsecount="0"/>
        <line num="33" count="18" type="cond" truecount="1" falsecount="0"/>
        <line num="34" count="18" type="stmt"/>
        <line num="35" count="15" type="stmt"/>
        <line num="36" count="15" type="stmt"/>
        <line num="37" count="15" type="stmt"/>
        <line num="38" count="15" type="stmt"/>
        <line num="39" count="15" type="stmt"/>
      </file>
      <file name="tokenizer.ts" path="/home/claude/work/src/core/tokenizer.ts">
        <metrics statements="69" coveredstatements="69" conditionals="22" coveredconditionals="22" methods="6" coveredmethods="6"/>
        <line num="1" count="1" type="stmt"/>
        <line num="2" count="1" type="stmt"/>
        <line num="3" count="1" type="stmt"/>
        <line num="4" count="1" type="stmt"/>
        <line num="5" count="1" type="stmt"/>
        <line num="6" count="1" type="stmt"/>
        <line num="7" count="1" type="stmt"/>
        <line num="8" count="1" type="stmt"/>
        <line num="9" count="1" type="stmt"/>
        <line num="10" count="1" type="stmt"/>
        <line num="11" count="1" type="stmt"/>
        <line num="12" count="1" type="stmt"/>
        <line num="13" count="1" type="stmt"/>
        <line num="14" count="1" type="cond" truecount="1" falsecount="0"/>
        <line num="15" count="2873" type="stmt"/>
        <line num="16" count="2873" type="cond" truecount="1" falsecount="0"/>
        <line num="17" count="2873" type="stmt"/>
        <line num="18" count="1" type="stmt"/>
        <line num="19" count="1" type="cond" truecount="1" falsecount="0"/>
        <line num="20" count="2873" type="stmt"/>
        <line num="21" count="2873" type="stmt"/>
        <line num="22" count="1" type="stmt"/>
        <line num="23" count="1" type="cond" truecount="1" falsecount="0"/>
        <line num="24" count="7710" type="stmt"/>
        <line num="25" count="7710" type="cond" truecount="2" falsecount="0"/>
        <line num="26" count="7689" type="cond" truecount="1" falsecount="0"/>
        <line num="27" count="7689" type="stmt"/>
        <line num="28" count="7689" type="stmt"/>
        <line num="29" count="7689" type="stmt"/>
        <line num="30" count="7689" type="stmt"/>
        <line num="31" count="7689" type="cond" truecount="1" falsecount="0"/>
        <line num="32" count="4837" type="cond" truecount="1" falsecount="0"/>
        <line num="33" count="7689" type="stmt"/>
        <line num="34" count="7689" type="stmt"/>
        <line num="35" count="7689" type="stmt"/>
        <line num="36" count="7689" type="stmt"/>
        <line num="37" count="7689" type="stmt"/>
        <line num="38" count="7689" type="cond" truecount="1" falsecount="0"/>
        <line num="39" count="27200" type="cond" truecount="1" falsecount="0"/>
        <line num="40" count="7689" type="stmt"/>
        <line num="41" count="7689" type="stmt"/>
        <line num="42" count="7710" type="cond" truecount="1" falsecount="0"/>
        <line num="43" count="154507" type="stmt"/>
        <line num="44" count="154507" type="stmt"/>
        <line num="45" count="154507" type="cond" truecount="1" falsecount="0"/>
        <line num="46" count="134996" type="stmt"/>
        <line num="47" count="134996" type="stmt"/>
        <line num="48" count="134996" type="stmt"/>
        <line num="49" count="19511" type="cond" truecount="1" falsecount="0"/>
        <line num="50" count="19511" type="stmt"/>
        <line num="51" count="19511" type="stmt"/>
        <line num="52" count="19511" type="stmt"/>
        <line num="53" count="19511" type="stmt"/>
        <line num="54" count="19511" type="stmt"/>
        <line num="55" count="7689" type="cond" truecount="1" falsecount="0"/>
        <line num="56" count="7689" type="stmt"/>
        <line num="57" count="7689" type="stmt"/>
        <line num="58" count="7689" type="stmt"/>
        <line num="59" count="1" type="stmt"/>
        <line num="60" count="1" type="cond" truecount="1" falsecount="0"/>
        <line num="61" count="154507" type="cond" truecount="1" falsecount="0"/>
        <line num="62" count="1439513" type="stmt"/>
        <line num="63" count="1439513" type="cond" truecount="1" falsecount="0"/>
        <line num="64" count="1439513" type="cond" truecount="2" falsecount="0"/>
        <line num="65" count="19511" type="cond" truecount="1" falsecount="0"/>
        <line num="66" count="19511" type="stmt"/>
        <line num="67" count="134996" type="cond" truecount="1" falsecount="0"/>
        <line num="68" count="134996" type="stmt"/>
        <line num="69" count="1" type="stmt"/>
      </file>
      <file name="tokens.ts" path="/home/claude/work/src/core/tokens.ts">
        <metrics statements="46" coveredstatements="44" conditionals="11" coveredconditionals="10" methods="3" coveredmethods="3"/>
        <line num="1" count="1" type="stmt"/>
        <line num="2" count="1" type="stmt"/>
        <line num="3" count="1" type="stmt"/>
        <line num="4" count="1" type="stmt"/>
        <line num="5" count="1" type="stmt"/>
        <line num="6" count="1" type="stmt"/>
        <line num="7" count="1" type="stmt"/>
        <line num="8" count="1" type="stmt"/>
        <line num="9" count="1" type="stmt"/>
        <line num="10" count="1" type="stmt"/>
        <line num="11" count="1" type="stmt"/>
        <line num="12" count="1" type="stmt"/>
        <line num="13" count="1" type="stmt"/>
        <line num="14" count="1" type="stmt"/>
        <line num="15" count="1" type="stmt"/>
        <line num="16" count="1" type="stmt"/>
        <line num="17" count="1" type="stmt"/>
        <line num="18" count="1" type="stmt"/>
        <line num="19" count="1" type="stmt"/>
        <line num="20" count="1" type="stmt"/>
        <line num="21" count="1" type="stmt"/>
        <line num="22" count="1" type="stmt"/>
        <line num="23" count="1" type="stmt"/>
        <line num="24" count="1" type="stmt"/>
        <line num="25" count="1" type="stmt"/>
        <line num="26" count="1" type="stmt"/>
        <line num="27" count="1" type="stmt"/>
        <line num="28" count="1" type="stmt"/>
        <line num="29" count="859" type="cond" truecount="1" falsecount="0"/>
        <line num="30" count="859" type="stmt"/>
        <line num="31" count="859" type="stmt"/>
        <line num="32" count="1" type="stmt"/>
        <line num="33" count="45" type="cond" truecount="1" falsecount="0"/>
        <line num="34" count="45" type="cond" truecount="1" falsecount="0"/>
        <line num="35" count="79" type="stmt"/>
        <line num="36" count="79" type="cond" truecount="1" falsecount="0"/>
        <line num="37" count="79" type="stmt"/>
        <line num="38" count="45" type="stmt"/>
        <line num="39" count="1" type="stmt"/>
        <line num="40" count="2" type="cond" truecount="1" falsecount="0"/>
        <line num="41" count="2" type="cond" truecount="1" falsecount="0"/>
        <line num="42" count="3" type="cond" truecount="1" falsecount="0"/>
        <line num="43" count="3" type="cond" truecount="3" falsecount="0"/>
        <line num="44" count="3" type="stmt"/>
        <line num="45" count="0" type="cond" truecount="0" falsecount="1"/>
        <line num="46" count="0" type="stmt"/>
      </file>
      <file name="toolbar.ts" path="/home/claude/work/src/core/toolbar.ts">
        <metrics statements="216" coveredstatements="205" conditionals="41" coveredconditionals="34" methods="19" coveredmethods="17"/>
        <line num="1" count="1" type="stmt"/>
        <line num="2" count="1" type="stmt"/>
        <line num="3" count="1" type="stmt"/>
        <line num="4" count="1" type="stmt"/>
        <line num="5" count="1" type="stmt"/>
        <line num="6" count="1" type="stmt"/>
        <line num="7" count="1" type="stmt"/>
        <line num="8" count="1" type="stmt"/>
        <line num="9" count="1" type="stmt"/>
        <line num="10" count="1" type="stmt"/>
        <line num="11" count="1" type="stmt"/>
        <line num="12" count="1" type="stmt"/>
        <line num="13" count="1" type="stmt"/>
        <line num="14" count="1" type="stmt"/>
        <line num="15" count="1" type="stmt"/>
        <line num="16" count="1" type="stmt"/>
        <line num="17" count="1" type="stmt"/>
        <line num="18" count="1" type="stmt"/>
        <line num="19" count="1" type="stmt"/>
        <line num="20" count="1" type="stmt"/>
        <line num="21" count="1" type="stmt"/>
        <line num="22" count="1" type="stmt"/>
        <line num="23" count="1" type="stmt"/>
        <line num="24" count="1" type="stmt"/>
        <line num="25" count="1" type="cond" truecount="1" falsecount="0"/>
        <line num="26" count="1" type="stmt"/>
        <line num="27" count="2" type="cond" truecount="1" falsecount="0"/>
        <line num="28" count="2" type="stmt"/>
        <line num="29" count="2" type="stmt"/>
        <line num="30" count="2" type="stmt"/>
        <line num="31" count="2" type="stmt"/>
        <line num="32" count="2" type="stmt"/>
        <line num="33" count="2" type="stmt"/>
        <line num="34" count="2" type="stmt"/>
        <line num="35" count="2" type="stmt"/>
        <line num="36" count="2" type="stmt"/>
        <line num="37" count="2" type="stmt"/>
        <line num="38" count="2" type="stmt"/>
        <line num="39" count="1" type="stmt"/>
        <line num="40" count="2" type="cond" truecount="1" falsecount="0"/>
        <line num="41" count="2" type="stmt"/>
        <line num="42" count="2" type="stmt"/>
        <line num="43" count="2" type="stmt"/>
        <line num="44" count="2" type="stmt"/>
        <line num="45" count="2" type="stmt"/>
        <line num="46" count="2" type="stmt"/>
        <line num="47" count="2" type="stmt"/>
        <line num="48" count="2" type="stmt"/>
        <line num="49" count="2" type="stmt"/>
        <line num="50" count="2" type="stmt"/>
        <line num="51" count="1" type="stmt"/>
        <line num="52" count="2" type="cond" truecount="1" falsecount="0"/>
        <line num="53" count="2" type="stmt"/>
        <line num="54" count="2" type="stmt"/>
        <line num="55" count="2" type="stmt"/>
        <line num="56" count="2" type="cond" truecount="1" falsecount="0"/>
        <line num="57" count="1" type="stmt"/>
        <line num="58" count="1" type="stmt"/>
        <line num="59" count="1" type="stmt"/>
        <line num="60" count="1" type="stmt"/>
        <line num="61" count="1" type="stmt"/>
        <line num="62" count="1" type="stmt"/>
        <line num="63" count="1" type="stmt"/>
        <line num="64" count="128" type="cond" truecount="1" falsecount="0"/>
        <line num="65" count="128" type="stmt"/>
        <line num="66" count="128" type="cond" truecount="0" falsecount="1"/>
        <line num="67" count="128" type="stmt"/>
        <line num="68" count="128" type="stmt"/>
        <line num="69" count="128" type="stmt"/>
        <line num="70" count="128" type="stmt"/>
        <line num="71" count="128" type="cond" truecount="1" falsecount="0"/>
        <line num="72" count="128" type="stmt"/>
        <line num="73" count="128" type="stmt"/>
        <line num="74" count="1" type="stmt"/>
        <line num="75" count="48" type="cond" truecount="1" falsecount="0"/>
        <line num="76" count="48" type="stmt"/>
        <line num="77" count="48" type="stmt"/>
        <line num="78" count="48" type="stmt"/>
        <line num="79" count="48" type="cond" truecount="1" falsecount="0"/>
        <line num="80" count="1" type="stmt"/>
        <line num="81" count="1" type="stmt"/>
        <line num="82" count="1" type="stmt"/>
        <line num="83" count="1" type="stmt"/>
        <line num="84" count="48" type="stmt"/>
        <line num="85" count="48" type="stmt"/>
        <line num="86" count="1" type="stmt"/>
        <line num="87" count="32" type="cond" truecount="1" falsecount="0"/>
        <line num="88" count="32" type="stmt"/>
        <line num="89" count="32" type="stmt"/>
        <line num="90" count="32" type="cond" truecount="2" falsecount="0"/>
        <line num="91" count="32" type="cond" truecount="1" falsecount="0"/>
        <line num="92" count="1" type="stmt"/>
        <line num="93" count="1" type="stmt"/>
        <line num="94" count="1" type="cond" truecount="1" falsecount="0"/>
        <line num="95" count="1" type="cond" truecount="0" falsecount="1"/>
        <line num="96" count="1" type="stmt"/>
        <line num="97" count="32" type="stmt"/>
        <line num="98" count="32" type="stmt"/>
        <line num="99" count="1" type="stmt"/>
        <line num="100" count="16" type="cond" truecount="1" falsecount="0"/>
        <line num="101" count="16" type="stmt"/>
        <line num="102" count="16" type="stmt"/>
        <line num="103" count="16" type="stmt"/>
        <line num="104" count="16" type="stmt"/>
        <line num="105" count="16" type="stmt"/>
        <line num="106" count="16" type="stmt"/>
        <line num="107" count="1" type="stmt"/>
        <line num="108" count="0" type="stmt"/>
        <line num="109" count="0" type="stmt"/>
        <line num="110" count="0" type="stmt"/>
        <line num="111" count="0" type="stmt"/>
        <line num="112" count="0" type="stmt"/>
        <line num="113" count="0" type="stmt"/>
        <line num="114" count="0" type="stmt"/>
        <line num="115" count="0" type="stmt"/>
        <line num="116" count="0" type="stmt"/>
        <line num="117" count="0" type="stmt"/>
        <line num="118" count="0" type="stmt"/>
        <line num="119" count="1" type="stmt"/>
        <line num="120" count="16" type="cond" truecount="1" falsecount="0"/>
        <line num="121" count="16" type="cond" truecount="2" falsecount="0"/>
        <line num="122" count="5" type="cond" truecount="1" falsecount="0"/>
        <line num="123" count="5" type="cond" truecount="1" falsecount="0"/>
        <line num="124" count="30" type="stmt"/>
        <line num="125" count="30" type="stmt"/>
        <line num="126" count="30" type="cond" truecount="1" falsecount="0"/>
        <line num="127" count="5" type="stmt"/>
        <line num="128" count="5" type="stmt"/>
        <line num="129" count="5" type="stmt"/>
        <line num="130" count="5" type="stmt"/>
        <line num="131" count="5" type="stmt"/>
        <line num="132" count="5" type="cond" truecount="1" falsecount="0"/>
        <line num="133" count="5" type="cond" truecount="1" falsecount="0"/>
        <line num="134" count="1" type="stmt"/>
        <line num="135" count="5" type="stmt"/>
        <line num="136" count="5" type="stmt"/>
        <line num="137" count="5" type="stmt"/>
        <line num="138" count="5" type="cond" truecount="2" falsecount="0"/>
        <line num="139" count="5" type="cond" truecount="1" falsecount="0"/>
        <line num="140" count="1" type="cond" truecount="1" falsecount="0"/>
        <line num="141" count="5" type="stmt"/>
        <line num="142" count="5" type="stmt"/>
        <line num="143" count="5" type="stmt"/>
        <line num="144" count="1" type="stmt"/>
        <line num="145" count="16" type="cond" truecount="1" falsecount="0"/>
        <line num="146" count="16" type="cond" truecount="0" falsecount="1"/>
        <line num="147" count="16" type="stmt"/>
        <line num="148" count="16" type="stmt"/>
        <line num="149" count="16" type="cond" truecount="1" falsecount="0"/>
        <line num="150" count="16" type="cond" truecount="1" falsecount="0"/>
        <line num="151" count="16" type="stmt"/>
        <line num="152" count="16" type="stmt"/>
        <line num="153" count="16" type="cond" truecount="1" falsecount="0"/>
        <line num="154" count="16" type="cond" truecount="1" falsecount="0"/>
        <line num="155" count="16" type="stmt"/>
        <line num="156" count="16" type="stmt"/>
        <line num="157" count="16" type="stmt"/>
        <line num="158" count="16" type="stmt"/>
        <line num="159" count="16" type="stmt"/>
        <line num="160" count="16" type="stmt"/>
        <line num="161" count="16" type="stmt"/>
        <line num="162" count="16" type="stmt"/>
        <line num="163" count="16" type="stmt"/>
        <line num="164" count="16" type="stmt"/>
        <line num="165" count="16" type="stmt"/>
        <line num="166" count="16" type="stmt"/>
        <line num="167" count="16" type="stmt"/>
        <line num="168" count="16" type="stmt"/>
        <line num="169" count="16" type="stmt"/>
        <line num="170" count="16" type="stmt"/>
        <line num="171" count="1" type="stmt"/>
        <line num="172" count="1" type="stmt"/>
        <line num="173" count="1" type="stmt"/>
        <line num="174" count="1" type="stmt"/>
        <line num="175" count="1" type="stmt"/>
        <line num="176" count="1" type="stmt"/>
        <line num="177" count="1" type="stmt"/>
        <line num="178" count="1" type="stmt"/>
        <line num="179" count="1" type="stmt"/>
        <line num="180" count="1" type="stmt"/>
        <line num="181" count="1" type="stmt"/>
        <line num="182" count="1" type="stmt"/>
        <line num="183" count="1" type="cond" truecount="1" falsecount="0"/>
        <line num="184" count="1" type="cond" truecount="0" falsecount="1"/>
        <line num="185" count="1" type="stmt"/>
        <line num="186" count="1" type="stmt"/>
        <line num="187" count="4" type="cond" truecount="1" falsecount="0"/>
        <line num="188" count="4" type="stmt"/>
        <line num="189" count="4" type="stmt"/>
        <line num="190" count="4" type="stmt"/>
        <line num="191" count="4" type="stmt"/>
        <line num="192" count="4" type="stmt"/>
        <line num="193" count="4" type="cond" truecount="0" falsecount="1"/>
        <line num="194" count="4" type="stmt"/>
        <line num="195" count="4" type="stmt"/>
        <line num="196" count="4" type="stmt"/>
        <line num="197" count="4" type="cond" truecount="0" falsecount="1"/>
        <line num="198" count="4" type="stmt"/>
        <line num="199" count="4" type="stmt"/>
        <line num="200" count="4" type="cond" truecount="0" falsecount="1"/>
        <line num="201" count="4" type="stmt"/>
        <line num="202" count="4" type="stmt"/>
        <line num="203" count="4" type="stmt"/>
        <line num="204" count="4" type="stmt"/>
        <line num="205" count="4" type="stmt"/>
        <line num="206" count="4" type="stmt"/>
        <line num="207" count="4" type="stmt"/>
        <line num="208" count="4" type="stmt"/>
        <line num="209" count="4" type="stmt"/>
        <line num="210" count="4" type="stmt"/>
        <line num="211" count="4" type="stmt"/>
        <line num="212" count="4" type="stmt"/>
        <line num="213" count="4" type="stmt"/>
        <line num="214" count="4" type="stmt"/>
        <line num="215" count="4" type="stmt"/>
        <line num="216" count="4" type="stmt"/>
      </file>
    </package>
    <package name="languages.latex">
      <metrics statements="374" coveredstatements="362" conditionals="150" coveredconditionals="133" methods="23" coveredmethods="19"/>
      <file name="commands.ts" path="/home/claude/work/src/languages/latex/commands.ts">
        <metrics statements="52" coveredstatements="52" conditionals="0" coveredconditionals="0" methods="0" coveredmethods="0"/>
        <line num="1" count="1" type="stmt"/>
        <line num="2" count="1" type="stmt"/>
        <line num="3" count="1" type="stmt"/>
        <line num="4" count="1" type="stmt"/>
        <line num="5" count="1" type="stmt"/>
        <line num="6" count="1" type="stmt"/>
        <line num="7" count="1" type="stmt"/>
        <line num="8" count="1" type="stmt"/>
        <line num="9" count="1" type="stmt"/>
        <line num="10" count="1" type="stmt"/>
        <line num="11" count="1" type="stmt"/>
        <line num="12" count="1" type="stmt"/>
        <line num="13" count="1" type="stmt"/>
        <line num="14" count="1" type="stmt"/>
        <line num="15" count="1" type="stmt"/>
        <line num="16" count="1" type="stmt"/>
        <line num="17" count="1" type="stmt"/>
        <line num="18" count="1" type="stmt"/>
        <line num="19" count="1" type="stmt"/>
        <line num="20" count="1" type="stmt"/>
        <line num="21" count="1" type="stmt"/>
        <line num="22" count="1" type="stmt"/>
        <line num="23" count="1" type="stmt"/>
        <line num="24" count="1" type="stmt"/>
        <line num="25" count="1" type="stmt"/>
        <line num="26" count="1" type="stmt"/>
        <line num="27" count="1" type="stmt"/>
        <line num="28" count="1" type="stmt"/>
        <line num="29" count="1" type="stmt"/>
        <line num="30" count="1" type="stmt"/>
        <line num="31" count="1" type="stmt"/>
        <line num="32" count="1" type="stmt"/>
        <line num="33" count="1" type="stmt"/>
        <line num="34" count="1" type="stmt"/>
        <line num="35" count="1" type="stmt"/>
        <line num="36" count="1" type="stmt"/>
        <line num="37" count="1" type="stmt"/>
        <line num="38" count="1" type="stmt"/>
        <line num="39" count="1" type="stmt"/>
        <line num="40" count="1" type="stmt"/>
        <line num="41" count="1" type="stmt"/>
        <line num="42" count="1" type="stmt"/>
        <line num="43" count="1" type="stmt"/>
        <line num="44" count="1" type="stmt"/>
        <line num="45" count="1" type="stmt"/>
        <line num="46" count="1" type="stmt"/>
        <line num="47" count="1" type="stmt"/>
        <line num="48" count="1" type="stmt"/>
        <line num="49" count="1" type="stmt"/>
        <line num="50" count="1" type="stmt"/>
        <line num="51" count="1" type="stmt"/>
        <line num="52" count="1" type="stmt"/>
      </file>
      <file name="index.ts" path="/home/claude/work/src/languages/latex/index.ts">
        <metrics statements="157" coveredstatements="149" conditionals="57" coveredconditionals="46" methods="14" coveredmethods="10"/>
        <line num="1" count="1" type="stmt"/>
        <line num="2" count="1" type="stmt"/>
        <line num="3" count="1" type="stmt"/>
        <line num="4" count="1" type="stmt"/>
        <line num="5" count="1" type="stmt"/>
        <line num="6" count="1" type="stmt"/>
        <line num="7" count="1" type="stmt"/>
        <line num="8" count="1" type="stmt"/>
        <line num="9" count="1" type="stmt"/>
        <line num="10" count="1" type="stmt"/>
        <line num="11" count="1" type="stmt"/>
        <line num="12" count="1" type="stmt"/>
        <line num="13" count="1" type="stmt"/>
        <line num="14" count="1" type="stmt"/>
        <line num="15" count="1" type="stmt"/>
        <line num="16" count="1" type="stmt"/>
        <line num="17" count="1" type="stmt"/>
        <line num="18" count="0" type="stmt"/>
        <line num="19" count="0" type="stmt"/>
        <line num="20" count="1" type="stmt"/>
        <line num="21" count="1" type="cond" truecount="1" falsecount="0"/>
        <line num="22" count="1" type="cond" truecount="0" falsecount="1"/>
        <line num="23" count="1" type="cond" truecount="1" falsecount="0"/>
        <line num="24" count="1" type="stmt"/>
        <line num="25" count="1" type="stmt"/>
        <line num="26" count="1" type="stmt"/>
        <line num="27" count="0" type="stmt"/>
        <line num="28" count="0" type="stmt"/>
        <line num="29" count="0" type="stmt"/>
        <line num="30" count="0" type="stmt"/>
        <line num="31" count="1" type="stmt"/>
        <line num="32" count="1" type="stmt"/>
        <line num="33" count="0" type="stmt"/>
        <line num="34" count="0" type="stmt"/>
        <line num="35" count="1" type="stmt"/>
        <line num="36" count="1" type="stmt"/>
        <line num="37" count="1" type="stmt"/>
        <line num="38" count="1" type="cond" truecount="1" falsecount="0"/>
        <line num="39" count="20" type="cond" truecount="0" falsecount="1"/>
        <line num="40" count="20" type="stmt"/>
        <line num="41" count="20" type="stmt"/>
        <line num="42" count="20" type="cond" truecount="1" falsecount="0"/>
        <line num="43" count="20" type="stmt"/>
        <line num="44" count="20" type="cond" truecount="2" falsecount="0"/>
        <line num="45" count="1" type="stmt"/>
        <line num="46" count="1" type="cond" truecount="1" falsecount="0"/>
        <line num="47" count="19" type="cond" truecount="0" falsecount="1"/>
        <line num="48" count="19" type="stmt"/>
        <line num="49" count="19" type="stmt"/>
        <line num="50" count="19" type="stmt"/>
        <line num="51" count="19" type="stmt"/>
        <line num="52" count="19" type="stmt"/>
        <line num="53" count="19" type="stmt"/>
        <line num="54" count="19" type="cond" truecount="1" falsecount="0"/>
        <line num="55" count="19" type="stmt"/>
        <line num="56" count="19" type="cond" truecount="1" falsecount="0"/>
        <line num="57" count="500" type="cond" truecount="1" falsecount="0"/>
        <line num="58" count="38" type="stmt"/>
        <line num="59" count="38" type="stmt"/>
        <line num="60" count="38" type="stmt"/>
        <line num="61" count="38" type="stmt"/>
        <line num="62" count="38" type="stmt"/>
        <line num="63" count="38" type="stmt"/>
        <line num="64" count="38" type="stmt"/>
        <line num="65" count="500" type="cond" truecount="2" falsecount="0"/>
        <line num="66" count="41" type="stmt"/>
        <line num="67" count="41" type="stmt"/>
        <line num="68" count="41" type="stmt"/>
        <line num="69" count="41" type="stmt"/>
        <line num="70" count="41" type="stmt"/>
        <line num="71" count="500" type="cond" truecount="2" falsecount="1"/>
        <line num="72" count="500" type="stmt"/>
        <line num="73" count="19" type="stmt"/>
        <line num="74" count="19" type="cond" truecount="0" falsecount="1"/>
        <line num="75" count="19" type="cond" truecount="0" falsecount="1"/>
        <line num="76" count="19" type="stmt"/>
        <line num="77" count="19" type="stmt"/>
        <line num="78" count="1" type="stmt"/>
        <line num="79" count="1" type="cond" truecount="1" falsecount="0"/>
        <line num="80" count="8" type="stmt"/>
        <line num="81" count="8" type="stmt"/>
        <line num="82" count="8" type="cond" truecount="1" falsecount="0"/>
        <line num="83" count="12" type="cond" truecount="1" falsecount="0"/>
        <line num="84" count="20" type="cond" truecount="2" falsecount="0"/>
        <line num="85" count="20" type="stmt"/>
        <line num="86" count="5" type="cond" truecount="1" falsecount="0"/>
        <line num="87" count="1" type="cond" truecount="1" falsecount="0"/>
        <line num="88" count="1" type="stmt"/>
        <line num="89" count="1" type="stmt"/>
        <line num="90" count="1" type="cond" truecount="1" falsecount="0"/>
        <line num="91" count="4" type="stmt"/>
        <line num="92" count="4" type="cond" truecount="0" falsecount="1"/>
        <line num="93" count="4" type="cond" truecount="0" falsecount="1"/>
        <line num="94" count="4" type="cond" truecount="1" falsecount="0"/>
        <line num="95" count="4" type="stmt"/>
        <line num="96" count="4" type="stmt"/>
        <line num="97" count="1" type="stmt"/>
        <line num="98" count="1" type="stmt"/>
        <line num="99" count="5202" type="cond" truecount="1" falsecount="0"/>
        <line num="100" count="5202" type="stmt"/>
        <line num="101" count="5202" type="cond" truecount="1" falsecount="0"/>
        <line num="102" count="247" type="stmt"/>
        <line num="103" count="5202" type="cond" truecount="1" falsecount="0"/>
        <line num="104" count="344" type="stmt"/>
        <line num="105" count="5202" type="cond" truecount="1" falsecount="0"/>
        <line num="106" count="21" type="stmt"/>
        <line num="107" count="5202" type="cond" truecount="1" falsecount="0"/>
        <line num="108" count="279" type="stmt"/>
        <line num="109" count="5202" type="cond" truecount="1" falsecount="0"/>
        <line num="110" count="141" type="stmt"/>
        <line num="111" count="5202" type="cond" truecount="1" falsecount="0"/>
        <line num="112" count="165" type="stmt"/>
        <line num="113" count="165" type="cond" truecount="2" falsecount="0"/>
        <line num="114" count="165" type="stmt"/>
        <line num="115" count="165" type="stmt"/>
        <line num="116" count="165" type="stmt"/>
        <line num="117" count="5202" type="cond" truecount="1" falsecount="0"/>
        <line num="118" count="902" type="cond" truecount="1" falsecount="0"/>
        <line num="119" count="893" type="cond" truecount="1" falsecount="0"/>
        <line num="120" count="902" type="cond" truecount="1" falsecount="0"/>
        <line num="121" count="878" type="cond" truecount="2" falsecount="1"/>
        <line num="122" count="604" type="cond" truecount="1" falsecount="0"/>
        <line num="123" count="604" type="stmt"/>
        <line num="124" count="5202" type="cond" truecount="1" falsecount="0"/>
        <line num="125" count="3103" type="stmt"/>
        <line num="126" count="5202" type="stmt"/>
        <line num="127" count="5202" type="stmt"/>
        <line num="128" count="1" type="stmt"/>
        <line num="129" count="1" type="stmt"/>
        <line num="130" count="1" type="stmt"/>
        <line num="131" count="1" type="stmt"/>
        <line num="132" count="1" type="stmt"/>
        <line num="133" count="1" type="stmt"/>
        <line num="134" count="1" type="stmt"/>
        <line num="135" count="1" type="stmt"/>
        <line num="136" count="1" type="stmt"/>
        <line num="137" count="1" type="cond" truecount="1" falsecount="0"/>
        <line num="138" count="9" type="cond" truecount="0" falsecount="1"/>
        <line num="139" count="9" type="stmt"/>
        <line num="140" count="1" type="stmt"/>
        <line num="141" count="1" type="stmt"/>
        <line num="142" count="1" type="cond" truecount="1" falsecount="0"/>
        <line num="143" count="1" type="cond" truecount="1" falsecount="0"/>
        <line num="144" count="2" type="stmt"/>
        <line num="145" count="2" type="cond" truecount="2" falsecount="0"/>
        <line num="146" count="2" type="stmt"/>
        <line num="147" count="2" type="stmt"/>
        <line num="148" count="1" type="stmt"/>
        <line num="149" count="1" type="stmt"/>
        <line num="150" count="1" type="cond" truecount="1" falsecount="0"/>
        <line num="151" count="1" type="cond" truecount="0" falsecount="1"/>
        <line num="152" count="1" type="stmt"/>
        <line num="153" count="1" type="stmt"/>
        <line num="154" count="1" type="stmt"/>
        <line num="155" count="1" type="stmt"/>
        <line num="156" count="1" type="stmt"/>
        <line num="157" count="1" type="stmt"/>
      </file>
      <file name="rules.ts" path="/home/claude/work/src/languages/latex/rules.ts">
        <metrics statements="165" coveredstatements="161" conditionals="93" coveredconditionals="87" methods="9" coveredmethods="9"/>
        <line num="1" count="1" type="stmt"/>
        <line num="2" count="1" type="stmt"/>
        <line num="3" count="1" type="stmt"/>
        <line num="4" count="1" type="stmt"/>
        <line num="5" count="1" type="stmt"/>
        <line num="6" count="1" type="stmt"/>
        <line num="7" count="1" type="stmt"/>
        <line num="8" count="1" type="stmt"/>
        <line num="9" count="1" type="stmt"/>
        <line num="10" count="1" type="stmt"/>
        <line num="11" count="1" type="stmt"/>
        <line num="12" count="1" type="stmt"/>
        <line num="13" count="1" type="cond" truecount="1" falsecount="0"/>
        <line num="14" count="84655" type="cond" truecount="2" falsecount="0"/>
        <line num="15" count="413" type="cond" truecount="1" falsecount="0"/>
        <line num="16" count="413" type="stmt"/>
        <line num="17" count="413" type="stmt"/>
        <line num="18" count="1" type="stmt"/>
        <line num="19" count="1" type="cond" truecount="1" falsecount="0"/>
        <line num="20" count="82686" type="cond" truecount="2" falsecount="0"/>
        <line num="21" count="3252" type="cond" truecount="1" falsecount="0"/>
        <line num="22" count="82686" type="cond" truecount="1" falsecount="0"/>
        <line num="23" count="944" type="cond" truecount="1" falsecount="0"/>
        <line num="24" count="944" type="stmt"/>
        <line num="25" count="1" type="stmt"/>
        <line num="26" count="1" type="cond" truecount="1" falsecount="0"/>
        <line num="27" count="84243" type="cond" truecount="1" falsecount="0"/>
        <line num="28" count="336267" type="cond" truecount="1" falsecount="0"/>
        <line num="29" count="336267" type="cond" truecount="5" falsecount="0"/>
        <line num="30" count="1133" type="cond" truecount="1" falsecount="0"/>
        <line num="31" count="1133" type="cond" truecount="1" falsecount="0"/>
        <line num="32" count="556" type="cond" truecount="1" falsecount="0"/>
        <line num="33" count="556" type="cond" truecount="0" falsecount="1"/>
        <line num="34" count="556" type="cond" truecount="1" falsecount="0"/>
        <line num="35" count="556" type="stmt"/>
        <line num="36" count="83687" type="cond" truecount="1" falsecount="0"/>
        <line num="37" count="83687" type="stmt"/>
        <line num="38" count="1" type="stmt"/>
        <line num="39" count="1" type="cond" truecount="1" falsecount="0"/>
        <line num="40" count="83687" type="cond" truecount="1" falsecount="0"/>
        <line num="41" count="706" type="cond" truecount="1" falsecount="0"/>
        <line num="42" count="706" type="stmt"/>
        <line num="43" count="83687" type="cond" truecount="0" falsecount="1"/>
        <line num="44" count="706" type="cond" truecount="1" falsecount="0"/>
        <line num="45" count="706" type="stmt"/>
        <line num="46" count="706" type="stmt"/>
        <line num="47" count="83687" type="cond" truecount="1" falsecount="0"/>
        <line num="48" count="322" type="cond" truecount="2" falsecount="0"/>
        <line num="49" count="322" type="stmt"/>
        <line num="50" count="322" type="stmt"/>
        <line num="51" count="322" type="stmt"/>
        <line num="52" count="83687" type="cond" truecount="3" falsecount="0"/>
        <line num="53" count="83687" type="stmt"/>
        <line num="54" count="83687" type="stmt"/>
        <line num="55" count="83687" type="stmt"/>
        <line num="56" count="83687" type="stmt"/>
        <line num="57" count="83687" type="stmt"/>
        <line num="58" count="83687" type="stmt"/>
        <line num="59" count="83687" type="stmt"/>
        <line num="60" count="83687" type="cond" truecount="3" falsecount="0"/>
        <line num="61" count="34" type="stmt"/>
        <line num="62" count="34" type="stmt"/>
        <line num="63" count="83687" type="cond" truecount="1" falsecount="1"/>
        <line num="64" count="0" type="stmt"/>
        <line num="65" count="0" type="stmt"/>
        <line num="66" count="0" type="stmt"/>
        <line num="67" count="0" type="stmt"/>
        <line num="68" count="322" type="cond" truecount="1" falsecount="0"/>
        <line num="69" count="322" type="stmt"/>
        <line num="70" count="322" type="stmt"/>
        <line num="71" count="1" type="stmt"/>
        <line num="72" count="1" type="cond" truecount="1" falsecount="0"/>
        <line num="73" count="83365" type="cond" truecount="2" falsecount="0"/>
        <line num="74" count="3931" type="cond" truecount="1" falsecount="0"/>
        <line num="75" count="3931" type="stmt"/>
        <line num="76" count="83365" type="cond" truecount="1" falsecount="0"/>
        <line num="77" count="2191" type="cond" truecount="2" falsecount="0"/>
        <line num="78" count="2191" type="stmt"/>
        <line num="79" count="82652" type="cond" truecount="1" falsecount="0"/>
        <line num="80" count="451" type="cond" truecount="2" falsecount="0"/>
        <line num="81" count="451" type="stmt"/>
        <line num="82" count="82613" type="cond" truecount="0" falsecount="1"/>
        <line num="83" count="451" type="cond" truecount="1" falsecount="0"/>
        <line num="84" count="451" type="stmt"/>
        <line num="85" count="451" type="stmt"/>
        <line num="86" count="451" type="stmt"/>
        <line num="87" count="451" type="stmt"/>
        <line num="88" count="451" type="stmt"/>
        <line num="89" count="451" type="stmt"/>
        <line num="90" count="451" type="stmt"/>
        <line num="91" count="451" type="stmt"/>
        <line num="92" count="451" type="stmt"/>
        <line num="93" count="1" type="stmt"/>
        <line num="94" count="1" type="cond" truecount="1" falsecount="0"/>
        <line num="95" count="82914" type="cond" truecount="1" falsecount="0"/>
        <line num="96" count="82914" type="cond" truecount="5" falsecount="0"/>
        <line num="97" count="228" type="cond" truecount="1" falsecount="0"/>
        <line num="98" count="228" type="stmt"/>
        <line num="99" count="228" type="stmt"/>
        <line num="100" count="82497" type="cond" truecount="0" falsecount="1"/>
        <line num="101" count="228" type="cond" truecount="1" falsecount="0"/>
        <line num="102" count="82914" type="cond" truecount="1" falsecount="1"/>
        <line num="103" count="82914" type="stmt"/>
        <line num="104" count="1" type="stmt"/>
        <line num="105" count="1" type="cond" truecount="1" falsecount="0"/>
        <line num="106" count="81742" type="cond" truecount="2" falsecount="0"/>
        <line num="107" count="2308" type="cond" truecount="1" falsecount="0"/>
        <line num="108" count="2308" type="stmt"/>
        <line num="109" count="81742" type="cond" truecount="1" falsecount="0"/>
        <line num="110" count="1512" type="cond" truecount="2" falsecount="0"/>
        <line num="111" count="1512" type="stmt"/>
        <line num="112" count="1512" type="stmt"/>
        <line num="113" count="1512" type="stmt"/>
        <line num="114" count="1512" type="stmt"/>
        <line num="115" count="1512" type="stmt"/>
        <line num="116" count="80929" type="cond" truecount="1" falsecount="0"/>
        <line num="117" count="1512" type="cond" truecount="1" falsecount="0"/>
        <line num="118" count="1512" type="stmt"/>
        <line num="119" count="1" type="stmt"/>
        <line num="120" count="1" type="stmt"/>
        <line num="121" count="1" type="stmt"/>
        <line num="122" count="1834" type="cond" truecount="1" falsecount="0"/>
        <line num="123" count="1834" type="stmt"/>
        <line num="124" count="1834" type="stmt"/>
        <line num="125" count="1834" type="stmt"/>
        <line num="126" count="1834" type="cond" truecount="2" falsecount="0"/>
        <line num="127" count="3153" type="stmt"/>
        <line num="128" count="3153" type="stmt"/>
        <line num="129" count="3153" type="cond" truecount="1" falsecount="0"/>
        <line num="130" count="5" type="stmt"/>
        <line num="131" count="5" type="stmt"/>
        <line num="132" count="5" type="stmt"/>
        <line num="133" count="3148" type="cond" truecount="1" falsecount="0"/>
        <line num="134" count="3148" type="cond" truecount="2" falsecount="0"/>
        <line num="135" count="1538" type="cond" truecount="1" falsecount="0"/>
        <line num="136" count="1538" type="stmt"/>
        <line num="137" count="1538" type="stmt"/>
        <line num="138" count="1834" type="stmt"/>
        <line num="139" count="1834" type="stmt"/>
        <line num="140" count="1834" type="stmt"/>
        <line num="141" count="1" type="stmt"/>
        <line num="142" count="706" type="cond" truecount="1" falsecount="0"/>
        <line num="143" count="706" type="stmt"/>
        <line num="144" count="706" type="stmt"/>
        <line num="145" count="706" type="stmt"/>
        <line num="146" count="706" type="stmt"/>
        <line num="147" count="706" type="stmt"/>
        <line num="148" count="706" type="cond" truecount="2" falsecount="0"/>
        <line num="149" count="695" type="stmt"/>
        <line num="150" count="695" type="stmt"/>
        <line num="151" count="695" type="stmt"/>
        <line num="152" count="695" type="cond" truecount="1" falsecount="0"/>
        <line num="153" count="326" type="cond" truecount="1" falsecount="0"/>
        <line num="154" count="695" type="cond" truecount="2" falsecount="0"/>
        <line num="155" count="2" type="stmt"/>
        <line num="156" count="2" type="stmt"/>
        <line num="157" count="695" type="cond" truecount="1" falsecount="0"/>
        <line num="158" count="324" type="stmt"/>
        <line num="159" count="324" type="cond" truecount="1" falsecount="0"/>
        <line num="160" count="2" type="cond" truecount="1" falsecount="0"/>
        <line num="161" count="2" type="stmt"/>
        <line num="162" count="695" type="stmt"/>
        <line num="163" count="15" type="cond" truecount="1" falsecount="0"/>
        <line num="164" count="15" type="stmt"/>
        <line num="165" count="15" type="stmt"/>
      </file>
    </package>
    <package name="languages.typst">
      <metrics statements="302" coveredstatements="292" conditionals="145" coveredconditionals="133" methods="23" coveredmethods="19"/>
      <file name="index.ts" path="/home/claude/work/src/languages/typst/index.ts">
        <metrics statements="92" coveredstatements="82" conditionals="39" coveredconditionals="36" methods="7" coveredmethods="3"/>
        <line num="1" count="1" type="stmt"/>
        <line num="2" count="1" type="stmt"/>
        <line num="3" count="1" type="stmt"/>
        <line num="4" count="1" type="stmt"/>
        <line num="5" count="1" type="stmt"/>
        <line num="6" count="1" type="stmt"/>
        <line num="7" count="1" type="stmt"/>
        <line num="8" count="1" type="stmt"/>
        <line num="9" count="1" type="stmt"/>
        <line num="10" count="1" type="stmt"/>
        <line num="11" count="1" type="stmt"/>
        <line num="12" count="1" type="stmt"/>
        <line num="13" count="1" type="stmt"/>
        <line num="14" count="1" type="stmt"/>
        <line num="15" count="1" type="stmt"/>
        <line num="16" count="1" type="stmt"/>
        <line num="17" count="1" type="stmt"/>
        <line num="18" count="1" type="stmt"/>
        <line num="19" count="1" type="stmt"/>
        <line num="20" count="1" type="stmt"/>
        <line num="21" count="1" type="stmt"/>
        <line num="22" count="1" type="stmt"/>
        <line num="23" count="1" type="stmt"/>
        <line num="24" count="1" type="cond" truecount="1" falsecount="0"/>
        <line num="25" count="1" type="stmt"/>
        <line num="26" count="1" type="stmt"/>
        <line num="27" count="1" type="stmt"/>
        <line num="28" count="0" type="stmt"/>
        <line num="29" count="0" type="stmt"/>
        <line num="30" count="1" type="stmt"/>
        <line num="31" count="1" type="stmt"/>
        <line num="32" count="0" type="stmt"/>
        <line num="33" count="0" type="stmt"/>
        <line num="34" count="0" type="stmt"/>
        <line num="35" count="0" type="stmt"/>
        <line num="36" count="0" type="stmt"/>
        <line num="37" count="0" type="stmt"/>
        <line num="38" count="1" type="stmt"/>
        <line num="39" count="1" type="stmt"/>
        <line num="40" count="0" type="stmt"/>
        <line num="41" count="0" type="stmt"/>
        <line num="42" count="1" type="stmt"/>
        <line num="43" count="1" type="stmt"/>
        <line num="44" count="12502" type="cond" truecount="1" falsecount="0"/>
        <line num="45" count="12502" type="stmt"/>
        <line num="46" count="12502" type="cond" truecount="1" falsecount="0"/>
        <line num="47" count="267" type="stmt"/>
        <line num="48" count="12502" type="cond" truecount="1" falsecount="0"/>
        <line num="49" count="508" type="stmt"/>
        <line num="50" count="12502" type="cond" truecount="1" falsecount="0"/>
        <line num="51" count="37" type="cond" truecount="0" falsecount="1"/>
        <line num="52" count="12502" type="cond" truecount="1" falsecount="0"/>
        <line num="53" count="82" type="cond" truecount="2" falsecount="0"/>
        <line num="54" count="12502" type="cond" truecount="1" falsecount="0"/>
        <line num="55" count="4076" type="cond" truecount="2" falsecount="0"/>
        <line num="56" count="4062" type="cond" truecount="3" falsecount="0"/>
        <line num="57" count="4076" type="cond" truecount="3" falsecount="0"/>
        <line num="58" count="12502" type="cond" truecount="1" falsecount="0"/>
        <line num="59" count="155" type="stmt"/>
        <line num="60" count="12502" type="cond" truecount="1" falsecount="0"/>
        <line num="61" count="165" type="stmt"/>
        <line num="62" count="12502" type="cond" truecount="1" falsecount="0"/>
        <line num="63" count="2263" type="cond" truecount="1" falsecount="0"/>
        <line num="64" count="2263" type="cond" truecount="5" falsecount="0"/>
        <line num="65" count="2263" type="cond" truecount="4" falsecount="0"/>
        <line num="66" count="1391" type="cond" truecount="2" falsecount="0"/>
        <line num="67" count="2263" type="cond" truecount="2" falsecount="0"/>
        <line num="68" count="2263" type="stmt"/>
        <line num="69" count="12502" type="cond" truecount="1" falsecount="0"/>
        <line num="70" count="4949" type="stmt"/>
        <line num="71" count="12502" type="stmt"/>
        <line num="72" count="12502" type="stmt"/>
        <line num="73" count="1" type="stmt"/>
        <line num="74" count="1" type="stmt"/>
        <line num="75" count="1" type="stmt"/>
        <line num="76" count="1" type="stmt"/>
        <line num="77" count="1" type="stmt"/>
        <line num="78" count="1" type="stmt"/>
        <line num="79" count="1" type="stmt"/>
        <line num="80" count="1" type="stmt"/>
        <line num="81" count="1" type="cond" truecount="1" falsecount="0"/>
        <line num="82" count="212" type="stmt"/>
        <line num="83" count="212" type="cond" truecount="0" falsecount="1"/>
        <line num="84" count="212" type="stmt"/>
        <line num="85" count="212" type="stmt"/>
        <line num="86" count="212" type="cond" truecount="0" falsecount="1"/>
        <line num="87" count="212" type="stmt"/>
        <line num="88" count="1" type="stmt"/>
        <line num="89" count="1" type="stmt"/>
        <line num="90" count="1" type="stmt"/>
        <line num="91" count="1" type="stmt"/>
        <line num="92" count="1" type="stmt"/>
      </file>
      <file name="rules.ts" path="/home/claude/work/src/languages/typst/rules.ts">
        <metrics statements="210" coveredstatements="210" conditionals="106" coveredconditionals="97" methods="16" coveredmethods="16"/>
        <line num="1" count="1" type="stmt"/>
        <line num="2" count="1" type="stmt"/>
        <line num="3" count="1" type="stmt"/>
        <line num="4" count="1" type="stmt"/>
        <line num="5" count="1" type="stmt"/>
        <line num="6" count="1" type="stmt"/>
        <line num="7" count="1" type="cond" truecount="1" falsecount="0"/>
        <line num="8" count="69852" type="cond" truecount="1" falsecount="0"/>
        <line num="9" count="230" type="stmt"/>
        <line num="10" count="230" type="stmt"/>
        <line num="11" count="230" type="stmt"/>
        <line num="12" count="69622" type="cond" truecount="1" falsecount="0"/>
        <line num="13" count="69852" type="cond" truecount="2" falsecount="0"/>
        <line num="14" count="69852" type="stmt"/>
        <line num="15" count="1" type="stmt"/>
        <line num="16" count="1" type="cond" truecount="1" falsecount="0"/>
        <line num="17" count="69388" type="cond" truecount="2" falsecount="0"/>
        <line num="18" count="4600" type="cond" truecount="1" falsecount="0"/>
        <line num="19" count="4600" type="stmt"/>
        <line num="20" count="1" type="stmt"/>
        <line num="21" count="1" type="cond" truecount="1" falsecount="0"/>
        <line num="22" count="58237" type="cond" truecount="2" falsecount="0"/>
        <line num="23" count="58" type="cond" truecount="2" falsecount="0"/>
        <line num="24" count="58" type="stmt"/>
        <line num="25" count="58092" type="cond" truecount="0" falsecount="1"/>
        <line num="26" count="58" type="cond" truecount="1" falsecount="0"/>
        <line num="27" count="58" type="stmt"/>
        <line num="28" count="58" type="stmt"/>
        <line num="29" count="58" type="stmt"/>
        <line num="30" count="58" type="stmt"/>
        <line num="31" count="58" type="stmt"/>
        <line num="32" count="58" type="stmt"/>
        <line num="33" count="58" type="stmt"/>
        <line num="34" count="58" type="stmt"/>
        <line num="35" count="58" type="stmt"/>
        <line num="36" count="1" type="stmt"/>
        <line num="37" count="1" type="cond" truecount="1" falsecount="0"/>
        <line num="38" count="58682" type="stmt"/>
        <line num="39" count="58682" type="cond" truecount="1" falsecount="0"/>
        <line num="40" count="58465" type="cond" truecount="2" falsecount="0"/>
        <line num="41" count="58681" type="cond" truecount="1" falsecount="0"/>
        <line num="42" count="228" type="cond" truecount="1" falsecount="0"/>
        <line num="43" count="58682" type="cond" truecount="0" falsecount="1"/>
        <line num="44" count="58682" type="stmt"/>
        <line num="45" count="1" type="stmt"/>
        <line num="46" count="1" type="cond" truecount="1" falsecount="0"/>
        <line num="47" count="58179" type="cond" truecount="1" falsecount="0"/>
        <line num="48" count="1462" type="cond" truecount="2" falsecount="0"/>
        <line num="49" count="58008" type="cond" truecount="1" falsecount="0"/>
        <line num="50" count="1087" type="cond" truecount="1" falsecount="0"/>
        <line num="51" count="1087" type="stmt"/>
        <line num="52" count="58008" type="cond" truecount="1" falsecount="0"/>
        <line num="53" count="840" type="cond" truecount="1" falsecount="0"/>
        <line num="54" count="58179" type="cond" truecount="1" falsecount="0"/>
        <line num="55" count="58179" type="stmt"/>
        <line num="56" count="58179" type="stmt"/>
        <line num="57" count="1" type="stmt"/>
        <line num="58" count="1" type="cond" truecount="1" falsecount="0"/>
        <line num="59" count="54950" type="stmt"/>
        <line num="60" count="54950" type="cond" truecount="2" falsecount="0"/>
        <line num="61" count="54950" type="cond" truecount="5" falsecount="0"/>
        <line num="62" count="685" type="cond" truecount="1" falsecount="0"/>
        <line num="63" count="685" type="stmt"/>
        <line num="64" count="54918" type="cond" truecount="0" falsecount="1"/>
        <line num="65" count="685" type="cond" truecount="1" falsecount="0"/>
        <line num="66" count="685" type="stmt"/>
        <line num="67" count="54950" type="cond" truecount="1" falsecount="1"/>
        <line num="68" count="685" type="cond" truecount="2" falsecount="0"/>
        <line num="69" count="685" type="stmt"/>
        <line num="70" count="685" type="stmt"/>
        <line num="71" count="54950" type="cond" truecount="2" falsecount="0"/>
        <line num="72" count="54950" type="stmt"/>
        <line num="73" count="54950" type="stmt"/>
        <line num="74" count="54950" type="stmt"/>
        <line num="75" count="54950" type="stmt"/>
        <line num="76" count="54950" type="stmt"/>
        <line num="77" count="54950" type="stmt"/>
        <line num="78" count="1" type="stmt"/>
        <line num="79" count="1" type="cond" truecount="1" falsecount="0"/>
        <line num="80" count="54265" type="cond" truecount="1" falsecount="0"/>
        <line num="81" count="1373" type="cond" truecount="3" falsecount="0"/>
        <line num="82" count="54096" type="cond" truecount="1" falsecount="0"/>
        <line num="83" count="54265" type="cond" truecount="4" falsecount="0"/>
        <line num="84" count="54265" type="stmt"/>
        <line num="85" count="1" type="stmt"/>
        <line num="86" count="2660" type="cond" truecount="1" falsecount="0"/>
        <line num="87" count="2660" type="stmt"/>
        <line num="88" count="2660" type="cond" truecount="0" falsecount="1"/>
        <line num="89" count="2660" type="stmt"/>
        <line num="90" count="2660" type="stmt"/>
        <line num="91" count="2660" type="stmt"/>
        <line num="92" count="2660" type="stmt"/>
        <line num="93" count="2660" type="stmt"/>
        <line num="94" count="2660" type="stmt"/>
        <line num="95" count="2660" type="stmt"/>
        <line num="96" count="2660" type="stmt"/>
        <line num="97" count="2660" type="cond" truecount="1" falsecount="0"/>
        <line num="98" count="1928" type="stmt"/>
        <line num="99" count="1928" type="stmt"/>
        <line num="100" count="1928" type="stmt"/>
        <line num="101" count="2660" type="stmt"/>
        <line num="102" count="2660" type="stmt"/>
        <line num="103" count="2660" type="cond" truecount="1" falsecount="0"/>
        <line num="104" count="747" type="stmt"/>
        <line num="105" count="747" type="stmt"/>
        <line num="106" count="747" type="stmt"/>
        <line num="107" count="747" type="stmt"/>
        <line num="108" count="2660" type="stmt"/>
        <line num="109" count="2660" type="cond" truecount="1" falsecount="0"/>
        <line num="110" count="2660" type="stmt"/>
        <line num="111" count="2660" type="cond" truecount="3" falsecount="0"/>
        <line num="112" count="2660" type="stmt"/>
        <line num="113" count="2660" type="stmt"/>
        <line num="114" count="2660" type="stmt"/>
        <line num="115" count="2660" type="stmt"/>
        <line num="116" count="2660" type="stmt"/>
        <line num="117" count="2660" type="stmt"/>
        <line num="118" count="2660" type="stmt"/>
        <line num="119" count="2660" type="cond" truecount="1" falsecount="0"/>
        <line num="120" count="747" type="stmt"/>
        <line num="121" count="2660" type="cond" truecount="2" falsecount="0"/>
        <line num="122" count="1475" type="stmt"/>
        <line num="123" count="1475" type="stmt"/>
        <line num="124" count="1475" type="stmt"/>
        <line num="125" count="2660" type="stmt"/>
        <line num="126" count="2660" type="stmt"/>
        <line num="127" count="2660" type="stmt"/>
        <line num="128" count="1" type="stmt"/>
        <line num="129" count="1" type="cond" truecount="1" falsecount="0"/>
        <line num="130" count="57339" type="cond" truecount="1" falsecount="0"/>
        <line num="131" count="2390" type="cond" truecount="1" falsecount="0"/>
        <line num="132" count="2390" type="stmt"/>
        <line num="133" count="57339" type="cond" truecount="2" falsecount="0"/>
        <line num="134" count="262" type="stmt"/>
        <line num="135" count="262" type="stmt"/>
        <line num="136" count="262" type="stmt"/>
        <line num="137" count="2128" type="cond" truecount="1" falsecount="0"/>
        <line num="138" count="2128" type="stmt"/>
        <line num="139" count="2128" type="stmt"/>
        <line num="140" count="1" type="stmt"/>
        <line num="141" count="1" type="cond" truecount="1" falsecount="0"/>
        <line num="142" count="1614" type="cond" truecount="2" falsecount="1"/>
        <line num="143" count="532" type="cond" truecount="1" falsecount="0"/>
        <line num="144" count="532" type="stmt"/>
        <line num="145" count="1" type="stmt"/>
        <line num="146" count="1" type="cond" truecount="1" falsecount="0"/>
        <line num="147" count="6106" type="stmt"/>
        <line num="148" count="6106" type="cond" truecount="2" falsecount="0"/>
        <line num="149" count="696" type="cond" truecount="1" falsecount="0"/>
        <line num="150" count="696" type="stmt"/>
        <line num="151" count="6106" type="cond" truecount="0" falsecount="1"/>
        <line num="152" count="6106" type="stmt"/>
        <line num="153" count="1" type="stmt"/>
        <line num="154" count="1" type="cond" truecount="1" falsecount="0"/>
        <line num="155" count="5410" type="stmt"/>
        <line num="156" count="5410" type="cond" truecount="2" falsecount="0"/>
        <line num="157" count="5410" type="stmt"/>
        <line num="158" count="1" type="stmt"/>
        <line num="159" count="1" type="cond" truecount="1" falsecount="0"/>
        <line num="160" count="4664" type="stmt"/>
        <line num="161" count="4664" type="cond" truecount="2" falsecount="0"/>
        <line num="162" count="4664" type="stmt"/>
        <line num="163" count="1" type="stmt"/>
        <line num="164" count="1" type="cond" truecount="1" falsecount="0"/>
        <line num="165" count="2419" type="stmt"/>
        <line num="166" count="2419" type="cond" truecount="1" falsecount="0"/>
        <line num="167" count="805" type="cond" truecount="1" falsecount="0"/>
        <line num="168" count="805" type="stmt"/>
        <line num="169" count="805" type="stmt"/>
        <line num="170" count="805" type="stmt"/>
        <line num="171" count="805" type="stmt"/>
        <line num="172" count="805" type="stmt"/>
        <line num="173" count="805" type="stmt"/>
        <line num="174" count="805" type="stmt"/>
        <line num="175" count="805" type="stmt"/>
        <line num="176" count="805" type="stmt"/>
        <line num="177" count="805" type="stmt"/>
        <line num="178" count="1" type="stmt"/>
        <line num="179" count="1" type="cond" truecount="1" falsecount="0"/>
        <line num="180" count="54132" type="cond" truecount="1" falsecount="0"/>
        <line num="181" count="224" type="stmt"/>
        <line num="182" count="224" type="cond" truecount="0" falsecount="1"/>
        <line num="183" count="224" type="stmt"/>
        <line num="184" count="54132" type="cond" truecount="2" falsecount="0"/>
        <line num="185" count="224" type="stmt"/>
        <line num="186" count="224" type="cond" truecount="0" falsecount="1"/>
        <line num="187" count="224" type="stmt"/>
        <line num="188" count="53684" type="cond" truecount="1" falsecount="0"/>
        <line num="189" count="53684" type="stmt"/>
        <line num="190" count="1" type="stmt"/>
        <line num="191" count="84" type="cond" truecount="1" falsecount="0"/>
        <line num="192" count="84" type="cond" truecount="3" falsecount="0"/>
        <line num="193" count="84" type="stmt"/>
        <line num="194" count="1" type="stmt"/>
        <line num="195" count="1" type="stmt"/>
        <line num="196" count="1" type="stmt"/>
        <line num="197" count="1" type="stmt"/>
        <line num="198" count="1" type="stmt"/>
        <line num="199" count="1" type="stmt"/>
        <line num="200" count="1" type="stmt"/>
        <line num="201" count="1" type="stmt"/>
        <line num="202" count="1" type="stmt"/>
        <line num="203" count="1" type="stmt"/>
        <line num="204" count="1" type="stmt"/>
        <line num="205" count="1" type="stmt"/>
        <line num="206" count="1" type="stmt"/>
        <line num="207" count="1" type="stmt"/>
        <line num="208" count="1" type="stmt"/>
        <line num="209" count="1" type="stmt"/>
        <line num="210" count="1" type="stmt"/>
      </file>
    </package>
    <package name="ui">
      <metrics statements="507" coveredstatements="464" conditionals="77" coveredconditionals="58" methods="55" coveredmethods="36"/>
      <file name="dual-editor.ts" path="/home/claude/work/src/ui/dual-editor.ts">
        <metrics statements="255" coveredstatements="244" conditionals="38" coveredconditionals="28" methods="31" coveredmethods="18"/>
        <line num="1" count="1" type="stmt"/>
        <line num="2" count="1" type="stmt"/>
        <line num="3" count="1" type="stmt"/>
        <line num="4" count="1" type="stmt"/>
        <line num="5" count="1" type="stmt"/>
        <line num="6" count="1" type="stmt"/>
        <line num="7" count="1" type="stmt"/>
        <line num="8" count="1" type="stmt"/>
        <line num="9" count="1" type="stmt"/>
        <line num="10" count="1" type="stmt"/>
        <line num="11" count="1" type="stmt"/>
        <line num="12" count="1" type="stmt"/>
        <line num="13" count="1" type="stmt"/>
        <line num="14" count="1" type="stmt"/>
        <line num="15" count="1" type="stmt"/>
        <line num="16" count="1" type="stmt"/>
        <line num="17" count="1" type="stmt"/>
        <line num="18" count="1" type="stmt"/>
        <line num="19" count="1" type="stmt"/>
        <line num="20" count="1" type="stmt"/>
        <line num="21" count="1" type="stmt"/>
        <line num="22" count="1" type="stmt"/>
        <line num="23" count="1" type="stmt"/>
        <line num="24" count="1" type="stmt"/>
        <line num="25" count="1" type="stmt"/>
        <line num="26" count="1" type="stmt"/>
        <line num="27" count="1" type="stmt"/>
        <line num="28" count="1" type="stmt"/>
        <line num="29" count="1" type="stmt"/>
        <line num="30" count="1" type="stmt"/>
        <line num="31" count="1" type="stmt"/>
        <line num="32" count="1" type="stmt"/>
        <line num="33" count="1" type="stmt"/>
        <line num="34" count="1" type="stmt"/>
        <line num="35" count="1" type="stmt"/>
        <line num="36" count="1" type="stmt"/>
        <line num="37" count="1" type="stmt"/>
        <line num="38" count="1" type="stmt"/>
        <line num="39" count="1" type="stmt"/>
        <line num="40" count="1" type="stmt"/>
        <line num="41" count="1" type="cond" truecount="1" falsecount="0"/>
        <line num="42" count="3" type="stmt"/>
        <line num="43" count="3" type="stmt"/>
        <line num="44" count="3" type="stmt"/>
        <line num="45" count="3" type="cond" truecount="1" falsecount="0"/>
        <line num="46" count="3" type="stmt"/>
        <line num="47" count="3" type="cond" truecount="0" falsecount="1"/>
        <line num="48" count="3" type="stmt"/>
        <line num="49" count="3" type="stmt"/>
        <line num="50" count="3" type="stmt"/>
        <line num="51" count="3" type="cond" truecount="0" falsecount="1"/>
        <line num="52" count="3" type="cond" truecount="0" falsecount="1"/>
        <line num="53" count="3" type="cond" truecount="0" falsecount="1"/>
        <line num="54" count="3" type="stmt"/>
        <line num="55" count="3" type="cond" truecount="0" falsecount="1"/>
        <line num="56" count="3" type="stmt"/>
        <line num="57" count="3" type="cond" truecount="0" falsecount="1"/>
[...]
        <line num="33" count="427" type="cond" truecount="1" falsecount="0"/>
        <line num="34" count="192" type="cond" truecount="1" falsecount="0"/>
        <line num="35" count="192" type="stmt"/>
        <line num="36" count="427" type="stmt"/>
        <line num="37" count="427" type="stmt"/>
        <line num="38" count="1" type="stmt"/>
        <line num="39" count="1" type="stmt"/>
        <line num="40" count="1" type="stmt"/>
        <line num="41" count="1" type="cond" truecount="1" falsecount="0"/>
        <line num="42" count="1" type="cond" truecount="1" falsecount="0"/>
        <line num="43" count="427" type="stmt"/>
        <line num="44" count="427" type="cond" truecount="1" falsecount="0"/>
        <line num="45" count="412" type="cond" truecount="1" falsecount="0"/>
        <line num="46" count="412" type="stmt"/>
        <line num="47" count="412" type="cond" truecount="1" falsecount="0"/>
        <line num="48" count="427" type="cond" truecount="1" falsecount="0"/>
        <line num="49" count="427" type="cond" truecount="2" falsecount="0"/>
        <line num="50" count="427" type="stmt"/>
        <line num="51" count="427" type="cond" truecount="2" falsecount="0"/>
        <line num="52" count="1" type="stmt"/>
        <line num="53" count="1" type="cond" truecount="1" falsecount="0"/>
        <line num="54" count="6" type="cond" truecount="1" falsecount="0"/>
        <line num="55" count="6" type="stmt"/>
        <line num="56" count="6" type="stmt"/>
        <line num="57" count="1" type="stmt"/>
        <line num="58" count="1" type="stmt"/>
        <line num="59" count="574" type="cond" truecount="1" falsecount="0"/>
        <line num="60" count="574" type="stmt"/>
        <line num="61" count="574" type="cond" truecount="1" falsecount="0"/>
        <line num="62" count="410" type="cond" truecount="1" falsecount="0"/>
        <line num="63" count="410" type="stmt"/>
        <line num="64" count="410" type="stmt"/>
        <line num="65" count="410" type="stmt"/>
        <line num="66" count="410" type="stmt"/>
        <line num="67" count="410" type="stmt"/>
        <line num="68" count="410" type="stmt"/>
        <line num="69" count="410" type="stmt"/>
        <line num="70" count="410" type="stmt"/>
        <line num="71" count="1" type="stmt"/>
        <line num="72" count="164" type="cond" truecount="1" falsecount="0"/>
        <line num="73" count="164" type="stmt"/>
        <line num="74" count="164" type="stmt"/>
        <line num="75" count="1" type="stmt"/>
        <line num="76" count="1" type="stmt"/>
        <line num="77" count="1" type="stmt"/>
        <line num="78" count="1" type="stmt"/>
        <line num="79" count="1" type="stmt"/>
        <line num="80" count="1" type="stmt"/>
        <line num="81" count="1" type="stmt"/>
        <line num="82" count="1" type="stmt"/>
        <line num="83" count="1" type="stmt"/>
        <line num="84" count="1" type="cond" truecount="1" falsecount="0"/>
        <line num="85" count="3" type="stmt"/>
        <line num="86" count="3" type="stmt"/>
        <line num="87" count="3" type="stmt"/>
        <line num="88" count="3" type="stmt"/>
        <line num="89" count="3" type="stmt"/>
        <line num="90" count="3" type="stmt"/>
        <line num="91" count="3" type="stmt"/>
        <line num="92" count="3" type="stmt"/>
        <line num="93" count="3" type="stmt"/>
        <line num="94" count="3" type="stmt"/>
        <line num="95" count="3" type="stmt"/>
        <line num="96" count="3" type="stmt"/>
        <line num="97" count="3" type="stmt"/>
        <line num="98" count="3" type="stmt"/>
        <line num="99" count="3" type="stmt"/>
        <line num="100" count="3" type="cond" truecount="1" falsecount="0"/>
        <line num="101" count="3" type="stmt"/>
        <line num="102" count="3" type="stmt"/>
        <line num="103" count="1" type="stmt"/>
        <line num="104" count="1" type="cond" truecount="1" falsecount="0"/>
        <line num="105" count="5" type="cond" truecount="1" falsecount="0"/>
        <line num="106" count="3" type="cond" truecount="1" falsecount="0"/>
        <line num="107" count="3" type="stmt"/>
        <line num="108" count="5" type="cond" truecount="2" falsecount="0"/>
        <line num="109" count="5" type="stmt"/>
        <line num="110" count="1" type="stmt"/>
        <line num="111" count="1" type="stmt"/>
        <line num="112" count="0" type="stmt"/>
        <line num="113" count="0" type="stmt"/>
        <line num="114" count="1" type="stmt"/>
        <line num="115" count="1" type="stmt"/>
        <line num="116" count="0" type="stmt"/>
        <line num="117" count="0" type="stmt"/>
        <line num="118" count="1" type="stmt"/>
        <line num="119" count="1" type="cond" truecount="1" falsecount="0"/>
        <line num="120" count="6" type="stmt"/>
        <line num="121" count="6" type="stmt"/>
        <line num="122" count="6" type="stmt"/>
        <line num="123" count="6" type="cond" truecount="0" falsecount="1"/>
        <line num="124" count="6" type="cond" truecount="0" falsecount="1"/>
        <line num="125" count="6" type="stmt"/>
        <line num="126" count="6" type="stmt"/>
        <line num="127" count="1" type="stmt"/>
        <line num="128" count="1" type="stmt"/>
        <line num="129" count="0" type="stmt"/>
        <line num="130" count="0" type="stmt"/>
        <line num="131" count="1" type="stmt"/>
        <line num="132" count="1" type="cond" truecount="1" falsecount="0"/>
        <line num="133" count="3" type="stmt"/>
        <line num="134" count="3" type="stmt"/>
        <line num="135" count="1" type="stmt"/>
        <line num="136" count="1" type="cond" truecount="1" falsecount="0"/>
        <line num="137" count="9" type="stmt"/>
        <line num="138" count="9" type="stmt"/>
        <line num="139" count="9" type="stmt"/>
        <line num="140" count="9" type="stmt"/>
        <line num="141" count="9" type="stmt"/>
        <line num="142" count="9" type="stmt"/>
        <line num="143" count="9" type="stmt"/>
        <line num="144" count="9" type="stmt"/>
        <line num="145" count="9" type="stmt"/>
        <line num="146" count="9" type="stmt"/>
        <line num="147" count="9" type="stmt"/>
        <line num="148" count="9" type="stmt"/>
        <line num="149" count="1" type="stmt"/>
      </file>
      <file name="widget-registry.ts" path="/home/claude/work/src/view/widget-registry.ts">
        <metrics statements="36" coveredstatements="27" conditionals="3" coveredconditionals="2" methods="3" coveredmethods="2"/>
        <line num="1" count="1" type="stmt"/>
        <line num="2" count="1" type="stmt"/>
        <line num="3" count="1" type="stmt"/>
        <line num="4" count="1" type="stmt"/>
        <line num="5" count="1" type="stmt"/>
        <line num="6" count="1" type="stmt"/>
        <line num="7" count="1" type="stmt"/>
        <line num="8" count="1" type="stmt"/>
        <line num="9" count="1" type="stmt"/>
        <line num="10" count="1" type="stmt"/>
        <line num="11" count="1" type="stmt"/>
        <line num="12" count="1" type="stmt"/>
        <line num="13" count="1" type="stmt"/>
        <line num="14" count="1" type="stmt"/>
        <line num="15" count="1" type="stmt"/>
        <line num="16" count="1" type="stmt"/>
        <line num="17" count="1" type="stmt"/>
        <line num="18" count="1" type="stmt"/>
        <line num="19" count="21" type="cond" truecount="1" falsecount="0"/>
        <line num="20" count="21" type="stmt"/>
        <line num="21" count="21" type="stmt"/>
        <line num="22" count="1" type="stmt"/>
        <line num="23" count="653" type="cond" truecount="1" falsecount="0"/>
        <line num="24" count="653" type="stmt"/>
        <line num="25" count="653" type="cond" truecount="0" falsecount="1"/>
        <line num="26" count="653" type="stmt"/>
        <line num="27" count="1" type="stmt"/>
        <line num="28" count="0" type="stmt"/>
        <line num="29" count="0" type="stmt"/>
        <line num="30" count="0" type="stmt"/>
        <line num="31" count="0" type="stmt"/>
        <line num="32" count="0" type="stmt"/>
        <line num="33" count="0" type="stmt"/>
        <line num="34" count="0" type="stmt"/>
        <line num="35" count="0" type="stmt"/>
        <line num="36" count="0" type="stmt"/>
      </file>
      <file name="widgets.ts" path="/home/claude/work/src/view/widgets.ts">
        <metrics statements="210" coveredstatements="189" conditionals="46" coveredconditionals="38" methods="18" coveredmethods="14"/>
        <line num="1" count="1" type="stmt"/>
        <line num="2" count="1" type="stmt"/>
        <line num="3" count="1" type="stmt"/>
        <line num="4" count="1" type="stmt"/>
        <line num="5" count="1" type="stmt"/>
        <line num="6" count="1" type="stmt"/>
        <line num="7" count="1" type="stmt"/>
        <line num="8" count="1" type="stmt"/>
        <line num="9" count="1" type="stmt"/>
        <line num="10" count="1" type="stmt"/>
        <line num="11" count="1" type="stmt"/>
        <line num="12" count="1" type="stmt"/>
        <line num="13" count="1" type="stmt"/>
        <line num="14" count="1" type="stmt"/>
        <line num="15" count="1" type="cond" truecount="1" falsecount="0"/>
        <line num="16" count="424" type="stmt"/>
        <line num="17" count="424" type="stmt"/>
        <line num="18" count="424" type="stmt"/>
        <line num="19" count="424" type="cond" truecount="0" falsecount="1"/>
        <line num="20" count="424" type="stmt"/>
        <line num="21" count="424" type="cond" truecount="0" falsecount="1"/>
        <line num="22" count="424" type="cond" truecount="0" falsecount="1"/>
        <line num="23" count="424" type="stmt"/>
        <line num="24" count="1" type="stmt"/>
        <line num="25" count="1" type="cond" truecount="1" falsecount="0"/>
        <line num="26" count="136" type="stmt"/>
        <line num="27" count="136" type="stmt"/>
        <line num="28" count="1" type="stmt"/>
        <line num="29" count="1" type="cond" truecount="1" falsecount="0"/>
        <line num="30" count="50" type="cond" truecount="2" falsecount="0"/>
        <line num="31" count="50" type="cond" truecount="2" falsecount="0"/>
        <line num="32" count="50" type="stmt"/>
        <line num="33" count="50" type="stmt"/>
        <line num="34" count="50" type="stmt"/>
        <line num="35" count="50" type="stmt"/>
        <line num="36" count="0" type="stmt"/>
        <line num="37" count="0" type="stmt"/>
        <line num="38" count="0" type="stmt"/>
        <line num="39" count="0" type="stmt"/>
        <line num="40" count="0" type="stmt"/>
        <line num="41" count="50" type="stmt"/>
        <line num="42" count="50" type="stmt"/>
        <line num="43" count="50" type="stmt"/>
        <line num="44" count="0" type="stmt"/>
        <line num="45" count="0" type="stmt"/>
        <line num="46" count="0" type="stmt"/>
        <line num="47" count="0" type="stmt"/>
        <line num="48" count="50" type="stmt"/>
        <line num="49" count="50" type="stmt"/>
        <line num="50" count="50" type="stmt"/>
        <line num="51" count="50" type="stmt"/>
        <line num="52" count="50" type="stmt"/>
        <line num="53" count="1" type="stmt"/>
        <line num="54" count="1" type="stmt"/>
        <line num="55" count="0" type="stmt"/>
        <line num="56" count="0" type="stmt"/>
        <line num="57" count="1" type="stmt"/>
        <line num="58" count="1" type="stmt"/>
        <line num="59" count="1" type="stmt"/>
        <line num="60" count="1" type="stmt"/>
        <line num="61" count="1" type="stmt"/>
        <line num="62" count="1" type="stmt"/>
        <line num="63" count="1" type="stmt"/>
        <line num="64" count="1" type="stmt"/>
        <line num="65" count="1" type="stmt"/>
        <line num="66" count="1" type="cond" truecount="1" falsecount="0"/>
        <line num="67" count="11" type="stmt"/>
        <line num="68" count="11" type="stmt"/>
        <line num="69" count="11" type="stmt"/>
        <line num="70" count="11" type="stmt"/>
        <line num="71" count="11" type="stmt"/>
        <line num="72" count="11" type="stmt"/>
        <line num="73" count="11" type="stmt"/>
        <line num="74" count="1" type="stmt"/>
        <line num="75" count="1" type="cond" truecount="1" falsecount="0"/>
        <line num="76" count="4" type="stmt"/>
        <line num="77" count="4" type="stmt"/>
        <line num="78" count="1" type="stmt"/>
        <line num="79" count="1" type="cond" truecount="1" falsecount="0"/>
        <line num="80" count="1" type="cond" truecount="1" falsecount="0"/>
        <line num="81" count="4" type="stmt"/>
        <line num="82" count="4" type="stmt"/>
        <line num="83" count="1" type="stmt"/>
        <line num="84" count="1" type="stmt"/>
        <line num="85" count="1" type="stmt"/>
        <line num="86" count="1" type="cond" truecount="1" falsecount="0"/>
        <line num="87" count="38" type="stmt"/>
        <line num="88" count="38" type="cond" truecount="1" falsecount="0"/>
        <line num="89" count="38" type="stmt"/>
        <line num="90" count="1" type="stmt"/>
        <line num="91" count="1" type="cond" truecount="1" falsecount="0"/>
        <line num="92" count="10" type="stmt"/>
        <line num="93" count="10" type="stmt"/>
        <line num="94" count="10" type="stmt"/>
        <line num="95" count="10" type="stmt"/>
        <line num="96" count="10" type="stmt"/>
        <line num="97" count="10" type="cond" truecount="1" falsecount="0"/>
        <line num="98" count="17" type="stmt"/>
        <line num="99" count="17" type="stmt"/>
        <line num="100" count="17" type="cond" truecount="1" falsecount="0"/>
        <line num="101" count="34" type="stmt"/>
        <line num="102" count="34" type="stmt"/>
        <line num="103" count="34" type="stmt"/>
        <line num="104" count="34" type="stmt"/>
        <line num="105" count="34" type="stmt"/>
        <line num="106" count="34" type="stmt"/>
        <line num="107" count="34" type="stmt"/>
        <line num="108" count="34" type="stmt"/>
        <line num="109" count="0" type="stmt"/>
        <line num="110" count="0" type="stmt"/>
        <line num="111" count="0" type="stmt"/>
        <line num="112" count="34" type="stmt"/>
        <line num="113" count="34" type="stmt"/>
        <line num="114" count="17" type="stmt"/>
        <line num="115" count="17" type="stmt"/>
        <line num="116" count="17" type="stmt"/>
        <line num="117" count="10" type="stmt"/>
        <line num="118" count="10" type="stmt"/>
        <line num="119" count="10" type="stmt"/>
        <line num="120" count="10" type="stmt"/>
        <line num="121" count="10" type="stmt"/>
        <line num="122" count="1" type="stmt"/>
        <line num="123" count="1" type="stmt"/>
        <line num="124" count="0" type="stmt"/>
        <line num="125" count="0" type="stmt"/>
        <line num="126" count="1" type="stmt"/>
        <line num="127" count="1" type="stmt"/>
        <line num="128" count="11" type="cond" truecount="1" falsecount="0"/>
        <line num="129" count="11" type="stmt"/>
        <line num="130" count="11" type="stmt"/>
        <line num="131" count="11" type="stmt"/>
        <line num="132" count="11" type="cond" truecount="1" falsecount="0"/>
        <line num="133" count="8" type="cond" truecount="1" falsecount="0"/>
        <line num="134" count="8" type="cond" truecount="1" falsecount="0"/>
        <line num="135" count="15" type="cond" truecount="1" falsecount="0"/>
        <line num="136" count="30" type="cond" truecount="2" falsecount="0"/>
        <line num="137" count="30" type="cond" truecount="1" falsecount="0"/>
        <line num="138" count="15" type="stmt"/>
        <line num="139" count="8" type="stmt"/>
        <line num="140" count="8" type="stmt"/>
        <line num="141" count="8" type="stmt"/>
        <line num="142" count="8" type="stmt"/>
        <line num="143" count="1" type="stmt"/>
        <line num="144" count="4" type="cond" truecount="1" falsecount="0"/>
        <line num="145" count="4" type="cond" truecount="0" falsecount="1"/>
        <line num="146" count="4" type="stmt"/>
        <line num="147" count="1" type="stmt"/>
        <line num="148" count="1" type="cond" truecount="1" falsecount="0"/>
        <line num="149" count="1" type="cond" truecount="1" falsecount="1"/>
        <line num="150" count="1" type="stmt"/>
        <line num="151" count="1" type="stmt"/>
        <line num="152" count="1" type="stmt"/>
        <line num="153" count="1" type="stmt"/>
        <line num="154" count="1" type="stmt"/>
        <line num="155" count="1" type="stmt"/>
        <line num="156" count="1" type="cond" truecount="1" falsecount="0"/>
        <line num="157" count="218" type="stmt"/>
        <line num="158" count="218" type="cond" truecount="0" falsecount="1"/>
        <line num="159" count="218" type="stmt"/>
        <line num="160" count="218" type="stmt"/>
        <line num="161" count="218" type="stmt"/>
        <line num="162" count="1" type="stmt"/>
        <line num="163" count="1" type="stmt"/>
        <line num="164" count="1" type="stmt"/>
        <line num="165" count="1" type="cond" truecount="1" falsecount="0"/>
        <line num="166" count="98" type="stmt"/>
        <line num="167" count="98" type="stmt"/>
        <line num="168" count="1" type="stmt"/>
        <line num="169" count="1" type="cond" truecount="1" falsecount="0"/>
        <line num="170" count="37" type="stmt"/>
        <line num="171" count="37" type="stmt"/>
        <line num="172" count="37" type="stmt"/>
        <line num="173" count="37" type="stmt"/>
        <line num="174" count="37" type="stmt"/>
        <line num="175" count="37" type="stmt"/>
        <line num="176" count="37" type="stmt"/>
        <line num="177" count="37" type="stmt"/>
        <line num="178" count="37" type="stmt"/>
        <line num="179" count="37" type="stmt"/>
        <line num="180" count="37" type="cond" truecount="0" falsecount="1"/>
        <line num="181" count="0" type="stmt"/>
        <line num="182" count="0" type="stmt"/>
        <line num="183" count="0" type="stmt"/>
        <line num="184" count="37" type="stmt"/>
        <line num="185" count="37" type="cond" truecount="2" falsecount="0"/>
        <line num="186" count="27" type="stmt"/>
        <line num="187" count="27" type="stmt"/>
        <line num="188" count="27" type="stmt"/>
        <line num="189" count="10" type="cond" truecount="1" falsecount="0"/>
        <line num="190" count="10" type="stmt"/>
        <line num="191" count="10" type="stmt"/>
        <line num="192" count="10" type="cond" truecount="1" falsecount="0"/>
        <line num="193" count="10" type="cond" truecount="0" falsecount="1"/>
        <line num="194" count="10" type="cond" truecount="1" falsecount="0"/>
        <line num="195" count="1" type="cond" truecount="1" falsecount="0"/>
        <line num="196" count="10" type="stmt"/>
        <line num="197" count="10" type="stmt"/>
        <line num="198" count="10" type="stmt"/>
        <line num="199" count="10" type="stmt"/>
        <line num="200" count="1" type="stmt"/>
        <line num="201" count="1" type="cond" truecount="1" falsecount="0"/>
        <line num="202" count="26" type="stmt"/>
        <line num="203" count="26" type="stmt"/>
        <line num="204" count="1" type="stmt"/>
        <line num="205" count="1" type="stmt"/>
        <line num="206" count="0" type="stmt"/>
        <line num="207" count="0" type="stmt"/>
        <line num="208" count="1" type="stmt"/>
        <line num="209" count="1" type="stmt"/>
        <line num="210" count="1" type="cond" truecount="1" falsecount="0"/>
      </file>
    </package>
  </project>
</coverage>
