{"/home/claude/work/src/core/config.ts": {"path":"/home/claude/work/src/core/config.ts","all":false,"statementMap":{"0":{"start":{"line":1,"column":0},"end":{"line":1,"column":30}},"1":{"start":{"line":2,"column":0},"end":{"line":2,"column":18}},"2":{"start":{"line":3,"column":0},"end":{"line":3,"column":20}},"3":{"start":{"line":4,"column":0},"end":{"line":4,"column":18}},"4":{"start":{"line":5,"column":0},"end":{"line":5,"column":18}},"5":{"start":{"line":6,"column":0},"end":{"line":6,"column":17}},"6":{"start":{"line":7,"column":0},"end":{"line":7,"column":15}},"7":{"start":{"line":8,"column":0},"end":{"line":8,"column":22}},"8":{"start":{"line":9,"column":0},"end":{"line":9,"column":18}},"9":{"start":{"line":10,"column":0},"end":{"line":10,"column":16}},"10":{"start":{"line":11,"column":0},"end":{"line":11,"column":21}},"11":{"start":{"line":12,"column":0},"end":{"line":12,"column":21}},"12":{"start":{"line":13,"column":0},"end":{"line":13,"column":18}},"13":{"start":{"line":14,"column":0},"end":{"line":14,"column":17}},"14":{"start":{"line":15,"column":0},"end":{"line":15,"column":1}},"15":{"start":{"line":16,"column":0},"end":{"line":16,"column":0}},"16":{"start":{"line":17,"column":0},"end":{"line":17,"column":31}},"17":{"start":{"line":18,"column":0},"end":{"line":18,"column":19}},"18":{"start":{"line":19,"column":0},"end":{"line":19,"column":24}},"19":{"start":{"line":20,"column":0},"end":{"line":20,"column":23}},"20":{"start":{"line":21,"column":0},"end":{"line":21,"column":19}},"21":{"start":{"line":22,"column":0},"end":{"line":22,"column":26}},"22":{"start":{"line":23,"column":0},"end":{"line":23,"column":11}},"23":{"start":{"line":24,"column":0},"end":{"line":24,"column":24}},"24":{"start":{"line":25,"column":0},"end":{"line":25,"column":65}},"25":{"start":{"line":26,"column":0},"end":{"line":26,"column":4}},"26":{"start":{"line":27,"column":0},"end":{"line":27,"column":1}},"27":{"start":{"line":28,"column":0},"end":{"line":28,"column":0}},"28":{"start":{"line":29,"column":0},"end":{"line":29,"column":45}},"29":{"start":{"line":30,"column":0},"end":{"line":30,"column":0}},"30":{"start":{"line":31,"column":0},"end":{"line":31,"column":47}},"31":{"start":{"line":32,"column":0},"end":{"line":32,"column":21}},"32":{"start":{"line":33,"column":0},"end":{"line":33,"column":23}},"33":{"start":{"line":34,"column":0},"end":{"line":34,"column":21}},"34":{"start":{"line":35,"column":0},"end":{"line":35,"column":21}},"35":{"start":{"line":36,"column":0},"end":{"line":36,"column":20}},"36":{"start":{"line":37,"column":0},"end":{"line":37,"column":18}},"37":{"start":{"line":38,"column":0},"end":{"line":38,"column":25}},"38":{"start":{"line":39,"column":0},"end":{"line":39,"column":21}},"39":{"start":{"line":40,"column":0},"end":{"line":40,"column":19}},"40":{"start":{"line":41,"column":0},"end":{"line":41,"column":24}},"41":{"start":{"line":42,"column":0},"end":{"line":42,"column":24}},"42":{"start":{"line":43,"column":0},"end":{"line":43,"column":21}},"43":{"start":{"line":44,"column":0},"end":{"line":44,"column":19}},"44":{"start":{"line":45,"column":0},"end":{"line":45,"column":2}},"45":{"start":{"line":46,"column":0},"end":{"line":46,"column":0}},"46":{"start":{"line":47,"column":0},"end":{"line":47,"column":48}},"47":{"start":{"line":48,"column":0},"end":{"line":48,"column":21}},"48":{"start":{"line":49,"column":0},"end":{"line":49,"column":23}},"49":{"start":{"line":50,"column":0},"end":{"line":50,"column":21}},"50":{"start":{"line":51,"column":0},"end":{"line":51,"column":21}},"51":{"start":{"line":52,"column":0},"end":{"line":52,"column":20}},"52":{"start":{"line":53,"column":0},"end":{"line":53,"column":18}},"53":{"start":{"line":54,"column":0},"end":{"line":54,"column":25}},"54":{"start":{"line":55,"column":0},"end":{"line":55,"column":21}},"55":{"start":{"line":56,"column":0},"end":{"line":56,"column":19}},"56":{"start":{"line":57,"column":0},"end":{"line":57,"column":24}},"57":{"start":{"line":58,"column":0},"end":{"line":58,"column":24}},"58":{"start":{"line":59,"column":0},"end":{"line":59,"column":21}},"59":{"start":{"line":60,"column":0},"end":{"line":60,"column":19}},"60":{"start":{"line":61,"column":0},"end":{"line":61,"column":2}},"61":{"start":{"line":62,"column":0},"end":{"line":62,"column":0}},"62":{"start":{"line":63,"column":0},"end":{"line":63,"column":45}},"63":{"start":{"line":64,"column":0},"end":{"line":64,"column":20}},"64":{"start":{"line":65,"column":0},"end":{"line":65,"column":22}},"65":{"start":{"line":66,"column":0},"end":{"line":66,"column":20}},"66":{"start":{"line":67,"column":0},"end":{"line":67,"column":15}},"67":{"start":{"line":68,"column":0},"end":{"line":68,"column":17}},"68":{"start":{"line":69,"column":0},"end":{"line":69,"column":11}},"69":{"start":{"line":70,"column":0},"end":{"line":70,"column":31}},"70":{"start":{"line":71,"column":0},"end":{"line":71,"column":74}},"71":{"start":{"line":72,"column":0},"end":{"line":72,"column":3}},"72":{"start":{"line":73,"column":0},"end":{"line":73,"column":2}},"73":{"start":{"line":74,"column":0},"end":{"line":74,"column":0}},"74":{"start":{"line":75,"column":0},"end":{"line":75,"column":28}},"75":{"start":{"line":76,"column":0},"end":{"line":76,"column":31}},"76":{"start":{"line":77,"column":0},"end":{"line":77,"column":64}},"77":{"start":{"line":78,"column":0},"end":{"line":78,"column":0}},"78":{"start":{"line":79,"column":0},"end":{"line":79,"column":52}},"79":{"start":{"line":80,"column":0},"end":{"line":80,"column":49}},"80":{"start":{"line":81,"column":0},"end":{"line":81,"column":3}},"81":{"start":{"line":82,"column":0},"end":{"line":82,"column":0}},"82":{"start":{"line":83,"column":0},"end":{"line":83,"column":23}},"83":{"start":{"line":84,"column":0},"end":{"line":84,"column":23}},"84":{"start":{"line":85,"column":0},"end":{"line":85,"column":3}},"85":{"start":{"line":86,"column":0},"end":{"line":86,"column":0}},"86":{"start":{"line":87,"column":0},"end":{"line":87,"column":48}},"87":{"start":{"line":88,"column":0},"end":{"line":88,"column":46}},"88":{"start":{"line":89,"column":0},"end":{"line":89,"column":62}},"89":{"start":{"line":90,"column":0},"end":{"line":90,"column":3}},"90":{"start":{"line":91,"column":0},"end":{"line":91,"column":0}},"91":{"start":{"line":92,"column":0},"end":{"line":92,"column":43}},"92":{"start":{"line":93,"column":0},"end":{"line":93,"column":17}},"93":{"start":{"line":94,"column":0},"end":{"line":94,"column":12}},"94":{"start":{"line":95,"column":0},"end":{"line":95,"column":106}},"95":{"start":{"line":96,"column":0},"end":{"line":96,"column":7}},"96":{"start":{"line":97,"column":0},"end":{"line":97,"column":3}},"97":{"start":{"line":98,"column":0},"end":{"line":98,"column":0}},"98":{"start":{"line":99,"column":0},"end":{"line":99,"column":67}},"99":{"start":{"line":100,"column":0},"end":{"line":100,"column":33}},"100":{"start":{"line":101,"column":0},"end":{"line":101,"column":18}},"101":{"start":{"line":102,"column":0},"end":{"line":102,"column":38}},"102":{"start":{"line":103,"column":0},"end":{"line":103,"column":6}},"103":{"start":{"line":104,"column":0},"end":{"line":104,"column":3}},"104":{"start":{"line":105,"column":0},"end":{"line":105,"column":1}},"105":{"start":{"line":106,"column":0},"end":{"line":106,"column":0}},"106":{"start":{"line":107,"column":0},"end":{"line":107,"column":82}},"107":{"start":{"line":108,"column":0},"end":{"line":108,"column":37}},"108":{"start":{"line":109,"column":0},"end":{"line":109,"column":70}},"109":{"start":{"line":110,"column":0},"end":{"line":110,"column":29}},"110":{"start":{"line":111,"column":0},"end":{"line":111,"column":0}},"111":{"start":{"line":112,"column":0},"end":{"line":112,"column":10}},"112":{"start":{"line":113,"column":0},"end":{"line":113,"column":12}},"113":{"start":{"line":114,"column":0},"end":{"line":114,"column":15}},"114":{"start":{"line":115,"column":0},"end":{"line":115,"column":13}},"115":{"start":{"line":116,"column":0},"end":{"line":116,"column":67}},"116":{"start":{"line":117,"column":0},"end":{"line":117,"column":69}},"117":{"start":{"line":118,"column":0},"end":{"line":118,"column":5}},"118":{"start":{"line":119,"column":0},"end":{"line":119,"column":4}},"119":{"start":{"line":120,"column":0},"end":{"line":120,"column":1}}},"s":{"0":1,"1":1,"2":1,"3":1,"4":1,"5":1,"6":1,"7":1,"8":1,"9":1,"10":1,"11":1,"12":1,"13":1,"14":1,"15":1,"16":1,"17":1,"18":1,"19":1,"20":1,"21":1,"22":1,"23":1,"24":1,"25":1,"26":1,"27":1,"28":1,"29":1,"30":1,"31":1,"32":1,"33":1,"34":1,"35":1,"36":1,"37":1,"38":1,"39":1,"40":1,"41":1,"42":1,"43":1,"44":1,"45":1,"46":1,"47":1,"48":1,"49":1,"50":1,"51":1,"52":1,"53":1,"54":1,"55":1,"56":1,"57":1,"58":1,"59":1,"60":1,"61":1,"62":1,"63":1,"64":1,"65":1,"66":1,"67":1,"68":1,"69":1,"70":1,"71":1,"72":1,"73":1,"74":1,"75":1,"76":1,"77":1,"78":1,"79":6,"80":6,"81":1,"82":1,"83":30,"84":30,"85":1,"86":1,"87":9,"88":9,"89":9,"90":1,"91":1,"92":0,"93":0,"94":0,"95":0,"96":0,"97":1,"98":1,"99":6,"100":6,"101":6,"102":6,"103":6,"104":1,"105":1,"106":15,"107":15,"108":15,"109":15,"110":15,"111":15,"112":15,"113":15,"114":15,"115":15,"116":15,"117":15,"118":15,"119":15},"branchMap":{"0":{"type":"branch","line":79,"loc":{"start":{"line":79,"column":2},"end":{"line":81,"column":3}},"locations":[{"start":{"line":79,"column":2},"end":{"line":81,"column":3}}]},"1":{"type":"branch","line":83,"loc":{"start":{"line":83,"column":2},"end":{"line":85,"column":3}},"locations":[{"start":{"line":83,"column":2},"end":{"line":85,"column":3}}]},"2":{"type":"branch","line":87,"loc":{"start":{"line":87,"column":2},"end":{"line":90,"column":3}},"locations":[{"start":{"line":87,"column":2},"end":{"line":90,"column":3}}]},"3":{"type":"branch","line":89,"loc":{"start":{"line":89,"column":27},"end":{"line":89,"column":60}},"locations":[{"start":{"line":89,"column":27},"end":{"line":89,"column":60}}]},"4":{"type":"branch","line":99,"loc":{"start":{"line":99,"column":2},"end":{"line":104,"column":3}},"locations":[{"start":{"line":99,"column":2},"end":{"line":104,"column":3}}]},"5":{"type":"branch","line":101,"loc":{"start":{"line":101,"column":11},"end":{"line":103,"column":5}},"locations":[{"start":{"line":101,"column":11},"end":{"line":103,"column":5}}]},"6":{"type":"branch","line":107,"loc":{"start":{"line":107,"column":0},"end":{"line":120,"column":1}},"locations":[{"start":{"line":107,"column":0},"end":{"line":120,"column":1}}]},"7":{"type":"branch","line":116,"loc":{"start":{"line":116,"column":56},"end":{"line":116,"column":64}},"locations":[{"start":{"line":116,"column":56},"end":{"line":116,"column":64}}]},"8":{"type":"branch","line":117,"loc":{"start":{"line":117,"column":58},"end":{"line":117,"column":67}},"locations":[{"start":{"line":117,"column":58},"end":{"line":117,"column":67}}]},"9":{"type":"branch","line":109,"loc":{"start":{"line":109,"column":35},"end":{"line":109,"column":69}},"locations":[{"start":{"line":109,"column":35},"end":{"line":109,"column":69}}]}},"b":{"0":[6],"1":[30],"2":[9],"3":[9],"4":[6],"5":[6],"6":[15],"7":[12],"8":[12],"9":[72]},"fnMap":{"0":{"name":"ConfigService","decl":{"start":{"line":79,"column":2},"end":{"line":81,"column":3}},"loc":{"start":{"line":79,"column":2},"end":{"line":81,"column":3}},"line":79},"1":{"name":"get","decl":{"start":{"line":83,"column":2},"end":{"line":85,"column":3}},"loc":{"start":{"line":83,"column":2},"end":{"line":85,"column":3}},"line":83},"2":{"name":"update","decl":{"start":{"line":87,"column":2},"end":{"line":90,"column":3}},"loc":{"start":{"line":87,"column":2},"end":{"line":90,"column":3}},"line":87},"3":{"name":"setTheme","decl":{"start":{"line":92,"column":2},"end":{"line":97,"column":3}},"loc":{"start":{"line":92,"column":2},"end":{"line":97,"column":3}},"line":92},"4":{"name":"subscribe","decl":{"start":{"line":99,"column":2},"end":{"line":104,"column":3}},"loc":{"start":{"line":99,"column":2},"end":{"line":104,"column":3}},"line":99},"5":{"name":"merge","decl":{"start":{"line":107,"column":0},"end":{"line":120,"column":1}},"loc":{"start":{"line":107,"column":0},"end":{"line":120,"column":1}},"line":107}},"f":{"0":6,"1":30,"2":9,"3":0,"4":6,"5":15}}
,"/home/claude/work/src/core/language.ts": {"path":"/home/claude/work/src/core/language.ts","all":false,"statementMap":{"0":{"start":{"line":1,"column":0},"end":{"line":1,"column":38}},"1":{"start":{"line":2,"column":0},"end":{"line":2,"column":41}},"2":{"start":{"line":3,"column":0},"end":{"line":3,"column":40}},"3":{"start":{"line":4,"column":0},"end":{"line":4,"column":0}},"4":{"start":{"line":5,"column":0},"end":{"line":5,"column":42}},"5":{"start":{"line":6,"column":0},"end":{"line":6,"column":0}},"6":{"start":{"line":7,"column":0},"end":{"line":7,"column":30}},"7":{"start":{"line":8,"column":0},"end":{"line":8,"column":17}},"8":{"start":{"line":9,"column":0},"end":{"line":9,"column":16}},"9":{"start":{"line":10,"column":0},"end":{"line":10,"column":18}},"10":{"start":{"line":11,"column":0},"end":{"line":11,"column":61}},"11":{"start":{"line":12,"column":0},"end":{"line":12,"column":1}},"12":{"start":{"line":13,"column":0},"end":{"line":13,"column":0}},"13":{"start":{"line":14,"column":0},"end":{"line":14,"column":83}},"14":{"start":{"line":15,"column":0},"end":{"line":15,"column":0}},"15":{"start":{"line":16,"column":0},"end":{"line":16,"column":52}},"16":{"start":{"line":17,"column":0},"end":{"line":17,"column":0}},"17":{"start":{"line":18,"column":0},"end":{"line":18,"column":29}},"18":{"start":{"line":19,"column":0},"end":{"line":19,"column":17}},"19":{"start":{"line":20,"column":0},"end":{"line":20,"column":19}},"20":{"start":{"line":21,"column":0},"end":{"line":21,"column":18}},"21":{"start":{"line":22,"column":0},"end":{"line":22,"column":22}},"22":{"start":{"line":23,"column":0},"end":{"line":23,"column":21}},"23":{"start":{"line":24,"column":0},"end":{"line":24,"column":23}},"24":{"start":{"line":25,"column":0},"end":{"line":25,"column":23}},"25":{"start":{"line":26,"column":0},"end":{"line":26,"column":1}},"26":{"start":{"line":27,"column":0},"end":{"line":27,"column":0}},"27":{"start":{"line":28,"column":0},"end":{"line":28,"column":35}},"28":{"start":{"line":29,"column":0},"end":{"line":29,"column":41}},"29":{"start":{"line":30,"column":0},"end":{"line":30,"column":47}},"30":{"start":{"line":31,"column":0},"end":{"line":31,"column":59}},"31":{"start":{"line":32,"column":0},"end":{"line":32,"column":44}},"32":{"start":{"line":33,"column":0},"end":{"line":33,"column":74}},"33":{"start":{"line":34,"column":0},"end":{"line":34,"column":1}},"34":{"start":{"line":35,"column":0},"end":{"line":35,"column":0}},"35":{"start":{"line":36,"column":0},"end":{"line":36,"column":31}},"36":{"start":{"line":37,"column":0},"end":{"line":37,"column":14}},"37":{"start":{"line":38,"column":0},"end":{"line":38,"column":14}},"38":{"start":{"line":39,"column":0},"end":{"line":39,"column":1}},"39":{"start":{"line":40,"column":0},"end":{"line":40,"column":0}},"40":{"start":{"line":41,"column":0},"end":{"line":41,"column":31}},"41":{"start":{"line":42,"column":0},"end":{"line":42,"column":50}},"42":{"start":{"line":43,"column":0},"end":{"line":43,"column":69}},"43":{"start":{"line":44,"column":0},"end":{"line":44,"column":51}},"44":{"start":{"line":45,"column":0},"end":{"line":45,"column":74}},"45":{"start":{"line":46,"column":0},"end":{"line":46,"column":1}},"46":{"start":{"line":47,"column":0},"end":{"line":47,"column":0}},"47":{"start":{"line":48,"column":0},"end":{"line":48,"column":27}},"48":{"start":{"line":49,"column":0},"end":{"line":49,"column":13}},"49":{"start":{"line":50,"column":0},"end":{"line":50,"column":15}},"50":{"start":{"line":51,"column":0},"end":{"line":51,"column":16}},"51":{"start":{"line":52,"column":0},"end":{"line":52,"column":41}},"52":{"start":{"line":53,"column":0},"end":{"line":53,"column":29}},"53":{"start":{"line":54,"column":0},"end":{"line":54,"column":23}},"54":{"start":{"line":55,"column":0},"end":{"line":55,"column":27}},"55":{"start":{"line":56,"column":0},"end":{"line":56,"column":57}},"56":{"start":{"line":57,"column":0},"end":{"line":57,"column":47}},"57":{"start":{"line":58,"column":0},"end":{"line":58,"column":1}},"58":{"start":{"line":59,"column":0},"end":{"line":59,"column":0}},"59":{"start":{"line":60,"column":0},"end":{"line":60,"column":45}},"60":{"start":{"line":61,"column":0},"end":{"line":61,"column":0}},"61":{"start":{"line":62,"column":0},"end":{"line":62,"column":60}},"62":{"start":{"line":63,"column":0},"end":{"line":63,"column":38}},"63":{"start":{"line":64,"column":0},"end":{"line":64,"column":1}},"64":{"start":{"line":65,"column":0},"end":{"line":65,"column":0}},"65":{"start":{"line":66,"column":0},"end":{"line":66,"column":51}},"66":{"start":{"line":67,"column":0},"end":{"line":67,"column":36}},"67":{"start":{"line":68,"column":0},"end":{"line":68,"column":74}},"68":{"start":{"line":69,"column":0},"end":{"line":69,"column":18}},"69":{"start":{"line":70,"column":0},"end":{"line":70,"column":1}},"70":{"start":{"line":71,"column":0},"end":{"line":71,"column":0}},"71":{"start":{"line":72,"column":0},"end":{"line":72,"column":45}},"72":{"start":{"line":73,"column":0},"end":{"line":73,"column":32}},"73":{"start":{"line":74,"column":0},"end":{"line":74,"column":1}}},"s":{"0":1,"1":1,"2":1,"3":1,"4":1,"5":1,"6":1,"7":1,"8":1,"9":1,"10":1,"11":1,"12":1,"13":1,"14":1,"15":1,"16":1,"17":1,"18":1,"19":1,"20":1,"21":1,"22":1,"23":1,"24":1,"25":1,"26":1,"27":1,"28":1,"29":1,"30":1,"31":1,"32":1,"33":1,"34":1,"35":1,"36":1,"37":1,"38":1,"39":1,"40":1,"41":1,"42":1,"43":1,"44":1,"45":1,"46":1,"47":1,"48":1,"49":1,"50":1,"51":1,"52":1,"53":1,"54":1,"55":1,"56":1,"57":1,"58":1,"59":1,"60":1,"61":15,"62":15,"63":15,"64":1,"65":423,"66":423,"67":423,"68":422,"69":422,"70":1,"71":0,"72":0,"73":0},"branchMap":{"0":{"type":"branch","line":62,"loc":{"start":{"line":62,"column":0},"end":{"line":64,"column":1}},"locations":[{"start":{"line":62,"column":0},"end":{"line":64,"column":1}}]},"1":{"type":"branch","line":66,"loc":{"start":{"line":66,"column":0},"end":{"line":70,"column":1}},"locations":[{"start":{"line":66,"column":0},"end":{"line":70,"column":1}}]},"2":{"type":"branch","line":68,"loc":{"start":{"line":68,"column":17},"end":{"line":68,"column":74}},"locations":[{"start":{"line":68,"column":17},"end":{"line":68,"column":74}}]},"3":{"type":"branch","line":69,"loc":{"start":{"line":69,"column":-1},"end":{"line":70,"column":1}},"locations":[{"start":{"line":69,"column":-1},"end":{"line":70,"column":1}}]}},"b":{"0":[15],"1":[423],"2":[1],"3":[422]},"fnMap":{"0":{"name":"registerLanguage","decl":{"start":{"line":62,"column":0},"end":{"line":64,"column":1}},"loc":{"start":{"line":62,"column":0},"end":{"line":64,"column":1}},"line":62},"1":{"name":"getLanguage","decl":{"start":{"line":66,"column":0},"end":{"line":70,"column":1}},"loc":{"start":{"line":66,"column":0},"end":{"line":70,"column":1}},"line":66},"2":{"name":"listLanguages","decl":{"start":{"line":72,"column":0},"end":{"line":74,"column":1}},"loc":{"start":{"line":72,"column":0},"end":{"line":74,"column":1}},"line":72}},"f":{"0":15,"1":423,"2":0}}
,"/home/claude/work/src/core/scanner.ts": {"path":"/home/claude/work/src/core/scanner.ts","all":false,"statementMap":{"0":{"start":{"line":1,"column":0},"end":{"line":1,"column":33}},"1":{"start":{"line":2,"column":0},"end":{"line":2,"column":0}},"2":{"start":{"line":3,"column":0},"end":{"line":3,"column":78}},"3":{"start":{"line":4,"column":0},"end":{"line":4,"column":0}},"4":{"start":{"line":5,"column":0},"end":{"line":5,"column":87}},"5":{"start":{"line":6,"column":0},"end":{"line":6,"column":57}},"6":{"start":{"line":7,"column":0},"end":{"line":7,"column":53}},"7":{"start":{"line":8,"column":0},"end":{"line":8,"column":10}},"8":{"start":{"line":9,"column":0},"end":{"line":9,"column":3}},"9":{"start":{"line":10,"column":0},"end":{"line":10,"column":13}},"10":{"start":{"line":11,"column":0},"end":{"line":11,"column":1}},"11":{"start":{"line":12,"column":0},"end":{"line":12,"column":0}},"12":{"start":{"line":13,"column":0},"end":{"line":13,"column":65}},"13":{"start":{"line":14,"column":0},"end":{"line":14,"column":18}},"14":{"start":{"line":15,"column":0},"end":{"line":15,"column":76}},"15":{"start":{"line":16,"column":0},"end":{"line":16,"column":27}},"16":{"start":{"line":17,"column":0},"end":{"line":17,"column":1}},"17":{"start":{"line":18,"column":0},"end":{"line":18,"column":0}},"18":{"start":{"line":19,"column":0},"end":{"line":19,"column":89}},"19":{"start":{"line":20,"column":0},"end":{"line":20,"column":28}},"20":{"start":{"line":21,"column":0},"end":{"line":21,"column":75}},"21":{"start":{"line":22,"column":0},"end":{"line":22,"column":0}},"22":{"start":{"line":23,"column":0},"end":{"line":23,"column":16}},"23":{"start":{"line":24,"column":0},"end":{"line":24,"column":33}},"24":{"start":{"line":25,"column":0},"end":{"line":25,"column":0}},"25":{"start":{"line":26,"column":0},"end":{"line":26,"column":47}},"26":{"start":{"line":27,"column":0},"end":{"line":27,"column":32}},"27":{"start":{"line":28,"column":0},"end":{"line":28,"column":24}},"28":{"start":{"line":29,"column":0},"end":{"line":29,"column":18}},"29":{"start":{"line":30,"column":0},"end":{"line":30,"column":15}},"30":{"start":{"line":31,"column":0},"end":{"line":31,"column":5}},"31":{"start":{"line":32,"column":0},"end":{"line":32,"column":31}},"32":{"start":{"line":33,"column":0},"end":{"line":33,"column":37}},"33":{"start":{"line":34,"column":0},"end":{"line":34,"column":13}},"34":{"start":{"line":35,"column":0},"end":{"line":35,"column":3}},"35":{"start":{"line":36,"column":0},"end":{"line":36,"column":0}},"36":{"start":{"line":37,"column":0},"end":{"line":37,"column":56}},"37":{"start":{"line":38,"column":0},"end":{"line":38,"column":1}},"38":{"start":{"line":39,"column":0},"end":{"line":39,"column":0}},"39":{"start":{"line":40,"column":0},"end":{"line":40,"column":101}},"40":{"start":{"line":41,"column":0},"end":{"line":41,"column":65}},"41":{"start":{"line":42,"column":0},"end":{"line":42,"column":33}},"42":{"start":{"line":43,"column":0},"end":{"line":43,"column":34}},"43":{"start":{"line":44,"column":0},"end":{"line":44,"column":34}},"44":{"start":{"line":45,"column":0},"end":{"line":45,"column":18}},"45":{"start":{"line":46,"column":0},"end":{"line":46,"column":15}},"46":{"start":{"line":47,"column":0},"end":{"line":47,"column":5}},"47":{"start":{"line":48,"column":0},"end":{"line":48,"column":90}},"48":{"start":{"line":49,"column":0},"end":{"line":49,"column":13}},"49":{"start":{"line":50,"column":0},"end":{"line":50,"column":3}},"50":{"start":{"line":51,"column":0},"end":{"line":51,"column":14}},"51":{"start":{"line":52,"column":0},"end":{"line":52,"column":1}},"52":{"start":{"line":53,"column":0},"end":{"line":53,"column":0}},"53":{"start":{"line":54,"column":0},"end":{"line":54,"column":63}},"54":{"start":{"line":55,"column":0},"end":{"line":55,"column":40}},"55":{"start":{"line":56,"column":0},"end":{"line":56,"column":61}},"56":{"start":{"line":57,"column":0},"end":{"line":57,"column":1}},"57":{"start":{"line":58,"column":0},"end":{"line":58,"column":0}},"58":{"start":{"line":59,"column":0},"end":{"line":59,"column":64}},"59":{"start":{"line":60,"column":0},"end":{"line":60,"column":50}},"60":{"start":{"line":61,"column":0},"end":{"line":61,"column":19}},"61":{"start":{"line":62,"column":0},"end":{"line":62,"column":1}},"62":{"start":{"line":63,"column":0},"end":{"line":63,"column":0}},"63":{"start":{"line":64,"column":0},"end":{"line":64,"column":67}},"64":{"start":{"line":65,"column":0},"end":{"line":65,"column":68}},"65":{"start":{"line":66,"column":0},"end":{"line":66,"column":1}},"66":{"start":{"line":67,"column":0},"end":{"line":67,"column":0}},"67":{"start":{"line":68,"column":0},"end":{"line":68,"column":85}},"68":{"start":{"line":69,"column":0},"end":{"line":69,"column":106}},"69":{"start":{"line":70,"column":0},"end":{"line":70,"column":1}}},"s":{"0":1,"1":1,"2":1,"3":1,"4":3604,"5":3604,"6":125,"7":45,"8":45,"9":3604,"10":3604,"11":1,"12":413,"13":413,"14":413,"15":413,"16":413,"17":1,"18":14719,"19":14719,"20":14719,"21":6121,"22":6121,"23":6121,"24":6121,"25":14719,"26":91496,"27":91496,"28":2109,"29":2109,"30":2109,"31":91496,"32":86934,"33":89387,"34":89387,"35":6121,"36":14719,"37":14719,"38":1,"39":132508,"40":132508,"41":4655,"42":132452,"43":68224,"44":3031,"45":3031,"46":3031,"47":68224,"48":61490,"49":61490,"50":952,"51":952,"52":1,"53":963,"54":963,"55":963,"56":963,"57":1,"58":54505,"59":54505,"60":54505,"61":54505,"62":1,"63":54505,"64":54505,"65":54505,"66":1,"67":9172,"68":9172,"69":9172},"branchMap":{"0":{"type":"branch","line":5,"loc":{"start":{"line":5,"column":0},"end":{"line":11,"column":1}},"locations":[{"start":{"line":5,"column":0},"end":{"line":11,"column":1}}]},"1":{"type":"branch","line":6,"loc":{"start":{"line":6,"column":28},"end":{"line":6,"column":54}},"locations":[{"start":{"line":6,"column":28},"end":{"line":6,"column":54}}]},"2":{"type":"branch","line":6,"loc":{"start":{"line":6,"column":56},"end":{"line":9,"column":3}},"locations":[{"start":{"line":6,"column":56},"end":{"line":9,"column":3}}]},"3":{"type":"branch","line":7,"loc":{"start":{"line":7,"column":47},"end":{"line":7,"column":53}},"locations":[{"start":{"line":7,"column":47},"end":{"line":7,"column":53}}]},"4":{"type":"branch","line":8,"loc":{"start":{"line":8,"column":-1},"end":{"line":9,"column":3}},"locations":[{"start":{"line":8,"column":-1},"end":{"line":9,"column":3}}]},"5":{"type":"branch","line":13,"loc":{"start":{"line":13,"column":0},"end":{"line":17,"column":1}},"locations":[{"start":{"line":13,"column":0},"end":{"line":17,"column":1}}]},"6":{"type":"branch","line":15,"loc":{"start":{"line":15,"column":26},"end":{"line":15,"column":64}},"locations":[{"start":{"line":15,"column":26},"end":{"line":15,"column":64}}]},"7":{"type":"branch","line":15,"loc":{"start":{"line":15,"column":66},"end":{"line":15,"column":76}},"locations":[{"start":{"line":15,"column":66},"end":{"line":15,"column":76}}]},"8":{"type":"branch","line":19,"loc":{"start":{"line":19,"column":0},"end":{"line":38,"column":1}},"locations":[{"start":{"line":19,"column":0},"end":{"line":38,"column":1}}]},"9":{"type":"branch","line":21,"loc":{"start":{"line":21,"column":63},"end":{"line":21,"column":75}},"locations":[{"start":{"line":21,"column":63},"end":{"line":21,"column":75}}]},"10":{"type":"branch","line":22,"loc":{"start":{"line":22,"column":-1},"end":{"line":26,"column":35}},"locations":[{"start":{"line":22,"column":-1},"end":{"line":26,"column":35}}]},"11":{"type":"branch","line":26,"loc":{"start":{"line":26,"column":31},"end":{"line":26,"column":44}},"locations":[{"start":{"line":26,"column":31},"end":{"line":26,"column":44}}]},"12":{"type":"branch","line":26,"loc":{"start":{"line":26,"column":46},"end":{"line":35,"column":3}},"locations":[{"start":{"line":26,"column":46},"end":{"line":35,"column":3}}]},"13":{"type":"branch","line":28,"loc":{"start":{"line":28,"column":23},"end":{"line":31,"column":5}},"locations":[{"start":{"line":28,"column":23},"end":{"line":31,"column":5}}]},"14":{"type":"branch","line":32,"loc":{"start":{"line":32,"column":-1},"end":{"line":32,"column":28}},"locations":[{"start":{"line":32,"column":-1},"end":{"line":32,"column":28}}]},"15":{"type":"branch","line":32,"loc":{"start":{"line":32,"column":23},"end":{"line":32,"column":31}},"locations":[{"start":{"line":32,"column":23},"end":{"line":32,"column":31}}]},"16":{"type":"branch","line":33,"loc":{"start":{"line":33,"column":-1},"end":{"line":33,"column":37}},"locations":[{"start":{"line":33,"column":-1},"end":{"line":33,"column":37}}]},"17":{"type":"branch","line":33,"loc":{"start":{"line":33,"column":29},"end":{"line":33,"column":37}},"locations":[{"start":{"line":33,"column":29},"end":{"line":33,"column":37}}]},"18":{"type":"branch","line":34,"loc":{"start":{"line":34,"column":-1},"end":{"line":35,"column":3}},"locations":[{"start":{"line":34,"column":-1},"end":{"line":35,"column":3}}]},"19":{"type":"branch","line":36,"loc":{"start":{"line":36,"column":-1},"end":{"line":37,"column":48}},"locations":[{"start":{"line":36,"column":-1},"end":{"line":37,"column":48}}]},"20":{"type":"branch","line":36,"loc":{"start":{"line":36,"column":-1},"end":{"line":37,"column":21}},"locations":[{"start":{"line":36,"column":-1},"end":{"line":37,"column":21}}]},"21":{"type":"branch","line":37,"loc":{"start":{"line":37,"column":21},"end":{"line":37,"column":48}},"locations":[{"start":{"line":37,"column":21},"end":{"line":37,"column":48}}]},"22":{"type":"branch","line":37,"loc":{"start":{"line":37,"column":49},"end":{"line":37,"column":55}},"locations":[{"start":{"line":37,"column":49},"end":{"line":37,"column":55}}]},"23":{"type":"branch","line":40,"loc":{"start":{"line":40,"column":0},"end":{"line":52,"column":1}},"locations":[{"start":{"line":40,"column":0},"end":{"line":52,"column":1}}]},"24":{"type":"branch","line":41,"loc":{"start":{"line":41,"column":53},"end":{"line":41,"column":65}},"locations":[{"start":{"line":41,"column":53},"end":{"line":41,"column":65}}]},"25":{"type":"branch","line":42,"loc":{"start":{"line":42,"column":-1},"end":{"line":52,"column":1}},"locations":[{"start":{"line":42,"column":-1},"end":{"line":52,"column":1}}]},"26":{"type":"branch","line":42,"loc":{"start":{"line":42,"column":-1},"end":{"line":43,"column":33}},"locations":[{"start":{"line":42,"column":-1},"end":{"line":43,"column":33}}]},"27":{"type":"branch","line":43,"loc":{"start":{"line":43,"column":33},"end":{"line":50,"column":3}},"locations":[{"start":{"line":43,"column":33},"end":{"line":50,"column":3}}]},"28":{"type":"branch","line":44,"loc":{"start":{"line":44,"column":33},"end":{"line":47,"column":5}},"locations":[{"start":{"line":44,"column":33},"end":{"line":47,"column":5}}]},"29":{"type":"branch","line":48,"loc":{"start":{"line":48,"column":-1},"end":{"line":48,"column":49}},"locations":[{"start":{"line":48,"column":-1},"end":{"line":48,"column":49}}]},"30":{"type":"branch","line":48,"loc":{"start":{"line":48,"column":42},"end":{"line":48,"column":90}},"locations":[{"start":{"line":48,"column":42},"end":{"line":48,"column":90}}]},"31":{"type":"branch","line":49,"loc":{"start":{"line":49,"column":-1},"end":{"line":50,"column":3}},"locations":[{"start":{"line":49,"column":-1},"end":{"line":50,"column":3}}]},"32":{"type":"branch","line":51,"loc":{"start":{"line":51,"column":-1},"end":{"line":52,"column":1}},"locations":[{"start":{"line":51,"column":-1},"end":{"line":52,"column":1}}]},"33":{"type":"branch","line":54,"loc":{"start":{"line":54,"column":0},"end":{"line":57,"column":1}},"locations":[{"start":{"line":54,"column":0},"end":{"line":57,"column":1}}]},"34":{"type":"branch","line":56,"loc":{"start":{"line":56,"column":37},"end":{"line":56,"column":52}},"locations":[{"start":{"line":56,"column":37},"end":{"line":56,"column":52}}]},"35":{"type":"branch","line":56,"loc":{"start":{"line":56,"column":53},"end":{"line":56,"column":58}},"locations":[{"start":{"line":56,"column":53},"end":{"line":56,"column":58}}]},"36":{"type":"branch","line":59,"loc":{"start":{"line":59,"column":0},"end":{"line":62,"column":1}},"locations":[{"start":{"line":59,"column":0},"end":{"line":62,"column":1}}]},"37":{"type":"branch","line":64,"loc":{"start":{"line":64,"column":0},"end":{"line":66,"column":1}},"locations":[{"start":{"line":64,"column":0},"end":{"line":66,"column":1}}]},"38":{"type":"branch","line":68,"loc":{"start":{"line":68,"column":0},"end":{"line":70,"column":1}},"locations":[{"start":{"line":68,"column":0},"end":{"line":70,"column":1}}]}},"b":{"0":[3604],"1":[3518],"2":[125],"3":[80],"4":[45],"5":[413],"6":[386],"7":[8],"8":[14719],"9":[8598],"10":[6121],"11":[96571],"12":[91496],"13":[2109],"14":[89387],"15":[2453],"16":[86934],"17":[7798],"18":[89387],"19":[14496],"20":[6121],"21":[5474],"22":[647],"23":[132508],"24":[127853],"25":[132452],"26":[4655],"27":[68224],"28":[3031],"29":[65193],"30":[3703],"31":[61490],"32":[952],"33":[963],"34":[86],"35":[877],"36":[54505],"37":[54505],"38":[9172]},"fnMap":{"0":{"name":"skipSpace","decl":{"start":{"line":5,"column":0},"end":{"line":11,"column":1}},"loc":{"start":{"line":5,"column":0},"end":{"line":11,"column":1}},"line":5},"1":{"name":"isEscaped","decl":{"start":{"line":13,"column":0},"end":{"line":17,"column":1}},"loc":{"start":{"line":13,"column":0},"end":{"line":17,"column":1}},"line":13},"2":{"name":"matchDelimited","decl":{"start":{"line":19,"column":0},"end":{"line":38,"column":1}},"loc":{"start":{"line":19,"column":0},"end":{"line":38,"column":1}},"line":19},"3":{"name":"matchFenced","decl":{"start":{"line":40,"column":0},"end":{"line":52,"column":1}},"loc":{"start":{"line":40,"column":0},"end":{"line":52,"column":1}},"line":40},"4":{"name":"matchLine","decl":{"start":{"line":54,"column":0},"end":{"line":57,"column":1}},"loc":{"start":{"line":54,"column":0},"end":{"line":57,"column":1}},"line":54},"5":{"name":"lineStart","decl":{"start":{"line":59,"column":0},"end":{"line":62,"column":1}},"loc":{"start":{"line":59,"column":0},"end":{"line":62,"column":1}},"line":59},"6":{"name":"atLineStart","decl":{"start":{"line":64,"column":0},"end":{"line":66,"column":1}},"loc":{"start":{"line":64,"column":0},"end":{"line":66,"column":1}},"line":64},"7":{"name":"inner","decl":{"start":{"line":68,"column":0},"end":{"line":70,"column":1}},"loc":{"start":{"line":68,"column":0},"end":{"line":70,"column":1}},"line":68}},"f":{"0":3604,"1":413,"2":14719,"3":132508,"4":963,"5":54505,"6":54505,"7":9172}}
,"/home/claude/work/src/core/scope.ts": {"path":"/home/claude/work/src/core/scope.ts","all":false,"statementMap":{"0":{"start":{"line":1,"column":0},"end":{"line":1,"column":48}},"1":{"start":{"line":2,"column":0},"end":{"line":2,"column":38}},"2":{"start":{"line":3,"column":0},"end":{"line":3,"column":40}},"3":{"start":{"line":4,"column":0},"end":{"line":4,"column":33}},"4":{"start":{"line":5,"column":0},"end":{"line":5,"column":0}},"5":{"start":{"line":6,"column":0},"end":{"line":6,"column":30}},"6":{"start":{"line":7,"column":0},"end":{"line":7,"column":19}},"7":{"start":{"line":8,"column":0},"end":{"line":8,"column":19}},"8":{"start":{"line":9,"column":0},"end":{"line":9,"column":16}},"9":{"start":{"line":10,"column":0},"end":{"line":10,"column":16}},"10":{"start":{"line":11,"column":0},"end":{"line":11,"column":1}},"11":{"start":{"line":12,"column":0},"end":{"line":12,"column":0}},"12":{"start":{"line":13,"column":0},"end":{"line":13,"column":75}},"13":{"start":{"line":14,"column":0},"end":{"line":14,"column":0}},"14":{"start":{"line":15,"column":0},"end":{"line":15,"column":91}},"15":{"start":{"line":16,"column":0},"end":{"line":16,"column":72}},"16":{"start":{"line":17,"column":0},"end":{"line":17,"column":64}},"17":{"start":{"line":18,"column":0},"end":{"line":18,"column":46}},"18":{"start":{"line":19,"column":0},"end":{"line":19,"column":0}},"19":{"start":{"line":20,"column":0},"end":{"line":20,"column":38}},"20":{"start":{"line":21,"column":0},"end":{"line":21,"column":31}},"21":{"start":{"line":22,"column":0},"end":{"line":22,"column":55}},"22":{"start":{"line":23,"column":0},"end":{"line":23,"column":0}},"23":{"start":{"line":24,"column":0},"end":{"line":24,"column":35}},"24":{"start":{"line":25,"column":0},"end":{"line":25,"column":29}},"25":{"start":{"line":26,"column":0},"end":{"line":26,"column":28}},"26":{"start":{"line":27,"column":0},"end":{"line":27,"column":7}},"27":{"start":{"line":28,"column":0},"end":{"line":28,"column":82}},"28":{"start":{"line":29,"column":0},"end":{"line":29,"column":29}},"29":{"start":{"line":30,"column":0},"end":{"line":30,"column":28}},"30":{"start":{"line":31,"column":0},"end":{"line":31,"column":7}},"31":{"start":{"line":32,"column":0},"end":{"line":32,"column":0}},"32":{"start":{"line":33,"column":0},"end":{"line":33,"column":50}},"33":{"start":{"line":34,"column":0},"end":{"line":34,"column":5}},"34":{"start":{"line":35,"column":0},"end":{"line":35,"column":4}},"35":{"start":{"line":36,"column":0},"end":{"line":36,"column":0}},"36":{"start":{"line":37,"column":0},"end":{"line":37,"column":18}},"37":{"start":{"line":38,"column":0},"end":{"line":38,"column":15}},"38":{"start":{"line":39,"column":0},"end":{"line":39,"column":1}}},"s":{"0":1,"1":1,"2":1,"3":1,"4":1,"5":1,"6":1,"7":1,"8":1,"9":1,"10":1,"11":1,"12":1,"13":1,"14":15,"15":15,"16":15,"17":15,"18":15,"19":15,"20":16,"21":18,"22":16,"23":18,"24":11,"25":11,"26":11,"27":18,"28":1,"29":1,"30":1,"31":16,"32":18,"33":18,"34":15,"35":15,"36":15,"37":15,"38":15},"branchMap":{"0":{"type":"branch","line":15,"loc":{"start":{"line":15,"column":0},"end":{"line":39,"column":1}},"locations":[{"start":{"line":15,"column":0},"end":{"line":39,"column":1}}]},"1":{"type":"branch","line":18,"loc":{"start":{"line":18,"column":39},"end":{"line":18,"column":45}},"locations":[{"start":{"line":18,"column":39},"end":{"line":18,"column":45}}]},"2":{"type":"branch","line":20,"loc":{"start":{"line":20,"column":18},"end":{"line":35,"column":3}},"locations":[{"start":{"line":20,"column":18},"end":{"line":35,"column":3}}]},"3":{"type":"branch","line":21,"loc":{"start":{"line":21,"column":30},"end":{"line":34,"column":5}},"locations":[{"start":{"line":21,"column":30},"end":{"line":34,"column":5}}]},"4":{"type":"branch","line":22,"loc":{"start":{"line":22,"column":26},"end":{"line":22,"column":44}},"locations":[{"start":{"line":22,"column":26},"end":{"line":22,"column":44}}]},"5":{"type":"branch","line":22,"loc":{"start":{"line":22,"column":46},"end":{"line":22,"column":55}},"locations":[{"start":{"line":22,"column":46},"end":{"line":22,"column":55}}]},"6":{"type":"branch","line":23,"loc":{"start":{"line":23,"column":-1},"end":{"line":24,"column":34}},"locations":[{"start":{"line":23,"column":-1},"end":{"line":24,"column":34}}]},"7":{"type":"branch","line":24,"loc":{"start":{"line":24,"column":34},"end":{"line":27,"column":7}},"locations":[{"start":{"line":24,"column":34},"end":{"line":27,"column":7}}]},"8":{"type":"branch","line":28,"loc":{"start":{"line":28,"column":-1},"end":{"line":28,"column":38}},"locations":[{"start":{"line":28,"column":-1},"end":{"line":28,"column":38}}]},"9":{"type":"branch","line":28,"loc":{"start":{"line":28,"column":34},"end":{"line":28,"column":48}},"locations":[{"start":{"line":28,"column":34},"end":{"line":28,"column":48}}]},"10":{"type":"branch","line":28,"loc":{"start":{"line":28,"column":48},"end":{"line":28,"column":79}},"locations":[{"start":{"line":28,"column":48},"end":{"line":28,"column":79}}]},"11":{"type":"branch","line":28,"loc":{"start":{"line":28,"column":81},"end":{"line":31,"column":7}},"locations":[{"start":{"line":28,"column":81},"end":{"line":31,"column":7}}]},"12":{"type":"branch","line":32,"loc":{"start":{"line":32,"column":-1},"end":{"line":33,"column":33}},"locations":[{"start":{"line":32,"column":-1},"end":{"line":33,"column":33}}]},"13":{"type":"branch","line":33,"loc":{"start":{"line":33,"column":26},"end":{"line":33,"column":50}},"locations":[{"start":{"line":33,"column":26},"end":{"line":33,"column":50}}]}},"b":{"0":[15],"1":[0],"2":[16],"3":[18],"4":[17],"5":[2],"6":[16],"7":[11],"8":[16],"9":[1],"10":[1],"11":[1],"12":[16],"13":[1]},"fnMap":{"0":{"name":"scopeAt","decl":{"start":{"line":15,"column":0},"end":{"line":39,"column":1}},"loc":{"start":{"line":15,"column":0},"end":{"line":39,"column":1}},"line":15},"1":{"name":"descend","decl":{"start":{"line":20,"column":18},"end":{"line":35,"column":3}},"loc":{"start":{"line":20,"column":18},"end":{"line":35,"column":3}},"line":20}},"f":{"0":15,"1":16}}
,"/home/claude/work/src/core/tokenizer.ts": {"path":"/home/claude/work/src/core/tokenizer.ts","all":false,"statementMap":{"0":{"start":{"line":1,"column":0},"end":{"line":1,"column":62}},"1":{"start":{"line":2,"column":0},"end":{"line":2,"column":33}},"2":{"start":{"line":3,"column":0},"end":{"line":3,"column":0}},"3":{"start":{"line":4,"column":0},"end":{"line":4,"column":34}},"4":{"start":{"line":5,"column":0},"end":{"line":5,"column":20}},"5":{"start":{"line":6,"column":0},"end":{"line":6,"column":1}},"6":{"start":{"line":7,"column":0},"end":{"line":7,"column":0}},"7":{"start":{"line":8,"column":0},"end":{"line":8,"column":29}},"8":{"start":{"line":9,"column":0},"end":{"line":9,"column":0}},"9":{"start":{"line":10,"column":0},"end":{"line":10,"column":24}},"10":{"start":{"line":11,"column":0},"end":{"line":11,"column":29}},"11":{"start":{"line":12,"column":0},"end":{"line":12,"column":27}},"12":{"start":{"line":13,"column":0},"end":{"line":13,"column":0}},"13":{"start":{"line":14,"column":0},"end":{"line":14,"column":66}},"14":{"start":{"line":15,"column":0},"end":{"line":15,"column":29}},"15":{"start":{"line":16,"column":0},"end":{"line":16,"column":58}},"16":{"start":{"line":17,"column":0},"end":{"line":17,"column":3}},"17":{"start":{"line":18,"column":0},"end":{"line":18,"column":0}},"18":{"start":{"line":19,"column":0},"end":{"line":19,"column":95}},"19":{"start":{"line":20,"column":0},"end":{"line":20,"column":47}},"20":{"start":{"line":21,"column":0},"end":{"line":21,"column":3}},"21":{"start":{"line":22,"column":0},"end":{"line":22,"column":0}},"22":{"start":{"line":23,"column":0},"end":{"line":23,"column":98}},"23":{"start":{"line":24,"column":0},"end":{"line":24,"column":31}},"24":{"start":{"line":25,"column":0},"end":{"line":25,"column":59}},"25":{"start":{"line":26,"column":0},"end":{"line":26,"column":0}},"26":{"start":{"line":27,"column":0},"end":{"line":27,"column":34}},"27":{"start":{"line":28,"column":0},"end":{"line":28,"column":13}},"28":{"start":{"line":29,"column":0},"end":{"line":29,"column":23}},"29":{"start":{"line":30,"column":0},"end":{"line":30,"column":11}},"30":{"start":{"line":31,"column":0},"end":{"line":31,"column":47}},"31":{"start":{"line":32,"column":0},"end":{"line":32,"column":74}},"32":{"start":{"line":33,"column":0},"end":{"line":33,"column":6}},"33":{"start":{"line":34,"column":0},"end":{"line":34,"column":0}},"34":{"start":{"line":35,"column":0},"end":{"line":35,"column":19}},"35":{"start":{"line":36,"column":0},"end":{"line":36,"column":24}},"36":{"start":{"line":37,"column":0},"end":{"line":37,"column":0}},"37":{"start":{"line":38,"column":0},"end":{"line":38,"column":40}},"38":{"start":{"line":39,"column":0},"end":{"line":39,"column":81}},"39":{"start":{"line":40,"column":0},"end":{"line":40,"column":6}},"40":{"start":{"line":41,"column":0},"end":{"line":41,"column":0}},"41":{"start":{"line":42,"column":0},"end":{"line":42,"column":22}},"42":{"start":{"line":43,"column":0},"end":{"line":43,"column":59}},"43":{"start":{"line":44,"column":0},"end":{"line":44,"column":0}},"44":{"start":{"line":45,"column":0},"end":{"line":45,"column":19}},"45":{"start":{"line":46,"column":0},"end":{"line":46,"column":14}},"46":{"start":{"line":47,"column":0},"end":{"line":47,"column":17}},"47":{"start":{"line":48,"column":0},"end":{"line":48,"column":7}},"48":{"start":{"line":49,"column":0},"end":{"line":49,"column":0}},"49":{"start":{"line":50,"column":0},"end":{"line":50,"column":28}},"50":{"start":{"line":51,"column":0},"end":{"line":51,"column":25}},"51":{"start":{"line":52,"column":0},"end":{"line":52,"column":21}},"52":{"start":{"line":53,"column":0},"end":{"line":53,"column":21}},"53":{"start":{"line":54,"column":0},"end":{"line":54,"column":5}},"54":{"start":{"line":55,"column":0},"end":{"line":55,"column":0}},"55":{"start":{"line":56,"column":0},"end":{"line":56,"column":18}},"56":{"start":{"line":57,"column":0},"end":{"line":57,"column":18}},"57":{"start":{"line":58,"column":0},"end":{"line":58,"column":3}},"58":{"start":{"line":59,"column":0},"end":{"line":59,"column":0}},"59":{"start":{"line":60,"column":0},"end":{"line":60,"column":99}},"60":{"start":{"line":61,"column":0},"end":{"line":61,"column":45}},"61":{"start":{"line":62,"column":0},"end":{"line":62,"column":47}},"62":{"start":{"line":63,"column":0},"end":{"line":63,"column":27}},"63":{"start":{"line":64,"column":0},"end":{"line":64,"column":63}},"64":{"start":{"line":65,"column":0},"end":{"line":65,"column":19}},"65":{"start":{"line":66,"column":0},"end":{"line":66,"column":5}},"66":{"start":{"line":67,"column":0},"end":{"line":67,"column":16}},"67":{"start":{"line":68,"column":0},"end":{"line":68,"column":3}},"68":{"start":{"line":69,"column":0},"end":{"line":69,"column":1}}},"s":{"0":1,"1":1,"2":1,"3":1,"4":1,"5":1,"6":1,"7":1,"8":1,"9":1,"10":1,"11":1,"12":1,"13":1,"14":2873,"15":2873,"16":2873,"17":1,"18":1,"19":2873,"20":2873,"21":1,"22":1,"23":7710,"24":7710,"25":7689,"26":7689,"27":7689,"28":7689,"29":7689,"30":7689,"31":4837,"32":7689,"33":7689,"34":7689,"35":7689,"36":7689,"37":7689,"38":27200,"39":7689,"40":7689,"41":7710,"42":154507,"43":154507,"44":154507,"45":134996,"46":134996,"47":134996,"48":19511,"49":19511,"50":19511,"51":19511,"52":19511,"53":19511,"54":7689,"55":7689,"56":7689,"57":7689,"58":1,"59":1,"60":154507,"61":1439513,"62":1439513,"63":1439513,"64":19511,"65":19511,"66":134996,"67":134996,"68":1},"branchMap":{"0":{"type":"branch","line":14,"loc":{"start":{"line":14,"column":2},"end":{"line":17,"column":3}},"locations":[{"start":{"line":14,"column":2},"end":{"line":17,"column":3}}]},"1":{"type":"branch","line":16,"loc":{"start":{"line":16,"column":36},"end":{"line":16,"column":57}},"locations":[{"start":{"line":16,"column":36},"end":{"line":16,"column":57}}]},"2":{"type":"branch","line":19,"loc":{"start":{"line":19,"column":2},"end":{"line":21,"column":3}},"locations":[{"start":{"line":19,"column":2},"end":{"line":21,"column":3}}]},"3":{"type":"branch","line":23,"loc":{"start":{"line":23,"column":10},"end":{"line":58,"column":3}},"locations":[{"start":{"line":23,"column":10},"end":{"line":58,"column":3}}]},"4":{"type":"branch","line":25,"loc":{"start":{"line":25,"column":29},"end":{"line":25,"column":43}},"locations":[{"start":{"line":25,"column":29},"end":{"line":25,"column":43}}]},"5":{"type":"branch","line":25,"loc":{"start":{"line":25,"column":45},"end":{"line":25,"column":59}},"locations":[{"start":{"line":25,"column":45},"end":{"line":25,"column":59}}]},"6":{"type":"branch","line":26,"loc":{"start":{"line":26,"column":-1},"end":{"line":42,"column":21}},"locations":[{"start":{"line":26,"column":-1},"end":{"line":42,"column":21}}]},"7":{"type":"branch","line":42,"loc":{"start":{"line":42,"column":21},"end":{"line":54,"column":5}},"locations":[{"start":{"line":42,"column":21},"end":{"line":54,"column":5}}]},"8":{"type":"branch","line":45,"loc":{"start":{"line":45,"column":18},"end":{"line":48,"column":7}},"locations":[{"start":{"line":45,"column":18},"end":{"line":48,"column":7}}]},"9":{"type":"branch","line":49,"loc":{"start":{"line":49,"column":-1},"end":{"line":54,"column":5}},"locations":[{"start":{"line":49,"column":-1},"end":{"line":54,"column":5}}]},"10":{"type":"branch","line":55,"loc":{"start":{"line":55,"column":-1},"end":{"line":58,"column":3}},"locations":[{"start":{"line":55,"column":-1},"end":{"line":58,"column":3}}]},"11":{"type":"branch","line":31,"loc":{"start":{"line":31,"column":13},"end":{"line":32,"column":74}},"locations":[{"start":{"line":31,"column":13},"end":{"line":32,"column":74}}]},"12":{"type":"branch","line":32,"loc":{"start":{"line":32,"column":65},"end":{"line":32,"column":73}},"locations":[{"start":{"line":32,"column":65},"end":{"line":32,"column":73}}]},"13":{"type":"branch","line":38,"loc":{"start":{"line":38,"column":22},"end":{"line":40,"column":5}},"locations":[{"start":{"line":38,"column":22},"end":{"line":40,"column":5}}]},"14":{"type":"branch","line":39,"loc":{"start":{"line":39,"column":26},"end":{"line":39,"column":81}},"locations":[{"start":{"line":39,"column":26},"end":{"line":39,"column":81}}]},"15":{"type":"branch","line":60,"loc":{"start":{"line":60,"column":10},"end":{"line":68,"column":3}},"locations":[{"start":{"line":60,"column":10},"end":{"line":68,"column":3}}]},"16":{"type":"branch","line":61,"loc":{"start":{"line":61,"column":44},"end":{"line":66,"column":5}},"locations":[{"start":{"line":61,"column":44},"end":{"line":66,"column":5}}]},"17":{"type":"branch","line":63,"loc":{"start":{"line":63,"column":18},"end":{"line":63,"column":27}},"locations":[{"start":{"line":63,"column":18},"end":{"line":63,"column":27}}]},"18":{"type":"branch","line":64,"loc":{"start":{"line":64,"column":-1},"end":{"line":64,"column":52}},"locations":[{"start":{"line":64,"column":-1},"end":{"line":64,"column":52}}]},"19":{"type":"branch","line":64,"loc":{"start":{"line":64,"column":54},"end":{"line":64,"column":63}},"locations":[{"start":{"line":64,"column":54},"end":{"line":64,"column":63}}]},"20":{"type":"branch","line":65,"loc":{"start":{"line":65,"column":-1},"end":{"line":66,"column":5}},"locations":[{"start":{"line":65,"column":-1},"end":{"line":66,"column":5}}]},"21":{"type":"branch","line":67,"loc":{"start":{"line":67,"column":-1},"end":{"line":68,"column":3}},"locations":[{"start":{"line":67,"column":-1},"end":{"line":68,"column":3}}]}},"b":{"0":[2873],"1":[2461],"2":[2873],"3":[7710],"4":[7708],"5":[21],"6":[7689],"7":[154507],"8":[134996],"9":[19511],"10":[7689],"11":[4837],"12":[1810],"13":[27200],"14":[13981],"15":[154507],"16":[1439513],"17":[1420000],"18":[19513],"19":[2],"20":[19511],"21":[134996]},"fnMap":{"0":{"name":"Tokenizer","decl":{"start":{"line":14,"column":2},"end":{"line":17,"column":3}},"loc":{"start":{"line":14,"column":2},"end":{"line":17,"column":3}},"line":14},"1":{"name":"tokenize","decl":{"start":{"line":19,"column":2},"end":{"line":21,"column":3}},"loc":{"start":{"line":19,"column":2},"end":{"line":21,"column":3}},"line":19},"2":{"name":"run","decl":{"start":{"line":23,"column":10},"end":{"line":58,"column":3}},"loc":{"start":{"line":23,"column":10},"end":{"line":58,"column":3}},"line":23},"3":{"name":"parse","decl":{"start":{"line":31,"column":13},"end":{"line":32,"column":74}},"loc":{"start":{"line":31,"column":13},"end":{"line":32,"column":74}},"line":31},"4":{"name":"flushText","decl":{"start":{"line":38,"column":22},"end":{"line":40,"column":5}},"loc":{"start":{"line":38,"column":22},"end":{"line":40,"column":5}},"line":38},"5":{"name":"matchAt","decl":{"start":{"line":60,"column":10},"end":{"line":68,"column":3}},"loc":{"start":{"line":60,"column":10},"end":{"line":68,"column":3}},"line":60}},"f":{"0":2873,"1":2873,"2":7710,"3":4837,"4":27200,"5":154507}}
,"/home/claude/work/src/core/tokens.ts": {"path":"/home/claude/work/src/core/tokens.ts","all":false,"statementMap":{"0":{"start":{"line":1,"column":0},"end":{"line":1,"column":23}},"1":{"start":{"line":2,"column":0},"end":{"line":2,"column":10}},"2":{"start":{"line":3,"column":0},"end":{"line":3,"column":11}},"3":{"start":{"line":4,"column":0},"end":{"line":4,"column":13}},"4":{"start":{"line":5,"column":0},"end":{"line":5,"column":10}},"5":{"start":{"line":6,"column":0},"end":{"line":6,"column":13}},"6":{"start":{"line":7,"column":0},"end":{"line":7,"column":15}},"7":{"start":{"line":8,"column":0},"end":{"line":8,"column":10}},"8":{"start":{"line":9,"column":0},"end":{"line":9,"column":13}},"9":{"start":{"line":10,"column":0},"end":{"line":10,"column":11}},"10":{"start":{"line":11,"column":0},"end":{"line":11,"column":10}},"11":{"start":{"line":12,"column":0},"end":{"line":12,"column":0}},"12":{"start":{"line":13,"column":0},"end":{"line":13,"column":24}},"13":{"start":{"line":14,"column":0},"end":{"line":14,"column":15}},"14":{"start":{"line":15,"column":0},"end":{"line":15,"column":13}},"15":{"start":{"line":16,"column":0},"end":{"line":16,"column":1}},"16":{"start":{"line":17,"column":0},"end":{"line":17,"column":0}},"17":{"start":{"line":18,"column":0},"end":{"line":18,"column":38}},"18":{"start":{"line":19,"column":0},"end":{"line":19,"column":18}},"19":{"start":{"line":20,"column":0},"end":{"line":20,"column":16}},"20":{"start":{"line":21,"column":0},"end":{"line":21,"column":17}},"21":{"start":{"line":22,"column":0},"end":{"line":22,"column":20}},"22":{"start":{"line":23,"column":0},"end":{"line":23,"column":15}},"23":{"start":{"line":24,"column":0},"end":{"line":24,"column":17}},"24":{"start":{"line":25,"column":0},"end":{"line":25,"column":21}},"25":{"start":{"line":26,"column":0},"end":{"line":26,"column":32}},"26":{"start":{"line":27,"column":0},"end":{"line":27,"column":1}},"27":{"start":{"line":28,"column":0},"end":{"line":28,"column":0}},"28":{"start":{"line":29,"column":0},"end":{"line":29,"column":62}},"29":{"start":{"line":30,"column":0},"end":{"line":30,"column":44}},"30":{"start":{"line":31,"column":0},"end":{"line":31,"column":1}},"31":{"start":{"line":32,"column":0},"end":{"line":32,"column":0}},"32":{"start":{"line":33,"column":0},"end":{"line":33,"column":102}},"33":{"start":{"line":34,"column":0},"end":{"line":34,"column":31}},"34":{"start":{"line":35,"column":0},"end":{"line":35,"column":24}},"35":{"start":{"line":36,"column":0},"end":{"line":36,"column":63}},"36":{"start":{"line":37,"column":0},"end":{"line":37,"column":3}},"37":{"start":{"line":38,"column":0},"end":{"line":38,"column":1}},"38":{"start":{"line":39,"column":0},"end":{"line":39,"column":0}},"39":{"start":{"line":40,"column":0},"end":{"line":40,"column":69}},"40":{"start":{"line":41,"column":0},"end":{"line":41,"column":31}},"41":{"start":{"line":42,"column":0},"end":{"line":42,"column":53}},"42":{"start":{"line":43,"column":0},"end":{"line":43,"column":69}},"43":{"start":{"line":44,"column":0},"end":{"line":44,"column":3}},"44":{"start":{"line":45,"column":0},"end":{"line":45,"column":14}},"45":{"start":{"line":46,"column":0},"end":{"line":46,"column":1}}},"s":{"0":1,"1":1,"2":1,"3":1,"4":1,"5":1,"6":1,"7":1,"8":1,"9":1,"10":1,"11":1,"12":1,"13":1,"14":1,"15":1,"16":1,"17":1,"18":1,"19":1,"20":1,"21":1,"22":1,"23":1,"24":1,"25":1,"26":1,"27":1,"28":859,"29":859,"30":859,"31":1,"32":45,"33":45,"34":79,"35":79,"36":79,"37":45,"38":1,"39":2,"40":2,"41":3,"42":3,"43":3,"44":0,"45":0},"branchMap":{"0":{"type":"branch","line":29,"loc":{"start":{"line":29,"column":0},"end":{"line":31,"column":1}},"locations":[{"start":{"line":29,"column":0},"end":{"line":31,"column":1}}]},"1":{"type":"branch","line":33,"loc":{"start":{"line":33,"column":0},"end":{"line":38,"column":1}},"locations":[{"start":{"line":33,"column":0},"end":{"line":38,"column":1}}]},"2":{"type":"branch","line":34,"loc":{"start":{"line":34,"column":30},"end":{"line":37,"column":3}},"locations":[{"start":{"line":34,"column":30},"end":{"line":37,"column":3}}]},"3":{"type":"branch","line":36,"loc":{"start":{"line":36,"column":24},"end":{"line":36,"column":63}},"locations":[{"start":{"line":36,"column":24},"end":{"line":36,"column":63}}]},"4":{"type":"branch","line":40,"loc":{"start":{"line":40,"column":0},"end":{"line":46,"column":1}},"locations":[{"start":{"line":40,"column":0},"end":{"line":46,"column":1}}]},"5":{"type":"branch","line":41,"loc":{"start":{"line":41,"column":30},"end":{"line":44,"column":3}},"locations":[{"start":{"line":41,"column":30},"end":{"line":44,"column":3}}]},"6":{"type":"branch","line":42,"loc":{"start":{"line":42,"column":44},"end":{"line":42,"column":53}},"locations":[{"start":{"line":42,"column":44},"end":{"line":42,"column":53}}]},"7":{"type":"branch","line":43,"loc":{"start":{"line":43,"column":-1},"end":{"line":43,"column":30}},"locations":[{"start":{"line":43,"column":-1},"end":{"line":43,"column":30}}]},"8":{"type":"branch","line":43,"loc":{"start":{"line":43,"column":26},"end":{"line":43,"column":58}},"locations":[{"start":{"line":43,"column":26},"end":{"line":43,"column":58}}]},"9":{"type":"branch","line":43,"loc":{"start":{"line":43,"column":59},"end":{"line":43,"column":68}},"locations":[{"start":{"line":43,"column":59},"end":{"line":43,"column":68}}]},"10":{"type":"branch","line":45,"loc":{"start":{"line":45,"column":-1},"end":{"line":46,"column":1}},"locations":[{"start":{"line":45,"column":-1},"end":{"line":46,"column":1}}]}},"b":{"0":[859],"1":[45],"2":[79],"3":[34],"4":[2],"5":[3],"6":[1],"7":[2],"8":[1],"9":[1],"10":[0]},"fnMap":{"0":{"name":"textOf","decl":{"start":{"line":29,"column":0},"end":{"line":31,"column":1}},"loc":{"start":{"line":29,"column":0},"end":{"line":31,"column":1}},"line":29},"1":{"name":"walk","decl":{"start":{"line":33,"column":0},"end":{"line":38,"column":1}},"loc":{"start":{"line":33,"column":0},"end":{"line":38,"column":1}},"line":33},"2":{"name":"tokenAt","decl":{"start":{"line":40,"column":0},"end":{"line":46,"column":1}},"loc":{"start":{"line":40,"column":0},"end":{"line":46,"column":1}},"line":40}},"f":{"0":859,"1":45,"2":2}}
,"/home/claude/work/src/core/toolbar.ts": {"path":"/home/claude/work/src/core/toolbar.ts","all":false,"statementMap":{"0":{"start":{"line":1,"column":0},"end":{"line":1,"column":46}},"1":{"start":{"line":2,"column":0},"end":{"line":2,"column":38}},"2":{"start":{"line":3,"column":0},"end":{"line":3,"column":47}},"3":{"start":{"line":4,"column":0},"end":{"line":4,"column":0}},"4":{"start":{"line":5,"column":0},"end":{"line":5,"column":30}},"5":{"start":{"line":6,"column":0},"end":{"line":6,"column":14}},"6":{"start":{"line":7,"column":0},"end":{"line":7,"column":16}},"7":{"start":{"line":8,"column":0},"end":{"line":8,"column":16}},"8":{"start":{"line":9,"column":0},"end":{"line":9,"column":41}},"9":{"start":{"line":10,"column":0},"end":{"line":10,"column":1}},"10":{"start":{"line":11,"column":0},"end":{"line":11,"column":0}},"11":{"start":{"line":12,"column":0},"end":{"line":12,"column":31}},"12":{"start":{"line":13,"column":0},"end":{"line":13,"column":16}},"13":{"start":{"line":14,"column":0},"end":{"line":14,"column":1}},"14":{"start":{"line":15,"column":0},"end":{"line":15,"column":0}},"15":{"start":{"line":16,"column":0},"end":{"line":16,"column":31}},"16":{"start":{"line":17,"column":0},"end":{"line":17,"column":16}},"17":{"start":{"line":18,"column":0},"end":{"line":18,"column":1}},"18":{"start":{"line":19,"column":0},"end":{"line":19,"column":0}},"19":{"start":{"line":20,"column":0},"end":{"line":20,"column":69}},"20":{"start":{"line":21,"column":0},"end":{"line":21,"column":0}},"21":{"start":{"line":22,"column":0},"end":{"line":22,"column":53}},"22":{"start":{"line":23,"column":0},"end":{"line":23,"column":53}},"23":{"start":{"line":24,"column":0},"end":{"line":24,"column":0}},"24":{"start":{"line":25,"column":0},"end":{"line":25,"column":97}},"25":{"start":{"line":26,"column":0},"end":{"line":26,"column":0}},"26":{"start":{"line":27,"column":0},"end":{"line":27,"column":89}},"27":{"start":{"line":28,"column":0},"end":{"line":28,"column":42}},"28":{"start":{"line":29,"column":0},"end":{"line":29,"column":68}},"29":{"start":{"line":30,"column":0},"end":{"line":30,"column":0}},"30":{"start":{"line":31,"column":0},"end":{"line":31,"column":17}},"31":{"start":{"line":32,"column":0},"end":{"line":32,"column":88}},"32":{"start":{"line":33,"column":0},"end":{"line":33,"column":105}},"33":{"start":{"line":34,"column":0},"end":{"line":34,"column":5}},"34":{"start":{"line":35,"column":0},"end":{"line":35,"column":0}},"35":{"start":{"line":36,"column":0},"end":{"line":36,"column":15}},"36":{"start":{"line":37,"column":0},"end":{"line":37,"column":14}},"37":{"start":{"line":38,"column":0},"end":{"line":38,"column":1}},"38":{"start":{"line":39,"column":0},"end":{"line":39,"column":0}},"39":{"start":{"line":40,"column":0},"end":{"line":40,"column":87}},"40":{"start":{"line":41,"column":0},"end":{"line":41,"column":42}},"41":{"start":{"line":42,"column":0},"end":{"line":42,"column":0}},"42":{"start":{"line":43,"column":0},"end":{"line":43,"column":17}},"43":{"start":{"line":44,"column":0},"end":{"line":44,"column":62}},"44":{"start":{"line":45,"column":0},"end":{"line":45,"column":66}},"45":{"start":{"line":46,"column":0},"end":{"line":46,"column":5}},"46":{"start":{"line":47,"column":0},"end":{"line":47,"column":0}},"47":{"start":{"line":48,"column":0},"end":{"line":48,"column":15}},"48":{"start":{"line":49,"column":0},"end":{"line":49,"column":14}},"49":{"start":{"line":50,"column":0},"end":{"line":50,"column":1}},"50":{"start":{"line":51,"column":0},"end":{"line":51,"column":0}},"51":{"start":{"line":52,"column":0},"end":{"line":52,"column":70}},"52":{"start":{"line":53,"column":0},"end":{"line":53,"column":42}},"53":{"start":{"line":54,"column":0},"end":{"line":54,"column":49}},"54":{"start":{"line":55,"column":0},"end":{"line":55,"column":0}},"55":{"start":{"line":56,"column":0},"end":{"line":56,"column":51}},"56":{"start":{"line":57,"column":0},"end":{"line":57,"column":54}},"57":{"start":{"line":58,"column":0},"end":{"line":58,"column":41}},"58":{"start":{"line":59,"column":0},"end":{"line":59,"column":3}},"59":{"start":{"line":60,"column":0},"end":{"line":60,"column":0}},"60":{"start":{"line":61,"column":0},"end":{"line":61,"column":32}},"61":{"start":{"line":62,"column":0},"end":{"line":62,"column":1}},"62":{"start":{"line":63,"column":0},"end":{"line":63,"column":0}},"63":{"start":{"line":64,"column":0},"end":{"line":64,"column":101}},"64":{"start":{"line":65,"column":0},"end":{"line":65,"column":44}},"65":{"start":{"line":66,"column":0},"end":{"line":66,"column":25}},"66":{"start":{"line":67,"column":0},"end":{"line":67,"column":0}},"67":{"start":{"line":68,"column":0},"end":{"line":68,"column":10}},"68":{"start":{"line":69,"column":0},"end":{"line":69,"column":34}},"69":{"start":{"line":70,"column":0},"end":{"line":70,"column":10}},"70":{"start":{"line":71,"column":0},"end":{"line":71,"column":58}},"71":{"start":{"line":72,"column":0},"end":{"line":72,"column":4}},"72":{"start":{"line":73,"column":0},"end":{"line":73,"column":1}},"73":{"start":{"line":74,"column":0},"end":{"line":74,"column":0}},"74":{"start":{"line":75,"column":0},"end":{"line":75,"column":83}},"75":{"start":{"line":76,"column":0},"end":{"line":76,"column":10}},"76":{"start":{"line":77,"column":0},"end":{"line":77,"column":42}},"77":{"start":{"line":78,"column":0},"end":{"line":78,"column":23}},"78":{"start":{"line":79,"column":0},"end":{"line":79,"column":22}},"79":{"start":{"line":80,"column":0},"end":{"line":80,"column":46}},"80":{"start":{"line":81,"column":0},"end":{"line":81,"column":72}},"81":{"start":{"line":82,"column":0},"end":{"line":82,"column":88}},"82":{"start":{"line":83,"column":0},"end":{"line":83,"column":5}},"83":{"start":{"line":84,"column":0},"end":{"line":84,"column":4}},"84":{"start":{"line":85,"column":0},"end":{"line":85,"column":1}},"85":{"start":{"line":86,"column":0},"end":{"line":86,"column":0}},"86":{"start":{"line":87,"column":0},"end":{"line":87,"column":92}},"87":{"start":{"line":88,"column":0},"end":{"line":88,"column":10}},"88":{"start":{"line":89,"column":0},"end":{"line":89,"column":39}},"89":{"start":{"line":90,"column":0},"end":{"line":90,"column":42}},"90":{"start":{"line":91,"column":0},"end":{"line":91,"column":22}},"91":{"start":{"line":92,"column":0},"end":{"line":92,"column":46}},"92":{"start":{"line":93,"column":0},"end":{"line":93,"column":72}},"93":{"start":{"line":94,"column":0},"end":{"line":94,"column":82}},"94":{"start":{"line":95,"column":0},"end":{"line":95,"column":94}},"95":{"start":{"line":96,"column":0},"end":{"line":96,"column":5}},"96":{"start":{"line":97,"column":0},"end":{"line":97,"column":4}},"97":{"start":{"line":98,"column":0},"end":{"line":98,"column":1}},"98":{"start":{"line":99,"column":0},"end":{"line":99,"column":0}},"99":{"start":{"line":100,"column":0},"end":{"line":100,"column":86}},"100":{"start":{"line":101,"column":0},"end":{"line":101,"column":10}},"101":{"start":{"line":102,"column":0},"end":{"line":102,"column":32}},"102":{"start":{"line":103,"column":0},"end":{"line":103,"column":15}},"103":{"start":{"line":104,"column":0},"end":{"line":104,"column":75}},"104":{"start":{"line":105,"column":0},"end":{"line":105,"column":4}},"105":{"start":{"line":106,"column":0},"end":{"line":106,"column":1}},"106":{"start":{"line":107,"column":0},"end":{"line":107,"column":0}},"107":{"start":{"line":108,"column":0},"end":{"line":108,"column":110}},"108":{"start":{"line":109,"column":0},"end":{"line":109,"column":10}},"109":{"start":{"line":110,"column":0},"end":{"line":110,"column":40}},"110":{"start":{"line":111,"column":0},"end":{"line":111,"column":39}},"111":{"start":{"line":112,"column":0},"end":{"line":112,"column":22}},"112":{"start":{"line":113,"column":0},"end":{"line":113,"column":46}},"113":{"start":{"line":114,"column":0},"end":{"line":114,"column":72}},"114":{"start":{"line":115,"column":0},"end":{"line":115,"column":78}},"115":{"start":{"line":116,"column":0},"end":{"line":116,"column":5}},"116":{"start":{"line":117,"column":0},"end":{"line":117,"column":4}},"117":{"start":{"line":118,"column":0},"end":{"line":118,"column":1}},"118":{"start":{"line":119,"column":0},"end":{"line":119,"column":0}},"119":{"start":{"line":120,"column":0},"end":{"line":120,"column":91}},"120":{"start":{"line":121,"column":0},"end":{"line":121,"column":57}},"121":{"start":{"line":122,"column":0},"end":{"line":122,"column":0}},"122":{"start":{"line":123,"column":0},"end":{"line":123,"column":121}},"123":{"start":{"line":124,"column":0},"end":{"line":124,"column":39}},"124":{"start":{"line":125,"column":0},"end":{"line":125,"column":10}},"125":{"start":{"line":126,"column":0},"end":{"line":126,"column":67}},"126":{"start":{"line":127,"column":0},"end":{"line":127,"column":5}},"127":{"start":{"line":128,"column":0},"end":{"line":128,"column":0}},"128":{"start":{"line":129,"column":0},"end":{"line":129,"column":10}},"129":{"start":{"line":130,"column":0},"end":{"line":130,"column":10}},"130":{"start":{"line":131,"column":0},"end":{"line":131,"column":87}},"131":{"start":{"line":132,"column":0},"end":{"line":132,"column":90}},"132":{"start":{"line":133,"column":0},"end":{"line":133,"column":46}},"133":{"start":{"line":134,"column":0},"end":{"line":134,"column":52}},"134":{"start":{"line":135,"column":0},"end":{"line":135,"column":7}},"135":{"start":{"line":136,"column":0},"end":{"line":136,"column":10}},"136":{"start":{"line":137,"column":0},"end":{"line":137,"column":94}},"137":{"start":{"line":138,"column":0},"end":{"line":138,"column":97}},"138":{"start":{"line":139,"column":0},"end":{"line":139,"column":46}},"139":{"start":{"line":140,"column":0},"end":{"line":140,"column":76}},"140":{"start":{"line":141,"column":0},"end":{"line":141,"column":6}},"141":{"start":{"line":142,"column":0},"end":{"line":142,"column":4}},"142":{"start":{"line":143,"column":0},"end":{"line":143,"column":1}},"143":{"start":{"line":144,"column":0},"end":{"line":144,"column":0}},"144":{"start":{"line":145,"column":0},"end":{"line":145,"column":88}},"145":{"start":{"line":146,"column":0},"end":{"line":146,"column":55}},"146":{"start":{"line":147,"column":0},"end":{"line":147,"column":0}},"147":{"start":{"line":148,"column":0},"end":{"line":148,"column":69}},"148":{"start":{"line":149,"column":0},"end":{"line":149,"column":67}},"149":{"start":{"line":150,"column":0},"end":{"line":150,"column":58}},"150":{"start":{"line":151,"column":0},"end":{"line":151,"column":0}},"151":{"start":{"line":152,"column":0},"end":{"line":152,"column":53}},"152":{"start":{"line":153,"column":0},"end":{"line":153,"column":67}},"153":{"start":{"line":154,"column":0},"end":{"line":154,"column":58}},"154":{"start":{"line":155,"column":0},"end":{"line":155,"column":0}},"155":{"start":{"line":156,"column":0},"end":{"line":156,"column":10}},"156":{"start":{"line":157,"column":0},"end":{"line":157,"column":14}},"157":{"start":{"line":158,"column":0},"end":{"line":158,"column":10}},"158":{"start":{"line":159,"column":0},"end":{"line":159,"column":35}},"159":{"start":{"line":160,"column":0},"end":{"line":160,"column":35}},"160":{"start":{"line":161,"column":0},"end":{"line":161,"column":35}},"161":{"start":{"line":162,"column":0},"end":{"line":162,"column":10}},"162":{"start":{"line":163,"column":0},"end":{"line":163,"column":12}},"163":{"start":{"line":164,"column":0},"end":{"line":164,"column":10}},"164":{"start":{"line":165,"column":0},"end":{"line":165,"column":39}},"165":{"start":{"line":166,"column":0},"end":{"line":166,"column":39}},"166":{"start":{"line":167,"column":0},"end":{"line":167,"column":30}},"167":{"start":{"line":168,"column":0},"end":{"line":168,"column":41}},"168":{"start":{"line":169,"column":0},"end":{"line":169,"column":4}},"169":{"start":{"line":170,"column":0},"end":{"line":170,"column":1}},"170":{"start":{"line":171,"column":0},"end":{"line":171,"column":0}},"171":{"start":{"line":172,"column":0},"end":{"line":172,"column":45}},"172":{"start":{"line":173,"column":0},"end":{"line":173,"column":12}},"173":{"start":{"line":174,"column":0},"end":{"line":174,"column":14}},"174":{"start":{"line":175,"column":0},"end":{"line":175,"column":17}},"175":{"start":{"line":176,"column":0},"end":{"line":176,"column":14}},"176":{"start":{"line":177,"column":0},"end":{"line":177,"column":18}},"177":{"start":{"line":178,"column":0},"end":{"line":178,"column":20}},"178":{"start":{"line":179,"column":0},"end":{"line":179,"column":20}},"179":{"start":{"line":180,"column":0},"end":{"line":180,"column":12}},"180":{"start":{"line":181,"column":0},"end":{"line":181,"column":2}},"181":{"start":{"line":182,"column":0},"end":{"line":182,"column":0}},"182":{"start":{"line":183,"column":0},"end":{"line":183,"column":48}},"183":{"start":{"line":184,"column":0},"end":{"line":184,"column":51}},"184":{"start":{"line":185,"column":0},"end":{"line":185,"column":1}},"185":{"start":{"line":186,"column":0},"end":{"line":186,"column":0}},"186":{"start":{"line":187,"column":0},"end":{"line":187,"column":19}},"187":{"start":{"line":188,"column":0},"end":{"line":188,"column":19}},"188":{"start":{"line":189,"column":0},"end":{"line":189,"column":21}},"189":{"start":{"line":190,"column":0},"end":{"line":190,"column":70}},"190":{"start":{"line":191,"column":0},"end":{"line":191,"column":12}},"191":{"start":{"line":192,"column":0},"end":{"line":192,"column":33}},"192":{"start":{"line":193,"column":0},"end":{"line":193,"column":37}},"193":{"start":{"line":194,"column":0},"end":{"line":194,"column":0}},"194":{"start":{"line":195,"column":0},"end":{"line":195,"column":43}},"195":{"start":{"line":196,"column":0},"end":{"line":196,"column":78}},"196":{"start":{"line":197,"column":0},"end":{"line":197,"column":33}},"197":{"start":{"line":198,"column":0},"end":{"line":198,"column":0}},"198":{"start":{"line":199,"column":0},"end":{"line":199,"column":81}},"199":{"start":{"line":200,"column":0},"end":{"line":200,"column":24}},"200":{"start":{"line":201,"column":0},"end":{"line":201,"column":0}},"201":{"start":{"line":202,"column":0},"end":{"line":202,"column":51}},"202":{"start":{"line":203,"column":0},"end":{"line":203,"column":19}},"203":{"start":{"line":204,"column":0},"end":{"line":204,"column":0}},"204":{"start":{"line":205,"column":0},"end":{"line":205,"column":62}},"205":{"start":{"line":206,"column":0},"end":{"line":206,"column":17}},"206":{"start":{"line":207,"column":0},"end":{"line":207,"column":14}},"207":{"start":{"line":208,"column":0},"end":{"line":208,"column":29}},"208":{"start":{"line":209,"column":0},"end":{"line":209,"column":25}},"209":{"start":{"line":210,"column":0},"end":{"line":210,"column":57}},"210":{"start":{"line":211,"column":0},"end":{"line":211,"column":5}},"211":{"start":{"line":212,"column":0},"end":{"line":212,"column":5}},"212":{"start":{"line":213,"column":0},"end":{"line":213,"column":0}},"213":{"start":{"line":214,"column":0},"end":{"line":214,"column":15}},"214":{"start":{"line":215,"column":0},"end":{"line":215,"column":14}},"215":{"start":{"line":216,"column":0},"end":{"line":216,"column":1}}},"s":{"0":1,"1":1,"2":1,"3":1,"4":1,"5":1,"6":1,"7":1,"8":1,"9":1,"10":1,"11":1,"12":1,"13":1,"14":1,"15":1,"16":1,"17":1,"18":1,"19":1,"20":1,"21":1,"22":1,"23":1,"24":1,"25":1,"26":2,"27":2,"28":2,"29":2,"30":2,"31":2,"32":2,"33":2,"34":2,"35":2,"36":2,"37":2,"38":1,"39":2,"40":2,"41":2,"42":2,"43":2,"44":2,"45":2,"46":2,"47":2,"48":2,"49":2,"50":1,"51":2,"52":2,"53":2,"54":2,"55":2,"56":1,"57":1,"58":1,"59":1,"60":1,"61":1,"62":1,"63":128,"64":128,"65":128,"66":128,"67":128,"68":128,"69":128,"70":128,"71":128,"72":128,"73":1,"74":48,"75":48,"76":48,"77":48,"78":48,"79":1,"80":1,"81":1,"82":1,"83":48,"84":48,"85":1,"86":32,"87":32,"88":32,"89":32,"90":32,"91":1,"92":1,"93":1,"94":1,"95":1,"96":32,"97":32,"98":1,"99":16,"100":16,"101":16,"102":16,"103":16,"104":16,"105":16,"106":1,"107":0,"108":0,"109":0,"110":0,"111":0,"112":0,"113":0,"114":0,"115":0,"116":0,"117":0,"118":1,"119":16,"120":16,"121":5,"122":5,"123":30,"124":30,"125":30,"126":5,"127":5,"128":5,"129":5,"130":5,"131":5,"132":5,"133":1,"134":5,"135":5,"136":5,"137":5,"138":5,"139":1,"140":5,"141":5,"142":5,"143":1,"144":16,"145":16,"146":16,"147":16,"148":16,"149":16,"150":16,"151":16,"152":16,"153":16,"154":16,"155":16,"156":16,"157":16,"158":16,"159":16,"160":16,"161":16,"162":16,"163":16,"164":16,"165":16,"166":16,"167":16,"168":16,"169":16,"170":1,"171":1,"172":1,"173":1,"174":1,"175":1,"176":1,"177":1,"178":1,"179":1,"180":1,"181":1,"182":1,"183":1,"184":1,"185":1,"186":4,"187":4,"188":4,"189":4,"190":4,"191":4,"192":4,"193":4,"194":4,"195":4,"196":4,"197":4,"198":4,"199":4,"200":4,"201":4,"202":4,"203":4,"204":4,"205":4,"206":4,"207":4,"208":4,"209":4,"210":4,"211":4,"212":4,"213":4,"214":4,"215":4},"branchMap":{"0":{"type":"branch","line":25,"loc":{"start":{"line":25,"column":31},"end":{"line":25,"column":96}},"locations":[{"start":{"line":25,"column":31},"end":{"line":25,"column":96}}]},"1":{"type":"branch","line":27,"loc":{"start":{"line":27,"column":0},"end":{"line":38,"column":1}},"locations":[{"start":{"line":27,"column":0},"end":{"line":38,"column":1}}]},"2":{"type":"branch","line":40,"loc":{"start":{"line":40,"column":0},"end":{"line":50,"column":1}},"locations":[{"start":{"line":40,"column":0},"end":{"line":50,"column":1}}]},"3":{"type":"branch","line":52,"loc":{"start":{"line":52,"column":0},"end":{"line":62,"column":1}},"locations":[{"start":{"line":52,"column":0},"end":{"line":62,"column":1}}]},"4":{"type":"branch","line":56,"loc":{"start":{"line":56,"column":50},"end":{"line":62,"column":1}},"locations":[{"start":{"line":56,"column":50},"end":{"line":62,"column":1}}]},"5":{"type":"branch","line":64,"loc":{"start":{"line":64,"column":0},"end":{"line":73,"column":1}},"locations":[{"start":{"line":64,"column":0},"end":{"line":73,"column":1}}]},"6":{"type":"branch","line":66,"loc":{"start":{"line":66,"column":13},"end":{"line":66,"column":25}},"locations":[{"start":{"line":66,"column":13},"end":{"line":66,"column":25}}]},"7":{"type":"branch","line":71,"loc":{"start":{"line":71,"column":13},"end":{"line":71,"column":58}},"locations":[{"start":{"line":71,"column":13},"end":{"line":71,"column":58}}]},"8":{"type":"branch","line":75,"loc":{"start":{"line":75,"column":0},"end":{"line":85,"column":1}},"locations":[{"start":{"line":75,"column":0},"end":{"line":85,"column":1}}]},"9":{"type":"branch","line":79,"loc":{"start":{"line":79,"column":13},"end":{"line":83,"column":5}},"locations":[{"start":{"line":79,"column":13},"end":{"line":83,"column":5}}]},"10":{"type":"branch","line":87,"loc":{"start":{"line":87,"column":0},"end":{"line":98,"column":1}},"locations":[{"start":{"line":87,"column":0},"end":{"line":98,"column":1}}]},"11":{"type":"branch","line":90,"loc":{"start":{"line":90,"column":29},"end":{"line":90,"column":34}},"locations":[{"start":{"line":90,"column":29},"end":{"line":90,"column":34}}]},"12":{"type":"branch","line":90,"loc":{"start":{"line":90,"column":35},"end":{"line":90,"column":41}},"locations":[{"start":{"line":90,"column":35},"end":{"line":90,"column":41}}]},"13":{"type":"branch","line":91,"loc":{"start":{"line":91,"column":13},"end":{"line":96,"column":5}},"locations":[{"start":{"line":91,"column":13},"end":{"line":96,"column":5}}]},"14":{"type":"branch","line":95,"loc":{"start":{"line":95,"column":73},"end":{"line":95,"column":80}},"locations":[{"start":{"line":95,"column":73},"end":{"line":95,"column":80}}]},"15":{"type":"branch","line":94,"loc":{"start":{"line":94,"column":45},"end":{"line":94,"column":64}},"locations":[{"start":{"line":94,"column":45},"end":{"line":94,"column":64}}]},"16":{"type":"branch","line":100,"loc":{"start":{"line":100,"column":0},"end":{"line":106,"column":1}},"locations":[{"start":{"line":100,"column":0},"end":{"line":106,"column":1}}]},"17":{"type":"branch","line":120,"loc":{"start":{"line":120,"column":0},"end":{"line":143,"column":1}},"locations":[{"start":{"line":120,"column":0},"end":{"line":143,"column":1}}]},"18":{"type":"branch","line":121,"loc":{"start":{"line":121,"column":18},"end":{"line":121,"column":45}},"locations":[{"start":{"line":121,"column":18},"end":{"line":121,"column":45}}]},"19":{"type":"branch","line":121,"loc":{"start":{"line":121,"column":47},"end":{"line":121,"column":57}},"locations":[{"start":{"line":121,"column":47},"end":{"line":121,"column":57}}]},"20":{"type":"branch","line":122,"loc":{"start":{"line":122,"column":-1},"end":{"line":143,"column":1}},"locations":[{"start":{"line":122,"column":-1},"end":{"line":143,"column":1}}]},"21":{"type":"branch","line":123,"loc":{"start":{"line":123,"column":17},"end":{"line":127,"column":4}},"locations":[{"start":{"line":123,"column":17},"end":{"line":127,"column":4}}]},"22":{"type":"branch","line":126,"loc":{"start":{"line":126,"column":13},"end":{"line":126,"column":67}},"locations":[{"start":{"line":126,"column":13},"end":{"line":126,"column":67}}]},"23":{"type":"branch","line":132,"loc":{"start":{"line":132,"column":29},"end":{"line":132,"column":88}},"locations":[{"start":{"line":132,"column":29},"end":{"line":132,"column":88}}]},"24":{"type":"branch","line":133,"loc":{"start":{"line":133,"column":30},"end":{"line":135,"column":5}},"locations":[{"start":{"line":133,"column":30},"end":{"line":135,"column":5}}]},"25":{"type":"branch","line":138,"loc":{"start":{"line":138,"column":29},"end":{"line":138,"column":95}},"locations":[{"start":{"line":138,"column":29},"end":{"line":138,"column":95}}]},"26":{"type":"branch","line":138,"loc":{"start":{"line":138,"column":58},"end":{"line":138,"column":94}},"locations":[{"start":{"line":138,"column":58},"end":{"line":138,"column":94}}]},"27":{"type":"branch","line":139,"loc":{"start":{"line":139,"column":30},"end":{"line":141,"column":5}},"locations":[{"start":{"line":139,"column":30},"end":{"line":141,"column":5}}]},"28":{"type":"branch","line":140,"loc":{"start":{"line":140,"column":46},"end":{"line":140,"column":74}},"locations":[{"start":{"line":140,"column":46},"end":{"line":140,"column":74}}]},"29":{"type":"branch","line":145,"loc":{"start":{"line":145,"column":0},"end":{"line":170,"column":1}},"locations":[{"start":{"line":145,"column":0},"end":{"line":170,"column":1}}]},"30":{"type":"branch","line":146,"loc":{"start":{"line":146,"column":24},"end":{"line":146,"column":55}},"locations":[{"start":{"line":146,"column":24},"end":{"line":146,"column":55}}]},"31":{"type":"branch","line":149,"loc":{"start":{"line":149,"column":9},"end":{"line":149,"column":66}},"locations":[{"start":{"line":149,"column":9},"end":{"line":149,"column":66}}]},"32":{"type":"branch","line":150,"loc":{"start":{"line":150,"column":12},"end":{"line":150,"column":56}},"locations":[{"start":{"line":150,"column":12},"end":{"line":150,"column":56}}]},"33":{"type":"branch","line":153,"loc":{"start":{"line":153,"column":9},"end":{"line":153,"column":66}},"locations":[{"start":{"line":153,"column":9},"end":{"line":153,"column":66}}]},"34":{"type":"branch","line":154,"loc":{"start":{"line":154,"column":12},"end":{"line":154,"column":56}},"locations":[{"start":{"line":154,"column":12},"end":{"line":154,"column":56}}]},"35":{"type":"branch","line":183,"loc":{"start":{"line":183,"column":0},"end":{"line":185,"column":1}},"locations":[{"start":{"line":183,"column":0},"end":{"line":185,"column":1}}]},"36":{"type":"branch","line":184,"loc":{"start":{"line":184,"column":35},"end":{"line":184,"column":40}},"locations":[{"start":{"line":184,"column":35},"end":{"line":184,"column":40}
[...]
column":0},"end":{"line":123,"column":26}},"123":{"start":{"line":124,"column":0},"end":{"line":124,"column":16}},"124":{"start":{"line":125,"column":0},"end":{"line":125,"column":3}},"125":{"start":{"line":126,"column":0},"end":{"line":126,"column":1}},"126":{"start":{"line":127,"column":0},"end":{"line":127,"column":0}},"127":{"start":{"line":128,"column":0},"end":{"line":128,"column":79}},"128":{"start":{"line":129,"column":0},"end":{"line":129,"column":81}},"129":{"start":{"line":130,"column":0},"end":{"line":130,"column":55}},"130":{"start":{"line":131,"column":0},"end":{"line":131,"column":0}},"131":{"start":{"line":132,"column":0},"end":{"line":132,"column":60}},"132":{"start":{"line":133,"column":0},"end":{"line":133,"column":0}},"133":{"start":{"line":134,"column":0},"end":{"line":134,"column":37}},"134":{"start":{"line":135,"column":0},"end":{"line":135,"column":38}},"135":{"start":{"line":136,"column":0},"end":{"line":136,"column":95}},"136":{"start":{"line":137,"column":0},"end":{"line":137,"column":65}},"137":{"start":{"line":138,"column":0},"end":{"line":138,"column":7}},"138":{"start":{"line":139,"column":0},"end":{"line":139,"column":5}},"139":{"start":{"line":140,"column":0},"end":{"line":140,"column":0}},"140":{"start":{"line":141,"column":0},"end":{"line":141,"column":16}},"141":{"start":{"line":142,"column":0},"end":{"line":142,"column":1}},"142":{"start":{"line":143,"column":0},"end":{"line":143,"column":0}},"143":{"start":{"line":144,"column":0},"end":{"line":144,"column":101}},"144":{"start":{"line":145,"column":0},"end":{"line":145,"column":97}},"145":{"start":{"line":146,"column":0},"end":{"line":146,"column":1}},"146":{"start":{"line":147,"column":0},"end":{"line":147,"column":0}},"147":{"start":{"line":148,"column":0},"end":{"line":148,"column":59}},"148":{"start":{"line":149,"column":0},"end":{"line":149,"column":95}},"149":{"start":{"line":150,"column":0},"end":{"line":150,"column":0}},"150":{"start":{"line":151,"column":0},"end":{"line":151,"column":45}},"151":{"start":{"line":152,"column":0},"end":{"line":152,"column":22}},"152":{"start":{"line":153,"column":0},"end":{"line":153,"column":22}},"153":{"start":{"line":154,"column":0},"end":{"line":154,"column":28}},"154":{"start":{"line":155,"column":0},"end":{"line":155,"column":0}},"155":{"start":{"line":156,"column":0},"end":{"line":156,"column":39}},"156":{"start":{"line":157,"column":0},"end":{"line":157,"column":12}},"157":{"start":{"line":158,"column":0},"end":{"line":158,"column":80}},"158":{"start":{"line":159,"column":0},"end":{"line":159,"column":61}},"159":{"start":{"line":160,"column":0},"end":{"line":160,"column":55}},"160":{"start":{"line":161,"column":0},"end":{"line":161,"column":3}},"161":{"start":{"line":162,"column":0},"end":{"line":162,"column":0}},"162":{"start":{"line":163,"column":0},"end":{"line":163,"column":41}},"163":{"start":{"line":164,"column":0},"end":{"line":164,"column":0}},"164":{"start":{"line":165,"column":0},"end":{"line":165,"column":34}},"165":{"start":{"line":166,"column":0},"end":{"line":166,"column":66}},"166":{"start":{"line":167,"column":0},"end":{"line":167,"column":3}},"167":{"start":{"line":168,"column":0},"end":{"line":168,"column":0}},"168":{"start":{"line":169,"column":0},"end":{"line":169,"column":24}},"169":{"start":{"line":170,"column":0},"end":{"line":170,"column":53}},"170":{"start":{"line":171,"column":0},"end":{"line":171,"column":53}},"171":{"start":{"line":172,"column":0},"end":{"line":172,"column":0}},"172":{"start":{"line":173,"column":0},"end":{"line":173,"column":48}},"173":{"start":{"line":174,"column":0},"end":{"line":174,"column":29}},"174":{"start":{"line":175,"column":0},"end":{"line":175,"column":27}},"175":{"start":{"line":176,"column":0},"end":{"line":176,"column":25}},"176":{"start":{"line":177,"column":0},"end":{"line":177,"column":27}},"177":{"start":{"line":178,"column":0},"end":{"line":178,"column":33}},"178":{"start":{"line":179,"column":0},"end":{"line":179,"column":0}},"179":{"start":{"line":180,"column":0},"end":{"line":180,"column":20}},"180":{"start":{"line":181,"column":0},"end":{"line":181,"column":53}},"181":{"start":{"line":182,"column":0},"end":{"line":182,"column":23}},"182":{"start":{"line":183,"column":0},"end":{"line":183,"column":5}},"183":{"start":{"line":184,"column":0},"end":{"line":184,"column":0}},"184":{"start":{"line":185,"column":0},"end":{"line":185,"column":49}},"185":{"start":{"line":186,"column":0},"end":{"line":186,"column":27}},"186":{"start":{"line":187,"column":0},"end":{"line":187,"column":23}},"187":{"start":{"line":188,"column":0},"end":{"line":188,"column":5}},"188":{"start":{"line":189,"column":0},"end":{"line":189,"column":0}},"189":{"start":{"line":190,"column":0},"end":{"line":190,"column":73}},"190":{"start":{"line":191,"column":0},"end":{"line":191,"column":0}},"191":{"start":{"line":192,"column":0},"end":{"line":192,"column":72}},"192":{"start":{"line":193,"column":0},"end":{"line":193,"column":33}},"193":{"start":{"line":194,"column":0},"end":{"line":194,"column":31}},"194":{"start":{"line":195,"column":0},"end":{"line":195,"column":58}},"195":{"start":{"line":196,"column":0},"end":{"line":196,"column":7}},"196":{"start":{"line":197,"column":0},"end":{"line":197,"column":0}},"197":{"start":{"line":198,"column":0},"end":{"line":198,"column":21}},"198":{"start":{"line":199,"column":0},"end":{"line":199,"column":3}},"199":{"start":{"line":200,"column":0},"end":{"line":200,"column":0}},"200":{"start":{"line":201,"column":0},"end":{"line":201,"column":19}},"201":{"start":{"line":202,"column":0},"end":{"line":202,"column":26}},"202":{"start":{"line":203,"column":0},"end":{"line":203,"column":3}},"203":{"start":{"line":204,"column":0},"end":{"line":204,"column":0}},"204":{"start":{"line":205,"column":0},"end":{"line":205,"column":26}},"205":{"start":{"line":206,"column":0},"end":{"line":206,"column":16}},"206":{"start":{"line":207,"column":0},"end":{"line":207,"column":3}},"207":{"start":{"line":208,"column":0},"end":{"line":208,"column":1}},"208":{"start":{"line":209,"column":0},"end":{"line":209,"column":0}},"209":{"start":{"line":210,"column":0},"end":{"line":210,"column":61}}},"s":{"0":1,"1":1,"2":1,"3":1,"4":1,"5":1,"6":1,"7":1,"8":1,"9":1,"10":1,"11":1,"12":1,"13":1,"14":1,"15":424,"16":424,"17":424,"18":424,"19":424,"20":424,"21":424,"22":424,"23":1,"24":1,"25":136,"26":136,"27":1,"28":1,"29":50,"30":50,"31":50,"32":50,"33":50,"34":50,"35":0,"36":0,"37":0,"38":0,"39":0,"40":50,"41":50,"42":50,"43":0,"44":0,"45":0,"46":0,"47":50,"48":50,"49":50,"50":50,"51":50,"52":1,"53":1,"54":0,"55":0,"56":1,"57":1,"58":1,"59":1,"60":1,"61":1,"62":1,"63":1,"64":1,"65":1,"66":11,"67":11,"68":11,"69":11,"70":11,"71":11,"72":11,"73":1,"74":1,"75":4,"76":4,"77":1,"78":1,"79":1,"80":4,"81":4,"82":1,"83":1,"84":1,"85":1,"86":38,"87":38,"88":38,"89":1,"90":1,"91":10,"92":10,"93":10,"94":10,"95":10,"96":10,"97":17,"98":17,"99":17,"100":34,"101":34,"102":34,"103":34,"104":34,"105":34,"106":34,"107":34,"108":0,"109":0,"110":0,"111":34,"112":34,"113":17,"114":17,"115":17,"116":10,"117":10,"118":10,"119":10,"120":10,"121":1,"122":1,"123":0,"124":0,"125":1,"126":1,"127":11,"128":11,"129":11,"130":11,"131":11,"132":8,"133":8,"134":15,"135":30,"136":30,"137":15,"138":8,"139":8,"140":8,"141":8,"142":1,"143":4,"144":4,"145":4,"146":1,"147":1,"148":1,"149":1,"150":1,"151":1,"152":1,"153":1,"154":1,"155":1,"156":218,"157":218,"158":218,"159":218,"160":218,"161":1,"162":1,"163":1,"164":1,"165":98,"166":98,"167":1,"168":1,"169":37,"170":37,"171":37,"172":37,"173":37,"174":37,"175":37,"176":37,"177":37,"178":37,"179":37,"180":0,"181":0,"182":0,"183":37,"184":37,"185":27,"186":27,"187":27,"188":10,"189":10,"190":10,"191":10,"192":10,"193":10,"194":1,"195":10,"196":10,"197":10,"198":10,"199":1,"200":1,"201":26,"202":26,"203":1,"204":1,"205":0,"206":0,"207":1,"208":1,"209":1},"branchMap":{"0":{"type":"branch","line":15,"loc":{"start":{"line":15,"column":2},"end":{"line":23,"column":3}},"locations":[{"start":{"line":15,"column":2},"end":{"line":23,"column":3}}]},"1":{"type":"branch","line":19,"loc":{"start":{"line":19,"column":59},"end":{"line":19,"column":70}},"locations":[{"start":{"line":19,"column":59},"end":{"line":19,"column":70}}]},"2":{"type":"branch","line":21,"loc":{"start":{"line":21,"column":32},"end":{"line":21,"column":39}},"locations":[{"start":{"line":21,"column":32},"end":{"line":21,"column":39}}]},"3":{"type":"branch","line":22,"loc":{"start":{"line":22,"column":34},"end":{"line":22,"column":41}},"locations":[{"start":{"line":22,"column":34},"end":{"line":22,"column":41}}]},"4":{"type":"branch","line":25,"loc":{"start":{"line":25,"column":2},"end":{"line":27,"column":3}},"locations":[{"start":{"line":25,"column":2},"end":{"line":27,"column":3}}]},"5":{"type":"branch","line":29,"loc":{"start":{"line":29,"column":2},"end":{"line":52,"column":3}},"locations":[{"start":{"line":29,"column":2},"end":{"line":52,"column":3}}]},"6":{"type":"branch","line":30,"loc":{"start":{"line":30,"column":58},"end":{"line":30,"column":65}},"locations":[{"start":{"line":30,"column":58},"end":{"line":30,"column":65}}]},"7":{"type":"branch","line":30,"loc":{"start":{"line":30,"column":66},"end":{"line":30,"column":74}},"locations":[{"start":{"line":30,"column":66},"end":{"line":30,"column":74}}]},"8":{"type":"branch","line":31,"loc":{"start":{"line":31,"column":66},"end":{"line":31,"column":88}},"locations":[{"start":{"line":31,"column":66},"end":{"line":31,"column":88}}]},"9":{"type":"branch","line":31,"loc":{"start":{"line":31,"column":89},"end":{"line":31,"column":110}},"locations":[{"start":{"line":31,"column":89},"end":{"line":31,"column":110}}]},"10":{"type":"branch","line":66,"loc":{"start":{"line":66,"column":2},"end":{"line":73,"column":3}},"locations":[{"start":{"line":66,"column":2},"end":{"line":73,"column":3}}]},"11":{"type":"branch","line":75,"loc":{"start":{"line":75,"column":2},"end":{"line":77,"column":3}},"locations":[{"start":{"line":75,"column":2},"end":{"line":77,"column":3}}]},"12":{"type":"branch","line":79,"loc":{"start":{"line":79,"column":2},"end":{"line":84,"column":3}},"locations":[{"start":{"line":79,"column":2},"end":{"line":84,"column":3}}]},"13":{"type":"branch","line":80,"loc":{"start":{"line":80,"column":80},"end":{"line":82,"column":5}},"locations":[{"start":{"line":80,"column":80},"end":{"line":82,"column":5}}]},"14":{"type":"branch","line":86,"loc":{"start":{"line":86,"column":10},"end":{"line":89,"column":3}},"locations":[{"start":{"line":86,"column":10},"end":{"line":89,"column":3}}]},"15":{"type":"branch","line":88,"loc":{"start":{"line":88,"column":66},"end":{"line":88,"column":89}},"locations":[{"start":{"line":88,"column":66},"end":{"line":88,"column":89}}]},"16":{"type":"branch","line":91,"loc":{"start":{"line":91,"column":2},"end":{"line":121,"column":3}},"locations":[{"start":{"line":91,"column":2},"end":{"line":121,"column":3}}]},"17":{"type":"branch","line":97,"loc":{"start":{"line":97,"column":23},"end":{"line":117,"column":5}},"locations":[{"start":{"line":97,"column":23},"end":{"line":117,"column":5}}]},"18":{"type":"branch","line":100,"loc":{"start":{"line":100,"column":18},"end":{"line":114,"column":7}},"locations":[{"start":{"line":100,"column":18},"end":{"line":114,"column":7}}]},"19":{"type":"branch","line":128,"loc":{"start":{"line":128,"column":0},"end":{"line":142,"column":1}},"locations":[{"start":{"line":128,"column":0},"end":{"line":142,"column":1}}]},"20":{"type":"branch","line":132,"loc":{"start":{"line":132,"column":46},"end":{"line":132,"column":60}},"locations":[{"start":{"line":132,"column":46},"end":{"line":132,"column":60}}]},"21":{"type":"branch","line":133,"loc":{"start":{"line":133,"column":-1},"end":{"line":142,"column":1}},"locations":[{"start":{"line":133,"column":-1},"end":{"line":142,"column":1}}]},"22":{"type":"branch","line":134,"loc":{"start":{"line":134,"column":17},"end":{"line":139,"column":3}},"locations":[{"start":{"line":134,"column":17},"end":{"line":139,"column":3}}]},"23":{"type":"branch","line":135,"loc":{"start":{"line":135,"column":16},"end":{"line":138,"column":5}},"locations":[{"start":{"line":135,"column":16},"end":{"line":138,"column":5}}]},"24":{"type":"branch","line":137,"loc":{"start":{"line":137,"column":15},"end":{"line":137,"column":65}},"locations":[{"start":{"line":137,"column":15},"end":{"line":137,"column":65}}]},"25":{"type":"branch","line":136,"loc":{"start":{"line":136,"column":38},"end":{"line":136,"column":93}},"locations":[{"start":{"line":136,"column":38},"end":{"line":136,"column":93}}]},"26":{"type":"branch","line":136,"loc":{"start":{"line":136,"column":68},"end":{"line":136,"column":93}},"locations":[{"start":{"line":136,"column":68},"end":{"line":136,"column":93}}]},"27":{"type":"branch","line":144,"loc":{"start":{"line":144,"column":0},"end":{"line":146,"column":1}},"locations":[{"start":{"line":144,"column":0},"end":{"line":146,"column":1}}]},"28":{"type":"branch","line":145,"loc":{"start":{"line":145,"column":26},"end":{"line":145,"column":96}},"locations":[{"start":{"line":145,"column":26},"end":{"line":145,"column":96}}]},"29":{"type":"branch","line":148,"loc":{"start":{"line":148,"column":23},"end":{"line":148,"column":57}},"locations":[{"start":{"line":148,"column":23},"end":{"line":148,"column":57}}]},"30":{"type":"branch","line":149,"loc":{"start":{"line":149,"column":24},"end":{"line":149,"column":93}},"locations":[{"start":{"line":149,"column":24},"end":{"line":149,"column":93}}]},"31":{"type":"branch","line":149,"loc":{"start":{"line":149,"column":86},"end":{"line":149,"column":92}},"locations":[{"start":{"line":149,"column":86},"end":{"line":149,"column":92}}]},"32":{"type":"branch","line":156,"loc":{"start":{"line":156,"column":2},"end":{"line":161,"column":3}},"locations":[{"start":{"line":156,"column":2},"end":{"line":161,"column":3}}]},"33":{"type":"branch","line":158,"loc":{"start":{"line":158,"column":73},"end":{"line":158,"column":79}},"locations":[{"start":{"line":158,"column":73},"end":{"line":158,"column":79}}]},"34":{"type":"branch","line":165,"loc":{"start":{"line":165,"column":2},"end":{"line":167,"column":3}},"locations":[{"start":{"line":165,"column":2},"end":{"line":167,"column":3}}]},"35":{"type":"branch","line":169,"loc":{"start":{"line":169,"column":2},"end":{"line":199,"column":3}},"locations":[{"start":{"line":169,"column":2},"end":{"line":199,"column":3}}]},"36":{"type":"branch","line":180,"loc":{"start":{"line":180,"column":19},"end":{"line":183,"column":5}},"locations":[{"start":{"line":180,"column":19},"end":{"line":183,"column":5}}]},"37":{"type":"branch","line":185,"loc":{"start":{"line":185,"column":28},"end":{"line":185,"column":46}},"locations":[{"start":{"line":185,"column":28},"end":{"line":185,"column":46}}]},"38":{"type":"branch","line":185,"loc":{"start":{"line":185,"column":48},"end":{"line":188,"column":5}},"locations":[{"start":{"line":185,"column":48},"end":{"line":188,"column":5}}]},"39":{"type":"branch","line":189,"loc":{"start":{"line":189,"column":-1},"end":{"line":199,"column":3}},"locations":[{"start":{"line":189,"column":-1},"end":{"line":199,"column":3}}]},"40":{"type":"branch","line":192,"loc":{"start":{"line":192,"column":64},"end":{"line":196,"column":5}},"locations":[{"start":{"line":192,"column":64},"end":{"line":196,"column":5}}]},"41":{"type":"branch","line":193,"loc":{"start":{"line":193,"column":26},"end":{"line":193,"column":33}},"locations":[{"start":{"line":193,"column":26},"end":{"line":193,"column":33}}]},"42":{"type":"branch","line":194,"loc":{"start":{"line":194,"column":15},"end":{"line":194,"column":31}},"locations":[{"start":{"line":194,"column":15},"end":{"line":194,"column":31}}]},"43":{"type":"branch","line":195,"loc":{"start":{"line":195,"column":-1},"end":{"line":195,"column":58}},"locations":[{"start":{"line":195,"column":-1},"end":{"line":195,"column":58}}]},"44":{"type":"branch","line":201,"loc":{"start":{"line":201,"column":2},"end":{"line":203,"column":3}},"locations":[{"start":{"line":201,"column":2},"end":{"line":203,"column":3}}]},"45":{"type":"branch","line":210,"loc":{"start":{"line":210,"column":24},"end":{"line":210,"column":59}},"locations":[{"start":{"line":210,"column":24},"end":{"line":210,"column":59}}]}},"b":{"0":[424],"1":[0],"2":[0],"3":[0],"4":[136],"5":[50],"6":[6],"7":[44],"8":[6],"9":[44],"10":[11],"11":[4],"12":[1],"13":[4],"14":[38],"15":[36],"16":[10],"17":[17],"18":[34],"19":[11],"20":[3],"21":[8],"22":[15],"23":[30],"24":[11],"25":[37],"26":[22],"27":[4],"28":[0],"29":[424],"30":[11],"31":[0],"32":[218],"33":[0],"34":[98],"35":[37],"36":[0],"37":[36],"38":[27],"39":[10],"40":[10],"41":[0],"42":[9],"43":[1],"44":[26],"45":[218]},"fnMap":{"0":{"name":"MathWidget","decl":{"start":{"line":15,"column":2},"end":{"line":23,"column":3}},"loc":{"start":{"line":15,"column":2},"end":{"line":23,"column":3}},"line":15},"1":{"name":"eq","decl":{"start":{"line":25,"column":2},"end":{"line":27,"column":3}},"loc":{"start":{"line":25,"column":2},"end":{"line":27,"column":3}},"line":25},"2":{"name":"toDOM","decl":{"start":{"line":29,"column":2},"end":{"line":52,"column":3}},"loc":{"start":{"line":29,"column":2},"end":{"line":52,"column":3}},"line":29},"3":{"name":"field","decl":{"start":{"line":33,"column":18},"end":{"line":33,"column":114}},"loc":{"start":{"line":33,"column":18},"end":{"line":33,"column":114}},"line":33},"4":{"name":"ignoreEvent","decl":{"start":{"line":54,"column":2},"end":{"line":56,"column":3}},"loc":{"start":{"line":54,"column":2},"end":{"line":56,"column":3}},"line":54},"5":{"name":"TableWidget","decl":{"start":{"line":66,"column":2},"end":{"line":73,"column":3}},"loc":{"start":{"line":66,"column":2},"end":{"line":73,"column":3}},"line":66},"6":{"name":"eq","decl":{"start":{"line":75,"column":2},"end":{"line":77,"column":3}},"loc":{"start":{"line":75,"column":2},"end":{"line":77,"column":3}},"line":75},"7":{"name":"updateDOM","decl":{"start":{"line":79,"column":2},"end":{"line":84,"column":3}},"loc":{"start":{"line":79,"column":2},"end":{"line":84,"column":3}},"line":79},"8":{"name":"mark","decl":{"start":{"line":86,"column":10},"end":{"line":89,"column":3}},"loc":{"start":{"line":86,"column":10},"end":{"line":89,"column":3}},"line":86},"9":{"name":"toDOM","decl":{"start":{"line":91,"column":2},"end":{"line":121,"column":3}},"loc":{"start":{"line":91,"column":2},"end":{"line":121,"column":3}},"line":91},"10":{"name":"ignoreEvent","decl":{"start":{"line":123,"column":2},"end":{"line":125,"column":3}},"loc":{"start":{"line":123,"column":2},"end":{"line":125,"column":3}},"line":123},"11":{"name":"activeCells","decl":{"start":{"line":128,"column":0},"end":{"line":142,"column":1}},"loc":{"start":{"line":128,"column":0},"end":{"line":142,"column":1}},"line":128},"12":{"name":"sameCells","decl":{"start":{"line":144,"column":0},"end":{"line":146,"column":1}},"loc":{"start":{"line":144,"column":0},"end":{"line":146,"column":1}},"line":144},"13":{"name":"ImageWidget","decl":{"start":{"line":156,"column":2},"end":{"line":161,"column":3}},"loc":{"start":{"line":156,"column":2},"end":{"line":161,"column":3}},"line":156},"14":{"name":"eq","decl":{"start":{"line":165,"column":2},"end":{"line":167,"column":3}},"loc":{"start":{"line":165,"column":2},"end":{"line":167,"column":3}},"line":165},"15":{"name":"toDOM","decl":{"start":{"line":169,"column":2},"end":{"line":199,"column":3}},"loc":{"start":{"line":169,"column":2},"end":{"line":199,"column":3}},"line":169},"16":{"name":"destroy","decl":{"start":{"line":201,"column":2},"end":{"line":203,"column":3}},"loc":{"start":{"line":201,"column":2},"end":{"line":203,"column":3}},"line":201},"17":{"name":"ignoreEvent","decl":{"start":{"line":205,"column":2},"end":{"line":207,"column":3}},"loc":{"start":{"line":205,"column":2},"end":{"line":207,"column":3}},"line":205}},"f":{"0":424,"1":136,"2":50,"3":0,"4":0,"5":11,"6":4,"7":1,"8":38,"9":10,"10":0,"11":11,"12":4,"13":218,"14":98,"15":37,"16":26,"17":0}}
}
