TN:
SF:src/core/config.ts
FN:79,ConfigService
FN:83,get
FN:87,update
FN:92,setTheme
FN:99,subscribe
FN:107,merge
FNF:6
FNH:5
FNDA:6,ConfigService
FNDA:30,get
FNDA:9,update
FNDA:0,setTheme
FNDA:6,subscribe
FNDA:15,merge
DA:1,1
DA:2,1
DA:3,1
DA:4,1
DA:5,1
DA:6,1
DA:7,1
DA:8,1
DA:9,1
DA:10,1
DA:11,1
DA:12,1
DA:13,1
DA:14,1
DA:15,1
DA:16,1
DA:17,1
DA:18,1
DA:19,1
DA:20,1
DA:21,1
DA:22,1
DA:23,1
DA:24,1
DA:25,1
DA:26,1
DA:27,1
DA:28,1
DA:29,1
DA:30,1
DA:31,1
DA:32,1
DA:33,1
DA:34,1
DA:35,1
DA:36,1
DA:37,1
DA:38,1
DA:39,1
DA:40,1
DA:41,1
DA:42,1
DA:43,1
DA:44,1
DA:45,1
DA:46,1
DA:47,1
DA:48,1
DA:49,1
DA:50,1
DA:51,1
DA:52,1
DA:53,1
DA:54,1
DA:55,1
DA:56,1
DA:57,1
DA:58,1
DA:59,1
DA:60,1
DA:61,1
DA:62,1
DA:63,1
DA:64,1
DA:65,1
DA:66,1
DA:67,1
DA:68,1
DA:69,1
DA:70,1
DA:71,1
DA:72,1
DA:73,1
DA:74,1
DA:75,1
DA:76,1
DA:77,1
DA:78,1
DA:79,1
DA:80,6
DA:81,6
DA:82,1
DA:83,1
DA:84,30
DA:85,30
DA:86,1
DA:87,1
DA:88,9
DA:89,9
DA:90,9
DA:91,1
DA:92,1
DA:93,0
DA:94,0
DA:95,0
DA:96,0
DA:97,0
DA:98,1
DA:99,1
DA:100,6
DA:101,6
DA:102,6
DA:103,6
DA:104,6
DA:105,1
DA:106,1
DA:107,15
DA:108,15
DA:109,15
DA:110,15
DA:111,15
DA:112,15
DA:113,15
DA:114,15
DA:115,15
DA:116,15
DA:117,15
DA:118,15
DA:119,15
DA:120,15
LF:120
LH:115
BRDA:79,0,0,6
BRDA:83,1,0,30
BRDA:87,2,0,9
BRDA:89,3,0,9
BRDA:99,4,0,6
BRDA:101,5,0,6
BRDA:107,6,0,15
BRDA:116,7,0,12
BRDA:117,8,0,12
BRDA:109,9,0,72
BRF:10
BRH:10
end_of_record
TN:
SF:src/core/language.ts
FN:62,registerLanguage
FN:66,getLanguage
FN:72,listLanguages
FNF:3
FNH:2
FNDA:19,registerLanguage
FNDA:441,getLanguage
FNDA:0,listLanguages
DA:1,1
DA:2,1
DA:3,1
DA:4,1
DA:5,1
DA:6,1
DA:7,1
DA:8,1
DA:9,1
DA:10,1
DA:11,1
DA:12,1
DA:13,1
DA:14,1
DA:15,1
DA:16,1
DA:17,1
DA:18,1
DA:19,1
DA:20,1
DA:21,1
DA:22,1
DA:23,1
DA:24,1
DA:25,1
DA:26,1
DA:27,1
DA:28,1
DA:29,1
DA:30,1
DA:31,1
DA:32,1
DA:33,1
DA:34,1
DA:35,1
DA:36,1
DA:37,1
DA:38,1
DA:39,1
DA:40,1
DA:41,1
DA:42,1
DA:43,1
DA:44,1
DA:45,1
DA:46,1
DA:47,1
DA:48,1
DA:49,1
DA:50,1
DA:51,1
DA:52,1
DA:53,1
DA:54,1
DA:55,1
DA:56,1
DA:57,1
DA:58,1
DA:59,1
DA:60,1
DA:61,1
DA:62,19
DA:63,19
DA:64,19
DA:65,1
DA:66,441
DA:67,441
DA:68,441
DA:69,440
DA:70,440
DA:71,1
DA:72,0
DA:73,0
DA:74,0
LF:74
LH:71
BRDA:62,0,0,19
BRDA:66,1,0,441
BRDA:68,2,0,1
BRDA:69,3,0,440
BRF:4
BRH:4
end_of_record
TN:
SF:src/core/scanner.ts
FN:5,skipSpace
FN:13,isEscaped
FN:19,matchDelimited
FN:40,matchFenced
FN:54,matchLine
FN:59,lineStart
FN:64,atLineStart
FN:68,inner
FNF:8
FNH:8
FNDA:3739,skipSpace
FNDA:416,isEscaped
FNDA:14993,matchDelimited
FNDA:132597,matchFenced
FNDA:967,matchLine
FNDA:54522,lineStart
FNDA:54522,atLineStart
FNDA:9285,inner
DA:1,1
DA:2,1
DA:3,1
DA:4,1
DA:5,3739
DA:6,3739
DA:7,185
DA:8,69
DA:9,69
DA:10,3739
DA:11,3739
DA:12,1
DA:13,416
DA:14,416
DA:15,416
DA:16,416
DA:17,416
DA:18,1
DA:19,14993
DA:20,14993
DA:21,14993
DA:22,6193
DA:23,6193
DA:24,6193
DA:25,6193
DA:26,14993
DA:27,91839
DA:28,91839
DA:29,2111
DA:30,2111
DA:31,2111
DA:32,91839
DA:33,87272
DA:34,89728
DA:35,89728
DA:36,6193
DA:37,14993
DA:38,14993
DA:39,1
DA:40,132597
DA:41,132597
DA:42,4700
DA:43,132541
DA:44,68616
DA:45,3071
DA:46,3071
DA:47,3071
DA:48,68616
DA:49,61800
DA:50,61800
DA:51,955
DA:52,955
DA:53,1
DA:54,967
DA:55,967
DA:56,967
DA:57,967
DA:58,1
DA:59,54522
DA:60,54522
DA:61,54522
DA:62,54522
DA:63,1
DA:64,54522
DA:65,54522
DA:66,54522
DA:67,1
DA:68,9285
DA:69,9285
DA:70,9285
LF:70
LH:70
BRDA:5,0,0,3739
BRDA:6,1,0,3677
BRDA:6,2,0,185
BRDA:7,3,0,181
BRDA:7,4,0,116
BRDA:8,5,0,69
BRDA:13,6,0,416
BRDA:15,7,0,389
BRDA:15,8,0,8
BRDA:19,9,0,14993
BRDA:21,10,0,8800
BRDA:22,11,0,6193
BRDA:26,12,0,96984
BRDA:26,13,0,91839
BRDA:28,14,0,2111
BRDA:32,15,0,89728
BRDA:32,16,0,2456
BRDA:33,17,0,87272
BRDA:33,18,0,7872
BRDA:34,19,0,89728
BRDA:36,20,0,14588
BRDA:36,21,0,6193
BRDA:37,22,0,5545
BRDA:37,23,0,648
BRDA:40,24,0,132597
BRDA:41,25,0,127897
BRDA:42,26,0,132541
BRDA:42,27,0,4700
BRDA:43,28,0,68616
BRDA:44,29,0,3071
BRDA:48,30,0,65545
BRDA:48,31,0,3745
BRDA:49,32,0,61800
BRDA:51,33,0,955
BRDA:54,34,0,967
BRDA:56,35,0,86
BRDA:56,36,0,881
BRDA:59,37,0,54522
BRDA:64,38,0,54522
BRDA:68,39,0,9285
BRF:40
BRH:40
end_of_record
TN:
SF:src/core/scope.ts
FN:15,scopeAt
FN:20,descend
FNF:2
FNH:2
FNDA:26,scopeAt
FNDA:48,descend
DA:1,1
DA:2,1
DA:3,1
DA:4,1
DA:5,1
DA:6,1
DA:7,1
DA:8,1
DA:9,1
DA:10,1
DA:11,1
DA:12,1
DA:13,1
DA:14,1
DA:15,26
DA:16,26
DA:17,26
DA:18,26
DA:19,26
DA:20,26
DA:21,48
DA:22,205
DA:23,47
DA:24,205
DA:25,21
DA:26,21
DA:27,21
DA:28,205
DA:29,1
DA:30,1
DA:31,1
DA:32,47
DA:33,205
DA:34,205
DA:35,26
DA:36,26
DA:37,26
DA:38,26
DA:39,26
LF:39
LH:39
BRDA:15,0,0,26
BRDA:18,1,0,0
BRDA:20,2,0,48
BRDA:21,3,0,205
BRDA:22,4,0,68
BRDA:22,5,0,158
BRDA:23,6,0,47
BRDA:24,7,0,21
BRDA:28,8,0,47
BRDA:28,9,0,1
BRDA:28,10,0,1
BRDA:28,11,0,1
BRDA:32,12,0,47
BRDA:33,13,0,22
BRF:14
BRH:13
end_of_record
TN:
SF:src/core/tokenizer.ts
FN:14,Tokenizer
FN:19,tokenize
FN:23,run
FN:31,parse
FN:38,flushText
FN:60,matchAt
FNF:6
FNH:6
FNDA:2916,Tokenizer
FNDA:2916,tokenize
FNDA:7866,run
FNDA:4950,parse
FNDA:27636,flushText
FNDA:157176,matchAt
DA:1,1
DA:2,1
DA:3,1
DA:4,1
DA:5,1
DA:6,1
DA:7,1
DA:8,1
DA:9,1
DA:10,1
DA:11,1
DA:12,1
DA:13,1
DA:14,1
DA:15,2916
DA:16,2916
DA:17,2916
DA:18,1
DA:19,1
DA:20,2916
DA:21,2916
DA:22,1
DA:23,1
DA:24,7866
DA:25,7866
DA:26,7844
DA:27,7844
DA:28,7844
DA:29,7844
DA:30,7844
DA:31,7844
DA:32,4950
DA:33,7844
DA:34,7844
DA:35,7844
DA:36,7844
DA:37,7844
DA:38,7844
DA:39,27636
DA:40,7844
DA:41,7844
DA:42,7866
DA:43,157176
DA:44,157176
DA:45,157176
DA:46,137384
DA:47,137384
DA:48,137384
DA:49,19792
DA:50,19792
DA:51,19792
DA:52,19792
DA:53,19792
DA:54,19792
DA:55,7844
DA:56,7844
DA:57,7844
DA:58,7844
DA:59,1
DA:60,1
DA:61,157176
DA:62,1457752
DA:63,1457752
DA:64,1457752
DA:65,19792
DA:66,19792
DA:67,137384
DA:68,137384
DA:69,1
LF:69
LH:69
BRDA:14,0,0,2916
BRDA:16,1,0,2489
BRDA:19,2,0,2916
BRDA:23,3,0,7866
BRDA:25,4,0,7864
BRDA:25,5,0,22
BRDA:26,6,0,7844
BRDA:42,7,0,157176
BRDA:45,8,0,137384
BRDA:49,9,0,19792
BRDA:55,10,0,7844
BRDA:31,11,0,4950
BRDA:32,12,0,1920
BRDA:38,13,0,27636
BRDA:39,14,0,14347
BRDA:60,15,0,157176
BRDA:61,16,0,1457752
BRDA:63,17,0,1437958
BRDA:64,18,0,19794
BRDA:64,19,0,2
BRDA:65,20,0,19792
BRDA:67,21,0,137384
BRF:22
BRH:22
end_of_record
TN:
SF:src/core/tokens.ts
FN:29,textOf
FN:33,walk
FN:40,tokenAt
FNF:3
FNH:3
FNDA:894,textOf
FNDA:48,walk
FNDA:2,tokenAt
DA:1,1
DA:2,1
DA:3,1
DA:4,1
DA:5,1
DA:6,1
DA:7,1
DA:8,1
DA:9,1
DA:10,1
DA:11,1
DA:12,1
DA:13,1
DA:14,1
DA:15,1
DA:16,1
DA:17,1
DA:18,1
DA:19,1
DA:20,1
DA:21,1
DA:22,1
DA:23,1
DA:24,1
DA:25,1
DA:26,1
DA:27,1
DA:28,1
DA:29,894
DA:30,894
DA:31,894
DA:32,1
DA:33,48
DA:34,48
DA:35,90
DA:36,90
DA:37,90
DA:38,48
DA:39,1
DA:40,2
DA:41,2
DA:42,3
DA:43,3
DA:44,3
DA:45,0
DA:46,0
LF:46
LH:44
BRDA:29,0,0,894
BRDA:33,1,0,48
BRDA:34,2,0,90
BRDA:36,3,0,36
BRDA:40,4,0,2
BRDA:41,5,0,3
BRDA:42,6,0,1
BRDA:43,7,0,2
BRDA:43,8,0,1
BRDA:43,9,0,1
BRDA:45,10,0,0
BRF:11
BRH:10
end_of_record
TN:
SF:src/core/toolbar.ts
FN:25,isToolbarButton
FN:27,wrapSelection
FN:40,insertText
FN:52,insertBlock
FN:64,createWrapItem
FN:71,command
FN:75,createHeadingItem
FN:79,command
FN:87,createListItem
FN:91,command
FN:100,createTableItem
FN:104,command
FN:108,createColorItem
FN:120,tableScopeEntries
FN:123,mutate
FN:126,command
FN:145,toolbarEntries
FN:183,blankRow
FN:187,editTable
FNF:19
FNH:17
FNDA:266,isToolbarButton
FNDA:2,wrapSelection
FNDA:2,insertText
FNDA:2,insertBlock
FNDA:184,createWrapItem
FNDA:2,command
FNDA:69,createHeadingItem
FNDA:1,command
FNDA:46,createListItem
FNDA:1,command
FNDA:23,createTableItem
FNDA:0,command
FNDA:0,createColorItem
FNDA:23,tableScopeEntries
FNDA:48,mutate
FNDA:8,command
FNDA:23,toolbarEntries
FNDA:2,blankRow
FNDA:8,editTable
DA:1,1
DA:2,1
DA:3,1
DA:4,1
DA:5,1
DA:6,1
DA:7,1
DA:8,1
DA:9,1
DA:10,1
DA:11,1
DA:12,1
DA:13,1
DA:14,1
DA:15,1
DA:16,1
DA:17,1
DA:18,1
DA:19,1
DA:20,1
DA:21,1
DA:22,1
DA:23,1
DA:24,1
DA:25,1
DA:26,1
DA:27,2
DA:28,2
DA:29,2
DA:30,2
DA:31,2
DA:32,2
DA:33,2
DA:34,2
DA:35,2
DA:36,2
DA:37,2
DA:38,2
DA:39,1
DA:40,2
DA:41,2
DA:42,2
DA:43,2
DA:44,2
DA:45,2
DA:46,2
DA:47,2
DA:48,2
DA:49,2
DA:50,2
DA:51,1
DA:52,2
DA:53,2
DA:54,2
DA:55,2
DA:56,2
DA:57,1
DA:58,1
DA:59,1
DA:60,1
DA:61,1
DA:62,1
DA:63,1
DA:64,184
DA:65,184
DA:66,184
DA:67,184
DA:68,184
DA:69,184
DA:70,184
DA:71,184
DA:72,184
DA:73,184
DA:74,1
DA:75,69
DA:76,69
DA:77,69
DA:78,69
DA:79,69
DA:80,1
DA:81,1
DA:82,1
DA:83,1
DA:84,69
DA:85,69
DA:86,1
DA:87,46
DA:88,46
DA:89,46
DA:90,46
DA:91,46
DA:92,1
DA:93,1
DA:94,1
DA:95,1
DA:96,1
DA:97,46
DA:98,46
DA:99,1
DA:100,23
DA:101,23
DA:102,23
DA:103,23
DA:104,23
DA:105,23
DA:106,23
DA:107,1
DA:108,0
DA:109,0
DA:110,0
DA:111,0
DA:112,0
DA:113,0
DA:114,0
DA:115,0
DA:116,0
DA:117,0
DA:118,0
DA:119,1
DA:120,23
DA:121,23
DA:122,8
DA:123,8
DA:124,48
DA:125,48
DA:126,48
DA:127,8
DA:128,8
DA:129,8
DA:130,8
DA:131,8
DA:132,8
DA:133,8
DA:134,2
DA:135,8
DA:136,8
DA:137,8
DA:138,8
DA:139,8
DA:140,2
DA:141,8
DA:142,8
DA:143,8
DA:144,1
DA:145,23
DA:146,23
DA:147,23
DA:148,23
DA:149,23
DA:150,23
DA:151,23
DA:152,23
DA:153,23
DA:154,23
DA:155,23
DA:156,23
DA:157,23
DA:158,23
DA:159,23
DA:160,23
DA:161,23
DA:162,23
DA:163,23
DA:164,23
DA:165,23
DA:166,23
DA:167,23
DA:168,23
DA:169,23
DA:170,23
DA:171,1
DA:172,1
DA:173,1
DA:174,1
DA:175,1
DA:176,1
DA:177,1
DA:178,1
DA:179,1
DA:180,1
DA:181,1
DA:182,1
DA:183,2
DA:184,2
DA:185,2
DA:186,1
DA:187,8
DA:188,8
DA:189,8
DA:190,8
DA:191,8
DA:192,8
DA:193,8
DA:194,8
DA:195,8
DA:196,8
DA:197,8
DA:198,8
DA:199,8
DA:200,8
DA:201,8
DA:202,8
DA:203,8
DA:204,8
DA:205,8
DA:206,8
DA:207,8
DA:208,8
DA:209,8
DA:210,8
DA:211,8
DA:212,8
DA:213,8
DA:214,8
DA:215,8
DA:216,8
LF:216
LH:205
BRDA:25,0,0,266
BRDA:27,1,0,2
BRDA:40,2,0,2
BRDA:52,3,0,2
BRDA:56,4,0,1
BRDA:64,5,0,184
BRDA:66,6,0,0
BRDA:71,7,0,2
BRDA:75,8,0,69
BRDA:79,9,0,1
BRDA:87,10,0,46
BRDA:90,11,0,23
BRDA:90,12,0,23
BRDA:91,13,0,1
BRDA:95,14,0,0
BRDA:94,15,0,1
BRDA:100,16,0,23
BRDA:120,17,0,23
BRDA:121,18,0,8
BRDA:121,19,0,15
BRDA:122,20,0,8
BRDA:123,21,0,48
BRDA:126,22,0,8
BRDA:132,23,0,2
BRDA:133,24,0,2
BRDA:138,25,0,2
BRDA:138,26,0,6
BRDA:139,27,0,2
BRDA:140,28,0,6
BRDA:145,29,0,23
BRDA:146,30,0,0
BRDA:149,31,0,115
BRDA:150,32,0,115
BRDA:153,33,0,69
BRDA:154,34,0,69
BRDA:183,35,0,2
BRDA:184,36,0,0
BRDA:187,37,0,8
BRDA:193,38,0,0
BRDA:197,39,0,0
BRDA:200,40,0,0
BRF:41
BRH:34
end_of_record
TN:
SF:src/languages/latex/commands.ts
FNF:0
FNH:0
DA:1,1
DA:2,1
DA:3,1
DA:4,1
DA:5,1
DA:6,1
DA:7,1
DA:8,1
DA:9,1
DA:10,1
DA:11,1
DA:12,1
DA:13,1
DA:14,1
DA:15,1
DA:16,1
DA:17,1
DA:18,1
DA:19,1
DA:20,1
DA:21,1
DA:22,1
DA:23,1
DA:24,1
DA:25,1
DA:26,1
DA:27,1
DA:28,1
DA:29,1
DA:30,1
DA:31,1
DA:32,1
DA:33,1
DA:34,1
DA:35,1
DA:36,1
DA:37,1
DA:38,1
DA:39,1
DA:40,1
DA:41,1
DA:42,1
DA:43,1
DA:44,1
DA:45,1
DA:46,1
DA:47,1
DA:48,1
DA:49,1
DA:50,1
DA:51,1
DA:52,1
LF:52
LH:52
BRF:0
BRH:0
end_of_record
TN:
SF:src/languages/latex/index.ts
FN:17,heading
FN:21,list
FN:26,table
FN:32,color
FN:38,parse
FN:46,ranges
FN:54,push
FN:79,locate
FN:90,serialize
FN:99,style
FN:137,imageSrc
FN:142,setMacroSignatures
FN:150,countMandatory
FN:154,get
FNF:14
FNH:10
FNDA:0,heading
FNDA:1,list
FNDA:0,table
FNDA:0,color
FNDA:18,parse
FNDA:26,ranges
FNDA:116,push
FNDA:16,locate
FNDA:8,serialize
FNDA:5485,style
FNDA:10,imageSrc
FNDA:1,setMacroSignatures
FNDA:1,countMandatory
FNDA:0,get
DA:1,1
DA:2,1
DA:3,1
DA:4,1
DA:5,1
DA:6,1
DA:7,1
DA:8,1
DA:9,1
DA:10,1
DA:11,1
DA:12,1
DA:13,1
DA:14,1
DA:15,1
DA:16,1
DA:17,1
DA:18,0
DA:19,0
DA:20,1
DA:21,1
DA:22,1
DA:23,1
DA:24,1
DA:25,1
DA:26,1
DA:27,0
DA:28,0
DA:29,0
DA:30,0
DA:31,1
DA:32,1
DA:33,0
DA:34,0
DA:35,1
DA:36,1
DA:37,1
DA:38,1
DA:39,18
DA:40,18
DA:41,18
DA:42,18
DA:43,18
DA:44,18
DA:45,1
DA:46,1
DA:47,26
DA:48,26
DA:49,26
DA:50,26
DA:51,26
DA:52,26
DA:53,26
DA:54,26
DA:55,26
DA:56,26
DA:57,823
DA:58,55
DA:59,55
DA:60,55
DA:61,55
DA:62,55
DA:63,55
DA:64,55
DA:65,823
DA:66,61
DA:67,61
DA:68,61
DA:69,61
DA:70,61
DA:71,823
DA:72,823
DA:73,26
DA:74,26
DA:75,26
DA:76,26
DA:77,26
DA:78,1
DA:79,1
DA:80,16
DA:81,16
DA:82,16
DA:83,22
DA:84,36
DA:85,36
DA:86,7
DA:87,1
DA:88,1
DA:89,1
DA:90,1
DA:91,8
DA:92,8
DA:93,8
DA:94,8
DA:95,8
DA:96,8
DA:97,1
DA:98,1
DA:99,5485
DA:100,5485
DA:101,5485
DA:102,249
DA:103,5485
DA:104,367
DA:105,5485
DA:106,30
DA:107,5485
DA:108,285
DA:109,5485
DA:110,147
DA:111,5485
DA:112,172
DA:113,172
DA:114,172
DA:115,172
DA:116,172
DA:117,5485
DA:118,921
DA:119,911
DA:120,921
DA:121,886
DA:122,609
DA:123,609
DA:124,5485
DA:125,3314
DA:126,5485
DA:127,5485
DA:128,1
DA:129,1
DA:130,1
DA:131,1
DA:132,1
DA:133,1
DA:134,1
DA:135,1
DA:136,1
DA:137,1
DA:138,10
DA:139,10
DA:140,1
DA:141,1
DA:142,1
DA:143,1
DA:144,2
DA:145,2
DA:146,2
DA:147,2
DA:148,1
DA:149,1
DA:150,1
DA:151,1
DA:152,1
DA:153,1
DA:154,1
DA:155,1
DA:156,1
DA:157,1
LF:157
LH:149
BRDA:21,0,0,1
BRDA:22,1,0,0
BRDA:23,2,0,1
BRDA:38,3,0,18
BRDA:39,4,0,0
BRDA:42,5,0,66
BRDA:44,6,0,48
BRDA:44,7,0,108
BRDA:46,8,0,26
BRDA:47,9,0,0
BRDA:56,10,0,823
BRDA:57,11,0,55
BRDA:65,12,0,768
BRDA:65,13,0,61
BRDA:71,14,0,707
BRDA:71,15,0,13
BRDA:71,16,0,694
BRDA:74,17,0,0
BRDA:75,18,0,0
BRDA:54,19,0,116
BRDA:79,20,0,16
BRDA:82,21,0,22
BRDA:83,22,0,36
BRDA:84,23,0,32
BRDA:84,24,0,15
BRDA:86,25,0,7
BRDA:87,26,0,1
BRDA:90,27,0,8
BRDA:92,28,0,0
BRDA:93,29,0,0
BRDA:94,30,0,22
BRDA:99,31,0,5485
BRDA:101,32,0,249
BRDA:103,33,0,367
BRDA:105,34,0,30
BRDA:107,35,0,285
BRDA:109,36,0,147
BRDA:111,37,0,172
BRDA:113,38,0,19
BRDA:113,39,0,153
BRDA:117,40,0,921
BRDA:118,41,0,920
BRDA:118,42,0,10
BRDA:119,43,0,911
BRDA:120,44,0,302
BRDA:121,45,0,886
BRDA:121,46,0,609
BRDA:121,47,0,0
BRDA:122,48,0,609
BRDA:124,49,0,3314
BRDA:137,50,0,10
BRDA:138,51,0,0
BRDA:142,52,0,1
BRDA:143,53,0,2
BRDA:145,54,0,1
BRDA:145,55,0,1
BRDA:150,56,0,1
BRDA:151,57,0,0
BRF:58
BRH:48
end_of_record
TN:
SF:src/languages/latex/rules.ts
FN:13,comment
FN:19,escape
FN:26,math
FN:39,environment
FN:72,heading
FN:94,item
FN:105,command
FN:122,consumeArguments
FN:142,findMatchingEnd
FNF:9
FNH:9
FNDA:87298,comment
FNDA:85234,escape
FNDA:86883,math
FNDA:86286,environment
FNDA:85929,heading
FNDA:85469,item
FNDA:84150,command
FNDA:1903,consumeArguments
FNDA:743,findMatchingEnd
DA:1,1
DA:2,1
DA:3,1
DA:4,1
DA:5,1
DA:6,1
DA:7,1
DA:8,1
DA:9,1
DA:10,1
DA:11,1
DA:12,1
DA:13,1
DA:14,87298
DA:15,416
DA:16,416
DA:17,416
DA:18,1
DA:19,1
DA:20,85234
DA:21,3428
DA:22,85234
DA:23,1084
DA:24,1084
DA:25,1
DA:26,1
DA:27,86883
DA:28,346824
DA:29,346824
DA:30,1177
DA:31,1177
DA:32,597
DA:33,597
DA:34,597
DA:35,597
DA:36,86286
DA:37,86286
DA:38,1
DA:39,1
DA:40,86286
DA:41,743
DA:42,743
DA:43,86206
DA:44,743
DA:45,743
DA:46,743
DA:47,86206
DA:48,357
DA:49,357
DA:50,357
DA:51,357
DA:52,86286
DA:53,86286
DA:54,86286
DA:55,86286
DA:56,86286
DA:57,86286
DA:58,86286
DA:59,86286
DA:60,86286
DA:61,114
DA:62,114
DA:63,86206
DA:64,0
DA:65,0
DA:66,0
DA:67,0
DA:68,357
DA:69,357
DA:70,357
DA:71,1
DA:72,1
DA:73,85929
DA:74,4123
DA:75,4123
DA:76,85849
DA:77,2241
DA:78,2241
DA:79,83294
DA:80,460
DA:81,460
DA:82,83231
DA:83,460
DA:84,460
DA:85,460
DA:86,460
DA:87,460
DA:88,460
DA:89,460
DA:90,460
DA:91,460
DA:92,460
DA:93,1
DA:94,1
DA:95,85469
DA:96,85469
DA:97,235
DA:98,235
DA:99,235
DA:100,83146
DA:101,235
DA:102,85469
DA:103,85469
DA:104,1
DA:105,1
DA:106,84150
DA:107,2344
DA:108,2344
DA:109,84070
DA:110,1546
DA:111,1546
DA:112,1546
DA:113,1546
DA:114,1546
DA:115,1546
DA:116,81443
DA:117,1546
DA:118,1546
DA:119,1
DA:120,1
DA:121,1
DA:122,1903
DA:123,1903
DA:124,1903
DA:125,1903
DA:126,1903
DA:127,3279
DA:128,3279
DA:129,3279
DA:130,5
DA:131,5
DA:132,5
DA:133,3274
DA:134,3274
DA:135,1597
DA:136,1597
DA:137,1597
DA:138,1903
DA:139,1903
DA:140,1903
DA:141,1
DA:142,743
DA:143,743
DA:144,743
DA:145,743
DA:146,743
DA:147,743
DA:148,743
DA:149,732
DA:150,732
DA:151,732
DA:152,732
DA:153,361
DA:154,732
DA:155,2
DA:156,2
DA:157,732
DA:158,359
DA:159,359
DA:160,2
DA:161,2
DA:162,732
DA:163,15
DA:164,15
DA:165,15
LF:165
LH:161
BRDA:13,0,0,87298
BRDA:14,1,0,416
BRDA:14,2,0,86882
BRDA:15,3,0,416
BRDA:19,4,0,85234
BRDA:20,5,0,81806
BRDA:21,6,0,3428
BRDA:22,7,0,85047
BRDA:22,8,0,2344
BRDA:23,9,0,1084
BRDA:26,10,0,86883
BRDA:27,11,0,346824
BRDA:28,12,0,345642
BRDA:29,13,0,340305
BRDA:29,14,0,1182
BRDA:29,15,0,542
BRDA:29,16,0,343752
BRDA:29,17,0,5
BRDA:30,18,0,1177
BRDA:31,19,0,580
BRDA:32,20,0,597
BRDA:33,21,0,0
BRDA:34,22,0,597
BRDA:36,23,0,86286
BRDA:39,24,0,86286
BRDA:40,25,0,85543
BRDA:41,26,0,86206
BRDA:41,27,0,743
BRDA:43,28,0,0
BRDA:44,29,0,743
BRDA:47,30,0,386
BRDA:48,31,0,85707
BRDA:48,32,0,357
BRDA:52,33,0,283
BRDA:52,34,0,74
BRDA:52,35,0,283
BRDA:60,36,0,86206
BRDA:60,37,0,83481
BRDA:60,38,0,114
BRDA:63,39,0,357
BRDA:63,40,0,0
BRDA:68,41,0,357
BRDA:72,42,0,85929
BRDA:73,43,0,81806
BRDA:74,44,0,85849
BRDA:74,45,0,4123
BRDA:76,46,0,1882
BRDA:77,47,0,83294
BRDA:77,48,0,2241
BRDA:79,49,0,1781
BRDA:80,50,0,83231
BRDA:80,51,0,460
BRDA:82,52,0,0
BRDA:83,53,0,460
BRDA:94,54,0,85469
BRDA:95,55,0,85227
BRDA:96,56,0,83146
BRDA:96,57,0,242
BRDA:96,58,0,31
BRDA:96,59,0,83146
BRDA:96,60,0,7
BRDA:97,61,0,235
BRDA:100,62,0,0
BRDA:101,63,0,235
BRDA:102,64,0,0
BRDA:102,65,0,235
BRDA:105,66,0,84150
BRDA:106,67,0,81806
BRDA:107,68,0,84070
BRDA:107,69,0,2344
BRDA:109,70,0,798
BRDA:110,71,0,81443
BRDA:110,72,0,1546
BRDA:116,73,0,1121
BRDA:117,74,0,1546
BRDA:122,75,0,1903
BRDA:126,76,0,678
BRDA:126,77,0,3279
BRDA:129,78,0,5
BRDA:133,79,0,3274
BRDA:134,80,0,3204
BRDA:134,81,0,1677
BRDA:135,82,0,1597
BRDA:142,83,0,743
BRDA:148,84,0,732
BRDA:148,85,0,732
BRDA:152,86,0,371
BRDA:153,87,0,361
BRDA:154,88,0,30
BRDA:154,89,0,2
BRDA:157,90,0,359
BRDA:159,91,0,357
BRDA:160,92,0,2
BRDA:163,93,0,15
BRF:94
BRH:88
end_of_record
TN:
SF:src/languages/typst/index.ts
FN:24,heading
FN:27,list
FN:31,table
FN:39,color
FN:44,style
FN:81,imageSrc
FN:90,get
FNF:7
FNH:3
FNDA:1,heading
FNDA:0,list
FNDA:0,table
FNDA:0,color
FNDA:12517,style
FNDA:213,imageSrc
FNDA:0,get
DA:1,1
DA:2,1
DA:3,1
DA:4,1
DA:5,1
DA:6,1
DA:7,1
DA:8,1
DA:9,1
DA:10,1
DA:11,1
DA:12,1
DA:13,1
DA:14,1
DA:15,1
DA:16,1
DA:17,1
DA:18,1
DA:19,1
DA:20,1
DA:21,1
DA:22,1
DA:23,1
DA:24,1
DA:25,1
DA:26,1
DA:27,1
DA:28,0
DA:29,0
DA:30,1
DA:31,1
DA:32,0
DA:33,0
DA:34,0
DA:35,0
DA:36,0
DA:37,0
DA:38,1
DA:39,1
DA:40,0
DA:41,0
DA:42,1
DA:43,1
DA:44,12517
DA:45,12517
DA:46,12517
DA:47,267
DA:48,12517
DA:49,508
DA:50,12517
DA:51,38
DA:52,12517
DA:53,84
DA:54,12517
DA:55,4081
DA:56,4062
DA:57,4081
DA:58,12517
DA:59,156
DA:60,12517
DA:61,165
DA:62,12517
DA:63,2265
DA:64,2265
DA:65,2265
DA:66,1391
DA:67,2265
DA:68,2265
DA:69,12517
DA:70,4953
DA:71,12517
DA:72,12517
DA:73,1
DA:74,1
DA:75,1
DA:76,1
DA:77,1
DA:78,1
DA:79,1
DA:80,1
DA:81,1
DA:82,213
DA:83,213
DA:84,213
DA:85,213
DA:86,213
DA:87,213
DA:88,1
DA:89,1
DA:90,1
DA:91,1
DA:92,1
LF:92
LH:82
BRDA:24,0,0,1
BRDA:44,1,0,12517
BRDA:46,2,0,267
BRDA:48,3,0,508
BRDA:50,4,0,38
BRDA:51,5,0,0
BRDA:52,6,0,84
BRDA:53,7,0,50
BRDA:53,8,0,34
BRDA:54,9,0,4081
BRDA:55,10,0,3864
BRDA:55,11,0,911
BRDA:56,12,0,4062
BRDA:56,13,0,3170
BRDA:56,14,0,191
BRDA:57,15,0,2979
BRDA:57,16,0,263
BRDA:57,17,0,2716
BRDA:58,18,0,156
BRDA:60,19,0,165
BRDA:62,20,0,2265
BRDA:63,21,0,2264
BRDA:63,22,0,402
BRDA:64,23,0,2263
BRDA:64,24,0,1863
BRDA:64,25,0,472
BRDA:64,26,0,2264
BRDA:64,27,0,177
BRDA:65,28,0,2263
BRDA:65,29,0,1686
BRDA:65,30,0,295
BRDA:65,31,0,2264
BRDA:65,32,0,295
BRDA:66,33,0,2253
BRDA:66,34,0,1391
BRDA:67,35,0,992
BRDA:67,36,0,399
BRDA:69,37,0,4953
BRDA:81,38,0,213
BRDA:83,39,0,0
BRDA:86,40,0,0
BRF:41
BRH:38
end_of_record
TN:
SF:src/languages/typst/rules.ts
FN:7,comment
FN:16,escape
FN:21,heading
FN:37,raw
FN:46,math
FN:58,emphasis
FN:79,item
FN:86,callToken
FN:129,code
FN:141,call
FN:146,stringLiteral
FN:154,namedArgument
FN:159,separator
FN:164,contentBlock
FN:179,reference
FN:191,inMode
FNF:16
FNH:16
FNDA:69878,comment
FNDA:69414,escape
FNDA:58255,heading
FNDA:58700,raw
FNDA:58196,math
FNDA:54966,emphasis
FNDA:54281,item
FNDA:2662,callToken
FNDA:57356,code
FNDA:1615,call
FNDA:6114,stringLiteral
FNDA:5417,namedArgument
FNDA:4670,separator
FNDA:2421,contentBlock
FNDA:54146,reference
FNDA:96,inMode
DA:1,1
DA:2,1
DA:3,1
DA:4,1
DA:5,1
DA:6,1
DA:7,1
DA:8,69878
DA:9,230
DA:10,230
DA:11,230
DA:12,69648
DA:13,69878
DA:14,69878
DA:15,1
DA:16,1
DA:17,69414
DA:18,4600
DA:19,4600
DA:20,1
DA:21,1
DA:22,58255
DA:23,59
DA:24,59
DA:25,58110
DA:26,59
DA:27,59
DA:28,59
DA:29,59
DA:30,59
DA:31,59
DA:32,59
DA:33,59
DA:34,59
DA:35,59
DA:36,1
DA:37,1
DA:38,58700
DA:39,58700
DA:40,58483
DA:41,58699
DA:42,228
DA:43,58700
DA:44,58700
DA:45,1
DA:46,1
DA:47,58196
DA:48,1462
DA:49,58008
DA:50,1087
DA:51,1087
DA:52,58008
DA:53,840
DA:54,58196
DA:55,58196
DA:56,58196
DA:57,1
DA:58,1
DA:59,54966
DA:60,54966
DA:61,54966
DA:62,685
DA:63,685
DA:64,54918
DA:65,685
DA:66,685
DA:67,54966
DA:68,685
DA:69,685
DA:70,685
DA:71,54966
DA:72,54966
DA:73,54966
DA:74,54966
DA:75,54966
DA:76,54966
DA:77,54966
DA:78,1
DA:79,1
DA:80,54281
DA:81,1377
DA:82,54112
DA:83,54281
DA:84,54281
DA:85,1
DA:86,2662
DA:87,2662
DA:88,2662
DA:89,2662
DA:90,2662
DA:91,2662
DA:92,2662
DA:93,2662
DA:94,2662
DA:95,2662
DA:96,2662
DA:97,2662
DA:98,1930
DA:99,1930
DA:100,1930
DA:101,2662
DA:102,2662
DA:103,2662
DA:104,747
DA:105,747
DA:106,747
DA:107,747
DA:108,2662
DA:109,2662
DA:110,2662
DA:111,2662
DA:112,2662
DA:113,2662
DA:114,2662
DA:115,2662
DA:116,2662
DA:117,2662
DA:118,2662
DA:119,2662
DA:120,747
DA:121,2662
DA:122,1477
DA:123,1477
DA:124,1477
DA:125,2662
DA:126,2662
DA:127,2662
DA:128,1
DA:129,1
DA:130,57356
DA:131,2391
DA:132,2391
DA:133,57356
DA:134,262
DA:135,262
DA:136,262
DA:137,2129
DA:138,2129
DA:139,2129
DA:140,1
DA:141,1
DA:142,1615
DA:143,533
DA:144,533
DA:145,1
DA:146,1
DA:147,6114
DA:148,6114
DA:149,697
DA:150,697
DA:151,6114
DA:152,6114
DA:153,1
DA:154,1
DA:155,5417
DA:156,5417
DA:157,5417
DA:158,1
DA:159,1
DA:160,4670
DA:161,4670
DA:162,4670
DA:163,1
DA:164,1
DA:165,2421
DA:166,2421
DA:167,806
DA:168,806
DA:169,806
DA:170,806
DA:171,806
DA:172,806
DA:173,806
DA:174,806
DA:175,806
DA:176,806
DA:177,806
DA:178,1
DA:179,1
DA:180,54146
DA:181,224
DA:182,224
DA:183,224
DA:184,54146
DA:185,224
DA:186,224
DA:187,224
DA:188,53698
DA:189,53698
DA:190,1
DA:191,96
DA:192,96
DA:193,96
DA:194,1
DA:195,1
DA:196,1
DA:197,1
DA:198,1
DA:199,1
DA:200,1
DA:201,1
DA:202,1
DA:203,1
DA:204,1
DA:205,1
DA:206,1
DA:207,1
DA:208,1
DA:209,1
DA:210,1
LF:210
LH:210
BRDA:7,0,0,69878
BRDA:8,1,0,230
BRDA:12,2,0,69648
BRDA:13,3,0,234
BRDA:13,4,0,69414
BRDA:16,5,0,69414
BRDA:17,6,0,4600
BRDA:17,7,0,64814
BRDA:18,8,0,4600
BRDA:21,9,0,58255
BRDA:22,10,0,241
BRDA:22,11,0,58196
BRDA:23,12,0,58110
BRDA:23,13,0,59
BRDA:25,14,0,0
BRDA:26,15,0,59
BRDA:37,16,0,58700
BRDA:39,17,0,217
BRDA:40,18,0,58699
BRDA:40,19,0,58483
BRDA:41,20,0,58255
BRDA:42,21,0,228
BRDA:43,22,0,0
BRDA:46,23,0,58196
BRDA:47,24,0,56734
BRDA:48,25,0,58008
BRDA:48,26,0,1462
BRDA:49,27,0,375
BRDA:50,28,0,1087
BRDA:52,29,0,247
BRDA:53,30,0,840
BRDA:54,31,0,8
BRDA:58,32,0,54966
BRDA:60,33,0,54279
BRDA:60,34,0,53999
BRDA:61,35,0,54918
BRDA:61,36,0,967
BRDA:61,37,0,60
BRDA:61,38,0,54918
BRDA:61,39,0,282
BRDA:62,40,0,685
BRDA:64,41,0,0
BRDA:65,42,0,685
BRDA:67,43,0,54918
BRDA:67,44,0,0
BRDA:68,45,0,54803
BRDA:68,46,0,685
BRDA:71,47,0,451
BRDA:71,48,0,234
BRDA:79,49,0,54281
BRDA:80,50,0,52904
BRDA:81,51,0,54254
BRDA:81,52,0,54112
BRDA:81,53,0,1377
BRDA:82,54,0,1242
BRDA:83,55,0,54094
BRDA:83,56,0,135
BRDA:83,57,0,72
BRDA:83,58,0,63
BRDA:86,59,0,2662
BRDA:88,60,0,0
BRDA:97,61,0,1930
BRDA:103,62,0,747
BRDA:109,63,0,1915
BRDA:111,64,0,2385
BRDA:111,65,0,277
BRDA:111,66,0,2385
BRDA:119,67,0,747
BRDA:121,68,0,1915
BRDA:121,69,0,1477
BRDA:129,70,0,57356
BRDA:130,71,0,54965
BRDA:131,72,0,2391
BRDA:133,73,0,57303
BRDA:133,74,0,262
BRDA:137,75,0,2129
BRDA:141,76,0,1615
BRDA:142,77,0,601
BRDA:142,78,0,0
BRDA:142,79,0,1082
BRDA:143,80,0,533
BRDA:146,81,0,6114
BRDA:148,82,0,5417
BRDA:148,83,0,5417
BRDA:149,84,0,697
BRDA:151,85,0,0
BRDA:154,86,0,5417
BRDA:156,87,0,747
BRDA:156,88,0,4670
BRDA:159,89,0,4670
BRDA:161,90,0,2249
BRDA:161,91,0,2421
BRDA:164,92,0,2421
BRDA:166,93,0,2420
BRDA:166,94,0,1615
BRDA:167,95,0,806
BRDA:179,96,0,54146
BRDA:180,97,0,224
BRDA:182,98,0,0
BRDA:184,99,0,53922
BRDA:184,100,0,224
BRDA:186,101,0,0
BRDA:188,102,0,53698
BRDA:191,103,0,96
BRDA:192,104,0,717211
BRDA:192,105,0,416137
BRDA:192,106,0,301074
BRF:107
BRH:98
end_of_record
TN:
SF:src/ui/dual-editor.ts
FN:41,DualVisualEditor
FN:77,onModeChange
FN:92,setMode
FN:97,toggleMode
FN:101,setLanguage
FN:106,getLanguage
FN:110,toggleCommandVisibility
FN:114,toggleToolbar
FN:118,toggleMathHover
FN:123,isMathHoverEnabled
FN:127,setTheme
FN:131,getConfig
FN:135,updateConfig
FN:139,destroy
FN:147,buildLayout
FN:175,createToggle
FN:185,keymap
FN:187,run
FN:188,run
FN:189,run
FN:190,run
FN:194,applyMode
FN:203,sync
FN:214,updateButtons
FN:237,DualLatexEditor
FN:242,latexVisualKeymap
FN:244,run
FN:245,run
FN:246,run
FN:247,run
FN:251,element
FNF:31
FNH:18
FNDA:3,DualVisualEditor
FNDA:3,onModeChange
FNDA:2,setMode
FNDA:0,toggleMode
FNDA:2,setLanguage
FNDA:2,getLanguage
FNDA:1,toggleCommandVisibility
FNDA:1,toggleToolbar
FNDA:0,toggleMathHover
FNDA:0,isMathHoverEnabled
FNDA:0,setTheme
FNDA:3,getConfig
FNDA:0,updateConfig
FNDA:3,destroy
FNDA:3,buildLayout
FNDA:9,createToggle
FNDA:3,keymap
FNDA:0,run
FNDA:0,run
FNDA:0,run
FNDA:0,run
FNDA:5,applyMode
FNDA:6,sync
FNDA:11,updateButtons
FNDA:2,DualLatexEditor
FNDA:1,latexVisualKeymap
FNDA:0,run
FNDA:0,run
FNDA:0,run
FNDA:0,run
FNDA:12,element
DA:1,1
DA:2,1
DA:3,1
DA:4,1
DA:5,1
DA:6,1
DA:7,1
DA:8,1
DA:9,1
DA:10,1
DA:11,1
DA:12,1
DA:13,1
DA:14,1
DA:15,1
DA:16,1
DA:17,1
DA:18,1
DA:19,1
DA:20,1
DA:21,1
DA:22,1
DA:23,1
DA:24,1
DA:25,1
DA:26,1
DA:27,1
DA:28,1
DA:29,1
DA:30,1
DA:31,1
DA:32,1
DA:33,1
DA:34,1
DA:35,1
DA:36,1
DA:37,1
DA:38,1
DA:39,1
DA:40,1
DA:41,1
DA:42,3
DA:43,3
DA:44,3
DA:45,3
DA:46,3
DA:47,3
DA:48,3
DA:49,3
DA:50,3
DA:51,3
DA:52,3
DA:53,3
DA:54,3
DA:55,3
DA:56,3
DA:57,3
DA:58,3
DA:59,3
DA:60,3
DA:61,3
DA:62,3
DA:63,3
DA:64,3
DA:65,3
DA:66,3
DA:67,3
DA:68,3
DA:69,3
DA:70,3
DA:71,3
DA:72,3
DA:73,3
DA:74,3
DA:75,3
DA:76,3
DA:77,3
DA:78,3
DA:79,3
DA:80,3
DA:81,3
DA:82,3
DA:83,3
DA:84,3
DA:85,3
DA:86,3
DA:87,3
DA:88,3
DA:89,3
DA:90,3
DA:91,1
DA:92,1
DA:93,2
DA:94,2
DA:95,2
DA:96,1
DA:97,1
DA:98,0
DA:99,0
DA:100,1
DA:101,1
DA:102,2
DA:103,2
DA:104,2
DA:105,1
DA:106,1
DA:107,2
DA:108,2
DA:109,1
DA:110,1
DA:111,1
DA:112,1
DA:113,1
DA:114,1
DA:115,1
DA:116,1
DA:117,1
DA:118,1
DA:119,0
DA:120,0
DA:121,0
DA:122,1
DA:123,1
DA:124,0
DA:125,0
DA:126,1
DA:127,1
DA:128,0
DA:129,0
DA:130,1
DA:131,1
DA:132,3
DA:133,3
DA:134,1
DA:135,1
DA:136,0
DA:137,0
DA:138,1
DA:139,1
DA:140,3
DA:141,3
DA:142,3
DA:143,3
DA:144,3
DA:145,3
DA:146,1
DA:147,1
DA:148,3
DA:149,3
DA:150,3
DA:151,3
DA:152,3
DA:153,3
DA:154,3
DA:155,6
DA:156,6
DA:157,6
DA:158,6
DA:159,6
DA:160,6
DA:161,6
DA:162,6
DA:163,3
DA:164,3
DA:165,3
DA:166,3
DA:167,3
DA:168,3
DA:169,3
DA:170,3
DA:171,3
DA:172,3
DA:173,3
DA:174,1
DA:175,1
DA:176,9
DA:177,9
DA:178,9
DA:179,9
DA:180,9
DA:181,9
DA:182,9
DA:183,9
DA:184,1
DA:185,1
DA:186,3
DA:187,3
DA:188,3
DA:189,3
DA:190,3
DA:191,3
DA:192,3
DA:193,1
DA:194,1
DA:195,5
DA:196,5
DA:197,5
DA:198,5
DA:199,5
DA:200,5
DA:201,5
DA:202,1
DA:203,1
DA:204,6
DA:205,6
DA:206,6
DA:207,6
DA:208,6
DA:209,6
DA:210,6
DA:211,6
DA:212,6
DA:213,1
DA:214,1
DA:215,11
DA:216,11
DA:217,11
DA:218,22
DA:219,22
DA:220,11
DA:221,11
DA:222,11
DA:223,11
DA:224,11
DA:225,11
DA:226,11
DA:227,11
DA:228,33
DA:229,33
DA:230,11
DA:231,11
DA:232,33
DA:233,11
DA:234,1
DA:235,1
DA:236,1
DA:237,1
DA:238,2
DA:239,2
DA:240,1
DA:241,1
DA:242,1
DA:243,1
DA:244,1
DA:245,1
DA:246,1
DA:247,1
DA:248,1
DA:249,1
DA:250,1
DA:251,12
DA:252,12
DA:253,12
DA:254,12
DA:255,12
LF:255
LH:244
BRDA:41,0,0,3
BRDA:45,1,0,2
BRDA:47,2,0,0
BRDA:51,3,0,0
BRDA:52,4,0,0
BRDA:53,5,0,0
BRDA:55,6,0,0
BRDA:57,7,0,0
BRDA:58,8,0,0
BRDA:71,9,0,23
BRDA:71,10,0,14
BRDA:77,11,0,3
BRDA:77,12,0,0
BRDA:87,13,0,3
BRDA:92,14,0,2
BRDA:93,15,0,0
BRDA:101,16,0,2
BRDA:106,17,0,2
BRDA:110,18,0,1
BRDA:114,19,0,1
BRDA:131,20,0,3
BRDA:139,21,0,3
BRDA:147,22,0,3
BRDA:154,23,0,6
BRDA:175,24,0,9
BRDA:185,25,0,3
BRDA:194,26,0,5
BRDA:203,27,0,6
BRDA:210,28,0,5
BRDA:210,29,0,1
BRDA:214,30,0,11
BRDA:217,31,0,22
BRDA:223,32,0,0
BRDA:227,33,0,33
BRDA:229,34,0,11
BRDA:237,35,0,2
BRDA:242,36,0,1
BRDA:251,37,0,12
BRF:38
BRH:28
end_of_record
TN:
SF:src/ui/table-selector.ts
FN:14,TableSelector
FN:21,isVisible
FN:25,show
FN:29,hide
FN:33,toggle
FN:38,render
FN:74,highlight
FNF:7
FNH:3
FNDA:7,TableSelector
FNDA:0,isVisible
FNDA:0,show
FNDA:7,hide
FNDA:0,toggle
FNDA:7,render
FNDA:0,highlight
DA:1,1
DA:2,1
DA:3,1
DA:4,1
DA:5,1
DA:6,1
DA:7,1
DA:8,1
DA:9,1
DA:10,1
DA:11,1
DA:12,1
DA:13,1
DA:14,1
DA:15,7
DA:16,7
DA:17,7
DA:18,7
DA:19,7
DA:20,1
DA:21,1
DA:22,0
DA:23,0
DA:24,1
DA:25,1
DA:26,0
DA:27,0
DA:28,1
DA:29,1
DA:30,7
DA:31,7
DA:32,1
DA:33,1
DA:34,0
DA:35,0
DA:36,0
DA:37,1
DA:38,1
DA:39,7
DA:40,7
DA:41,7
DA:42,7
DA:43,7
DA:44,7
DA:45,7
DA:46,56
DA:47,448
DA:48,448
DA:49,448
DA:50,448
DA:51,448
DA:52,448
DA:53,56
DA:54,7
DA:55,7
DA:56,7
DA:57,7
DA:58,7
DA:59,7
DA:60,0
DA:61,0
DA:62,7
DA:63,7
DA:64,7
DA:65,0
DA:66,0
DA:67,0
DA:68,0
DA:69,7
DA:70,7
DA:71,7
DA:72,7
DA:73,1
DA:74,1
DA:75,0
DA:76,0
DA:77,0
DA:78,0
DA:79,0
DA:80,0
DA:81,1
LF:81
LH:62
BRDA:14,0,0,7
BRDA:29,1,0,7
BRDA:38,2,0,7
BRDA:45,3,0,56
BRDA:46,4,0,448
BRF:5
BRH:5
end_of_record
TN:
SF:src/ui/toolbar.ts
FN:44,Toolbar
FN:24,Toolbar.onClick
FN:38,Toolbar.onColorChange
FN:56,getEntries
FN:60,run
FN:65,update
FN:70,updateMode
FN:75,updateTheme
FN:80,setLanguage
FN:87,destroy
FN:93,refreshScope
FN:103,build
FN:118,render
FN:144,createGroup
FN:150,createButton
FN:159,createColorInput
FN:168,insertTable
FNF:17
FNH:15
FNDA:7,Toolbar
FNDA:5,Toolbar.onClick
FNDA:0,Toolbar.onColorChange
FNDA:1,getEntries
FNDA:5,run
FNDA:21,update
FNDA:5,updateMode
FNDA:6,updateTheme
FNDA:7,setLanguage
FNDA:7,destroy
FNDA:9,refreshScope
FNDA:7,build
FNDA:13,render
FNDA:71,createGroup
FNDA:213,createButton
FNDA:26,createColorInput
FNDA:0,insertTable
DA:1,1
DA:2,1
DA:3,1
DA:4,1
DA:5,1
DA:6,1
DA:7,1
DA:8,1
DA:9,1
DA:10,1
DA:11,1
DA:12,1
DA:13,1
DA:14,1
DA:15,1
DA:16,1
DA:17,1
DA:18,1
DA:19,1
DA:20,1
DA:21,1
DA:22,1
DA:23,1
DA:24,1
DA:25,5
DA:26,5
DA:27,5
DA:28,5
DA:29,5
DA:30,5
DA:31,0
DA:32,0
DA:33,0
DA:34,5
DA:35,5
DA:36,1
DA:37,1
DA:38,1
DA:39,0
DA:40,0
DA:41,0
DA:42,1
DA:43,1
DA:44,1
DA:45,7
DA:46,7
DA:47,7
DA:48,7
DA:49,7
DA:50,7
DA:51,7
DA:52,7
DA:53,7
DA:54,7
DA:55,1
DA:56,1
DA:57,1
DA:58,1
DA:59,1
DA:60,1
DA:61,5
DA:62,5
DA:63,5
DA:64,1
DA:65,1
DA:66,21
DA:67,7
DA:68,7
DA:69,1
DA:70,1
DA:71,5
DA:72,5
DA:73,5
DA:74,1
DA:75,1
DA:76,6
DA:77,6
DA:78,6
DA:79,1
DA:80,1
DA:81,7
DA:82,7
DA:83,2
DA:84,2
DA:85,2
DA:86,1
DA:87,1
DA:88,7
DA:89,7
DA:90,7
DA:91,7
DA:92,1
DA:93,1
DA:94,9
DA:95,9
DA:96,3
DA:97,3
DA:98,3
DA:99,6
DA:100,6
DA:101,6
DA:102,1
DA:103,1
DA:104,7
DA:105,7
DA:106,7
DA:107,7
DA:108,7
DA:109,7
DA:110,7
DA:111,7
DA:112,7
DA:113,7
DA:114,7
DA:115,7
DA:116,7
DA:117,1
DA:118,1
DA:119,13
DA:120,13
DA:121,13
DA:122,13
DA:123,13
DA:124,13
DA:125,245
DA:126,45
DA:127,45
DA:128,45
DA:129,45
DA:130,200
DA:131,200
DA:132,13
DA:133,13
DA:134,13
DA:135,13
DA:136,13
DA:137,13
DA:138,13
DA:139,13
DA:140,13
DA:141,13
DA:142,13
DA:143,1
DA:144,1
DA:145,71
DA:146,71
DA:147,71
DA:148,71
DA:149,1
DA:150,1
DA:151,213
DA:152,213
DA:153,213
DA:154,213
DA:155,213
DA:156,213
DA:157,213
DA:158,1
DA:159,1
DA:160,26
DA:161,26
DA:162,26
DA:163,26
DA:164,26
DA:165,26
DA:166,26
DA:167,1
DA:168,1
DA:169,0
DA:170,0
DA:171,1
LF:171
LH:163
BRDA:44,0,0,7
BRDA:47,1,0,0
BRDA:48,2,0,4
BRDA:49,3,0,4
BRDA:24,4,0,5
BRDA:26,5,0,0
BRDA:30,6,0,0
BRDA:56,7,0,1
BRDA:60,8,0,5
BRDA:62,9,0,0
BRDA:61,10,0,92
BRDA:61,11,0,74
BRDA:65,12,0,21
BRDA:66,13,0,14
BRDA:66,14,0,14
BRDA:67,15,0,7
BRDA:70,16,0,5
BRDA:75,17,0,6
BRDA:80,18,0,7
BRDA:82,19,0,5
BRDA:83,20,0,2
BRDA:87,21,0,7
BRDA:93,22,0,9
BRDA:95,23,0,7
BRDA:95,24,0,3
BRDA:95,25,0,3
BRDA:99,26,0,6
BRDA:103,27,0,7
BRDA:104,28,0,0
BRDA:118,29,0,13
BRDA:124,30,0,245
BRDA:125,31,0,45
BRDA:130,32,0,200
BRDA:144,33,0,71
BRDA:150,34,0,213
BRDA:159,35,0,26
BRDA:164,36,0,13
BRDA:164,37,0,13
BRF:38
BRH:33
end_of_record
TN:
SF:src/view/decorations.ts
FN:27,combine
FN:30,revealAt
FN:34,revealFrom
FN:42,MarkerWidget
FN:49,eq
FN:53,toDOM
FN:61,buildDecorations
FN:72,overlap
FN:75,isRevealed
FN:78,hide
FN:90,emit
FN:164,applyStyle
FN:191,layoutTable
FN:233,separate
FN:249,trim
FN:256,expandToLine
FN:270,merge
FN:283,subtract
FNF:18
FNH:17
FNDA:13,combine
FNDA:2,revealAt
FNDA:1,revealFrom
FNDA:146,MarkerWidget
FNDA:16,eq
FNDA:32,toDOM
FNDA:2047,buildDecorations
FNDA:13013,overlap
FNDA:7018,isRevealed
FNDA:6327,hide
FNDA:3804,emit
FNDA:6351,applyStyle
FNDA:82,layoutTable
FNDA:24,separate
FNDA:68,trim
FNDA:0,expandToLine
FNDA:4094,merge
FNDA:2047,subtract
DA:1,1
DA:2,1
DA:3,1
DA:4,1
DA:5,1
DA:6,1
DA:7,1
DA:8,1
DA:9,1
DA:10,1
DA:11,1
DA:12,1
DA:13,1
DA:14,1
DA:15,1
DA:16,1
DA:17,1
DA:18,1
DA:19,1
DA:20,1
DA:21,1
DA:22,1
DA:23,1
DA:24,1
DA:25,1
DA:26,1
DA:27,1
DA:28,1
DA:29,1
DA:30,2
DA:31,2
DA:32,2
DA:33,1
DA:34,1
DA:35,1
DA:36,1
DA:37,1
DA:38,1
DA:39,1
DA:40,1
DA:41,1
DA:42,1
DA:43,146
DA:44,146
DA:45,146
DA:46,146
DA:47,146
DA:48,1
DA:49,1
DA:50,16
DA:51,16
DA:52,1
DA:53,1
DA:54,32
DA:55,32
DA:56,32
DA:57,32
DA:58,32
DA:59,1
DA:60,1
DA:61,2047
DA:62,2047
DA:63,2047
DA:64,2047
DA:65,2047
DA:66,2047
DA:67,2047
DA:68,2047
DA:69,2047
DA:70,2047
DA:71,2047
DA:72,2047
DA:73,2047
DA:74,2047
DA:75,2047
DA:76,2047
DA:77,2047
DA:78,2047
DA:79,6327
DA:80,2778
DA:81,2778
DA:82,6327
DA:83,2856
DA:84,2856
DA:85,2856
DA:86,2856
DA:87,2856
DA:88,2047
DA:89,2047
DA:90,2047
DA:91,3804
DA:92,18001
DA:93,18001
DA:94,18001
DA:95,10983
DA:96,10983
DA:97,10983
DA:98,7018
DA:99,7018
DA:100,7018
DA:101,18001
DA:102,667
DA:103,667
DA:104,667
DA:105,667
DA:106,667
DA:107,667
DA:108,667
DA:109,667
DA:110,667
DA:111,667
DA:112,667
DA:113,667
DA:114,667
DA:115,667
DA:116,6351
DA:117,6351
DA:118,6351
DA:119,17977
DA:120,911
DA:121,17977
DA:122,231
DA:123,122
DA:124,122
DA:125,122
DA:126,122
DA:127,122
DA:128,5440
DA:129,3180
DA:130,3180
DA:131,2725
DA:132,2725
DA:133,2725
DA:134,3180
DA:135,6351
DA:136,18001
DA:137,82
DA:138,82
DA:139,6351
DA:140,18001
DA:141,18001
DA:142,2047
DA:143,2047
DA:144,2047
DA:145,2047
DA:146,2047
DA:147,2047
DA:148,2047
DA:149,2215
DA:150,2215
DA:151,2215
DA:152,2215
DA:153,61
DA:154,61
DA:155,2215
DA:156,2047
DA:157,2047
DA:158,2047
DA:159,2047
DA:160,2047
DA:161,2047
DA:162,2047
DA:163,1
DA:164,6351
DA:165,6351
DA:166,6351
DA:167,6351
DA:168,6351
DA:169,6351
DA:170,6351
DA:171,4294
DA:172,6351
DA:173,525
DA:174,525
DA:175,525
DA:176,525
DA:177,525
DA:178,642
DA:179,642
DA:180,117
DA:181,117
DA:182,525
DA:183,525
DA:184,3769
DA:185,6351
DA:186,6351
DA:187,3765
DA:188,3765
DA:189,6351
DA:190,1
DA:191,82
DA:192,82
DA:193,82
DA:194,82
DA:195,82
DA:196,82
DA:197,82
DA:198,82
DA:199,82
DA:200,82
DA:201,82
DA:202,10
DA:203,10
DA:204,10
DA:205,17
DA:206,34
DA:207,17
DA:208,17
DA:209,10
DA:210,10
DA:211,10
DA:212,10
DA:213,17
DA:214,34
DA:215,34
DA:216,34
DA:217,34
DA:218,34
DA:219,34
DA:220,34
DA:221,34
DA:222,34
DA:223,34
DA:224,34
DA:225,34
DA:226,34
DA:227,17
DA:228,17
DA:229,10
DA:230,10
DA:231,10
DA:232,1
DA:233,24
DA:234,24
DA:235,24
DA:236,24
DA:237,24
DA:238,24
DA:239,24
DA:240,24
DA:241,24
DA:242,24
DA:243,24
DA:244,24
DA:245,24
DA:246,24
DA:247,24
DA:248,1
DA:249,68
DA:250,68
DA:251,68
DA:252,68
DA:253,68
DA:254,68
DA:255,1
DA:256,0
DA:257,0
DA:258,0
DA:259,0
DA:260,0
DA:261,0
DA:262,0
DA:263,0
DA:264,0
DA:265,0
DA:266,0
DA:267,0
DA:268,0
DA:269,1
DA:270,4094
DA:271,4094
DA:272,4094
DA:273,4094
DA:274,4094
DA:275,3593
DA:276,3593
DA:277,2987
DA:278,3593
DA:279,4094
DA:280,4094
DA:281,4094
DA:282,1
DA:283,2047
DA:284,2047
DA:285,2047
DA:286,2047
DA:287,2215
DA:288,2215
DA:289,2215
DA:290,2621
DA:291,0
DA:292,0
DA:293,0
DA:294,2215
DA:295,2215
DA:296,2215
DA:297,2047
DA:298,2047
DA:299,2047
LF:299
LH:283
BRDA:27,0,0,13
BRDA:30,1,0,2
BRDA:31,2,0,2
BRDA:34,3,0,1
BRDA:42,4,0,146
BRDA:49,5,0,16
BRDA:53,6,0,32
BRDA:61,7,0,2047
BRDA:148,8,0,2215
BRDA:152,9,0,411
BRDA:152,10,0,61
BRDA:152,11,0,61
BRDA:72,12,0,13013
BRDA:73,13,0,7022
BRDA:73,14,0,3367
BRDA:75,15,0,7018
BRDA:76,16,0,5995
BRDA:78,17,0,6327
BRDA:79,18,0,5985
BRDA:79,19,0,3549
BRDA:80,20,0,2778
BRDA:82,21,0,2856
BRDA:85,22,0,2780
BRDA:90,23,0,3804
BRDA:91,24,0,18001
BRDA:94,25,0,10983
BRDA:95,26,0,0
BRDA:98,27,0,17985
BRDA:98,28,0,7018
BRDA:101,29,0,1287
BRDA:101,30,0,768
BRDA:101,31,0,667
BRDA:116,32,0,17977
BRDA:116,33,0,6351
BRDA:119,34,0,911
BRDA:120,35,0,867
BRDA:121,36,0,5440
BRDA:121,37,0,231
BRDA:122,38,0,132
BRDA:122,39,0,122
BRDA:124,40,0,0
BRDA:128,41,0,5209
BRDA:128,42,0,3866
BRDA:128,43,0,3180
BRDA:130,44,0,2725
BRDA:135,45,0,6351
BRDA:136,46,0,195
BRDA:136,47,0,127
BRDA:136,48,0,17977
BRDA:136,49,0,82
BRDA:139,50,0,17793
BRDA:139,51,0,6351
BRDA:140,52,0,2395
BRDA:140,53,0,1757
BRDA:164,54,0,6351
BRDA:170,55,0,2057
BRDA:171,56,0,4294
BRDA:172,57,0,525
BRDA:177,58,0,642
BRDA:179,59,0,636
BRDA:179,60,0,525
BRDA:180,61,0,117
BRDA:184,62,0,3769
BRDA:185,63,0,942
BRDA:186,64,0,3765
BRDA:191,65,0,82
BRDA:200,66,0,10
BRDA:201,67,0,10
BRDA:201,68,0,72
BRDA:202,69,0,10
BRDA:204,70,0,17
BRDA:212,71,0,17
BRDA:205,72,0,34
BRDA:206,73,0,20
BRDA:213,74,0,34
BRDA:214,75,0,24
BRDA:233,76,0,24
BRDA:249,77,0,68
BRDA:251,78,0,204
BRDA:251,79,0,136
BRDA:252,80,0,136
BRDA:270,81,0,4094
BRDA:274,82,0,3593
BRDA:276,83,0,2387
BRDA:276,84,0,606
BRDA:277,85,0,2987
BRDA:271,86,0,4198
BRDA:271,87,0,0
BRDA:283,88,0,2047
BRDA:286,89,0,2215
BRDA:289,90,0,2621
BRDA:290,91,0,1174
BRDA:291,92,0,0
BRF:93
BRH:89
end_of_record
TN:
SF:src/view/images.ts
FN:12,combine
FN:15,isExternal
FN:19,resolveImagePath
FN:34,createImageResolver
FN:39,resolve
FN:49,dispose
FNF:6
FNH:6
FNDA:19,combine
FNDA:37,isExternal
FNDA:16,resolveImagePath
FNDA:9,createImageResolver
FNDA:10,resolve
FNDA:1,dispose
DA:1,1
DA:2,1
DA:3,1
DA:4,1
DA:5,1
DA:6,1
DA:7,1
DA:8,1
DA:9,1
DA:10,1
DA:11,1
DA:12,1
DA:13,1
DA:14,1
DA:15,37
DA:16,37
DA:17,37
DA:18,1
DA:19,16
DA:20,16
DA:21,15
DA:22,15
DA:23,15
DA:24,15
DA:25,16
DA:26,46
DA:27,46
DA:28,27
DA:29,46
DA:30,15
DA:31,15
DA:32,15
DA:33,1
DA:34,9
DA:35,9
DA:36,9
DA:37,9
DA:38,9
DA:39,9
DA:40,10
DA:41,10
DA:42,10
DA:43,8
DA:44,8
DA:45,8
DA:46,10
DA:47,10
DA:48,9
DA:49,9
DA:50,1
DA:51,1
DA:52,1
DA:53,1
DA:54,1
DA:55,1
DA:56,1
DA:57,9
DA:58,9
LF:58
LH:58
BRDA:12,0,0,19
BRDA:12,1,0,10
BRDA:15,2,0,37
BRDA:19,3,0,16
BRDA:20,4,0,1
BRDA:21,5,0,15
BRDA:25,6,0,46
BRDA:26,7,0,45
BRDA:26,8,0,42
BRDA:26,9,0,15
BRDA:27,10,0,31
BRDA:27,11,0,4
BRDA:28,12,0,27
BRDA:30,13,0,15
BRDA:34,14,0,9
BRDA:39,15,0,10
BRDA:42,16,0,8
BRDA:49,17,0,1
BRDA:51,18,0,1
BRF:19
BRH:19
end_of_record
TN:
SF:src/view/math-field.ts
FN:6,load
FN:20,configure
FN:36,createEditableMath
FN:57,preloadMath
FNF:4
FNH:3
FNDA:21,load
FNDA:52,configure
FNDA:68,createEditableMath
FNDA:0,preloadMath
DA:1,1
DA:2,1
DA:3,1
DA:4,1
DA:5,1
DA:6,21
DA:7,21
DA:8,6
DA:9,6
DA:10,6
DA:11,6
DA:12,6
DA:13,6
DA:14,6
DA:15,6
DA:16,6
DA:17,21
DA:18,21
DA:19,1
DA:20,52
DA:21,52
DA:22,52
DA:23,52
DA:24,52
DA:25,52
DA:26,52
DA:27,52
DA:28,52
DA:29,52
DA:30,52
DA:31,52
DA:32,52
DA:33,52
DA:34,52
DA:35,1
DA:36,68
DA:37,68
DA:38,47
DA:39,47
DA:40,47
DA:41,47
DA:42,21
DA:43,21
DA:44,21
DA:45,21
DA:46,21
DA:47,21
DA:48,21
DA:49,5
DA:50,5
DA:51,5
DA:52,21
DA:53,21
DA:54,21
DA:55,21
DA:56,1
DA:57,0
DA:58,0
DA:59,0
LF:59
LH:56
BRDA:6,0,0,21
BRDA:7,1,0,6
BRDA:8,2,0,6
BRDA:9,3,0,6
BRDA:11,4,0,0
BRDA:20,5,0,52
BRDA:31,6,0,1
BRDA:31,7,0,51
BRDA:36,8,0,68
BRDA:37,9,0,64
BRDA:37,10,0,47
BRDA:42,11,0,21
BRDA:47,12,0,21
BRDA:48,13,0,20
BRDA:48,14,0,16
BRDA:49,15,0,5
BRF:16
BRH:15
end_of_record
TN:
SF:src/view/math-hover.ts
FN:11,create
FN:12,update
FN:20,findMath
FN:26,renderTooltip
FN:42,mathHover
FN:53,createMathHoverExtension
FN:61,MathHoverManager
FN:65,getEnabled
FN:69,setEnabled
FN:75,destroy
FNF:10
FNH:8
FNDA:3,create
FNDA:23,update
FNDA:0,findMath
FNDA:0,renderTooltip
FNDA:3,mathHover
FNDA:3,createMathHoverExtension
FNDA:3,MathHoverManager
FNDA:11,getEnabled
FNDA:8,setEnabled
FNDA:3,destroy
DA:1,1
DA:2,1
DA:3,1
DA:4,1
DA:5,1
DA:6,1
DA:7,1
DA:8,1
DA:9,1
DA:10,1
DA:11,1
DA:12,1
DA:13,23
DA:14,32
DA:15,32
DA:16,18
DA:17,18
DA:18,1
DA:19,1
DA:20,0
DA:21,0
DA:22,0
DA:23,0
DA:24,0
DA:25,1
DA:26,0
DA:27,0
DA:28,0
DA:29,0
DA:30,0
DA:31,0
DA:32,0
DA:33,0
DA:34,0
DA:35,0
DA:36,0
DA:37,0
DA:38,0
DA:39,0
DA:40,0
DA:41,1
DA:42,3
DA:43,3
DA:44,3
DA:45,3
DA:46,0
DA:47,0
DA:48,0
DA:49,3
DA:50,3
DA:51,3
DA:52,1
DA:53,3
DA:54,3
DA:55,3
DA:56,1
DA:57,1
DA:58,1
DA:59,1
DA:60,1
DA:61,1
DA:62,3
DA:63,3
DA:64,1
DA:65,1
DA:66,11
DA:67,11
DA:68,1
DA:69,1
DA:70,8
DA:71,5
DA:72,5
DA:73,5
DA:74,1
DA:75,1
DA:76,3
DA:77,3
DA:78,1
LF:78
LH:55
BRDA:11,0,0,3
BRDA:12,1,0,23
BRDA:13,2,0,32
BRDA:14,3,0,5
BRDA:16,4,0,18
BRDA:42,5,0,3
BRDA:53,6,0,3
BRDA:61,7,0,3
BRDA:65,8,0,11
BRDA:69,9,0,8
BRDA:70,10,0,3
BRDA:71,11,0,5
BRDA:75,12,0,3
BRF:13
BRH:13
end_of_record
TN:
SF:src/view/theme.ts
FN:5,cssVariables
FN:28,createTheme
FN:39,applyVariables
FNF:3
FNH:3
FNDA:18,cssVariables
FNDA:12,createTheme
FNDA:6,applyVariables
DA:1,1
DA:2,1
DA:3,1
DA:4,1
DA:5,18
DA:6,18
DA:7,18
DA:8,18
DA:9,18
DA:10,18
DA:11,18
DA:12,18
DA:13,18
DA:14,18
DA:15,18
DA:16,18
DA:17,18
DA:18,18
DA:19,18
DA:20,18
DA:21,18
DA:22,18
DA:23,18
DA:24,18
DA:25,18
DA:26,18
DA:27,1
DA:28,12
DA:29,12
DA:30,12
DA:31,12
DA:32,12
DA:33,12
DA:34,12
DA:35,12
DA:36,12
DA:37,12
DA:38,1
DA:39,6
DA:40,6
DA:41,6
DA:42,6
LF:42
LH:42
BRDA:5,0,0,18
BRDA:28,1,0,12
BRDA:39,2,0,6
BRDA:41,3,0,96
BRF:4
BRH:4
end_of_record
TN:
SF:src/view/visual-editor.ts
FN:26,create
FN:32,update
FN:41,create
FN:42,update
FN:53,provide
FN:59,compute
FN:72,visualExtension
FN:84,VisualCodeMirrorEditor
FN:104,setVisualMode
FN:111,toggleMode
FN:115,setLanguage
FN:119,updateOptions
FN:128,getConfig
FN:132,destroy
FN:136,sync
FNF:15
FNH:12
FNDA:170,create
FNDA:442,update
FNDA:170,create
FNDA:442,update
FNDA:8,provide
FNDA:595,compute
FNDA:170,visualExtension
FNDA:3,VisualCodeMirrorEditor
FNDA:5,setVisualMode
FNDA:0,toggleMode
FNDA:0,setLanguage
FNDA:6,updateOptions
FNDA:0,getConfig
FNDA:3,destroy
FNDA:9,sync
DA:1,1
DA:2,1
DA:3,1
DA:4,1
DA:5,1
DA:6,1
DA:7,1
DA:8,1
DA:9,1
DA:10,1
DA:11,1
DA:12,1
DA:13,1
DA:14,1
DA:15,1
DA:16,1
DA:17,1
DA:18,1
DA:19,1
DA:20,1
DA:21,1
DA:22,1
DA:23,1
DA:24,1
DA:25,1
DA:26,1
DA:27,170
DA:28,170
DA:29,170
DA:30,170
DA:31,1
DA:32,1
DA:33,442
DA:34,197
DA:35,197
DA:36,442
DA:37,442
DA:38,1
DA:39,1
DA:40,1
DA:41,1
DA:42,1
DA:43,442
DA:44,442
DA:45,427
DA:46,427
DA:47,427
DA:48,442
DA:49,442
DA:50,442
DA:51,442
DA:52,1
DA:53,1
DA:54,8
DA:55,8
DA:56,8
DA:57,1
DA:58,1
DA:59,595
DA:60,595
DA:61,595
DA:62,425
DA:63,425
DA:64,425
DA:65,425
DA:66,425
DA:67,425
DA:68,425
DA:69,425
DA:70,425
DA:71,1
DA:72,170
DA:73,170
DA:74,170
DA:75,1
DA:76,1
DA:77,1
DA:78,1
DA:79,1
DA:80,1
DA:81,1
DA:82,1
DA:83,1
DA:84,1
DA:85,3
DA:86,3
DA:87,3
DA:88,3
DA:89,3
DA:90,3
DA:91,3
DA:92,3
DA:93,3
DA:94,3
DA:95,3
DA:96,3
DA:97,3
DA:98,3
DA:99,3
DA:100,3
DA:101,3
DA:102,3
DA:103,1
DA:104,1
DA:105,5
DA:106,3
DA:107,3
DA:108,5
DA:109,5
DA:110,1
DA:111,1
DA:112,0
DA:113,0
DA:114,1
DA:115,1
DA:116,0
DA:117,0
DA:118,1
DA:119,1
DA:120,6
DA:121,6
DA:122,6
DA:123,6
DA:124,6
DA:125,6
DA:126,6
DA:127,1
DA:128,1
DA:129,0
DA:130,0
DA:131,1
DA:132,1
DA:133,3
DA:134,3
DA:135,1
DA:136,1
DA:137,9
DA:138,9
DA:139,9
DA:140,9
DA:141,9
DA:142,9
DA:143,9
DA:144,9
DA:145,9
DA:146,9
DA:147,9
DA:148,9
DA:149,1
LF:149
LH:143
BRDA:26,0,0,170
BRDA:32,1,0,442
BRDA:33,2,0,197
BRDA:34,3,0,180
BRDA:41,4,0,170
BRDA:42,5,0,442
BRDA:44,6,0,15
BRDA:45,7,0,427
BRDA:47,8,0,300
BRDA:48,9,0,173
BRDA:49,10,0,2
BRDA:51,11,0,425
BRDA:51,12,0,2
BRDA:49,13,0,173
BRDA:53,14,0,8
BRDA:54,15,0,610
BRDA:59,16,0,595
BRDA:61,17,0,587
BRDA:61,18,0,170
BRDA:62,19,0,425
BRDA:72,20,0,170
BRDA:84,21,0,3
BRDA:100,22,0,6
BRDA:104,23,0,5
BRDA:105,24,0,2
BRDA:106,25,0,3
BRDA:108,26,0,2
BRDA:108,27,0,1
BRDA:119,28,0,6
BRDA:123,29,0,0
BRDA:124,30,0,0
BRDA:132,31,0,3
BRDA:136,32,0,9
BRF:33
BRH:31
end_of_record
TN:
SF:src/view/widget-registry.ts
FN:18,registerWidget
FN:22,createWidget
FN:27,replaceRange
FNF:3
FNH:3
FNDA:20,registerWidget
FNDA:667,createWidget
FNDA:3,replaceRange
DA:1,1
DA:2,1
DA:3,1
DA:4,1
DA:5,1
DA:6,1
DA:7,1
DA:8,1
DA:9,1
DA:10,1
DA:11,1
DA:12,1
DA:13,1
DA:14,1
DA:15,1
DA:16,1
DA:17,1
DA:18,20
DA:19,20
DA:20,20
DA:21,1
DA:22,667
DA:23,667
DA:24,667
DA:25,667
DA:26,1
DA:27,3
DA:28,3
DA:29,2
DA:30,2
DA:31,3
DA:32,2
DA:33,2
DA:34,2
DA:35,2
LF:35
LH:35
BRDA:18,0,0,20
BRDA:22,1,0,667
BRDA:24,2,0,0
BRDA:27,3,0,3
BRDA:28,4,0,1
BRDA:29,5,0,2
BRDA:31,6,0,0
BRDA:32,7,0,2
BRF:8
BRH:6
end_of_record
TN:
SF:src/view/widgets.ts
FN:14,MathWidget
FN:24,eq
FN:28,toDOM
FN:32,field
FN:34,commit
FN:58,ignoreEvent
FN:68,ImageWidget
FN:77,eq
FN:81,toDOM
FN:113,destroy
FN:117,ignoreEvent
FN:122,keepsFocus
FNF:12
FNH:10
FNDA:447,MathWidget
FNDA:152,eq
FNDA:68,toDOM
FNDA:4,field
FNDA:3,commit
FNDA:0,ignoreEvent
FNDA:220,ImageWidget
FNDA:98,eq
FNDA:37,toDOM
FNDA:26,destroy
FNDA:0,ignoreEvent
FNDA:4,keepsFocus
DA:1,1
DA:2,1
DA:3,1
DA:4,1
DA:5,1
DA:6,1
DA:7,1
DA:8,1
DA:9,1
DA:10,1
DA:11,1
DA:12,1
DA:13,1
DA:14,1
DA:15,447
DA:16,447
DA:17,447
DA:18,447
DA:19,447
DA:20,447
DA:21,447
DA:22,447
DA:23,1
DA:24,1
DA:25,152
DA:26,152
DA:27,1
DA:28,1
DA:29,68
DA:30,68
DA:31,68
DA:32,68
DA:33,68
DA:34,68
DA:35,3
DA:36,3
DA:37,3
DA:38,68
DA:39,68
DA:40,68
DA:41,1
DA:42,1
DA:43,1
DA:44,1
DA:45,68
DA:46,68
DA:47,68
DA:48,4
DA:49,2
DA:50,68
DA:51,68
DA:52,68
DA:53,68
DA:54,68
DA:55,68
DA:56,68
DA:57,1
DA:58,1
DA:59,0
DA:60,0
DA:61,1
DA:62,1
DA:63,1
DA:64,1
DA:65,1
DA:66,1
DA:67,1
DA:68,1
DA:69,220
DA:70,220
DA:71,220
DA:72,220
DA:73,220
DA:74,1
DA:75,1
DA:76,1
DA:77,1
DA:78,98
DA:79,98
DA:80,1
DA:81,1
DA:82,37
DA:83,37
DA:84,37
DA:85,37
DA:86,37
DA:87,37
DA:88,37
DA:89,37
DA:90,37
DA:91,37
DA:92,37
DA:93,0
DA:94,0
DA:95,0
DA:96,37
DA:97,37
DA:98,27
DA:99,27
DA:100,27
DA:101,10
DA:102,10
DA:103,10
DA:104,10
DA:105,10
DA:106,10
DA:107,1
DA:108,10
DA:109,10
DA:110,10
DA:111,10
DA:112,1
DA:113,1
DA:114,26
DA:115,26
DA:116,1
DA:117,1
DA:118,0
DA:119,0
DA:120,1
DA:121,1
DA:122,4
DA:123,4
DA:124,4
DA:125,4
DA:126,1
DA:127,1
DA:128,4
DA:129,1
DA:130,4
DA:131,4
DA:132,1
DA:133,1
DA:134,1
LF:134
LH:127
BRDA:14,0,0,447
BRDA:18,1,0,0
BRDA:20,2,0,0
BRDA:21,3,0,0
BRDA:24,4,0,152
BRDA:28,5,0,68
BRDA:29,6,0,7
BRDA:29,7,0,61
BRDA:30,8,0,7
BRDA:30,9,0,61
BRDA:32,10,0,4
BRDA:34,11,0,3
BRDA:36,12,0,0
BRDA:40,13,0,1
BRDA:42,14,0,0
BRDA:47,15,0,4
BRDA:48,16,0,2
BRDA:68,17,0,220
BRDA:70,18,0,0
BRDA:77,19,0,98
BRDA:81,20,0,37
BRDA:92,21,0,0
BRDA:97,22,0,36
BRDA:97,23,0,27
BRDA:101,24,0,10
BRDA:104,25,0,10
BRDA:105,26,0,0
BRDA:106,27,0,9
BRDA:107,28,0,1
BRDA:113,29,0,26
BRDA:122,30,0,4
BRDA:124,31,0,2
BRDA:125,32,0,1
BRDA:128,33,0,0
BRDA:128,34,0,0
BRDA:129,35,0,1
BRDA:133,36,0,447
BRDA:134,37,0,220
BRF:38
BRH:28
end_of_record
