TN:
SF:src/core/config.ts
FN:79,ConfigService
FN:83,get
FN:87,update
FN:92,setTheme
FN:99,subscribe
FN:107,merge
FNF:6
FNH:5
FNDA:6,ConfigService
FNDA:30,get
FNDA:9,update
FNDA:0,setTheme
FNDA:6,subscribe
FNDA:15,merge
DA:1,1
DA:2,1
DA:3,1
DA:4,1
DA:5,1
DA:6,1
DA:7,1
DA:8,1
DA:9,1
DA:10,1
DA:11,1
DA:12,1
DA:13,1
DA:14,1
DA:15,1
DA:16,1
DA:17,1
DA:18,1
DA:19,1
DA:20,1
DA:21,1
DA:22,1
DA:23,1
DA:24,1
DA:25,1
DA:26,1
DA:27,1
DA:28,1
DA:29,1
DA:30,1
DA:31,1
DA:32,1
DA:33,1
DA:34,1
DA:35,1
DA:36,1
DA:37,1
DA:38,1
DA:39,1
DA:40,1
DA:41,1
DA:42,1
DA:43,1
DA:44,1
DA:45,1
DA:46,1
DA:47,1
DA:48,1
DA:49,1
DA:50,1
DA:51,1
DA:52,1
DA:53,1
DA:54,1
DA:55,1
DA:56,1
DA:57,1
DA:58,1
DA:59,1
DA:60,1
DA:61,1
DA:62,1
DA:63,1
DA:64,1
DA:65,1
DA:66,1
DA:67,1
DA:68,1
DA:69,1
DA:70,1
DA:71,1
DA:72,1
DA:73,1
DA:74,1
DA:75,1
DA:76,1
DA:77,1
DA:78,1
DA:79,1
DA:80,6
DA:81,6
DA:82,1
DA:83,1
DA:84,30
DA:85,30
DA:86,1
DA:87,1
DA:88,9
DA:89,9
DA:90,9
DA:91,1
DA:92,1
DA:93,0
DA:94,0
DA:95,0
DA:96,0
DA:97,0
DA:98,1
DA:99,1
DA:100,6
DA:101,6
DA:102,6
DA:103,6
DA:104,6
DA:105,1
DA:106,1
DA:107,15
DA:108,15
DA:109,15
DA:110,15
DA:111,15
DA:112,15
DA:113,15
DA:114,15
DA:115,15
DA:116,15
DA:117,15
DA:118,15
DA:119,15
DA:120,15
LF:120
LH:115
BRDA:79,0,0,6
BRDA:83,1,0,30
BRDA:87,2,0,9
BRDA:89,3,0,9
BRDA:99,4,0,6
BRDA:101,5,0,6
BRDA:107,6,0,15
BRDA:116,7,0,12
BRDA:117,8,0,12
BRDA:109,9,0,72
BRF:10
BRH:10
end_of_record
TN:
SF:src/core/language.ts
FN:62,registerLanguage
FN:66,getLanguage
FN:72,listLanguages
FNF:3
FNH:2
FNDA:15,registerLanguage
FNDA:423,getLanguage
FNDA:0,listLanguages
DA:1,1
DA:2,1
DA:3,1
DA:4,1
DA:5,1
DA:6,1
DA:7,1
DA:8,1
DA:9,1
DA:10,1
DA:11,1
DA:12,1
DA:13,1
DA:14,1
DA:15,1
DA:16,1
DA:17,1
DA:18,1
DA:19,1
DA:20,1
DA:21,1
DA:22,1
DA:23,1
DA:24,1
DA:25,1
DA:26,1
DA:27,1
DA:28,1
DA:29,1
DA:30,1
DA:31,1
DA:32,1
DA:33,1
DA:34,1
DA:35,1
DA:36,1
DA:37,1
DA:38,1
DA:39,1
DA:40,1
DA:41,1
DA:42,1
DA:43,1
DA:44,1
DA:45,1
DA:46,1
DA:47,1
DA:48,1
DA:49,1
DA:50,1
DA:51,1
DA:52,1
DA:53,1
DA:54,1
DA:55,1
DA:56,1
DA:57,1
DA:58,1
DA:59,1
DA:60,1
DA:61,1
DA:62,15
DA:63,15
DA:64,15
DA:65,1
DA:66,423
DA:67,423
DA:68,423
DA:69,422
DA:70,422
DA:71,1
DA:72,0
DA:73,0
DA:74,0
LF:74
LH:71
BRDA:62,0,0,15
BRDA:66,1,0,423
BRDA:68,2,0,1
BRDA:69,3,0,422
BRF:4
BRH:4
end_of_record
TN:
SF:src/core/scanner.ts
FN:5,skipSpace
FN:13,isEscaped
FN:19,matchDelimited
FN:40,matchFenced
FN:54,matchLine
FN:59,lineStart
FN:64,atLineStart
FN:68,inner
FNF:8
FNH:8
FNDA:3604,skipSpace
FNDA:413,isEscaped
FNDA:14719,matchDelimited
FNDA:132508,matchFenced
FNDA:963,matchLine
FNDA:54505,lineStart
FNDA:54505,atLineStart
FNDA:9172,inner
DA:1,1
DA:2,1
DA:3,1
DA:4,1
DA:5,3604
DA:6,3604
DA:7,125
DA:8,45
DA:9,45
DA:10,3604
DA:11,3604
DA:12,1
DA:13,413
DA:14,413
DA:15,413
DA:16,413
DA:17,413
DA:18,1
DA:19,14719
DA:20,14719
DA:21,14719
DA:22,6121
DA:23,6121
DA:24,6121
DA:25,6121
DA:26,14719
DA:27,91496
DA:28,91496
DA:29,2109
DA:30,2109
DA:31,2109
DA:32,91496
DA:33,86934
DA:34,89387
DA:35,89387
DA:36,6121
DA:37,14719
DA:38,14719
DA:39,1
DA:40,132508
DA:41,132508
DA:42,4655
DA:43,132452
DA:44,68224
DA:45,3031
DA:46,3031
DA:47,3031
DA:48,68224
DA:49,61490
DA:50,61490
DA:51,952
DA:52,952
DA:53,1
DA:54,963
DA:55,963
DA:56,963
DA:57,963
DA:58,1
DA:59,54505
DA:60,54505
DA:61,54505
DA:62,54505
DA:63,1
DA:64,54505
DA:65,54505
DA:66,54505
DA:67,1
DA:68,9172
DA:69,9172
DA:70,9172
LF:70
LH:70
BRDA:5,0,0,3604
BRDA:6,1,0,3518
BRDA:6,2,0,125
BRDA:7,3,0,80
BRDA:8,4,0,45
BRDA:13,5,0,413
BRDA:15,6,0,386
BRDA:15,7,0,8
BRDA:19,8,0,14719
BRDA:21,9,0,8598
BRDA:22,10,0,6121
BRDA:26,11,0,96571
BRDA:26,12,0,91496
BRDA:28,13,0,2109
BRDA:32,14,0,89387
BRDA:32,15,0,2453
BRDA:33,16,0,86934
BRDA:33,17,0,7798
BRDA:34,18,0,89387
BRDA:36,19,0,14496
BRDA:36,20,0,6121
BRDA:37,21,0,5474
BRDA:37,22,0,647
BRDA:40,23,0,132508
BRDA:41,24,0,127853
BRDA:42,25,0,132452
BRDA:42,26,0,4655
BRDA:43,27,0,68224
BRDA:44,28,0,3031
BRDA:48,29,0,65193
BRDA:48,30,0,3703
BRDA:49,31,0,61490
BRDA:51,32,0,952
BRDA:54,33,0,963
BRDA:56,34,0,86
BRDA:56,35,0,877
BRDA:59,36,0,54505
BRDA:64,37,0,54505
BRDA:68,38,0,9172
BRF:39
BRH:39
end_of_record
TN:
SF:src/core/scope.ts
FN:15,scopeAt
FN:20,descend
FNF:2
FNH:2
FNDA:15,scopeAt
FNDA:16,descend
DA:1,1
DA:2,1
DA:3,1
DA:4,1
DA:5,1
DA:6,1
DA:7,1
DA:8,1
DA:9,1
DA:10,1
DA:11,1
DA:12,1
DA:13,1
DA:14,1
DA:15,15
DA:16,15
DA:17,15
DA:18,15
DA:19,15
DA:20,15
DA:21,16
DA:22,18
DA:23,16
DA:24,18
DA:25,11
DA:26,11
DA:27,11
DA:28,18
DA:29,1
DA:30,1
DA:31,1
DA:32,16
DA:33,18
DA:34,18
DA:35,15
DA:36,15
DA:37,15
DA:38,15
DA:39,15
LF:39
LH:39
BRDA:15,0,0,15
BRDA:18,1,0,0
BRDA:20,2,0,16
BRDA:21,3,0,18
BRDA:22,4,0,17
BRDA:22,5,0,2
BRDA:23,6,0,16
BRDA:24,7,0,11
BRDA:28,8,0,16
BRDA:28,9,0,1
BRDA:28,10,0,1
BRDA:28,11,0,1
BRDA:32,12,0,16
BRDA:33,13,0,1
BRF:14
BRH:13
end_of_record
TN:
SF:src/core/tokenizer.ts
FN:14,Tokenizer
FN:19,tokenize
FN:23,run
FN:31,parse
FN:38,flushText
FN:60,matchAt
FNF:6
FNH:6
FNDA:2873,Tokenizer
FNDA:2873,tokenize
FNDA:7710,run
FNDA:4837,parse
FNDA:27200,flushText
FNDA:154507,matchAt
DA:1,1
DA:2,1
DA:3,1
DA:4,1
DA:5,1
DA:6,1
DA:7,1
DA:8,1
DA:9,1
DA:10,1
DA:11,1
DA:12,1
DA:13,1
DA:14,1
DA:15,2873
DA:16,2873
DA:17,2873
DA:18,1
DA:19,1
DA:20,2873
DA:21,2873
DA:22,1
DA:23,1
DA:24,7710
DA:25,7710
DA:26,7689
DA:27,7689
DA:28,7689
DA:29,7689
DA:30,7689
DA:31,7689
DA:32,4837
DA:33,7689
DA:34,7689
DA:35,7689
DA:36,7689
DA:37,7689
DA:38,7689
DA:39,27200
DA:40,7689
DA:41,7689
DA:42,7710
DA:43,154507
DA:44,154507
DA:45,154507
DA:46,134996
DA:47,134996
DA:48,134996
DA:49,19511
DA:50,19511
DA:51,19511
DA:52,19511
DA:53,19511
DA:54,19511
DA:55,7689
DA:56,7689
DA:57,7689
DA:58,7689
DA:59,1
DA:60,1
DA:61,154507
DA:62,1439513
DA:63,1439513
DA:64,1439513
DA:65,19511
DA:66,19511
DA:67,134996
DA:68,134996
DA:69,1
LF:69
LH:69
BRDA:14,0,0,2873
BRDA:16,1,0,2461
BRDA:19,2,0,2873
BRDA:23,3,0,7710
BRDA:25,4,0,7708
BRDA:25,5,0,21
BRDA:26,6,0,7689
BRDA:42,7,0,154507
BRDA:45,8,0,134996
BRDA:49,9,0,19511
BRDA:55,10,0,7689
BRDA:31,11,0,4837
BRDA:32,12,0,1810
BRDA:38,13,0,27200
BRDA:39,14,0,13981
BRDA:60,15,0,154507
BRDA:61,16,0,1439513
BRDA:63,17,0,1420000
BRDA:64,18,0,19513
BRDA:64,19,0,2
BRDA:65,20,0,19511
BRDA:67,21,0,134996
BRF:22
BRH:22
end_of_record
TN:
SF:src/core/tokens.ts
FN:29,textOf
FN:33,walk
FN:40,tokenAt
FNF:3
FNH:3
FNDA:859,textOf
FNDA:45,walk
FNDA:2,tokenAt
DA:1,1
DA:2,1
DA:3,1
DA:4,1
DA:5,1
DA:6,1
DA:7,1
DA:8,1
DA:9,1
DA:10,1
DA:11,1
DA:12,1
DA:13,1
DA:14,1
DA:15,1
DA:16,1
DA:17,1
DA:18,1
DA:19,1
DA:20,1
DA:21,1
DA:22,1
DA:23,1
DA:24,1
DA:25,1
DA:26,1
DA:27,1
DA:28,1
DA:29,859
DA:30,859
DA:31,859
DA:32,1
DA:33,45
DA:34,45
DA:35,79
DA:36,79
DA:37,79
DA:38,45
DA:39,1
DA:40,2
DA:41,2
DA:42,3
DA:43,3
DA:44,3
DA:45,0
DA:46,0
LF:46
LH:44
BRDA:29,0,0,859
BRDA:33,1,0,45
BRDA:34,2,0,79
BRDA:36,3,0,34
BRDA:40,4,0,2
BRDA:41,5,0,3
BRDA:42,6,0,1
BRDA:43,7,0,2
BRDA:43,8,0,1
BRDA:43,9,0,1
BRDA:45,10,0,0
BRF:11
BRH:10
end_of_record
TN:
SF:src/core/toolbar.ts
FN:25,isToolbarButton
FN:27,wrapSelection
FN:40,insertText
FN:52,insertBlock
FN:64,createWrapItem
FN:71,command
FN:75,createHeadingItem
FN:79,command
FN:87,createListItem
FN:91,command
FN:100,createTableItem
FN:104,command
FN:108,createColorItem
FN:120,tableScopeEntries
FN:123,mutate
FN:126,command
FN:145,toolbarEntries
FN:183,blankRow
FN:187,editTable
FNF:19
FNH:17
FNDA:172,isToolbarButton
FNDA:2,wrapSelection
FNDA:2,insertText
FNDA:2,insertBlock
FNDA:128,createWrapItem
FNDA:2,command
FNDA:48,createHeadingItem
FNDA:1,command
FNDA:32,createListItem
FNDA:1,command
FNDA:16,createTableItem
FNDA:0,command
FNDA:0,createColorItem
FNDA:16,tableScopeEntries
FNDA:30,mutate
FNDA:4,command
FNDA:16,toolbarEntries
FNDA:1,blankRow
FNDA:4,editTable
DA:1,1
DA:2,1
DA:3,1
DA:4,1
DA:5,1
DA:6,1
DA:7,1
DA:8,1
DA:9,1
DA:10,1
DA:11,1
DA:12,1
DA:13,1
DA:14,1
DA:15,1
DA:16,1
DA:17,1
DA:18,1
DA:19,1
DA:20,1
DA:21,1
DA:22,1
DA:23,1
DA:24,1
DA:25,1
DA:26,1
DA:27,2
DA:28,2
DA:29,2
DA:30,2
DA:31,2
DA:32,2
DA:33,2
DA:34,2
DA:35,2
DA:36,2
DA:37,2
DA:38,2
DA:39,1
DA:40,2
DA:41,2
DA:42,2
DA:43,2
DA:44,2
DA:45,2
DA:46,2
DA:47,2
DA:48,2
DA:49,2
DA:50,2
DA:51,1
DA:52,2
DA:53,2
DA:54,2
DA:55,2
DA:56,2
DA:57,1
DA:58,1
DA:59,1
DA:60,1
DA:61,1
DA:62,1
DA:63,1
DA:64,128
DA:65,128
DA:66,128
DA:67,128
DA:68,128
DA:69,128
DA:70,128
DA:71,128
DA:72,128
DA:73,128
DA:74,1
DA:75,48
DA:76,48
DA:77,48
DA:78,48
DA:79,48
DA:80,1
DA:81,1
DA:82,1
DA:83,1
DA:84,48
DA:85,48
DA:86,1
DA:87,32
DA:88,32
DA:89,32
DA:90,32
DA:91,32
DA:92,1
DA:93,1
DA:94,1
DA:95,1
DA:96,1
DA:97,32
DA:98,32
DA:99,1
DA:100,16
DA:101,16
DA:102,16
DA:103,16
DA:104,16
DA:105,16
DA:106,16
DA:107,1
DA:108,0
DA:109,0
DA:110,0
DA:111,0
DA:112,0
DA:113,0
DA:114,0
DA:115,0
DA:116,0
DA:117,0
DA:118,0
DA:119,1
DA:120,16
DA:121,16
DA:122,5
DA:123,5
DA:124,30
DA:125,30
DA:126,30
DA:127,5
DA:128,5
DA:129,5
DA:130,5
DA:131,5
DA:132,5
DA:133,5
DA:134,1
DA:135,5
DA:136,5
DA:137,5
DA:138,5
DA:139,5
DA:140,1
DA:141,5
DA:142,5
DA:143,5
DA:144,1
DA:145,16
DA:146,16
DA:147,16
DA:148,16
DA:149,16
DA:150,16
DA:151,16
DA:152,16
DA:153,16
DA:154,16
DA:155,16
DA:156,16
DA:157,16
DA:158,16
DA:159,16
DA:160,16
DA:161,16
DA:162,16
DA:163,16
DA:164,16
DA:165,16
DA:166,16
DA:167,16
DA:168,16
DA:169,16
DA:170,16
DA:171,1
DA:172,1
DA:173,1
DA:174,1
DA:175,1
DA:176,1
DA:177,1
DA:178,1
DA:179,1
DA:180,1
DA:181,1
DA:182,1
DA:183,1
DA:184,1
DA:185,1
DA:186,1
DA:187,4
DA:188,4
DA:189,4
DA:190,4
DA:191,4
DA:192,4
DA:193,4
DA:194,4
DA:195,4
DA:196,4
DA:197,4
DA:198,4
DA:199,4
DA:200,4
DA:201,4
DA:202,4
DA:203,4
DA:204,4
DA:205,4
DA:206,4
DA:207,4
DA:208,4
DA:209,4
DA:210,4
DA:211,4
DA:212,4
DA:213,4
DA:214,4
DA:215,4
DA:216,4
LF:216
LH:205
BRDA:25,0,0,172
BRDA:27,1,0,2
BRDA:40,2,0,2
BRDA:52,3,0,2
BRDA:56,4,0,1
BRDA:64,5,0,128
BRDA:66,6,0,0
BRDA:71,7,0,2
BRDA:75,8,0,48
BRDA:79,9,0,1
BRDA:87,10,0,32
BRDA:90,11,0,16
BRDA:90,12,0,16
BRDA:91,13,0,1
BRDA:95,14,0,0
BRDA:94,15,0,1
BRDA:100,16,0,16
BRDA:120,17,0,16
BRDA:121,18,0,5
BRDA:121,19,0,11
BRDA:122,20,0,5
BRDA:123,21,0,30
BRDA:126,22,0,4
BRDA:132,23,0,1
BRDA:133,24,0,1
BRDA:138,25,0,1
BRDA:138,26,0,3
BRDA:139,27,0,1
BRDA:140,28,0,3
BRDA:145,29,0,16
BRDA:146,30,0,0
BRDA:149,31,0,80
BRDA:150,32,0,80
BRDA:153,33,0,48
BRDA:154,34,0,48
BRDA:183,35,0,1
BRDA:184,36,0,0
BRDA:187,37,0,4
BRDA:193,38,0,0
BRDA:197,39,0,0
BRDA:200,40,0,0
BRF:41
BRH:34
end_of_record
TN:
SF:src/languages/latex/commands.ts
FNF:0
FNH:0
DA:1,1
DA:2,1
DA:3,1
DA:4,1
DA:5,1
DA:6,1
DA:7,1
DA:8,1
DA:9,1
DA:10,1
DA:11,1
DA:12,1
DA:13,1
DA:14,1
DA:15,1
DA:16,1
DA:17,1
DA:18,1
DA:19,1
DA:20,1
DA:21,1
DA:22,1
DA:23,1
DA:24,1
DA:25,1
DA:26,1
DA:27,1
DA:28,1
DA:29,1
DA:30,1
DA:31,1
DA:32,1
DA:33,1
DA:34,1
DA:35,1
DA:36,1
DA:37,1
DA:38,1
DA:39,1
DA:40,1
DA:41,1
DA:42,1
DA:43,1
DA:44,1
DA:45,1
DA:46,1
DA:47,1
DA:48,1
DA:49,1
DA:50,1
DA:51,1
DA:52,1
LF:52
LH:52
BRF:0
BRH:0
end_of_record
TN:
SF:src/languages/latex/index.ts
FN:17,heading
FN:21,list
FN:26,table
FN:32,color
FN:38,parse
FN:46,ranges
FN:54,push
FN:79,locate
FN:90,serialize
FN:99,style
FN:137,imageSrc
FN:142,setMacroSignatures
FN:150,countMandatory
FN:154,get
FNF:14
FNH:10
FNDA:0,heading
FNDA:1,list
FNDA:0,table
FNDA:0,color
FNDA:20,parse
FNDA:19,ranges
FNDA:79,push
FNDA:8,locate
FNDA:4,serialize
FNDA:5202,style
FNDA:9,imageSrc
FNDA:1,setMacroSignatures
FNDA:1,countMandatory
FNDA:0,get
DA:1,1
DA:2,1
DA:3,1
DA:4,1
DA:5,1
DA:6,1
DA:7,1
DA:8,1
DA:9,1
DA:10,1
DA:11,1
DA:12,1
DA:13,1
DA:14,1
DA:15,1
DA:16,1
DA:17,1
DA:18,0
DA:19,0
DA:20,1
DA:21,1
DA:22,1
DA:23,1
DA:24,1
DA:25,1
DA:26,1
DA:27,0
DA:28,0
DA:29,0
DA:30,0
DA:31,1
DA:32,1
DA:33,0
DA:34,0
DA:35,1
DA:36,1
DA:37,1
DA:38,1
DA:39,20
DA:40,20
DA:41,20
DA:42,20
DA:43,20
DA:44,20
DA:45,1
DA:46,1
DA:47,19
DA:48,19
DA:49,19
DA:50,19
DA:51,19
DA:52,19
DA:53,19
DA:54,19
DA:55,19
DA:56,19
DA:57,500
DA:58,38
DA:59,38
DA:60,38
DA:61,38
DA:62,38
DA:63,38
DA:64,38
DA:65,500
DA:66,41
DA:67,41
DA:68,41
DA:69,41
DA:70,41
DA:71,500
DA:72,500
DA:73,19
DA:74,19
DA:75,19
DA:76,19
DA:77,19
DA:78,1
DA:79,1
DA:80,8
DA:81,8
DA:82,8
DA:83,12
DA:84,20
DA:85,20
DA:86,5
DA:87,1
DA:88,1
DA:89,1
DA:90,1
DA:91,4
DA:92,4
DA:93,4
DA:94,4
DA:95,4
DA:96,4
DA:97,1
DA:98,1
DA:99,5202
DA:100,5202
DA:101,5202
DA:102,247
DA:103,5202
DA:104,344
DA:105,5202
DA:106,21
DA:107,5202
DA:108,279
DA:109,5202
DA:110,141
DA:111,5202
DA:112,165
DA:113,165
DA:114,165
DA:115,165
DA:116,165
DA:117,5202
DA:118,902
DA:119,893
DA:120,902
DA:121,878
DA:122,604
DA:123,604
DA:124,5202
DA:125,3103
DA:126,5202
DA:127,5202
DA:128,1
DA:129,1
DA:130,1
DA:131,1
DA:132,1
DA:133,1
DA:134,1
DA:135,1
DA:136,1
DA:137,1
DA:138,9
DA:139,9
DA:140,1
DA:141,1
DA:142,1
DA:143,1
DA:144,2
DA:145,2
DA:146,2
DA:147,2
DA:148,1
DA:149,1
DA:150,1
DA:151,1
DA:152,1
DA:153,1
DA:154,1
DA:155,1
DA:156,1
DA:157,1
LF:157
LH:149
BRDA:21,0,0,1
BRDA:22,1,0,0
BRDA:23,2,0,1
BRDA:38,3,0,20
BRDA:39,4,0,0
BRDA:42,5,0,63
BRDA:44,6,0,43
BRDA:44,7,0,92
BRDA:46,8,0,19
BRDA:47,9,0,0
BRDA:56,10,0,500
BRDA:57,11,0,38
BRDA:65,12,0,462
BRDA:65,13,0,41
BRDA:71,14,0,421
BRDA:71,15,0,0
BRDA:71,16,0,421
BRDA:74,17,0,0
BRDA:75,18,0,0
BRDA:54,19,0,79
BRDA:79,20,0,8
BRDA:82,21,0,12
BRDA:83,22,0,20
BRDA:84,23,0,16
BRDA:84,24,0,7
BRDA:86,25,0,5
BRDA:87,26,0,1
BRDA:90,27,0,4
BRDA:92,28,0,0
BRDA:93,29,0,0
BRDA:94,30,0,11
BRDA:99,31,0,5202
BRDA:101,32,0,247
BRDA:103,33,0,344
BRDA:105,34,0,21
BRDA:107,35,0,279
BRDA:109,36,0,141
BRDA:111,37,0,165
BRDA:113,38,0,14
BRDA:113,39,0,151
BRDA:117,40,0,902
BRDA:118,41,0,9
BRDA:119,42,0,893
BRDA:120,43,0,289
BRDA:121,44,0,878
BRDA:121,45,0,604
BRDA:121,46,0,0
BRDA:122,47,0,604
BRDA:124,48,0,3103
BRDA:137,49,0,9
BRDA:138,50,0,0
BRDA:142,51,0,1
BRDA:143,52,0,2
BRDA:145,53,0,1
BRDA:145,54,0,1
BRDA:150,55,0,1
BRDA:151,56,0,0
BRF:57
BRH:46
end_of_record
TN:
SF:src/languages/latex/rules.ts
FN:13,comment
FN:19,escape
FN:26,math
FN:39,environment
FN:72,heading
FN:94,item
FN:105,command
FN:122,consumeArguments
FN:142,findMatchingEnd
FNF:9
FNH:9
FNDA:84655,comment
FNDA:82686,escape
FNDA:84243,math
FNDA:83687,environment
FNDA:83365,heading
FNDA:82914,item
FNDA:81742,command
FNDA:1834,consumeArguments
FNDA:706,findMatchingEnd
DA:1,1
DA:2,1
DA:3,1
DA:4,1
DA:5,1
DA:6,1
DA:7,1
DA:8,1
DA:9,1
DA:10,1
DA:11,1
DA:12,1
DA:13,1
DA:14,84655
DA:15,413
DA:16,413
DA:17,413
DA:18,1
DA:19,1
DA:20,82686
DA:21,3252
DA:22,82686
DA:23,944
DA:24,944
DA:25,1
DA:26,1
DA:27,84243
DA:28,336267
DA:29,336267
DA:30,1133
DA:31,1133
DA:32,556
DA:33,556
DA:34,556
DA:35,556
DA:36,83687
DA:37,83687
DA:38,1
DA:39,1
DA:40,83687
DA:41,706
DA:42,706
DA:43,83687
DA:44,706
DA:45,706
DA:46,706
DA:47,83687
DA:48,322
DA:49,322
DA:50,322
DA:51,322
DA:52,83687
DA:53,83687
DA:54,83687
DA:55,83687
DA:56,83687
DA:57,83687
DA:58,83687
DA:59,83687
DA:60,83687
DA:61,34
DA:62,34
DA:63,83687
DA:64,0
DA:65,0
DA:66,0
DA:67,0
DA:68,322
DA:69,322
DA:70,322
DA:71,1
DA:72,1
DA:73,83365
DA:74,3931
DA:75,3931
DA:76,83365
DA:77,2191
DA:78,2191
DA:79,82652
DA:80,451
DA:81,451
DA:82,82613
DA:83,451
DA:84,451
DA:85,451
DA:86,451
DA:87,451
DA:88,451
DA:89,451
DA:90,451
DA:91,451
DA:92,451
DA:93,1
DA:94,1
DA:95,82914
DA:96,82914
DA:97,228
DA:98,228
DA:99,228
DA:100,82497
DA:101,228
DA:102,82914
DA:103,82914
DA:104,1
DA:105,1
DA:106,81742
DA:107,2308
DA:108,2308
DA:109,81742
DA:110,1512
DA:111,1512
DA:112,1512
DA:113,1512
DA:114,1512
DA:115,1512
DA:116,80929
DA:117,1512
DA:118,1512
DA:119,1
DA:120,1
DA:121,1
DA:122,1834
DA:123,1834
DA:124,1834
DA:125,1834
DA:126,1834
DA:127,3153
DA:128,3153
DA:129,3153
DA:130,5
DA:131,5
DA:132,5
DA:133,3148
DA:134,3148
DA:135,1538
DA:136,1538
DA:137,1538
DA:138,1834
DA:139,1834
DA:140,1834
DA:141,1
DA:142,706
DA:143,706
DA:144,706
DA:145,706
DA:146,706
DA:147,706
DA:148,706
DA:149,695
DA:150,695
DA:151,695
DA:152,695
DA:153,326
DA:154,695
DA:155,2
DA:156,2
DA:157,695
DA:158,324
DA:159,324
DA:160,2
DA:161,2
DA:162,695
DA:163,15
DA:164,15
DA:165,15
LF:165
LH:161
BRDA:13,0,0,84655
BRDA:14,1,0,413
BRDA:14,2,0,84242
BRDA:15,3,0,413
BRDA:19,4,0,82686
BRDA:20,5,0,82685
BRDA:20,6,0,79434
BRDA:21,7,0,3252
BRDA:22,8,0,2308
BRDA:23,9,0,944
BRDA:26,10,0,84243
BRDA:27,11,0,336267
BRDA:28,12,0,335129
BRDA:29,13,0,332628
BRDA:29,14,0,1138
BRDA:29,15,0,500
BRDA:29,16,0,335483
BRDA:29,17,0,5
BRDA:30,18,0,1133
BRDA:31,19,0,577
BRDA:32,20,0,556
BRDA:33,21,0,0
BRDA:34,22,0,556
BRDA:36,23,0,83687
BRDA:39,24,0,83687
BRDA:40,25,0,82981
BRDA:41,26,0,706
BRDA:43,27,0,0
BRDA:44,28,0,706
BRDA:47,29,0,384
BRDA:48,30,0,83188
BRDA:48,31,0,322
BRDA:52,32,0,275
BRDA:52,33,0,47
BRDA:52,34,0,275
BRDA:60,35,0,81
BRDA:60,36,0,83296
BRDA:60,37,0,34
BRDA:63,38,0,322
BRDA:63,39,0,0
BRDA:68,40,0,322
BRDA:72,41,0,83365
BRDA:73,42,0,83364
BRDA:73,43,0,79434
BRDA:74,44,0,3931
BRDA:76,45,0,1740
BRDA:77,46,0,82652
BRDA:77,47,0,2191
BRDA:79,48,0,1740
BRDA:80,49,0,82613
BRDA:80,50,0,451
BRDA:82,51,0,0
BRDA:83,52,0,451
BRDA:94,53,0,82914
BRDA:95,54,0,82679
BRDA:96,55,0,82497
BRDA:96,56,0,235
BRDA:96,57,0,31
BRDA:96,58,0,82497
BRDA:96,59,0,7
BRDA:97,60,0,228
BRDA:100,61,0,0
BRDA:101,62,0,228
BRDA:102,63,0,0
BRDA:102,64,0,228
BRDA:105,65,0,81742
BRDA:106,66,0,81741
BRDA:106,67,0,79434
BRDA:107,68,0,2308
BRDA:109,69,0,796
BRDA:110,70,0,80929
BRDA:110,71,0,1512
BRDA:116,72,0,1091
BRDA:117,73,0,1512
BRDA:122,74,0,1834
BRDA:126,75,0,672
BRDA:126,76,0,3153
BRDA:129,77,0,5
BRDA:133,78,0,3148
BRDA:134,79,0,3136
BRDA:134,80,0,1610
BRDA:135,81,0,1538
BRDA:142,82,0,706
BRDA:148,83,0,695
BRDA:148,84,0,695
BRDA:152,85,0,369
BRDA:153,86,0,326
BRDA:154,87,0,30
BRDA:154,88,0,2
BRDA:157,89,0,324
BRDA:159,90,0,322
BRDA:160,91,0,2
BRDA:163,92,0,15
BRF:93
BRH:87
end_of_record
TN:
SF:src/languages/typst/index.ts
FN:24,heading
FN:27,list
FN:31,table
FN:39,color
FN:44,style
FN:81,imageSrc
FN:90,get
FNF:7
FNH:3
FNDA:1,heading
FNDA:0,list
FNDA:0,table
FNDA:0,color
FNDA:12502,style
FNDA:212,imageSrc
FNDA:0,get
DA:1,1
DA:2,1
DA:3,1
DA:4,1
DA:5,1
DA:6,1
DA:7,1
DA:8,1
DA:9,1
DA:10,1
DA:11,1
DA:12,1
DA:13,1
DA:14,1
DA:15,1
DA:16,1
DA:17,1
DA:18,1
DA:19,1
DA:20,1
DA:21,1
DA:22,1
DA:23,1
DA:24,1
DA:25,1
DA:26,1
DA:27,1
DA:28,0
DA:29,0
DA:30,1
DA:31,1
DA:32,0
DA:33,0
DA:34,0
DA:35,0
DA:36,0
DA:37,0
DA:38,1
DA:39,1
DA:40,0
DA:41,0
DA:42,1
DA:43,1
DA:44,12502
DA:45,12502
DA:46,12502
DA:47,267
DA:48,12502
DA:49,508
DA:50,12502
DA:51,37
DA:52,12502
DA:53,82
DA:54,12502
DA:55,4076
DA:56,4062
DA:57,4076
DA:58,12502
DA:59,155
DA:60,12502
DA:61,165
DA:62,12502
DA:63,2263
DA:64,2263
DA:65,2263
DA:66,1391
DA:67,2263
DA:68,2263
DA:69,12502
DA:70,4949
DA:71,12502
DA:72,12502
DA:73,1
DA:74,1
DA:75,1
DA:76,1
DA:77,1
DA:78,1
DA:79,1
DA:80,1
DA:81,1
DA:82,212
DA:83,212
DA:84,212
DA:85,212
DA:86,212
DA:87,212
DA:88,1
DA:89,1
DA:90,1
DA:91,1
DA:92,1
LF:92
LH:82
BRDA:24,0,0,1
BRDA:44,1,0,12502
BRDA:46,2,0,267
BRDA:48,3,0,508
BRDA:50,4,0,37
BRDA:51,5,0,0
BRDA:52,6,0,82
BRDA:53,7,0,50
BRDA:53,8,0,32
BRDA:54,9,0,4076
BRDA:55,10,0,3860
BRDA:55,11,0,906
BRDA:56,12,0,4062
BRDA:56,13,0,3170
BRDA:56,14,0,191
BRDA:57,15,0,2979
BRDA:57,16,0,263
BRDA:57,17,0,2716
BRDA:58,18,0,155
BRDA:60,19,0,165
BRDA:62,20,0,2263
BRDA:63,21,0,401
BRDA:64,22,0,2262
BRDA:64,23,0,1862
BRDA:64,24,0,471
BRDA:64,25,0,2262
BRDA:64,26,0,177
BRDA:65,27,0,1685
BRDA:65,28,0,294
BRDA:65,29,0,2262
BRDA:65,30,0,294
BRDA:66,31,0,2253
BRDA:66,32,0,1391
BRDA:67,33,0,992
BRDA:67,34,0,399
BRDA:69,35,0,4949
BRDA:81,36,0,212
BRDA:83,37,0,0
BRDA:86,38,0,0
BRF:39
BRH:36
end_of_record
TN:
SF:src/languages/typst/rules.ts
FN:7,comment
FN:16,escape
FN:21,heading
FN:37,raw
FN:46,math
FN:58,emphasis
FN:79,item
FN:86,callToken
FN:129,code
FN:141,call
FN:146,stringLiteral
FN:154,namedArgument
FN:159,separator
FN:164,contentBlock
FN:179,reference
FN:191,inMode
FNF:16
FNH:16
FNDA:69852,comment
FNDA:69388,escape
FNDA:58237,heading
FNDA:58682,raw
FNDA:58179,math
FNDA:54950,emphasis
FNDA:54265,item
FNDA:2660,callToken
FNDA:57339,code
FNDA:1614,call
FNDA:6106,stringLiteral
FNDA:5410,namedArgument
FNDA:4664,separator
FNDA:2419,contentBlock
FNDA:54132,reference
FNDA:84,inMode
DA:1,1
DA:2,1
DA:3,1
DA:4,1
DA:5,1
DA:6,1
DA:7,1
DA:8,69852
DA:9,230
DA:10,230
DA:11,230
DA:12,69622
DA:13,69852
DA:14,69852
DA:15,1
DA:16,1
DA:17,69388
DA:18,4600
DA:19,4600
DA:20,1
DA:21,1
DA:22,58237
DA:23,58
DA:24,58
DA:25,58092
DA:26,58
DA:27,58
DA:28,58
DA:29,58
DA:30,58
DA:31,58
DA:32,58
DA:33,58
DA:34,58
DA:35,58
DA:36,1
DA:37,1
DA:38,58682
DA:39,58682
DA:40,58465
DA:41,58681
DA:42,228
DA:43,58682
DA:44,58682
DA:45,1
DA:46,1
DA:47,58179
DA:48,1462
DA:49,58008
DA:50,1087
DA:51,1087
DA:52,58008
DA:53,840
DA:54,58179
DA:55,58179
DA:56,58179
DA:57,1
DA:58,1
DA:59,54950
DA:60,54950
DA:61,54950
DA:62,685
DA:63,685
DA:64,54918
DA:65,685
DA:66,685
DA:67,54950
DA:68,685
DA:69,685
DA:70,685
DA:71,54950
DA:72,54950
DA:73,54950
DA:74,54950
DA:75,54950
DA:76,54950
DA:77,54950
DA:78,1
DA:79,1
DA:80,54265
DA:81,1373
DA:82,54096
DA:83,54265
DA:84,54265
DA:85,1
DA:86,2660
DA:87,2660
DA:88,2660
DA:89,2660
DA:90,2660
DA:91,2660
DA:92,2660
DA:93,2660
DA:94,2660
DA:95,2660
DA:96,2660
DA:97,2660
DA:98,1928
DA:99,1928
DA:100,1928
DA:101,2660
DA:102,2660
DA:103,2660
DA:104,747
DA:105,747
DA:106,747
DA:107,747
DA:108,2660
DA:109,2660
DA:110,2660
DA:111,2660
DA:112,2660
DA:113,2660
DA:114,2660
DA:115,2660
DA:116,2660
DA:117,2660
DA:118,2660
DA:119,2660
DA:120,747
DA:121,2660
DA:122,1475
DA:123,1475
DA:124,1475
DA:125,2660
DA:126,2660
DA:127,2660
DA:128,1
DA:129,1
DA:130,57339
DA:131,2390
DA:132,2390
DA:133,57339
DA:134,262
DA:135,262
DA:136,262
DA:137,2128
DA:138,2128
DA:139,2128
DA:140,1
DA:141,1
DA:142,1614
DA:143,532
DA:144,532
DA:145,1
DA:146,1
DA:147,6106
DA:148,6106
DA:149,696
DA:150,696
DA:151,6106
DA:152,6106
DA:153,1
DA:154,1
DA:155,5410
DA:156,5410
DA:157,5410
DA:158,1
DA:159,1
DA:160,4664
DA:161,4664
DA:162,4664
DA:163,1
DA:164,1
DA:165,2419
DA:166,2419
DA:167,805
DA:168,805
DA:169,805
DA:170,805
DA:171,805
DA:172,805
DA:173,805
DA:174,805
DA:175,805
DA:176,805
DA:177,805
DA:178,1
DA:179,1
DA:180,54132
DA:181,224
DA:182,224
DA:183,224
DA:184,54132
DA:185,224
DA:186,224
DA:187,224
DA:188,53684
DA:189,53684
DA:190,1
DA:191,84
DA:192,84
DA:193,84
DA:194,1
DA:195,1
DA:196,1
DA:197,1
DA:198,1
DA:199,1
DA:200,1
DA:201,1
DA:202,1
DA:203,1
DA:204,1
DA:205,1
DA:206,1
DA:207,1
DA:208,1
DA:209,1
DA:210,1
LF:210
LH:210
BRDA:7,0,0,69852
BRDA:8,1,0,230
BRDA:12,2,0,69622
BRDA:13,3,0,234
BRDA:13,4,0,69388
BRDA:16,5,0,69388
BRDA:17,6,0,4600
BRDA:17,7,0,64788
BRDA:18,8,0,4600
BRDA:21,9,0,58237
BRDA:22,10,0,240
BRDA:22,11,0,58179
BRDA:23,12,0,58092
BRDA:23,13,0,58
BRDA:25,14,0,0
BRDA:26,15,0,58
BRDA:37,16,0,58682
BRDA:39,17,0,217
BRDA:40,18,0,58681
BRDA:40,19,0,58465
BRDA:41,20,0,58237
BRDA:42,21,0,228
BRDA:43,22,0,0
BRDA:46,23,0,58179
BRDA:47,24,0,56717
BRDA:48,25,0,58008
BRDA:48,26,0,1462
BRDA:49,27,0,375
BRDA:50,28,0,1087
BRDA:52,29,0,247
BRDA:53,30,0,840
BRDA:54,31,0,8
BRDA:58,32,0,54950
BRDA:60,33,0,54263
BRDA:60,34,0,53983
BRDA:61,35,0,54918
BRDA:61,36,0,967
BRDA:61,37,0,60
BRDA:61,38,0,54918
BRDA:61,39,0,282
BRDA:62,40,0,685
BRDA:64,41,0,0
BRDA:65,42,0,685
BRDA:67,43,0,54918
BRDA:67,44,0,0
BRDA:68,45,0,54803
BRDA:68,46,0,685
BRDA:71,47,0,451
BRDA:71,48,0,234
BRDA:79,49,0,54265
BRDA:80,50,0,52892
BRDA:81,51,0,54238
BRDA:81,52,0,54096
BRDA:81,53,0,1373
BRDA:82,54,0,1240
BRDA:83,55,0,54078
BRDA:83,56,0,133
BRDA:83,57,0,72
BRDA:83,58,0,61
BRDA:86,59,0,2660
BRDA:88,60,0,0
BRDA:97,61,0,1928
BRDA:103,62,0,747
BRDA:109,63,0,1913
BRDA:111,64,0,2383
BRDA:111,65,0,277
BRDA:111,66,0,2383
BRDA:119,67,0,747
BRDA:121,68,0,1913
BRDA:121,69,0,1475
BRDA:129,70,0,57339
BRDA:130,71,0,54949
BRDA:131,72,0,2390
BRDA:133,73,0,57286
BRDA:133,74,0,262
BRDA:137,75,0,2128
BRDA:141,76,0,1614
BRDA:142,77,0,600
BRDA:142,78,0,0
BRDA:142,79,0,1082
BRDA:143,80,0,532
BRDA:146,81,0,6106
BRDA:148,82,0,5410
BRDA:148,83,0,5410
BRDA:149,84,0,696
BRDA:151,85,0,0
BRDA:154,86,0,5410
BRDA:156,87,0,746
BRDA:156,88,0,4664
BRDA:159,89,0,4664
BRDA:161,90,0,2245
BRDA:161,91,0,2419
BRDA:164,92,0,2419
BRDA:166,93,0,1614
BRDA:167,94,0,805
BRDA:179,95,0,54132
BRDA:180,96,0,224
BRDA:182,97,0,0
BRDA:184,98,0,53908
BRDA:184,99,0,224
BRDA:186,100,0,0
BRDA:188,101,0,53684
BRDA:191,102,0,84
BRDA:192,103,0,716981
BRDA:192,104,0,415997
BRDA:192,105,0,300984
BRF:106
BRH:97
end_of_record
TN:
SF:src/ui/dual-editor.ts
FN:41,DualVisualEditor
FN:77,onModeChange
FN:92,setMode
FN:97,toggleMode
FN:101,setLanguage
FN:106,getLanguage
FN:110,toggleCommandVisibility
FN:114,toggleToolbar
FN:118,toggleMathHover
FN:123,isMathHoverEnabled
FN:127,setTheme
FN:131,getConfig
FN:135,updateConfig
FN:139,destroy
FN:147,buildLayout
FN:175,createToggle
FN:185,keymap
FN:187,run
FN:188,run
FN:189,run
FN:190,run
FN:194,applyMode
FN:203,sync
FN:214,updateButtons
FN:237,DualLatexEditor
FN:242,latexVisualKeymap
FN:244,run
FN:245,run
FN:246,run
FN:247,run
FN:251,element
FNF:31
FNH:18
FNDA:3,DualVisualEditor
FNDA:3,onModeChange
FNDA:2,setMode
FNDA:0,toggleMode
FNDA:2,setLanguage
FNDA:2,getLanguage
FNDA:1,toggleCommandVisibility
FNDA:1,toggleToolbar
FNDA:0,toggleMathHover
FNDA:0,isMathHoverEnabled
FNDA:0,setTheme
FNDA:3,getConfig
FNDA:0,updateConfig
FNDA:3,destroy
FNDA:3,buildLayout
FNDA:9,createToggle
FNDA:3,keymap
FNDA:0,run
FNDA:0,run
FNDA:0,run
FNDA:0,run
FNDA:5,applyMode
FNDA:6,sync
FNDA:11,updateButtons
FNDA:2,DualLatexEditor
FNDA:1,latexVisualKeymap
FNDA:0,run
FNDA:0,run
FNDA:0,run
FNDA:0,run
FNDA:12,element
DA:1,1
DA:2,1
DA:3,1
DA:4,1
DA:5,1
DA:6,1
DA:7,1
DA:8,1
DA:9,1
DA:10,1
DA:11,1
DA:12,1
DA:13,1
DA:14,1
DA:15,1
DA:16,1
DA:17,1
DA:18,1
DA:19,1
DA:20,1
DA:21,1
DA:22,1
DA:23,1
DA:24,1
DA:25,1
DA:26,1
DA:27,1
DA:28,1
DA:29,1
DA:30,1
DA:31,1
DA:32,1
DA:33,1
DA:34,1
DA:35,1
DA:36,1
DA:37,1
DA:38,1
DA:39,1
DA:40,1
DA:41,1
DA:42,3
DA:43,3
DA:44,3
DA:45,3
DA:46,3
DA:47,3
DA:48,3
DA:49,3
DA:50,3
DA:51,3
DA:52,3
DA:53,3
DA:54,3
DA:55,3
DA:56,3
DA:57,3
DA:58,3
DA:59,3
DA:60,3
DA:61,3
DA:62,3
DA:63,3
DA:64,3
DA:65,3
DA:66,3
DA:67,3
DA:68,3
DA:69,3
DA:70,3
DA:71,3
DA:72,3
DA:73,3
DA:74,3
DA:75,3
DA:76,3
DA:77,3
DA:78,3
DA:79,3
DA:80,3
DA:81,3
DA:82,3
DA:83,3
DA:84,3
DA:85,3
DA:86,3
DA:87,3
DA:88,3
DA:89,3
DA:90,3
DA:91,1
DA:92,1
DA:93,2
DA:94,2
DA:95,2
DA:96,1
DA:97,1
DA:98,0
DA:99,0
DA:100,1
DA:101,1
DA:102,2
DA:103,2
DA:104,2
DA:105,1
DA:106,1
DA:107,2
DA:108,2
DA:109,1
DA:110,1
DA:111,1
DA:112,1
DA:113,1
DA:114,1
DA:115,1
DA:116,1
DA:117,1
DA:118,1
DA:119,0
DA:120,0
DA:121,0
DA:122,1
DA:123,1
DA:124,0
DA:125,0
DA:126,1
DA:127,1
DA:128,0
DA:129,0
DA:130,1
DA:131,1
DA:132,3
DA:133,3
DA:134,1
DA:135,1
DA:136,0
DA:137,0
DA:138,1
DA:139,1
DA:140,3
DA:141,3
DA:142,3
DA:143,3
DA:144,3
DA:145,3
DA:146,1
DA:147,1
DA:148,3
DA:149,3
DA:150,3
DA:151,3
DA:152,3
DA:153,3
DA:154,3
DA:155,6
DA:156,6
DA:157,6
DA:158,6
DA:159,6
DA:160,6
DA:161,6
DA:162,6
DA:163,3
DA:164,3
DA:165,3
DA:166,3
DA:167,3
DA:168,3
DA:169,3
DA:170,3
DA:171,3
DA:172,3
DA:173,3
DA:174,1
DA:175,1
DA:176,9
DA:177,9
DA:178,9
DA:179,9
DA:180,9
DA:181,9
DA:182,9
DA:183,9
DA:184,1
DA:185,1
DA:186,3
DA:187,3
DA:188,3
DA:189,3
DA:190,3
DA:191,3
DA:192,3
DA:193,1
DA:194,1
DA:195,5
DA:196,5
DA:197,5
DA:198,5
DA:199,5
DA:200,5
DA:201,5
DA:202,1
DA:203,1
DA:204,6
DA:205,6
DA:206,6
DA:207,6
DA:208,6
DA:209,6
DA:210,6
DA:211,6
DA:212,6
DA:213,1
DA:214,1
DA:215,11
DA:216,11
DA:217,11
DA:218,22
DA:219,22
DA:220,11
DA:221,11
DA:222,11
DA:223,11
DA:224,11
DA:225,11
DA:226,11
DA:227,11
DA:228,33
DA:229,33
DA:230,11
DA:231,11
DA:232,33
DA:233,11
DA:234,1
DA:235,1
DA:236,1
DA:237,1
DA:238,2
DA:239,2
DA:240,1
DA:241,1
DA:242,1
DA:243,1
DA:244,1
DA:245,1
DA:246,1
DA:247,1
DA:248,1
DA:249,1
DA:250,1
DA:251,12
DA:252,12
DA:253,12
DA:254,12
DA:255,12
LF:255
LH:244
BRDA:41,0,0,3
BRDA:45,1,0,2
BRDA:47,2,0,0
BRDA:51,3,0,0
BRDA:52,4,0,0
BRDA:53,5,0,0
BRDA:55,6,0,0
BRDA:57,7,0,0
BRDA:58,8,0,0
BRDA:71,9,0,23
BRDA:71,10,0,14
BRDA:77,11,0,3
BRDA:77,12,0,0
BRDA:87,13,0,3
BRDA:92,14,0,2
BRDA:93,15,0,0
BRDA:101,16,0,2
BRDA:106,17,0,2
BRDA:110,18,0,1
BRDA:114,19,0,1
BRDA:131,20,0,3
BRDA:139,21,0,3
BRDA:147,22,0,3
BRDA:154,23,0,6
BRDA:175,24,0,9
BRDA:185,25,0,3
BRDA:194,26,0,5
BRDA:203,27,0,6
BRDA:210,28,0,5
BRDA:210,29,0,1
BRDA:214,30,0,11
BRDA:217,31,0,22
BRDA:223,32,0,0
BRDA:227,33,0,33
BRDA:229,34,0,11
BRDA:237,35,0,2
BRDA:242,36,0,1
BRDA:251,37,0,12
BRF:38
BRH:28
end_of_record
TN:
SF:src/ui/table-selector.ts
FN:14,TableSelector
FN:21,isVisible
FN:25,show
FN:29,hide
FN:33,toggle
FN:38,render
FN:74,highlight
FNF:7
FNH:3
FNDA:4,TableSelector
FNDA:0,isVisible
FNDA:0,show
FNDA:4,hide
FNDA:0,toggle
FNDA:4,render
FNDA:0,highlight
DA:1,1
DA:2,1
DA:3,1
DA:4,1
DA:5,1
DA:6,1
DA:7,1
DA:8,1
DA:9,1
DA:10,1
DA:11,1
DA:12,1
DA:13,1
DA:14,1
DA:15,4
DA:16,4
DA:17,4
DA:18,4
DA:19,4
DA:20,1
DA:21,1
DA:22,0
DA:23,0
DA:24,1
DA:25,1
DA:26,0
DA:27,0
DA:28,1
DA:29,1
DA:30,4
DA:31,4
DA:32,1
DA:33,1
DA:34,0
DA:35,0
DA:36,0
DA:37,1
DA:38,1
DA:39,4
DA:40,4
DA:41,4
DA:42,4
DA:43,4
DA:44,4
DA:45,4
DA:46,32
DA:47,256
DA:48,256
DA:49,256
DA:50,256
DA:51,256
DA:52,256
DA:53,32
DA:54,4
DA:55,4
DA:56,4
DA:57,4
DA:58,4
DA:59,4
DA:60,0
DA:61,0
DA:62,4
DA:63,4
DA:64,4
DA:65,0
DA:66,0
DA:67,0
DA:68,0
DA:69,4
DA:70,4
DA:71,4
DA:72,4
DA:73,1
DA:74,1
DA:75,0
DA:76,0
DA:77,0
DA:78,0
DA:79,0
DA:80,0
DA:81,1
LF:81
LH:62
BRDA:14,0,0,4
BRDA:29,1,0,4
BRDA:38,2,0,4
BRDA:45,3,0,32
BRDA:46,4,0,256
BRF:5
BRH:5
end_of_record
TN:
SF:src/ui/toolbar.ts
FN:44,Toolbar
FN:24,Toolbar.onClick
FN:38,Toolbar.onColorChange
FN:56,getEntries
FN:60,run
FN:65,update
FN:70,updateMode
FN:75,updateTheme
FN:80,setLanguage
FN:87,destroy
FN:93,refreshScope
FN:103,build
FN:118,render
FN:144,createGroup
FN:150,createButton
FN:159,createColorInput
FN:168,insertTable
FNF:17
FNH:15
FNDA:4,Toolbar
FNDA:1,Toolbar.onClick
FNDA:0,Toolbar.onColorChange
FNDA:1,getEntries
FNDA:1,run
FNDA:14,update
FNDA:5,updateMode
FNDA:6,updateTheme
FNDA:7,setLanguage
FNDA:4,destroy
FNDA:2,refreshScope
FNDA:4,build
FNDA:6,render
FNDA:30,createGroup
FNDA:90,createButton
FNDA:12,createColorInput
FNDA:0,insertTable
DA:1,1
DA:2,1
DA:3,1
DA:4,1
DA:5,1
DA:6,1
DA:7,1
DA:8,1
DA:9,1
DA:10,1
DA:11,1
DA:12,1
DA:13,1
DA:14,1
DA:15,1
DA:16,1
DA:17,1
DA:18,1
DA:19,1
DA:20,1
DA:21,1
DA:22,1
DA:23,1
DA:24,1
DA:25,1
DA:26,1
DA:27,1
DA:28,1
DA:29,1
DA:30,1
DA:31,0
DA:32,0
DA:33,0
DA:34,1
DA:35,1
DA:36,1
DA:37,1
DA:38,1
DA:39,0
DA:40,0
DA:41,0
DA:42,1
DA:43,1
DA:44,1
DA:45,4
DA:46,4
DA:47,4
DA:48,4
DA:49,4
DA:50,4
DA:51,4
DA:52,4
DA:53,4
DA:54,4
DA:55,1
DA:56,1
DA:57,1
DA:58,1
DA:59,1
DA:60,1
DA:61,1
DA:62,1
DA:63,1
DA:64,1
DA:65,1
DA:66,14
DA:67,0
DA:68,0
DA:69,1
DA:70,1
DA:71,5
DA:72,5
DA:73,5
DA:74,1
DA:75,1
DA:76,6
DA:77,6
DA:78,6
DA:79,1
DA:80,1
DA:81,7
DA:82,7
DA:83,2
DA:84,2
DA:85,2
DA:86,1
DA:87,1
DA:88,4
DA:89,4
DA:90,4
DA:91,4
DA:92,1
DA:93,1
DA:94,2
DA:95,2
DA:96,0
DA:97,0
DA:98,0
DA:99,2
DA:100,2
DA:101,2
DA:102,1
DA:103,1
DA:104,4
DA:105,4
DA:106,4
DA:107,4
DA:108,4
DA:109,4
DA:110,4
DA:111,4
DA:112,4
DA:113,4
DA:114,4
DA:115,4
DA:116,4
DA:117,1
DA:118,1
DA:119,6
DA:120,6
DA:121,6
DA:122,6
DA:123,6
DA:124,6
DA:125,102
DA:126,18
DA:127,18
DA:128,18
DA:129,18
DA:130,84
DA:131,84
DA:132,6
DA:133,6
DA:134,6
DA:135,6
DA:136,6
DA:137,6
DA:138,6
DA:139,6
DA:140,6
DA:141,6
DA:142,6
DA:143,1
DA:144,1
DA:145,30
DA:146,30
DA:147,30
DA:148,30
DA:149,1
DA:150,1
DA:151,90
DA:152,90
DA:153,90
DA:154,90
DA:155,90
DA:156,90
DA:157,90
DA:158,1
DA:159,1
DA:160,12
DA:161,12
DA:162,12
DA:163,12
DA:164,12
DA:165,12
DA:166,12
DA:167,1
DA:168,1
DA:169,0
DA:170,0
DA:171,1
LF:171
LH:158
BRDA:44,0,0,4
BRDA:47,1,0,0
BRDA:48,2,0,1
BRDA:49,3,0,1
BRDA:24,4,0,1
BRDA:26,5,0,0
BRDA:30,6,0,0
BRDA:56,7,0,1
BRDA:60,8,0,1
BRDA:62,9,0,0
BRDA:61,10,0,2
BRDA:65,11,0,14
BRDA:67,12,0,0
BRDA:70,13,0,5
BRDA:75,14,0,6
BRDA:80,15,0,7
BRDA:82,16,0,5
BRDA:83,17,0,2
BRDA:87,18,0,4
BRDA:93,19,0,2
BRDA:95,20,0,0
BRDA:95,21,0,0
BRDA:95,22,0,0
BRDA:103,23,0,4
BRDA:104,24,0,0
BRDA:118,25,0,6
BRDA:124,26,0,102
BRDA:125,27,0,18
BRDA:130,28,0,84
BRDA:144,29,0,30
BRDA:150,30,0,90
BRDA:159,31,0,12
BRDA:164,32,0,6
BRDA:164,33,0,6
BRF:34
BRH:25
end_of_record
TN:
SF:src/view/decorations.ts
FN:27,combine
FN:30,revealAt
FN:34,revealFrom
FN:42,MarkerWidget
FN:46,eq
FN:50,toDOM
FN:58,buildDecorations
FN:69,overlap
FN:72,isRevealed
FN:75,hide
FN:80,emit
FN:147,applyStyle
FN:174,expandToLine
FN:188,merge
FN:201,subtract
FNF:15
FNH:14
FNDA:20,combine
FNDA:13,revealAt
FNDA:1,revealFrom
FNDA:114,MarkerWidget
FNDA:16,eq
FNDA:11,toDOM
FNDA:2022,buildDecorations
FNDA:13870,overlap
FNDA:0,isRevealed
FNDA:6244,hide
FNDA:3728,emit
FNDA:6282,applyStyle
FNDA:2704,expandToLine
FNDA:4044,merge
FNDA:2022,subtract
DA:1,1
DA:2,1
DA:3,1
DA:4,1
DA:5,1
DA:6,1
DA:7,1
DA:8,1
DA:9,1
DA:10,1
DA:11,1
DA:12,1
DA:13,1
DA:14,1
DA:15,1
DA:16,1
DA:17,1
DA:18,1
DA:19,1
DA:20,1
DA:21,1
DA:22,1
DA:23,1
DA:24,1
DA:25,1
DA:26,1
DA:27,1
DA:28,1
DA:29,1
DA:30,13
DA:31,13
DA:32,13
DA:33,1
DA:34,1
DA:35,1
DA:36,1
DA:37,1
DA:38,1
DA:39,1
DA:40,1
DA:41,1
DA:42,1
DA:43,114
DA:44,114
DA:45,1
DA:46,1
DA:47,16
DA:48,16
DA:49,1
DA:50,1
DA:51,11
DA:52,11
DA:53,11
DA:54,11
DA:55,11
DA:56,1
DA:57,1
DA:58,2022
DA:59,2022
DA:60,2022
DA:61,2022
DA:62,2022
DA:63,2022
DA:64,2022
DA:65,2022
DA:66,2022
DA:67,2022
DA:68,2022
DA:69,2022
DA:70,2022
DA:71,2022
DA:72,2022
DA:73,2022
DA:74,2022
DA:75,2022
DA:76,6244
DA:77,2704
DA:78,2022
DA:79,2022
DA:80,2022
DA:81,3728
DA:82,17703
DA:83,17703
DA:84,17703
DA:85,10768
DA:86,10768
DA:87,10768
DA:88,6935
DA:89,6935
DA:90,6935
DA:91,17703
DA:92,17703
DA:93,17703
DA:94,17703
DA:95,653
DA:96,653
DA:97,653
DA:98,653
DA:99,653
DA:100,653
DA:101,653
DA:102,653
DA:103,653
DA:104,653
DA:105,653
DA:106,653
DA:107,653
DA:108,653
DA:109,653
DA:110,6282
DA:111,6282
DA:112,6282
DA:113,17703
DA:114,906
DA:115,17703
DA:116,223
DA:117,114
DA:118,114
DA:119,114
DA:120,114
DA:121,114
DA:122,5376
DA:123,3146
DA:124,3146
DA:125,2691
DA:126,2691
DA:127,2691
DA:128,3146
DA:129,6282
DA:130,17703
DA:131,17703
DA:132,2022
DA:133,2022
DA:134,2022
DA:135,2022
DA:136,2022
DA:137,2021
DA:138,2021
DA:139,2022
DA:140,2022
DA:141,2022
DA:142,2022
DA:143,2022
DA:144,2022
DA:145,2022
DA:146,1
DA:147,6282
DA:148,6282
DA:149,6282
DA:150,6282
DA:151,6282
DA:152,6282
DA:153,6282
DA:154,4229
DA:155,6282
DA:156,481
DA:157,481
DA:158,481
DA:159,481
DA:160,481
DA:161,502
DA:162,502
DA:163,21
DA:164,21
DA:165,481
DA:166,481
DA:167,3748
DA:168,6282
DA:169,6282
DA:170,3744
DA:171,3744
DA:172,6282
DA:173,1
DA:174,2704
DA:175,2704
DA:176,2704
DA:177,2704
DA:178,2704
DA:179,2704
DA:180,2704
DA:181,2704
DA:182,26
DA:183,26
DA:184,2678
DA:185,2678
DA:186,2678
DA:187,1
DA:188,4044
DA:189,4044
DA:190,4044
DA:191,4044
DA:192,4044
DA:193,3471
DA:194,3471
DA:195,2747
DA:196,3471
DA:197,4044
DA:198,4044
DA:199,4044
DA:200,1
DA:201,2022
DA:202,2022
DA:203,2022
DA:204,2022
DA:205,2021
DA:206,2021
DA:207,2021
DA:208,2204
DA:209,0
DA:210,0
DA:211,0
DA:212,2021
DA:213,2021
DA:214,2021
DA:215,2022
DA:216,2022
DA:217,2022
LF:217
LH:214
BRDA:27,0,0,20
BRDA:30,1,0,13
BRDA:31,2,0,12
BRDA:34,3,0,1
BRDA:42,4,0,114
BRDA:46,5,0,16
BRDA:50,6,0,11
BRDA:58,7,0,2022
BRDA:136,8,0,2021
BRDA:69,9,0,13870
BRDA:70,10,0,6950
BRDA:70,11,0,3355
BRDA:75,12,0,6244
BRDA:76,13,0,5904
BRDA:76,14,0,3540
BRDA:77,15,0,2704
BRDA:80,16,0,3728
BRDA:81,17,0,17703
BRDA:84,18,0,10768
BRDA:85,19,0,0
BRDA:88,20,0,6935
BRDA:91,21,0,5929
BRDA:92,22,0,21
BRDA:94,23,0,1283
BRDA:94,24,0,760
BRDA:94,25,0,115
BRDA:94,26,0,653
BRDA:100,27,0,11
BRDA:100,28,0,642
BRDA:110,29,0,6282
BRDA:113,30,0,906
BRDA:114,31,0,862
BRDA:115,32,0,5376
BRDA:115,33,0,223
BRDA:116,34,0,124
BRDA:116,35,0,114
BRDA:118,36,0,0
BRDA:122,37,0,5153
BRDA:122,38,0,3816
BRDA:122,39,0,3146
BRDA:124,40,0,2691
BRDA:129,41,0,17677
BRDA:129,42,0,6282
BRDA:130,43,0,2341
BRDA:130,44,0,1706
BRDA:147,45,0,6282
BRDA:153,46,0,2053
BRDA:154,47,0,4229
BRDA:155,48,0,481
BRDA:160,49,0,502
BRDA:162,50,0,496
BRDA:162,51,0,481
BRDA:163,52,0,21
BRDA:167,53,0,3748
BRDA:168,54,0,940
BRDA:169,55,0,3744
BRDA:174,56,0,2704
BRDA:181,57,0,309
BRDA:181,58,0,37
BRDA:181,59,0,26
BRDA:184,60,0,2678
BRDA:188,61,0,4044
BRDA:192,62,0,3471
BRDA:194,63,0,2313
BRDA:194,64,0,724
BRDA:195,65,0,2747
BRDA:189,66,0,4076
BRDA:189,67,0,0
BRDA:201,68,0,2022
BRDA:204,69,0,2021
BRDA:207,70,0,2204
BRDA:208,71,0,1023
BRDA:209,72,0,0
BRF:73
BRH:69
end_of_record
TN:
SF:src/view/images.ts
FN:12,combine
FN:15,isExternal
FN:19,resolveImagePath
FN:34,createImageResolver
FN:39,resolve
FN:49,dispose
FNF:6
FNH:6
FNDA:16,combine
FNDA:37,isExternal
FNDA:16,resolveImagePath
FNDA:9,createImageResolver
FNDA:10,resolve
FNDA:1,dispose
DA:1,1
DA:2,1
DA:3,1
DA:4,1
DA:5,1
DA:6,1
DA:7,1
DA:8,1
DA:9,1
DA:10,1
DA:11,1
DA:12,1
DA:13,1
DA:14,1
DA:15,37
DA:16,37
DA:17,37
DA:18,1
DA:19,16
DA:20,16
DA:21,15
DA:22,15
DA:23,15
DA:24,15
DA:25,16
DA:26,46
DA:27,46
DA:28,27
DA:29,46
DA:30,15
DA:31,15
DA:32,15
DA:33,1
DA:34,9
DA:35,9
DA:36,9
DA:37,9
DA:38,9
DA:39,9
DA:40,10
DA:41,10
DA:42,10
DA:43,8
DA:44,8
DA:45,8
DA:46,10
DA:47,10
DA:48,9
DA:49,9
DA:50,1
DA:51,1
DA:52,1
DA:53,1
DA:54,1
DA:55,1
DA:56,1
DA:57,9
DA:58,9
LF:58
LH:58
BRDA:12,0,0,16
BRDA:12,1,0,7
BRDA:15,2,0,37
BRDA:19,3,0,16
BRDA:20,4,0,1
BRDA:21,5,0,15
BRDA:25,6,0,46
BRDA:26,7,0,45
BRDA:26,8,0,42
BRDA:26,9,0,15
BRDA:27,10,0,31
BRDA:27,11,0,4
BRDA:28,12,0,27
BRDA:30,13,0,15
BRDA:34,14,0,9
BRDA:39,15,0,10
BRDA:42,16,0,8
BRDA:49,17,0,1
BRDA:51,18,0,1
BRF:19
BRH:19
end_of_record
TN:
SF:src/view/math-field.ts
FN:6,load
FN:20,configure
FN:36,createEditableMath
FN:57,preloadMath
FNF:4
FNH:3
FNDA:18,load
FNDA:35,configure
FNDA:50,createEditableMath
FNDA:0,preloadMath
DA:1,1
DA:2,1
DA:3,1
DA:4,1
DA:5,1
DA:6,18
DA:7,18
DA:8,4
DA:9,4
DA:10,4
DA:11,4
DA:12,4
DA:13,4
DA:14,4
DA:15,4
DA:16,4
DA:17,18
DA:18,18
DA:19,1
DA:20,35
DA:21,35
DA:22,35
DA:23,35
DA:24,35
DA:25,35
DA:26,35
DA:27,35
DA:28,35
DA:29,35
DA:30,35
DA:31,35
DA:32,35
DA:33,35
DA:34,35
DA:35,1
DA:36,50
DA:37,50
DA:38,32
DA:39,32
DA:40,32
DA:41,32
DA:42,18
DA:43,18
DA:44,18
DA:45,18
DA:46,18
DA:47,18
DA:48,18
DA:49,3
DA:50,3
DA:51,3
DA:52,18
DA:53,18
DA:54,18
DA:55,18
DA:56,1
DA:57,0
DA:58,0
DA:59,0
LF:59
LH:56
BRDA:6,0,0,18
BRDA:7,1,0,4
BRDA:8,2,0,4
BRDA:9,3,0,4
BRDA:11,4,0,0
BRDA:20,5,0,35
BRDA:31,6,0,0
BRDA:36,7,0,50
BRDA:37,8,0,46
BRDA:37,9,0,32
BRDA:42,10,0,18
BRDA:47,11,0,18
BRDA:48,12,0,15
BRDA:49,13,0,3
BRF:14
BRH:12
end_of_record
TN:
SF:src/view/math-hover.ts
FN:11,create
FN:12,update
FN:20,findMath
FN:26,renderTooltip
FN:42,mathHover
FN:53,createMathHoverExtension
FN:61,MathHoverManager
FN:65,getEnabled
FN:69,setEnabled
FN:75,destroy
FNF:10
FNH:8
FNDA:3,create
FNDA:23,update
FNDA:0,findMath
FNDA:0,renderTooltip
FNDA:3,mathHover
FNDA:3,createMathHoverExtension
FNDA:3,MathHoverManager
FNDA:11,getEnabled
FNDA:8,setEnabled
FNDA:3,destroy
DA:1,1
DA:2,1
DA:3,1
DA:4,1
DA:5,1
DA:6,1
DA:7,1
DA:8,1
DA:9,1
DA:10,1
DA:11,1
DA:12,1
DA:13,23
DA:14,32
DA:15,32
DA:16,18
DA:17,18
DA:18,1
DA:19,1
DA:20,0
DA:21,0
DA:22,0
DA:23,0
DA:24,0
DA:25,1
DA:26,0
DA:27,0
DA:28,0
DA:29,0
DA:30,0
DA:31,0
DA:32,0
DA:33,0
DA:34,0
DA:35,0
DA:36,0
DA:37,0
DA:38,0
DA:39,0
DA:40,0
DA:41,1
DA:42,3
DA:43,3
DA:44,3
DA:45,3
DA:46,0
DA:47,0
DA:48,0
DA:49,3
DA:50,3
DA:51,3
DA:52,1
DA:53,3
DA:54,3
DA:55,3
DA:56,1
DA:57,1
DA:58,1
DA:59,1
DA:60,1
DA:61,1
DA:62,3
DA:63,3
DA:64,1
DA:65,1
DA:66,11
DA:67,11
DA:68,1
DA:69,1
DA:70,8
DA:71,5
DA:72,5
DA:73,5
DA:74,1
DA:75,1
DA:76,3
DA:77,3
DA:78,1
LF:78
LH:55
BRDA:11,0,0,3
BRDA:12,1,0,23
BRDA:13,2,0,32
BRDA:14,3,0,5
BRDA:16,4,0,18
BRDA:42,5,0,3
BRDA:53,6,0,3
BRDA:61,7,0,3
BRDA:65,8,0,11
BRDA:69,9,0,8
BRDA:70,10,0,3
BRDA:71,11,0,5
BRDA:75,12,0,3
BRF:13
BRH:13
end_of_record
TN:
SF:src/view/theme.ts
FN:5,cssVariables
FN:28,createTheme
FN:39,applyVariables
FNF:3
FNH:3
FNDA:18,cssVariables
FNDA:12,createTheme
FNDA:6,applyVariables
DA:1,1
DA:2,1
DA:3,1
DA:4,1
DA:5,18
DA:6,18
DA:7,18
DA:8,18
DA:9,18
DA:10,18
DA:11,18
DA:12,18
DA:13,18
DA:14,18
DA:15,18
DA:16,18
DA:17,18
DA:18,18
DA:19,18
DA:20,18
DA:21,18
DA:22,18
DA:23,18
DA:24,18
DA:25,18
DA:26,18
DA:27,1
DA:28,12
DA:29,12
DA:30,12
DA:31,12
DA:32,12
DA:33,12
DA:34,12
DA:35,12
DA:36,12
DA:37,12
DA:38,1
DA:39,6
DA:40,6
DA:41,6
DA:42,6
LF:42
LH:42
BRDA:5,0,0,18
BRDA:28,1,0,12
BRDA:39,2,0,6
BRDA:41,3,0,96
BRF:4
BRH:4
end_of_record
TN:
SF:src/view/visual-editor.ts
FN:26,create
FN:32,update
FN:41,create
FN:42,update
FN:53,provide
FN:59,compute
FN:72,visualExtension
FN:84,VisualCodeMirrorEditor
FN:104,setVisualMode
FN:111,toggleMode
FN:115,setLanguage
FN:119,updateOptions
FN:128,getConfig
FN:132,destroy
FN:136,sync
FNF:15
FNH:12
FNDA:164,create
FNDA:427,update
FNDA:164,create
FNDA:427,update
FNDA:6,provide
FNDA:574,compute
FNDA:164,visualExtension
FNDA:3,VisualCodeMirrorEditor
FNDA:5,setVisualMode
FNDA:0,toggleMode
FNDA:0,setLanguage
FNDA:6,updateOptions
FNDA:0,getConfig
FNDA:3,destroy
FNDA:9,sync
DA:1,1
DA:2,1
DA:3,1
DA:4,1
DA:5,1
DA:6,1
DA:7,1
DA:8,1
DA:9,1
DA:10,1
DA:11,1
DA:12,1
DA:13,1
DA:14,1
DA:15,1
DA:16,1
DA:17,1
DA:18,1
DA:19,1
DA:20,1
DA:21,1
DA:22,1
DA:23,1
DA:24,1
DA:25,1
DA:26,1
DA:27,164
DA:28,164
DA:29,164
DA:30,164
DA:31,1
DA:32,1
DA:33,427
DA:34,192
DA:35,192
DA:36,427
DA:37,427
DA:38,1
DA:39,1
DA:40,1
DA:41,1
DA:42,1
DA:43,427
DA:44,427
DA:45,412
DA:46,412
DA:47,412
DA:48,427
DA:49,427
DA:50,427
DA:51,427
DA:52,1
DA:53,1
DA:54,6
DA:55,6
DA:56,6
DA:57,1
DA:58,1
DA:59,574
DA:60,574
DA:61,574
DA:62,410
DA:63,410
DA:64,410
DA:65,410
DA:66,410
DA:67,410
DA:68,410
DA:69,410
DA:70,410
DA:71,1
DA:72,164
DA:73,164
DA:74,164
DA:75,1
DA:76,1
DA:77,1
DA:78,1
DA:79,1
DA:80,1
DA:81,1
DA:82,1
DA:83,1
DA:84,1
DA:85,3
DA:86,3
DA:87,3
DA:88,3
DA:89,3
DA:90,3
DA:91,3
DA:92,3
DA:93,3
DA:94,3
DA:95,3
DA:96,3
DA:97,3
DA:98,3
DA:99,3
DA:100,3
DA:101,3
DA:102,3
DA:103,1
DA:104,1
DA:105,5
DA:106,3
DA:107,3
DA:108,5
DA:109,5
DA:110,1
DA:111,1
DA:112,0
DA:113,0
DA:114,1
DA:115,1
DA:116,0
DA:117,0
DA:118,1
DA:119,1
DA:120,6
DA:121,6
DA:122,6
DA:123,6
DA:124,6
DA:125,6
DA:126,6
DA:127,1
DA:128,1
DA:129,0
DA:130,0
DA:131,1
DA:132,1
DA:133,3
DA:134,3
DA:135,1
DA:136,1
DA:137,9
DA:138,9
DA:139,9
DA:140,9
DA:141,9
DA:142,9
DA:143,9
DA:144,9
DA:145,9
DA:146,9
DA:147,9
DA:148,9
DA:149,1
LF:149
LH:143
BRDA:26,0,0,164
BRDA:32,1,0,427
BRDA:33,2,0,192
BRDA:34,3,0,174
BRDA:41,4,0,164
BRDA:42,5,0,427
BRDA:44,6,0,15
BRDA:45,7,0,412
BRDA:47,8,0,291
BRDA:48,9,0,168
BRDA:49,10,0,3
BRDA:51,11,0,410
BRDA:51,12,0,2
BRDA:49,13,0,168
BRDA:53,14,0,6
BRDA:54,15,0,589
BRDA:59,16,0,574
BRDA:61,17,0,164
BRDA:62,18,0,410
BRDA:72,19,0,164
BRDA:84,20,0,3
BRDA:100,21,0,6
BRDA:104,22,0,5
BRDA:105,23,0,2
BRDA:106,24,0,3
BRDA:108,25,0,2
BRDA:108,26,0,1
BRDA:119,27,0,6
BRDA:123,28,0,0
BRDA:124,29,0,0
BRDA:132,30,0,3
BRDA:136,31,0,9
BRF:32
BRH:30
end_of_record
TN:
SF:src/view/widget-registry.ts
FN:19,registerWidget
FN:23,createWidget
FN:28,replaceRange
FNF:3
FNH:2
FNDA:21,registerWidget
FNDA:653,createWidget
FNDA:0,replaceRange
DA:1,1
DA:2,1
DA:3,1
DA:4,1
DA:5,1
DA:6,1
DA:7,1
DA:8,1
DA:9,1
DA:10,1
DA:11,1
DA:12,1
DA:13,1
DA:14,1
DA:15,1
DA:16,1
DA:17,1
DA:18,1
DA:19,21
DA:20,21
DA:21,21
DA:22,1
DA:23,653
DA:24,653
DA:25,653
DA:26,653
DA:27,1
DA:28,0
DA:29,0
DA:30,0
DA:31,0
DA:32,0
DA:33,0
DA:34,0
DA:35,0
DA:36,0
LF:36
LH:27
BRDA:19,0,0,21
BRDA:23,1,0,653
BRDA:25,2,0,0
BRF:3
BRH:2
end_of_record
TN:
SF:src/view/widgets.ts
FN:15,MathWidget
FN:25,eq
FN:29,toDOM
FN:33,field
FN:54,ignoreEvent
FN:66,TableWidget
FN:75,eq
FN:79,updateDOM
FN:86,mark
FN:91,toDOM
FN:123,ignoreEvent
FN:128,activeCells
FN:144,sameCells
FN:156,ImageWidget
FN:165,eq
FN:169,toDOM
FN:201,destroy
FN:205,ignoreEvent
FNF:18
FNH:14
FNDA:424,MathWidget
FNDA:136,eq
FNDA:50,toDOM
FNDA:0,field
FNDA:0,ignoreEvent
FNDA:11,TableWidget
FNDA:4,eq
FNDA:1,updateDOM
FNDA:38,mark
FNDA:10,toDOM
FNDA:0,ignoreEvent
FNDA:11,activeCells
FNDA:4,sameCells
FNDA:218,ImageWidget
FNDA:98,eq
FNDA:37,toDOM
FNDA:26,destroy
FNDA:0,ignoreEvent
DA:1,1
DA:2,1
DA:3,1
DA:4,1
DA:5,1
DA:6,1
DA:7,1
DA:8,1
DA:9,1
DA:10,1
DA:11,1
DA:12,1
DA:13,1
DA:14,1
DA:15,1
DA:16,424
DA:17,424
DA:18,424
DA:19,424
DA:20,424
DA:21,424
DA:22,424
DA:23,424
DA:24,1
DA:25,1
DA:26,136
DA:27,136
DA:28,1
DA:29,1
DA:30,50
DA:31,50
DA:32,50
DA:33,50
DA:34,50
DA:35,50
DA:36,0
DA:37,0
DA:38,0
DA:39,0
DA:40,0
DA:41,50
DA:42,50
DA:43,50
DA:44,0
DA:45,0
DA:46,0
DA:47,0
DA:48,50
DA:49,50
DA:50,50
DA:51,50
DA:52,50
DA:53,1
DA:54,1
DA:55,0
DA:56,0
DA:57,1
DA:58,1
DA:59,1
DA:60,1
DA:61,1
DA:62,1
DA:63,1
DA:64,1
DA:65,1
DA:66,1
DA:67,11
DA:68,11
DA:69,11
DA:70,11
DA:71,11
DA:72,11
DA:73,11
DA:74,1
DA:75,1
DA:76,4
DA:77,4
DA:78,1
DA:79,1
DA:80,1
DA:81,4
DA:82,4
DA:83,1
DA:84,1
DA:85,1
DA:86,1
DA:87,38
DA:88,38
DA:89,38
DA:90,1
DA:91,1
DA:92,10
DA:93,10
DA:94,10
DA:95,10
DA:96,10
DA:97,10
DA:98,17
DA:99,17
DA:100,17
DA:101,34
DA:102,34
DA:103,34
DA:104,34
DA:105,34
DA:106,34
DA:107,34
DA:108,34
DA:109,0
DA:110,0
DA:111,0
DA:112,34
DA:113,34
DA:114,17
DA:115,17
DA:116,17
DA:117,10
DA:118,10
DA:119,10
DA:120,10
DA:121,10
DA:122,1
DA:123,1
DA:124,0
DA:125,0
DA:126,1
DA:127,1
DA:128,11
DA:129,11
DA:130,11
DA:131,11
DA:132,11
DA:133,8
DA:134,8
DA:135,15
DA:136,30
DA:137,30
DA:138,15
DA:139,8
DA:140,8
DA:141,8
DA:142,8
DA:143,1
DA:144,4
DA:145,4
DA:146,4
DA:147,1
DA:148,1
DA:149,1
DA:150,1
DA:151,1
DA:152,1
DA:153,1
DA:154,1
DA:155,1
DA:156,1
DA:157,218
DA:158,218
DA:159,218
DA:160,218
DA:161,218
DA:162,1
DA:163,1
DA:164,1
DA:165,1
DA:166,98
DA:167,98
DA:168,1
DA:169,1
DA:170,37
DA:171,37
DA:172,37
DA:173,37
DA:174,37
DA:175,37
DA:176,37
DA:177,37
DA:178,37
DA:179,37
DA:180,37
DA:181,0
DA:182,0
DA:183,0
DA:184,37
DA:185,37
DA:186,27
DA:187,27
DA:188,27
DA:189,10
DA:190,10
DA:191,10
DA:192,10
DA:193,10
DA:194,10
DA:195,1
DA:196,10
DA:197,10
DA:198,10
DA:199,10
DA:200,1
DA:201,1
DA:202,26
DA:203,26
DA:204,1
DA:205,1
DA:206,0
DA:207,0
DA:208,1
DA:209,1
DA:210,1
LF:210
LH:189
BRDA:15,0,0,424
BRDA:19,1,0,0
BRDA:21,2,0,0
BRDA:22,3,0,0
BRDA:25,4,0,136
BRDA:29,5,0,50
BRDA:30,6,0,6
BRDA:30,7,0,44
BRDA:31,8,0,6
BRDA:31,9,0,44
BRDA:66,10,0,11
BRDA:75,11,0,4
BRDA:79,12,0,1
BRDA:80,13,0,4
BRDA:86,14,0,38
BRDA:88,15,0,36
BRDA:91,16,0,10
BRDA:97,17,0,17
BRDA:100,18,0,34
BRDA:128,19,0,11
BRDA:132,20,0,3
BRDA:133,21,0,8
BRDA:134,22,0,15
BRDA:135,23,0,30
BRDA:137,24,0,11
BRDA:136,25,0,37
BRDA:136,26,0,22
BRDA:144,27,0,4
BRDA:145,28,0,0
BRDA:148,29,0,424
BRDA:149,30,0,11
BRDA:149,31,0,0
BRDA:156,32,0,218
BRDA:158,33,0,0
BRDA:165,34,0,98
BRDA:169,35,0,37
BRDA:180,36,0,0
BRDA:185,37,0,36
BRDA:185,38,0,27
BRDA:189,39,0,10
BRDA:192,40,0,10
BRDA:193,41,0,0
BRDA:194,42,0,9
BRDA:195,43,0,1
BRDA:201,44,0,26
BRDA:210,45,0,218
BRF:46
BRH:38
end_of_record
